#
# There is insufficient memory for the Java Runtime Environment to continue.
# Native memory allocation (malloc) failed to allocate 32744 bytes for ChunkPool::allocate
# Possible reasons:
#   The system is out of physical RAM or swap space
#   The process is running with CompressedOops enabled, and the Java Heap may be blocking the growth of the native heap
# Possible solutions:
#   Reduce memory load on the system
#   Increase physical memory or swap space
#   Check if swap backing store is full
#   Decrease Java heap size (-Xmx/-Xms)
#   Decrease number of Java threads
#   Decrease Java thread stack sizes (-Xss)
#   Set larger code cache with -XX:ReservedCodeCacheSize=
#   JVM is running with Unscaled Compressed Oops mode in which the Java heap is
#     placed in the first 4GB address space. The Java Heap base address is the
#     maximum limit for the native heap growth. Please use -XX:HeapBaseMinAddress
#     to set the Java Heap base and to place the Java Heap above 4GB virtual address.
# This output file may be truncated or incomplete.
#
#  Out of Memory Error (arena.cpp:78), pid=66124, tid=38556
#
# JRE version: Java(TM) SE Runtime Environment (17.0.7+8) (build 17.0.7+8-LTS-224)
# Java VM: Java HotSpot(TM) 64-Bit Server VM (17.0.7+8-LTS-224, mixed mode, sharing, tiered, compressed oops, compressed class ptrs, g1 gc, windows-amd64)
# No core dump will be written. Minidumps are not enabled by default on client versions of Windows
#

---------------  S U M M A R Y ------------

Command Line: -Dfile.encoding=UTF-8 --module-path=C:\Users\lemon\eclipse-workspace\postgresql-42.6.0.jar -XX:+ShowCodeDetailsInExceptionMessages makeMoneySite.main

Host: Intel(R) Core(TM) i5-7300U CPU @ 2.60GHz, 4 cores, 3G,  Windows 10 , 64 bit Build 19041 (10.0.19041.3155)
Time: Fri Jul 28 00:57:29 2023  Windows 10 , 64 bit Build 19041 (10.0.19041.3155) elapsed time: 4180.553644 seconds (0d 1h 9m 40s)

---------------  T H R E A D  ---------------

Current thread (0x00000168251449e0):  JavaThread "C2 CompilerThread0" daemon [_thread_in_native, id=38556, stack(0x000000503af00000,0x000000503b000000)]


Current CompileTask:
C2:4180554 11037       4       org.apache.xmlbeans.impl.store.Cur::moveNodeContents (931 bytes)

Stack: [0x000000503af00000,0x000000503b000000]
Native frames: (J=compiled Java code, j=interpreted, Vv=VM code, C=native code)
V  [jvm.dll+0x676a4a]
V  [jvm.dll+0x7d74f4]
V  [jvm.dll+0x7d8c9e]
V  [jvm.dll+0x7d9303]
V  [jvm.dll+0x2452c5]
V  [jvm.dll+0xaac80]
V  [jvm.dll+0xaafcc]
V  [jvm.dll+0x11cf85]
V  [jvm.dll+0x6a0317]
V  [jvm.dll+0x1bb627]
V  [jvm.dll+0x217c27]
V  [jvm.dll+0x216f01]
V  [jvm.dll+0x1a35e0]
V  [jvm.dll+0x226a6e]
V  [jvm.dll+0x224e15]
V  [jvm.dll+0x78d05c]
V  [jvm.dll+0x78759a]
V  [jvm.dll+0x675875]
C  [ucrtbase.dll+0x21bb2]
C  [KERNEL32.DLL+0x17614]
C  [ntdll.dll+0x526b1]


---------------  P R O C E S S  ---------------

Threads class SMR info:
_java_thread_list=0x0000016826e056d0, length=34, elements={
0x0000016807ece860, 0x0000016808055310, 0x0000016808056830, 0x00000168251389b0,
0x000001682513a280, 0x000001682513de80, 0x000001682513c1a0, 0x00000168251449e0,
0x0000016825146310, 0x0000016825193ab0, 0x000001682513cb40, 0x000001682513d010,
0x000001682513e350, 0x000001682513b800, 0x000001682513d9b0, 0x0000016826fd01f0,
0x0000016826fcb9c0, 0x0000016826fcb020, 0x0000016826fcc830, 0x0000016826fccd00,
0x0000016826fd1530, 0x0000016826fce9e0, 0x0000016826fd1a00, 0x0000016826fcb4f0,
0x0000016826fceeb0, 0x0000016826fce510, 0x0000016826fcfd20, 0x0000016826fd06c0,
0x0000016826fd0b90, 0x000001682513c670, 0x0000016826fd1060, 0x0000016826fcf850,
0x0000016826fd1ed0, 0x0000016826fd23a0
}

Java Threads: ( => current thread )
  0x0000016807ece860 JavaThread "main" [_thread_in_Java, id=472, stack(0x000000503a200000,0x000000503a300000)]
  0x0000016808055310 JavaThread "Reference Handler" daemon [_thread_blocked, id=44784, stack(0x000000503a900000,0x000000503aa00000)]
  0x0000016808056830 JavaThread "Finalizer" daemon [_thread_blocked, id=65696, stack(0x000000503aa00000,0x000000503ab00000)]
  0x00000168251389b0 JavaThread "Signal Dispatcher" daemon [_thread_blocked, id=65668, stack(0x000000503ab00000,0x000000503ac00000)]
  0x000001682513a280 JavaThread "Attach Listener" daemon [_thread_blocked, id=27660, stack(0x000000503ac00000,0x000000503ad00000)]
  0x000001682513de80 JavaThread "Service Thread" daemon [_thread_blocked, id=65840, stack(0x000000503ad00000,0x000000503ae00000)]
  0x000001682513c1a0 JavaThread "Monitor Deflation Thread" daemon [_thread_blocked, id=56444, stack(0x000000503ae00000,0x000000503af00000)]
=>0x00000168251449e0 JavaThread "C2 CompilerThread0" daemon [_thread_in_native, id=38556, stack(0x000000503af00000,0x000000503b000000)]
  0x0000016825146310 JavaThread "C1 CompilerThread0" daemon [_thread_blocked, id=9568, stack(0x000000503b000000,0x000000503b100000)]
  0x0000016825193ab0 JavaThread "Sweeper thread" daemon [_thread_blocked, id=34688, stack(0x000000503b100000,0x000000503b200000)]
  0x000001682513cb40 JavaThread "Common-Cleaner" daemon [_thread_blocked, id=65784, stack(0x000000503b200000,0x000000503b300000)]
  0x000001682513d010 JavaThread "Notification Thread" daemon [_thread_blocked, id=26148, stack(0x000000503b300000,0x000000503b400000)]
  0x000001682513e350 JavaThread "mysql-cj-abandoned-connection-cleanup" daemon [_thread_blocked, id=21448, stack(0x000000503a000000,0x000000503a100000)]
  0x000001682513b800 JavaThread "PostgreSQL-JDBC-Cleaner" daemon [_thread_blocked, id=24072, stack(0x000000503bd00000,0x000000503be00000)]
  0x000001682513d9b0 JavaThread "AsyncHttpClient-1-1" daemon [_thread_blocked, id=65112, stack(0x000000503bf00000,0x000000503c000000)]
  0x0000016826fd01f0 JavaThread "AsyncHttpClient-1-2" daemon [_thread_in_native, id=66472, stack(0x000000503c600000,0x000000503c700000)]
  0x0000016826fcb9c0 JavaThread "AsyncHttpClient-1-3" daemon [_thread_in_native, id=29424, stack(0x000000503c500000,0x000000503c600000)]
  0x0000016826fcb020 JavaThread "AsyncHttpClient-1-4" daemon [_thread_in_native, id=64924, stack(0x000000503c700000,0x000000503c800000)]
  0x0000016826fcc830 JavaThread "AsyncHttpClient-1-5" daemon [_thread_in_native, id=46512, stack(0x000000503c800000,0x000000503c900000)]
  0x0000016826fccd00 JavaThread "AsyncHttpClient-1-6" daemon [_thread_in_native, id=41776, stack(0x000000503c900000,0x000000503ca00000)]
  0x0000016826fd1530 JavaThread "AsyncHttpClient-1-7" daemon [_thread_in_native, id=30592, stack(0x000000503cb00000,0x000000503cc00000)]
  0x0000016826fce9e0 JavaThread "AsyncHttpClient-1-8" daemon [_thread_in_native, id=39556, stack(0x000000503ca00000,0x000000503cb00000)]
  0x0000016826fd1a00 JavaThread "AsyncHttpClient-1-9" daemon [_thread_in_native, id=41432, stack(0x000000503cc00000,0x000000503cd00000)]
  0x0000016826fcb4f0 JavaThread "Driver Service Executor" daemon [_thread_blocked, id=64272, stack(0x000000503c000000,0x000000503c100000)]
  0x0000016826fceeb0 JavaThread "Driver Service Executor" daemon [_thread_blocked, id=10276, stack(0x000000503c100000,0x000000503c200000)]
  0x0000016826fce510 JavaThread "Driver Service Executor" daemon [_thread_blocked, id=41372, stack(0x000000503c300000,0x000000503c400000)]
  0x0000016826fcfd20 JavaThread "Driver Service Executor" daemon [_thread_blocked, id=63836, stack(0x000000503cd00000,0x000000503ce00000)]
  0x0000016826fd06c0 JavaThread "Driver Service Executor" daemon [_thread_blocked, id=66888, stack(0x000000503be00000,0x000000503bf00000)]
  0x0000016826fd0b90 JavaThread "Driver Service Executor" daemon [_thread_blocked, id=43620, stack(0x000000503c400000,0x000000503c500000)]
  0x000001682513c670 JavaThread "Exec Default Executor" daemon [_thread_in_native, id=59168, stack(0x0000005039f00000,0x000000503a000000)]
  0x0000016826fd1060 JavaThread "Exec Stream Pumper" daemon [_thread_in_native, id=66648, stack(0x000000503bb00000,0x000000503bc00000)]
  0x0000016826fcf850 JavaThread "Exec Stream Pumper" daemon [_thread_in_native, id=66324, stack(0x000000503bc00000,0x000000503bd00000)]
  0x0000016826fd1ed0 JavaThread "Driver Service Executor" daemon [_thread_blocked, id=66068, stack(0x000000503c200000,0x000000503c300000)]
  0x0000016826fd23a0 JavaThread "Driver Service Executor" daemon [_thread_blocked, id=44728, stack(0x000000503ce00000,0x000000503cf00000)]

Other Threads:
  0x000001680804d790 VMThread "VM Thread" [stack: 0x000000503a800000,0x000000503a900000] [id=6372]
  0x0000016825d98610 WatcherThread [stack: 0x000000503b400000,0x000000503b500000] [id=26268]
  0x0000016807fd2350 GCTaskThread "GC Thread#0" [stack: 0x000000503a300000,0x000000503a400000] [id=40864]
  0x00000168262cd5e0 GCTaskThread "GC Thread#1" [stack: 0x000000503b500000,0x000000503b600000] [id=49300]
  0x00000168263f4330 GCTaskThread "GC Thread#2" [stack: 0x000000503b600000,0x000000503b700000] [id=12020]
  0x00000168251a2150 GCTaskThread "GC Thread#3" [stack: 0x000000503b700000,0x000000503b800000] [id=33848]
  0x0000016807fdbf30 ConcurrentGCThread "G1 Main Marker" [stack: 0x000000503a400000,0x000000503a500000] [id=65752]
  0x0000016807fdd860 ConcurrentGCThread "G1 Conc#0" [stack: 0x000000503a500000,0x000000503a600000] [id=38988]
  0x000001680802b260 ConcurrentGCThread "G1 Refine#0" [stack: 0x000000503a600000,0x000000503a700000] [id=66524]
  0x00000168263f3920 ConcurrentGCThread "G1 Refine#1" [stack: 0x000000503b800000,0x000000503b900000] [id=66264]
  0x000001682616afe0 ConcurrentGCThread "G1 Refine#2" [stack: 0x000000503b900000,0x000000503ba00000] [id=40676]
  0x00000168267c1040 ConcurrentGCThread "G1 Refine#3" [stack: 0x000000503ba00000,0x000000503bb00000] [id=64760]
  0x000001680802bb90 ConcurrentGCThread "G1 Service" [stack: 0x000000503a700000,0x000000503a800000] [id=66020]

Threads with active compile tasks:
C2 CompilerThread0  4180649 11037       4       org.apache.xmlbeans.impl.store.Cur::moveNodeContents (931 bytes)

VM state: not at safepoint (normal execution)

VM Mutex/Monitor currently owned by a thread: None

Heap address: 0x00000000c1400000, size: 1004 MB, Compressed Oops mode: 32-bit

CDS archive(s) mapped at: [0x0000000800000000-0x0000000800bd0000-0x0000000800bd0000), size 12386304, SharedBaseAddress: 0x0000000800000000, ArchiveRelocationMode: 0.
Compressed class space mapped at: 0x0000000800c00000-0x0000000840c00000, reserved size: 1073741824
Narrow klass base: 0x0000000800000000, Narrow klass shift: 0, Narrow klass range: 0x100000000

GC Precious Log:
 CPUs: 4 total, 4 available
 Memory: 4013M
 Large Page Support: Disabled
 NUMA Support: Disabled
 Compressed Oops: Enabled (32-bit)
 Heap Region Size: 1M
 Heap Min Capacity: 8M
 Heap Initial Capacity: 64M
 Heap Max Capacity: 1004M
 Pre-touch: Disabled
 Parallel Workers: 4
 Concurrent Workers: 1
 Concurrent Refinement Workers: 4
 Periodic GC: Disabled

Heap:
 garbage-first heap   total 143360K, used 95612K [0x00000000c1400000, 0x0000000100000000)
  region size 1024K, 28 young (28672K), 1 survivors (1024K)
 Metaspace       used 39913K, committed 40192K, reserved 1089536K
  class space    used 4400K, committed 4544K, reserved 1048576K

Heap Regions: E=young(eden), S=young(survivor), O=old, HS=humongous(starts), HC=humongous(continues), CS=collection set, F=free, OA=open archive, CA=closed archive, TAMS=top-at-mark-start (previous, next)
|   0|0x00000000c1400000, 0x00000000c1500000, 0x00000000c1500000|100%|HS|  |TAMS 0x00000000c1500000, 0x00000000c1400000| Complete 
|   1|0x00000000c1500000, 0x00000000c1600000, 0x00000000c1600000|100%|HS|  |TAMS 0x00000000c1600000, 0x00000000c1500000| Complete 
|   2|0x00000000c1600000, 0x00000000c1700000, 0x00000000c1700000|100%|HC|  |TAMS 0x00000000c1700000, 0x00000000c1600000| Complete 
|   3|0x00000000c1700000, 0x00000000c1800000, 0x00000000c1800000|100%| O|  |TAMS 0x00000000c1800000, 0x00000000c1700000| Untracked 
|   4|0x00000000c1800000, 0x00000000c1900000, 0x00000000c1900000|100%| O|  |TAMS 0x00000000c1900000, 0x00000000c1800000| Untracked 
|   5|0x00000000c1900000, 0x00000000c1a00000, 0x00000000c1a00000|100%| O|  |TAMS 0x00000000c1a00000, 0x00000000c1900000| Untracked 
|   6|0x00000000c1a00000, 0x00000000c1b00000, 0x00000000c1b00000|100%| O|  |TAMS 0x00000000c1b00000, 0x00000000c1a00000| Untracked 
|   7|0x00000000c1b00000, 0x00000000c1c00000, 0x00000000c1c00000|100%| O|  |TAMS 0x00000000c1c00000, 0x00000000c1b00000| Untracked 
|   8|0x00000000c1c00000, 0x00000000c1d00000, 0x00000000c1d00000|100%| O|  |TAMS 0x00000000c1d00000, 0x00000000c1c00000| Untracked 
|   9|0x00000000c1d00000, 0x00000000c1e00000, 0x00000000c1e00000|100%| O|  |TAMS 0x00000000c1e00000, 0x00000000c1d00000| Untracked 
|  10|0x00000000c1e00000, 0x00000000c1f00000, 0x00000000c1f00000|100%| O|  |TAMS 0x00000000c1ebfc00, 0x00000000c1e00000| Untracked 
|  11|0x00000000c1f00000, 0x00000000c2000000, 0x00000000c2000000|100%|HS|  |TAMS 0x00000000c2000000, 0x00000000c1f00000| Complete 
|  12|0x00000000c2000000, 0x00000000c2100000, 0x00000000c2100000|100%|HC|  |TAMS 0x00000000c2100000, 0x00000000c2000000| Complete 
|  13|0x00000000c2100000, 0x00000000c2200000, 0x00000000c2200000|100%|HC|  |TAMS 0x00000000c2200000, 0x00000000c2100000| Complete 
|  14|0x00000000c2200000, 0x00000000c2300000, 0x00000000c2300000|100%|HC|  |TAMS 0x00000000c2300000, 0x00000000c2200000| Complete 
|  15|0x00000000c2300000, 0x00000000c2400000, 0x00000000c2400000|100%|HC|  |TAMS 0x00000000c2400000, 0x00000000c2300000| Complete 
|  16|0x00000000c2400000, 0x00000000c2500000, 0x00000000c2500000|100%|HS|  |TAMS 0x00000000c2500000, 0x00000000c2400000| Complete 
|  17|0x00000000c2500000, 0x00000000c2600000, 0x00000000c2600000|100%|HC|  |TAMS 0x00000000c2600000, 0x00000000c2500000| Complete 
|  18|0x00000000c2600000, 0x00000000c2700000, 0x00000000c2700000|100%|HC|  |TAMS 0x00000000c2700000, 0x00000000c2600000| Complete 
|  19|0x00000000c2700000, 0x00000000c2800000, 0x00000000c2800000|100%|HC|  |TAMS 0x00000000c2800000, 0x00000000c2700000| Complete 
|  20|0x00000000c2800000, 0x00000000c2900000, 0x00000000c2900000|100%|HC|  |TAMS 0x00000000c2900000, 0x00000000c2800000| Complete 
|  21|0x00000000c2900000, 0x00000000c2a00000, 0x00000000c2a00000|100%| O|  |TAMS 0x00000000c2900000, 0x00000000c2900000| Untracked 
|  22|0x00000000c2a00000, 0x00000000c2b00000, 0x00000000c2b00000|100%| O|  |TAMS 0x00000000c2b00000, 0x00000000c2a00000| Untracked 
|  23|0x00000000c2b00000, 0x00000000c2c00000, 0x00000000c2c00000|100%| O|  |TAMS 0x00000000c2c00000, 0x00000000c2b00000| Untracked 
|  24|0x00000000c2c00000, 0x00000000c2d00000, 0x00000000c2d00000|100%| O|  |TAMS 0x00000000c2c00000, 0x00000000c2c00000| Untracked 
|  25|0x00000000c2d00000, 0x00000000c2dd8c00, 0x00000000c2e00000| 84%| O|  |TAMS 0x00000000c2d00000, 0x00000000c2d00000| Untracked 
|  26|0x00000000c2e00000, 0x00000000c2f00000, 0x00000000c2f00000|100%|HS|  |TAMS 0x00000000c2f00000, 0x00000000c2e00000| Complete 
|  27|0x00000000c2f00000, 0x00000000c3000000, 0x00000000c3000000|100%|HC|  |TAMS 0x00000000c3000000, 0x00000000c2f00000| Complete 
|  28|0x00000000c3000000, 0x00000000c3100000, 0x00000000c3100000|100%|HC|  |TAMS 0x00000000c3100000, 0x00000000c3000000| Complete 
|  29|0x00000000c3100000, 0x00000000c3200000, 0x00000000c3200000|100%|HC|  |TAMS 0x00000000c3200000, 0x00000000c3100000| Complete 
|  30|0x00000000c3200000, 0x00000000c3300000, 0x00000000c3300000|100%|HC|  |TAMS 0x00000000c3300000, 0x00000000c3200000| Complete 
|  31|0x00000000c3300000, 0x00000000c3400000, 0x00000000c3400000|100%|HS|  |TAMS 0x00000000c3400000, 0x00000000c3300000| Complete 
|  32|0x00000000c3400000, 0x00000000c3500000, 0x00000000c3500000|100%|HC|  |TAMS 0x00000000c3500000, 0x00000000c3400000| Complete 
|  33|0x00000000c3500000, 0x00000000c3600000, 0x00000000c3600000|100%|HC|  |TAMS 0x00000000c3600000, 0x00000000c3500000| Complete 
|  34|0x00000000c3600000, 0x00000000c3700000, 0x00000000c3700000|100%|HC|  |TAMS 0x00000000c3700000, 0x00000000c3600000| Complete 
|  35|0x00000000c3700000, 0x00000000c3800000, 0x00000000c3800000|100%|HC|  |TAMS 0x00000000c3800000, 0x00000000c3700000| Complete 
|  36|0x00000000c3800000, 0x00000000c3900000, 0x00000000c3900000|100%|HS|  |TAMS 0x00000000c3900000, 0x00000000c3800000| Complete 
|  37|0x00000000c3900000, 0x00000000c3a00000, 0x00000000c3a00000|100%|HC|  |TAMS 0x00000000c3a00000, 0x00000000c3900000| Complete 
|  38|0x00000000c3a00000, 0x00000000c3b00000, 0x00000000c3b00000|100%|HC|  |TAMS 0x00000000c3b00000, 0x00000000c3a00000| Complete 
|  39|0x00000000c3b00000, 0x00000000c3c00000, 0x00000000c3c00000|100%|HC|  |TAMS 0x00000000c3c00000, 0x00000000c3b00000| Complete 
|  40|0x00000000c3c00000, 0x00000000c3d00000, 0x00000000c3d00000|100%|HC|  |TAMS 0x00000000c3d00000, 0x00000000c3c00000| Complete 
|  41|0x00000000c3d00000, 0x00000000c3e00000, 0x00000000c3e00000|100%|HS|  |TAMS 0x00000000c3e00000, 0x00000000c3d00000| Complete 
|  42|0x00000000c3e00000, 0x00000000c3f00000, 0x00000000c3f00000|100%|HC|  |TAMS 0x00000000c3f00000, 0x00000000c3e00000| Complete 
|  43|0x00000000c3f00000, 0x00000000c4000000, 0x00000000c4000000|100%|HC|  |TAMS 0x00000000c4000000, 0x00000000c3f00000| Complete 
|  44|0x00000000c4000000, 0x00000000c4100000, 0x00000000c4100000|100%|HC|  |TAMS 0x00000000c4100000, 0x00000000c4000000| Complete 
|  45|0x00000000c4100000, 0x00000000c4200000, 0x00000000c4200000|100%|HC|  |TAMS 0x00000000c4200000, 0x00000000c4100000| Complete 
|  46|0x00000000c4200000, 0x00000000c4200000, 0x00000000c4300000|  0%| F|  |TAMS 0x00000000c4200000, 0x00000000c4200000| Untracked 
|  47|0x00000000c4300000, 0x00000000c4400000, 0x00000000c4400000|100%|HS|  |TAMS 0x00000000c4400000, 0x00000000c4300000| Complete 
|  48|0x00000000c4400000, 0x00000000c4500000, 0x00000000c4500000|100%|HC|  |TAMS 0x00000000c4500000, 0x00000000c4400000| Complete 
|  49|0x00000000c4500000, 0x00000000c4600000, 0x00000000c4600000|100%|HC|  |TAMS 0x00000000c4600000, 0x00000000c4500000| Complete 
|  50|0x00000000c4600000, 0x00000000c4700000, 0x00000000c4700000|100%|HC|  |TAMS 0x00000000c4700000, 0x00000000c4600000| Complete 
|  51|0x00000000c4700000, 0x00000000c4800000, 0x00000000c4800000|100%|HC|  |TAMS 0x00000000c4800000, 0x00000000c4700000| Complete 
|  52|0x00000000c4800000, 0x00000000c4900000, 0x00000000c4900000|100%| O|  |TAMS 0x00000000c4900000, 0x00000000c4800000| Untracked 
|  53|0x00000000c4900000, 0x00000000c4a00000, 0x00000000c4a00000|100%| O|  |TAMS 0x00000000c4a00000, 0x00000000c4900000| Untracked 
|  54|0x00000000c4a00000, 0x00000000c4b00000, 0x00000000c4b00000|100%| O|  |TAMS 0x00000000c4b00000, 0x00000000c4a00000| Untracked 
|  55|0x00000000c4b00000, 0x00000000c4c00000, 0x00000000c4c00000|100%| O|  |TAMS 0x00000000c4c00000, 0x00000000c4b00000| Untracked 
|  56|0x00000000c4c00000, 0x00000000c4d00000, 0x00000000c4d00000|100%| O|  |TAMS 0x00000000c4d00000, 0x00000000c4c00000| Untracked 
|  57|0x00000000c4d00000, 0x00000000c4e00000, 0x00000000c4e00000|100%| O|  |TAMS 0x00000000c4e00000, 0x00000000c4d00000| Untracked 
|  58|0x00000000c4e00000, 0x00000000c4effff8, 0x00000000c4f00000| 99%| O|  |TAMS 0x00000000c4effff8, 0x00000000c4e00000| Untracked 
|  59|0x00000000c4f00000, 0x00000000c5000000, 0x00000000c5000000|100%|HS|  |TAMS 0x00000000c5000000, 0x00000000c4f00000| Complete 
|  60|0x00000000c5000000, 0x00000000c5100000, 0x00000000c5100000|100%|HC|  |TAMS 0x00000000c5100000, 0x00000000c5000000| Complete 
|  61|0x00000000c5100000, 0x00000000c5200000, 0x00000000c5200000|100%|HC|  |TAMS 0x00000000c5200000, 0x00000000c5100000| Complete 
|  62|0x00000000c5200000, 0x00000000c5300000, 0x00000000c5300000|100%|HC|  |TAMS 0x00000000c5300000, 0x00000000c5200000| Complete 
|  63|0x00000000c5300000, 0x00000000c5400000, 0x00000000c5400000|100%|HC|  |TAMS 0x00000000c5400000, 0x00000000c5300000| Complete 
|  64|0x00000000c5400000, 0x00000000c5400000, 0x00000000c5500000|  0%| F|  |TAMS 0x00000000c5400000, 0x00000000c5400000| Untracked 
|  65|0x00000000c5500000, 0x00000000c5500000, 0x00000000c5600000|  0%| F|  |TAMS 0x00000000c5500000, 0x00000000c5500000| Untracked 
|  66|0x00000000c5600000, 0x00000000c5600000, 0x00000000c5700000|  0%| F|  |TAMS 0x00000000c5600000, 0x00000000c5600000| Untracked 
|  67|0x00000000c5700000, 0x00000000c5700000, 0x00000000c5800000|  0%| F|  |TAMS 0x00000000c5700000, 0x00000000c5700000| Untracked 
|  68|0x00000000c5800000, 0x00000000c5800000, 0x00000000c5900000|  0%| F|  |TAMS 0x00000000c5800000, 0x00000000c5800000| Untracked 
|  69|0x00000000c5900000, 0x00000000c5900000, 0x00000000c5a00000|  0%| F|  |TAMS 0x00000000c5900000, 0x00000000c5900000| Untracked 
|  70|0x00000000c5a00000, 0x00000000c5a00000, 0x00000000c5b00000|  0%| F|  |TAMS 0x00000000c5a00000, 0x00000000c5a00000| Untracked 
|  71|0x00000000c5b00000, 0x00000000c5b00000, 0x00000000c5c00000|  0%| F|  |TAMS 0x00000000c5b00000, 0x00000000c5b00000| Untracked 
|  72|0x00000000c5c00000, 0x00000000c5c00000, 0x00000000c5d00000|  0%| F|  |TAMS 0x00000000c5c00000, 0x00000000c5c00000| Untracked 
|  73|0x00000000c5d00000, 0x00000000c5d00000, 0x00000000c5e00000|  0%| F|  |TAMS 0x00000000c5d00000, 0x00000000c5d00000| Untracked 
|  74|0x00000000c5e00000, 0x00000000c5e00000, 0x00000000c5f00000|  0%| F|  |TAMS 0x00000000c5e00000, 0x00000000c5e00000| Untracked 
|  75|0x00000000c5f00000, 0x00000000c5f00000, 0x00000000c6000000|  0%| F|  |TAMS 0x00000000c5f00000, 0x00000000c5f00000| Untracked 
|  76|0x00000000c6000000, 0x00000000c6000000, 0x00000000c6100000|  0%| F|  |TAMS 0x00000000c6000000, 0x00000000c6000000| Untracked 
|  77|0x00000000c6100000, 0x00000000c6100000, 0x00000000c6200000|  0%| F|  |TAMS 0x00000000c6100000, 0x00000000c6100000| Untracked 
|  78|0x00000000c6200000, 0x00000000c6200000, 0x00000000c6300000|  0%| F|  |TAMS 0x00000000c6200000, 0x00000000c6200000| Untracked 
|  79|0x00000000c6300000, 0x00000000c6300000, 0x00000000c6400000|  0%| F|  |TAMS 0x00000000c6300000, 0x00000000c6300000| Untracked 
|  80|0x00000000c6400000, 0x00000000c6400000, 0x00000000c6500000|  0%| F|  |TAMS 0x00000000c6400000, 0x00000000c6400000| Untracked 
|  81|0x00000000c6500000, 0x00000000c6500000, 0x00000000c6600000|  0%| F|  |TAMS 0x00000000c6500000, 0x00000000c6500000| Untracked 
|  82|0x00000000c6600000, 0x00000000c6600000, 0x00000000c6700000|  0%| F|  |TAMS 0x00000000c6600000, 0x00000000c6600000| Untracked 
|  83|0x00000000c6700000, 0x00000000c6700000, 0x00000000c6800000|  0%| F|  |TAMS 0x00000000c6700000, 0x00000000c6700000| Untracked 
|  84|0x00000000c6800000, 0x00000000c6800000, 0x00000000c6900000|  0%| F|  |TAMS 0x00000000c6800000, 0x00000000c6800000| Untracked 
|  85|0x00000000c6900000, 0x00000000c6900000, 0x00000000c6a00000|  0%| F|  |TAMS 0x00000000c6900000, 0x00000000c6900000| Untracked 
|  86|0x00000000c6a00000, 0x00000000c6a00000, 0x00000000c6b00000|  0%| F|  |TAMS 0x00000000c6a00000, 0x00000000c6a00000| Untracked 
|  87|0x00000000c6b00000, 0x00000000c6b00000, 0x00000000c6c00000|  0%| F|  |TAMS 0x00000000c6b00000, 0x00000000c6b00000| Untracked 
|  88|0x00000000c6c00000, 0x00000000c6c00000, 0x00000000c6d00000|  0%| F|  |TAMS 0x00000000c6c00000, 0x00000000c6c00000| Untracked 
|  89|0x00000000c6d00000, 0x00000000c6d00000, 0x00000000c6e00000|  0%| F|  |TAMS 0x00000000c6d00000, 0x00000000c6d00000| Untracked 
|  90|0x00000000c6e00000, 0x00000000c6e00000, 0x00000000c6f00000|  0%| F|  |TAMS 0x00000000c6e00000, 0x00000000c6e00000| Untracked 
|  91|0x00000000c6f00000, 0x00000000c6f00000, 0x00000000c7000000|  0%| F|  |TAMS 0x00000000c6f00000, 0x00000000c6f00000| Untracked 
|  92|0x00000000c7000000, 0x00000000c7000000, 0x00000000c7100000|  0%| F|  |TAMS 0x00000000c7000000, 0x00000000c7000000| Untracked 
|  93|0x00000000c7100000, 0x00000000c7100000, 0x00000000c7200000|  0%| F|  |TAMS 0x00000000c7100000, 0x00000000c7100000| Untracked 
|  94|0x00000000c7200000, 0x00000000c7200000, 0x00000000c7300000|  0%| F|  |TAMS 0x00000000c7200000, 0x00000000c7200000| Untracked 
|  95|0x00000000c7300000, 0x00000000c7300000, 0x00000000c7400000|  0%| F|  |TAMS 0x00000000c7300000, 0x00000000c7300000| Untracked 
|  96|0x00000000c7400000, 0x00000000c7400000, 0x00000000c7500000|  0%| F|  |TAMS 0x00000000c7400000, 0x00000000c7400000| Untracked 
|  97|0x00000000c7500000, 0x00000000c7500000, 0x00000000c7600000|  0%| F|  |TAMS 0x00000000c7500000, 0x00000000c7500000| Untracked 
|  98|0x00000000c7600000, 0x00000000c7600000, 0x00000000c7700000|  0%| F|  |TAMS 0x00000000c7600000, 0x00000000c7600000| Untracked 
|  99|0x00000000c7700000, 0x00000000c7700000, 0x00000000c7800000|  0%| F|  |TAMS 0x00000000c7700000, 0x00000000c7700000| Untracked 
| 100|0x00000000c7800000, 0x00000000c7800000, 0x00000000c7900000|  0%| F|  |TAMS 0x00000000c7800000, 0x00000000c7800000| Untracked 
| 101|0x00000000c7900000, 0x00000000c7900000, 0x00000000c7a00000|  0%| F|  |TAMS 0x00000000c7900000, 0x00000000c7900000| Untracked 
| 102|0x00000000c7a00000, 0x00000000c7a00000, 0x00000000c7b00000|  0%| F|  |TAMS 0x00000000c7a00000, 0x00000000c7a00000| Untracked 
| 103|0x00000000c7b00000, 0x00000000c7b00000, 0x00000000c7c00000|  0%| F|  |TAMS 0x00000000c7b00000, 0x00000000c7b00000| Untracked 
| 104|0x00000000c7c00000, 0x00000000c7c00000, 0x00000000c7d00000|  0%| F|  |TAMS 0x00000000c7c00000, 0x00000000c7c00000| Untracked 
| 105|0x00000000c7d00000, 0x00000000c7d00000, 0x00000000c7e00000|  0%| F|  |TAMS 0x00000000c7d00000, 0x00000000c7d00000| Untracked 
| 106|0x00000000c7e00000, 0x00000000c7e00000, 0x00000000c7f00000|  0%| F|  |TAMS 0x00000000c7e00000, 0x00000000c7e00000| Untracked 
| 107|0x00000000c7f00000, 0x00000000c7f00000, 0x00000000c8000000|  0%| F|  |TAMS 0x00000000c7f00000, 0x00000000c7f00000| Untracked 
| 108|0x00000000c8000000, 0x00000000c8100000, 0x00000000c8100000|100%| E|  |TAMS 0x00000000c8000000, 0x00000000c8000000| Complete 
| 109|0x00000000c8100000, 0x00000000c8200000, 0x00000000c8200000|100%| E|CS|TAMS 0x00000000c8100000, 0x00000000c8100000| Complete 
| 110|0x00000000c8200000, 0x00000000c8300000, 0x00000000c8300000|100%| E|CS|TAMS 0x00000000c8200000, 0x00000000c8200000| Complete 
| 111|0x00000000c8300000, 0x00000000c8400000, 0x00000000c8400000|100%| E|CS|TAMS 0x00000000c8300000, 0x00000000c8300000| Complete 
| 112|0x00000000c8400000, 0x00000000c8500000, 0x00000000c8500000|100%| E|CS|TAMS 0x00000000c8400000, 0x00000000c8400000| Complete 
| 113|0x00000000c8500000, 0x00000000c8600000, 0x00000000c8600000|100%| E|CS|TAMS 0x00000000c8500000, 0x00000000c8500000| Complete 
| 114|0x00000000c8600000, 0x00000000c8700000, 0x00000000c8700000|100%| E|CS|TAMS 0x00000000c8600000, 0x00000000c8600000| Complete 
| 179|0x00000000cc700000, 0x00000000cc800000, 0x00000000cc800000|100%| E|CS|TAMS 0x00000000cc700000, 0x00000000cc700000| Complete 
| 180|0x00000000cc800000, 0x00000000cc900000, 0x00000000cc900000|100%| E|CS|TAMS 0x00000000cc800000, 0x00000000cc800000| Complete 
| 186|0x00000000cce00000, 0x00000000ccf00000, 0x00000000ccf00000|100%| E|CS|TAMS 0x00000000cce00000, 0x00000000cce00000| Complete 
| 187|0x00000000ccf00000, 0x00000000cd000000, 0x00000000cd000000|100%| E|CS|TAMS 0x00000000ccf00000, 0x00000000ccf00000| Complete 
| 188|0x00000000cd000000, 0x00000000cd100000, 0x00000000cd100000|100%| O|  |TAMS 0x00000000cd100000, 0x00000000cd000000| Untracked 
| 189|0x00000000cd100000, 0x00000000cd200000, 0x00000000cd200000|100%| O|  |TAMS 0x00000000cd200000, 0x00000000cd100000| Untracked 
| 190|0x00000000cd200000, 0x00000000cd300000, 0x00000000cd300000|100%| O|  |TAMS 0x00000000cd300000, 0x00000000cd200000| Untracked 
| 191|0x00000000cd300000, 0x00000000cd400000, 0x00000000cd400000|100%| E|CS|TAMS 0x00000000cd300000, 0x00000000cd300000| Complete 
| 192|0x00000000cd400000, 0x00000000cd500000, 0x00000000cd500000|100%| O|  |TAMS 0x00000000cd500000, 0x00000000cd400000| Untracked 
| 193|0x00000000cd500000, 0x00000000cd600000, 0x00000000cd600000|100%| E|CS|TAMS 0x00000000cd500000, 0x00000000cd500000| Complete 
| 195|0x00000000cd700000, 0x00000000cd800000, 0x00000000cd800000|100%| E|CS|TAMS 0x00000000cd700000, 0x00000000cd700000| Complete 
| 198|0x00000000cda00000, 0x00000000cdb00000, 0x00000000cdb00000|100%| E|CS|TAMS 0x00000000cda00000, 0x00000000cda00000| Complete 
| 199|0x00000000cdb00000, 0x00000000cdc00000, 0x00000000cdc00000|100%| E|CS|TAMS 0x00000000cdb00000, 0x00000000cdb00000| Complete 
| 203|0x00000000cdf00000, 0x00000000ce000000, 0x00000000ce000000|100%| E|CS|TAMS 0x00000000cdf00000, 0x00000000cdf00000| Complete 
| 204|0x00000000ce000000, 0x00000000ce100000, 0x00000000ce100000|100%| E|CS|TAMS 0x00000000ce000000, 0x00000000ce000000| Complete 
| 288|0x00000000d3400000, 0x00000000d3500000, 0x00000000d3500000|100%| E|CS|TAMS 0x00000000d3400000, 0x00000000d3400000| Complete 
| 289|0x00000000d3500000, 0x00000000d3600000, 0x00000000d3600000|100%| E|CS|TAMS 0x00000000d3500000, 0x00000000d3500000| Complete 
| 290|0x00000000d3600000, 0x00000000d3700000, 0x00000000d3700000|100%| E|CS|TAMS 0x00000000d3600000, 0x00000000d3600000| Complete 
| 291|0x00000000d3700000, 0x00000000d3800000, 0x00000000d3800000|100%| E|CS|TAMS 0x00000000d3700000, 0x00000000d3700000| Complete 
| 292|0x00000000d3800000, 0x00000000d3900000, 0x00000000d3900000|100%| E|CS|TAMS 0x00000000d3800000, 0x00000000d3800000| Complete 
| 293|0x00000000d3900000, 0x00000000d3986700, 0x00000000d3a00000| 52%| S|CS|TAMS 0x00000000d3900000, 0x00000000d3900000| Complete 
| 294|0x00000000d3a00000, 0x00000000d3b00000, 0x00000000d3b00000|100%| E|CS|TAMS 0x00000000d3a00000, 0x00000000d3a00000| Complete 
| 508|0x00000000e1000000, 0x00000000e1100000, 0x00000000e1100000|100%| E|CS|TAMS 0x00000000e1000000, 0x00000000e1000000| Complete 
| 509|0x00000000e1100000, 0x00000000e1200000, 0x00000000e1200000|100%| E|CS|TAMS 0x00000000e1100000, 0x00000000e1100000| Complete 
| 973|0x00000000fe100000, 0x00000000fe200000, 0x00000000fe200000|100%| E|CS|TAMS 0x00000000fe100000, 0x00000000fe100000| Complete 

Card table byte_map: [0x0000016820840000,0x0000016820a40000] _byte_map_base: 0x0000016820236000

Marking Bits (Prev, Next): (CMBitMap*) 0x0000016807fd38c0, (CMBitMap*) 0x0000016807fd3880
 Prev Bits: [0x0000016821bf0000, 0x0000016822ba0000)
 Next Bits: [0x0000016820c40000, 0x0000016821bf0000)

Polling page: 0x0000016808060000

Metaspace:

Usage:
  Non-class:     34.68 MB used.
      Class:      4.30 MB used.
       Both:     38.98 MB used.

Virtual space:
  Non-class space:       40.00 MB reserved,      34.81 MB ( 87%) committed,  5 nodes.
      Class space:        1.00 GB reserved,       4.44 MB ( <1%) committed,  1 nodes.
             Both:        1.04 GB reserved,      39.25 MB (  4%) committed. 

Chunk freelists:
   Non-Class:  720.00 KB
       Class:  3.48 MB
        Both:  4.18 MB

MaxMetaspaceSize: unlimited
CompressedClassSpaceSize: 1.00 GB
Initial GC threshold: 21.00 MB
Current GC threshold: 57.81 MB
CDS: on
MetaspaceReclaimPolicy: balanced
 - commit_granule_bytes: 65536.
 - commit_granule_words: 8192.
 - virtual_space_node_default_size: 1048576.
 - enlarge_chunks_in_place: 1.
 - new_chunks_are_fully_committed: 0.
 - uncommit_free_chunks: 1.
 - use_allocation_guard: 0.
 - handle_deallocations: 1.


Internal statistics:

num_allocs_failed_limit: 6.
num_arena_births: 356.
num_arena_deaths: 74.
num_vsnodes_births: 6.
num_vsnodes_deaths: 0.
num_space_committed: 628.
num_space_uncommitted: 0.
num_chunks_returned_to_freelist: 99.
num_chunks_taken_from_freelist: 1487.
num_chunk_merges: 31.
num_chunk_splits: 989.
num_chunks_enlarged: 744.
num_purges: 4.
num_inconsistent_stats: 0.

CodeHeap 'non-profiled nmethods': size=120000Kb used=7008Kb max_used=7008Kb free=112991Kb
 bounds [0x0000016818ae0000, 0x00000168191c0000, 0x0000016820010000]
CodeHeap 'profiled nmethods': size=120000Kb used=18696Kb max_used=18696Kb free=101303Kb
 bounds [0x0000016811010000, 0x00000168122a0000, 0x0000016818540000]
CodeHeap 'non-nmethods': size=5760Kb used=1334Kb max_used=1398Kb free=4425Kb
 bounds [0x0000016818540000, 0x00000168187b0000, 0x0000016818ae0000]
 total_blobs=9649 nmethods=8992 adapters=568
 compilation: disabled (not enough contiguous free space left)
              stopped_count=1, restarted_count=0
 full_count=1

Compilation events (20 events):
Event: 4180.390 Thread 0x0000016825146310 nmethod 11085 0x000001681224c810 code [0x000001681224ca00, 0x000001681224ced8]
Event: 4180.395 Thread 0x0000016825146310 11086   !   3       org.openxmlformats.schemas.spreadsheetml.x2006.main.impl.SstDocumentImpl::getSst (49 bytes)
Event: 4180.396 Thread 0x0000016825146310 nmethod 11086 0x000001681224d190 code [0x000001681224d3c0, 0x000001681224de88]
Event: 4180.396 Thread 0x0000016825146310 11087   !   3       org.openxmlformats.schemas.spreadsheetml.x2006.main.impl.CTSstImpl::addNewSi (40 bytes)
Event: 4180.397 Thread 0x0000016825146310 nmethod 11087 0x000001681224e310 code [0x000001681224e540, 0x000001681224efa8]
Event: 4180.432 Thread 0x0000016825146310 11089       3       org.apache.xmlbeans.impl.common.XMLChar::isNCName (24 bytes)
Event: 4180.433 Thread 0x0000016825146310 nmethod 11089 0x000001681224f410 code [0x000001681224f5a0, 0x000001681224f758]
Event: 4180.433 Thread 0x0000016825146310 11090       3       org.apache.xmlbeans.impl.store.Saver$DocSaveCur::isXmlns (8 bytes)
Event: 4180.433 Thread 0x0000016825146310 nmethod 11090 0x000001681224f810 code [0x000001681224fa00, 0x000001681224fe98]
Event: 4180.433 Thread 0x0000016825146310 11091       3       org.apache.xmlbeans.impl.store.Saver$DocSaveCur::toNextAttr (8 bytes)
Event: 4180.433 Thread 0x0000016825146310 nmethod 11091 0x0000016812250010 code [0x00000168122501c0, 0x0000016812250308]
Event: 4180.444 Thread 0x0000016825146310 11092       3       org.apache.xmlbeans.impl.values.XmlObjectBase::underlying (60 bytes)
Event: 4180.444 Thread 0x0000016825146310 nmethod 11092 0x0000016812250410 code [0x0000016812250620, 0x0000016812251018]
Event: 4180.444 Thread 0x0000016825146310 11093  s    3       org.apache.xmlbeans.impl.common.Mutex::tryToAcquire (45 bytes)
Event: 4180.445 Thread 0x0000016825146310 nmethod 11093 0x0000016812251190 code [0x0000016812251340, 0x00000168122516d8]
Event: 4180.445 Thread 0x0000016825146310 11094  s    3       org.apache.xmlbeans.impl.common.Mutex::release (44 bytes)
Event: 4180.445 Thread 0x0000016825146310 nmethod 11094 0x0000016812251790 code [0x0000016812251960, 0x0000016812251cd8]
Event: 4180.445 Thread 0x0000016825146310 11095       3       org.apache.xmlbeans.impl.values.XmlObjectBase::setterHelper (36 bytes)
Event: 4180.446 Thread 0x0000016825146310 nmethod 11095 0x0000016812251e10 code [0x0000016812252080, 0x0000016812252e28]
Event: 4180.480 Thread 0x0000016825146310 11099   !   3       makeMoneySite.main::main (2742 bytes)

GC Heap History (20 events):
Event: 1991.370 GC heap before
{Heap before GC invocations=52 (full 0):
 garbage-first heap   total 143360K, used 74043K [0x00000000c1400000, 0x0000000100000000)
  region size 1024K, 7 young (7168K), 1 survivors (1024K)
 Metaspace       used 33359K, committed 33664K, reserved 1081344K
  class space    used 3634K, committed 3776K, reserved 1048576K
}
Event: 1991.424 GC heap after
{Heap after GC invocations=53 (full 0):
 garbage-first heap   total 143360K, used 68029K [0x00000000c1400000, 0x0000000100000000)
  region size 1024K, 1 young (1024K), 1 survivors (1024K)
 Metaspace       used 33359K, committed 33664K, reserved 1081344K
  class space    used 3634K, committed 3776K, reserved 1048576K
}
Event: 2022.063 GC heap before
{Heap before GC invocations=53 (full 0):
 garbage-first heap   total 143360K, used 74173K [0x00000000c1400000, 0x0000000100000000)
  region size 1024K, 7 young (7168K), 1 survivors (1024K)
 Metaspace       used 33368K, committed 33664K, reserved 1081344K
  class space    used 3634K, committed 3776K, reserved 1048576K
}
Event: 2022.085 GC heap after
{Heap after GC invocations=54 (full 0):
 garbage-first heap   total 143360K, used 68001K [0x00000000c1400000, 0x0000000100000000)
  region size 1024K, 1 young (1024K), 1 survivors (1024K)
 Metaspace       used 33368K, committed 33664K, reserved 1081344K
  class space    used 3634K, committed 3776K, reserved 1048576K
}
Event: 2392.598 GC heap before
{Heap before GC invocations=55 (full 0):
 garbage-first heap   total 143360K, used 124321K [0x00000000c1400000, 0x0000000100000000)
  region size 1024K, 56 young (57344K), 1 survivors (1024K)
 Metaspace       used 33421K, committed 33728K, reserved 1081344K
  class space    used 3624K, committed 3776K, reserved 1048576K
}
Event: 2392.765 GC heap after
{Heap after GC invocations=56 (full 0):
 garbage-first heap   total 143360K, used 68142K [0x00000000c1400000, 0x0000000100000000)
  region size 1024K, 1 young (1024K), 1 survivors (1024K)
 Metaspace       used 33421K, committed 33728K, reserved 1081344K
  class space    used 3624K, committed 3776K, reserved 1048576K
}
Event: 2476.223 GC heap before
{Heap before GC invocations=56 (full 0):
 garbage-first heap   total 143360K, used 73262K [0x00000000c1400000, 0x0000000100000000)
  region size 1024K, 7 young (7168K), 1 survivors (1024K)
 Metaspace       used 33428K, committed 33728K, reserved 1081344K
  class space    used 3624K, committed 3776K, reserved 1048576K
}
Event: 2476.380 GC heap after
{Heap after GC invocations=57 (full 0):
 garbage-first heap   total 143360K, used 67205K [0x00000000c1400000, 0x0000000100000000)
  region size 1024K, 1 young (1024K), 1 survivors (1024K)
 Metaspace       used 33428K, committed 33728K, reserved 1081344K
  class space    used 3624K, committed 3776K, reserved 1048576K
}
Event: 2805.663 GC heap before
{Heap before GC invocations=57 (full 0):
 garbage-first heap   total 143360K, used 122501K [0x00000000c1400000, 0x0000000100000000)
  region size 1024K, 55 young (56320K), 1 survivors (1024K)
 Metaspace       used 33487K, committed 33728K, reserved 1081344K
  class space    used 3629K, committed 3776K, reserved 1048576K
}
Event: 2805.815 GC heap after
{Heap after GC invocations=58 (full 0):
 garbage-first heap   total 143360K, used 67464K [0x00000000c1400000, 0x0000000100000000)
  region size 1024K, 1 young (1024K), 1 survivors (1024K)
 Metaspace       used 33487K, committed 33728K, reserved 1081344K
  class space    used 3629K, committed 3776K, reserved 1048576K
}
Event: 3201.481 GC heap before
{Heap before GC invocations=59 (full 0):
 garbage-first heap   total 143360K, used 122760K [0x00000000c1400000, 0x0000000100000000)
  region size 1024K, 56 young (57344K), 1 survivors (1024K)
 Metaspace       used 33565K, committed 33856K, reserved 1081344K
  class space    used 3629K, committed 3776K, reserved 1048576K
}
Event: 3201.636 GC heap after
{Heap after GC invocations=60 (full 0):
 garbage-first heap   total 143360K, used 67448K [0x00000000c1400000, 0x0000000100000000)
  region size 1024K, 1 young (1024K), 1 survivors (1024K)
 Metaspace       used 33565K, committed 33856K, reserved 1081344K
  class space    used 3629K, committed 3776K, reserved 1048576K
}
Event: 3262.599 GC heap before
{Heap before GC invocations=60 (full 0):
 garbage-first heap   total 143360K, used 72568K [0x00000000c1400000, 0x0000000100000000)
  region size 1024K, 7 young (7168K), 1 survivors (1024K)
 Metaspace       used 33575K, committed 33856K, reserved 1081344K
  class space    used 3629K, committed 3776K, reserved 1048576K
}
Event: 3262.798 GC heap after
{Heap after GC invocations=61 (full 0):
 garbage-first heap   total 143360K, used 66777K [0x00000000c1400000, 0x0000000100000000)
  region size 1024K, 1 young (1024K), 1 survivors (1024K)
 Metaspace       used 33575K, committed 33856K, reserved 1081344K
  class space    used 3629K, committed 3776K, reserved 1048576K
}
Event: 4175.782 GC heap before
{Heap before GC invocations=61 (full 0):
 garbage-first heap   total 143360K, used 126169K [0x00000000c1400000, 0x0000000100000000)
  region size 1024K, 59 young (60416K), 1 survivors (1024K)
 Metaspace       used 34925K, committed 35200K, reserved 1081344K
  class space    used 3765K, committed 3904K, reserved 1048576K
}
Event: 4175.937 GC heap after
{Heap after GC invocations=62 (full 0):
 garbage-first heap   total 143360K, used 66922K [0x00000000c1400000, 0x0000000100000000)
  region size 1024K, 1 young (1024K), 1 survivors (1024K)
 Metaspace       used 34925K, committed 35200K, reserved 1081344K
  class space    used 3765K, committed 3904K, reserved 1048576K
}
Event: 4179.488 GC heap before
{Heap before GC invocations=63 (full 0):
 garbage-first heap   total 143360K, used 126314K [0x00000000c1400000, 0x0000000100000000)
  region size 1024K, 59 young (60416K), 1 survivors (1024K)
 Metaspace       used 39557K, committed 39872K, reserved 1089536K
  class space    used 4400K, committed 4544K, reserved 1048576K
}
Event: 4179.642 GC heap after
{Heap after GC invocations=64 (full 0):
 garbage-first heap   total 143360K, used 69134K [0x00000000c1400000, 0x0000000100000000)
  region size 1024K, 3 young (3072K), 3 survivors (3072K)
 Metaspace       used 39557K, committed 39872K, reserved 1089536K
  class space    used 4400K, committed 4544K, reserved 1048576K
}
Event: 4179.944 GC heap before
{Heap before GC invocations=64 (full 0):
 garbage-first heap   total 143360K, used 73230K [0x00000000c1400000, 0x0000000100000000)
  region size 1024K, 7 young (7168K), 3 survivors (3072K)
 Metaspace       used 39745K, committed 40064K, reserved 1089536K
  class space    used 4400K, committed 4544K, reserved 1048576K
}
Event: 4179.985 GC heap after
{Heap after GC invocations=65 (full 0):
 garbage-first heap   total 143360K, used 68988K [0x00000000c1400000, 0x0000000100000000)
  region size 1024K, 1 young (1024K), 1 survivors (1024K)
 Metaspace       used 39745K, committed 40064K, reserved 1089536K
  class space    used 4400K, committed 4544K, reserved 1048576K
}

Deoptimization events (20 events):
Event: 4179.064 Thread 0x0000016807ece860 Uncommon trap: trap_request=0xffffffde fr.pc=0x0000016818dd8258 relative=0x0000000000000a58
Event: 4179.064 Thread 0x0000016807ece860 Uncommon trap: reason=class_check action=maybe_recompile pc=0x0000016818dd8258 method=java.nio.charset.CharsetEncoder.encode(Ljava/nio/CharBuffer;Ljava/nio/ByteBuffer;Z)Ljava/nio/charset/CoderResult; @ 57 c2
Event: 4179.064 Thread 0x0000016807ece860 DEOPT PACKING pc=0x0000016818dd8258 sp=0x000000503a2ff680
Event: 4179.064 Thread 0x0000016807ece860 DEOPT UNPACKING pc=0x00000168185923a3 sp=0x000000503a2ff3e0 mode 2
Event: 4179.065 Thread 0x0000016807ece860 Uncommon trap: trap_request=0xffffffde fr.pc=0x0000016818dd8258 relative=0x0000000000000a58
Event: 4179.065 Thread 0x0000016807ece860 Uncommon trap: reason=class_check action=maybe_recompile pc=0x0000016818dd8258 method=java.nio.charset.CharsetEncoder.encode(Ljava/nio/CharBuffer;Ljava/nio/ByteBuffer;Z)Ljava/nio/charset/CoderResult; @ 57 c2
Event: 4179.066 Thread 0x0000016807ece860 DEOPT PACKING pc=0x0000016818dd8258 sp=0x000000503a2ff680
Event: 4179.066 Thread 0x0000016807ece860 DEOPT UNPACKING pc=0x00000168185923a3 sp=0x000000503a2ff3e0 mode 2
Event: 4179.068 Thread 0x0000016807ece860 Uncommon trap: trap_request=0xffffffde fr.pc=0x0000016818dd8258 relative=0x0000000000000a58
Event: 4179.068 Thread 0x0000016807ece860 Uncommon trap: reason=class_check action=maybe_recompile pc=0x0000016818dd8258 method=java.nio.charset.CharsetEncoder.encode(Ljava/nio/CharBuffer;Ljava/nio/ByteBuffer;Z)Ljava/nio/charset/CoderResult; @ 57 c2
Event: 4179.068 Thread 0x0000016807ece860 DEOPT PACKING pc=0x0000016818dd8258 sp=0x000000503a2ff680
Event: 4179.068 Thread 0x0000016807ece860 DEOPT UNPACKING pc=0x00000168185923a3 sp=0x000000503a2ff3e0 mode 2
Event: 4179.070 Thread 0x0000016807ece860 Uncommon trap: trap_request=0xffffffde fr.pc=0x000001681902eed0 relative=0x00000000000007f0
Event: 4179.070 Thread 0x0000016807ece860 Uncommon trap: reason=class_check action=maybe_recompile pc=0x000001681902eed0 method=java.nio.charset.CharsetEncoder.encode(Ljava/nio/CharBuffer;Ljava/nio/ByteBuffer;Z)Ljava/nio/charset/CoderResult; @ 57 c2
Event: 4179.070 Thread 0x0000016807ece860 DEOPT PACKING pc=0x000001681902eed0 sp=0x000000503a2ff5c0
Event: 4179.070 Thread 0x0000016807ece860 DEOPT UNPACKING pc=0x00000168185923a3 sp=0x000000503a2ff400 mode 2
Event: 4179.071 Thread 0x0000016807ece860 Uncommon trap: trap_request=0xffffffde fr.pc=0x0000016818dd5c40 relative=0x0000000000000380
Event: 4179.071 Thread 0x0000016807ece860 Uncommon trap: reason=class_check action=maybe_recompile pc=0x0000016818dd5c40 method=java.nio.charset.CharsetEncoder.encode(Ljava/nio/CharBuffer;Ljava/nio/ByteBuffer;Z)Ljava/nio/charset/CoderResult; @ 57 c2
Event: 4179.071 Thread 0x0000016807ece860 DEOPT PACKING pc=0x0000016818dd5c40 sp=0x000000503a2ff460
Event: 4179.082 Thread 0x0000016807ece860 DEOPT UNPACKING pc=0x00000168185923a3 sp=0x000000503a2ff408 mode 2

Classes unloaded (20 events):
Event: 2022.594 Thread 0x000001680804d790 Unloading class 0x0000000800e7c400 'java/lang/invoke/LambdaForm$MH+0x0000000800e7c400'
Event: 2022.596 Thread 0x000001680804d790 Unloading class 0x0000000800e1f400 'java/lang/invoke/LambdaForm$MH+0x0000000800e1f400'
Event: 2022.596 Thread 0x000001680804d790 Unloading class 0x0000000800e1f000 'java/lang/invoke/LambdaForm$MH+0x0000000800e1f000'
Event: 2022.596 Thread 0x000001680804d790 Unloading class 0x0000000800e1ec00 'java/lang/invoke/LambdaForm$MH+0x0000000800e1ec00'
Event: 2022.600 Thread 0x000001680804d790 Unloading class 0x0000000800e1e000 'java/lang/invoke/LambdaForm$MH+0x0000000800e1e000'
Event: 2022.600 Thread 0x000001680804d790 Unloading class 0x0000000800e1d800 'java/lang/invoke/LambdaForm$MH+0x0000000800e1d800'
Event: 2022.601 Thread 0x000001680804d790 Unloading class 0x0000000800e1c400 'java/lang/invoke/LambdaForm$MH+0x0000000800e1c400'
Event: 2022.601 Thread 0x000001680804d790 Unloading class 0x0000000800e1c000 'java/lang/invoke/LambdaForm$MH+0x0000000800e1c000'
Event: 2022.601 Thread 0x000001680804d790 Unloading class 0x0000000800da5000 'java/lang/invoke/LambdaForm$DMH+0x0000000800da5000'
Event: 2022.602 Thread 0x000001680804d790 Unloading class 0x0000000800d99400 'java/lang/invoke/LambdaForm$MH+0x0000000800d99400'
Event: 2022.602 Thread 0x000001680804d790 Unloading class 0x0000000800d99000 'java/lang/invoke/LambdaForm$MH+0x0000000800d99000'
Event: 2022.602 Thread 0x000001680804d790 Unloading class 0x0000000800d98c00 'java/lang/invoke/LambdaForm$MH+0x0000000800d98c00'
Event: 2022.602 Thread 0x000001680804d790 Unloading class 0x0000000800d98800 'java/lang/invoke/LambdaForm$MH+0x0000000800d98800'
Event: 2022.602 Thread 0x000001680804d790 Unloading class 0x0000000800d98400 'java/lang/invoke/LambdaForm$MH+0x0000000800d98400'
Event: 2022.602 Thread 0x000001680804d790 Unloading class 0x0000000800d98000 'java/lang/invoke/LambdaForm$MH+0x0000000800d98000'
Event: 2022.602 Thread 0x000001680804d790 Unloading class 0x0000000800d5b000 'java/lang/invoke/LambdaForm$MH+0x0000000800d5b000'
Event: 2022.603 Thread 0x000001680804d790 Unloading class 0x0000000800d5ac00 'java/lang/invoke/LambdaForm$MH+0x0000000800d5ac00'
Event: 2022.603 Thread 0x000001680804d790 Unloading class 0x0000000800d5a800 'java/lang/invoke/LambdaForm$MH+0x0000000800d5a800'
Event: 2022.603 Thread 0x000001680804d790 Unloading class 0x0000000800d5a400 'java/lang/invoke/LambdaForm$MH+0x0000000800d5a400'
Event: 2022.603 Thread 0x000001680804d790 Unloading class 0x0000000800c04800 'java/lang/invoke/LambdaForm$MH+0x0000000800c04800'

Classes redefined (0 events):
No events

Internal exceptions (20 events):
Event: 3942.132 Thread 0x0000016807ece860 Exception <a 'java/net/SocketException'{0x00000000c68caaa8}: Socket is not connected: shutdown> (0x00000000c68caaa8) 
thrown [s\open\src\hotspot\share\prims\jni.cpp, line 535]
Event: 3944.996 Thread 0x0000016826fcf380 Exception <a 'java/net/ConnectException'{0x00000000c6720528}: Connection refused: no further information> (0x00000000c6720528) 
thrown [s\open\src\hotspot\share\prims\jni.cpp, line 535]
Event: 3944.996 Thread 0x0000016826fcf380 Exception <a 'java/net/SocketException'{0x00000000c6720860}: Socket is not connected: shutdown> (0x00000000c6720860) 
thrown [s\open\src\hotspot\share\prims\jni.cpp, line 535]
Event: 3945.021 Thread 0x0000016826fcf380 Exception <a 'java/net/ConnectException'{0x00000000c6721788}: Connection refused: no further information> (0x00000000c6721788) 
thrown [s\open\src\hotspot\share\prims\jni.cpp, line 535]
Event: 3945.021 Thread 0x0000016826fcf380 Exception <a 'java/net/SocketException'{0x00000000c6721ac0}: Socket is not connected: shutdown> (0x00000000c6721ac0) 
thrown [s\open\src\hotspot\share\prims\jni.cpp, line 535]
Event: 3945.052 Thread 0x0000016826fcf380 Exception <a 'java/net/ConnectException'{0x00000000c67229e8}: Connection refused: no further information> (0x00000000c67229e8) 
thrown [s\open\src\hotspot\share\prims\jni.cpp, line 535]
Event: 3945.052 Thread 0x0000016826fcf380 Exception <a 'java/net/SocketException'{0x00000000c6722d20}: Socket is not connected: shutdown> (0x00000000c6722d20) 
thrown [s\open\src\hotspot\share\prims\jni.cpp, line 535]
Event: 3945.096 Thread 0x0000016826fcf380 Exception <a 'java/net/ConnectException'{0x00000000c6723c48}: Connection refused: no further information> (0x00000000c6723c48) 
thrown [s\open\src\hotspot\share\prims\jni.cpp, line 535]
Event: 3945.096 Thread 0x0000016826fcf380 Exception <a 'java/net/SocketException'{0x00000000c6723f80}: Socket is not connected: shutdown> (0x00000000c6723f80) 
thrown [s\open\src\hotspot\share\prims\jni.cpp, line 535]
Event: 4148.705 Thread 0x0000016826fcab50 Implicit null exception at 0x00000168190c9340 to 0x00000168190c9d58
Event: 4176.831 Thread 0x0000016807ece860 Implicit null exception at 0x0000016818f035e0 to 0x0000016818f036a8
Event: 4176.848 Thread 0x0000016807ece860 Implicit null exception at 0x00000168191537cc to 0x0000016819153914
Event: 4176.876 Thread 0x0000016807ece860 Exception <a 'java/lang/NoSuchMethodError'{0x00000000e116fab0}: 'java.lang.Object java.lang.invoke.DirectMethodHandle$Holder.invokeStatic(java.lang.Object, java.lang.Object, int, int)'> (0x00000000e116fab0) 
thrown [s\open\src\hotspot\share\interpreter\linkResolver.cpp, line 759]
Event: 4176.882 Thread 0x0000016807ece860 Exception <a 'java/lang/NoSuchMethodError'{0x00000000e1173280}: 'java.lang.Object java.lang.invoke.DirectMethodHandle$Holder.invokeStaticInit(java.lang.Object, java.lang.Object, int, int)'> (0x00000000e1173280) 
thrown [s\open\src\hotspot\share\interpreter\linkResolver.cpp, line 759]
Event: 4177.019 Thread 0x0000016807ece860 Implicit null exception at 0x0000016818b06a60 to 0x0000016818b06afa
Event: 4177.240 Thread 0x0000016807ece860 Exception <a 'java/lang/NoSuchMethodError'{0x00000000d38ff0c8}: 'java.lang.Object java.lang.invoke.DirectMethodHandle$Holder.newInvokeSpecial(java.lang.Object, java.lang.Object, int, java.lang.Object)'> (0x00000000d38ff0c8) 
thrown [s\open\src\hotspot\share\interpreter\linkResolver.cpp, line 759]
Event: 4177.241 Thread 0x0000016807ece860 Exception <a 'java/lang/NoSuchMethodError'{0x00000000d3703330}: 'java.lang.Object java.lang.invoke.DirectMethodHandle$Holder.invokeSpecial(java.lang.Object, java.lang.Object, java.lang.Object, int, java.lang.Object)'> (0x00000000d3703330) 
thrown [s\open\src\hotspot\share\interpreter\linkResolver.cpp, line 759]
Event: 4177.241 Thread 0x0000016807ece860 Exception <a 'java/lang/NoSuchMethodError'{0x00000000d3706d08}: 'java.lang.Object java.lang.invoke.Invokers$Holder.linkToTargetMethod(java.lang.Object, int, java.lang.Object, java.lang.Object)'> (0x00000000d3706d08) 
thrown [s\open\src\hotspot\share\interpreter\linkResolver.cpp, line 759]
Event: 4177.810 Thread 0x0000016807ece860 Implicit null exception at 0x0000016819179a80 to 0x0000016819179be0
Event: 4178.464 Thread 0x0000016807ece860 Exception <a 'java/lang/NoSuchMethodError'{0x00000000c6330da0}: 'int java.lang.invoke.DirectMethodHandle$Holder.invokeStaticInit(java.lang.Object, java.lang.Object, java.lang.Object)'> (0x00000000c6330da0) 
thrown [s\open\src\hotspot\share\interpreter\linkResolver.cpp, line 759]

VM Operations (20 events):
Event: 4175.780 Executing VM operation: G1CollectForAllocation
Event: 4175.938 Executing VM operation: G1CollectForAllocation done
Event: 4176.234 Executing VM operation: G1Concurrent
Event: 4176.795 Executing VM operation: G1Concurrent done
Event: 4176.795 Executing VM operation: HandshakeAllThreads
Event: 4176.812 Executing VM operation: HandshakeAllThreads done
Event: 4176.812 Executing VM operation: G1Concurrent
Event: 4176.813 Executing VM operation: G1Concurrent done
Event: 4176.813 Executing VM operation: HandshakeAllThreads
Event: 4176.813 Executing VM operation: HandshakeAllThreads done
Event: 4177.234 Executing VM operation: HandshakeAllThreads
Event: 4177.234 Executing VM operation: HandshakeAllThreads done
Event: 4178.249 Executing VM operation: Cleanup
Event: 4178.249 Executing VM operation: Cleanup done
Event: 4179.254 Executing VM operation: Cleanup
Event: 4179.269 Executing VM operation: Cleanup done
Event: 4179.488 Executing VM operation: G1CollectForAllocation
Event: 4179.643 Executing VM operation: G1CollectForAllocation done
Event: 4179.944 Executing VM operation: G1CollectForAllocation
Event: 4179.986 Executing VM operation: G1CollectForAllocation done

Events (20 events):
Event: 4177.857 loading class org/xml/sax/EntityResolver
Event: 4177.858 loading class org/xml/sax/EntityResolver done
Event: 4177.859 loading class org/xml/sax/ErrorHandler
Event: 4177.859 loading class org/xml/sax/ErrorHandler done
Event: 4177.860 loading class org/xml/sax/ContentHandler
Event: 4177.861 loading class org/xml/sax/ContentHandler done
Event: 4177.861 loading class org/xml/sax/ext/LexicalHandler
Event: 4177.862 loading class org/xml/sax/ext/LexicalHandler done
Event: 4177.862 loading class org/xml/sax/ext/DeclHandler
Event: 4177.862 loading class org/xml/sax/ext/DeclHandler done
Event: 4177.862 loading class org/xml/sax/DTDHandler
Event: 4177.862 loading class org/xml/sax/DTDHandler done
Event: 4177.882 loading class org/w3c/dom/Comment
Event: 4177.883 loading class org/w3c/dom/Comment done
Event: 4177.885 loading class org/w3c/dom/Attr
Event: 4177.885 loading class org/w3c/dom/Attr done
Event: 4177.902 loading class org/w3c/dom/DocumentFragment
Event: 4177.902 loading class org/w3c/dom/DocumentFragment done
Event: 4177.906 loading class org/w3c/dom/ProcessingInstruction
Event: 4177.907 loading class org/w3c/dom/ProcessingInstruction done


Dynamic libraries:
0x00007ff6f5940000 - 0x00007ff6f5950000 	C:\Program Files\Java\jdk-17\bin\javaw.exe
0x00007ffb5cdf0000 - 0x00007ffb5cfe8000 	C:\WINDOWS\SYSTEM32\ntdll.dll
0x00007ffb5b130000 - 0x00007ffb5b1ef000 	C:\WINDOWS\System32\KERNEL32.DLL
0x00007ffb5a760000 - 0x00007ffb5aa56000 	C:\WINDOWS\System32\KERNELBASE.dll
0x00007ffb5a610000 - 0x00007ffb5a710000 	C:\WINDOWS\System32\ucrtbase.dll
0x00007ffb4f5a0000 - 0x00007ffb4f5b9000 	C:\Program Files\Java\jdk-17\bin\jli.dll
0x00007ffb5b4d0000 - 0x00007ffb5b57f000 	C:\WINDOWS\System32\ADVAPI32.dll
0x00007ffb47980000 - 0x00007ffb4799b000 	C:\Program Files\Java\jdk-17\bin\VCRUNTIME140.dll
0x00007ffb5b090000 - 0x00007ffb5b12e000 	C:\WINDOWS\System32\msvcrt.dll
0x00007ffb5b580000 - 0x00007ffb5b61c000 	C:\WINDOWS\System32\sechost.dll
0x00007ffb5bd50000 - 0x00007ffb5be76000 	C:\WINDOWS\System32\RPCRT4.dll
0x00007ffb5bae0000 - 0x00007ffb5bc7d000 	C:\WINDOWS\System32\USER32.dll
0x00007ffb5a4d0000 - 0x00007ffb5a4f2000 	C:\WINDOWS\System32\win32u.dll
0x00007ffb5b620000 - 0x00007ffb5b64c000 	C:\WINDOWS\System32\GDI32.dll
0x00007ffb5aaf0000 - 0x00007ffb5ac05000 	C:\WINDOWS\System32\gdi32full.dll
0x00007ffb5a500000 - 0x00007ffb5a59d000 	C:\WINDOWS\System32\msvcp_win.dll
0x00007ffb44630000 - 0x00007ffb448ca000 	C:\WINDOWS\WinSxS\amd64_microsoft.windows.common-controls_6595b64144ccf1df_6.0.19041.1110_none_60b5254171f9507e\COMCTL32.dll
0x00007ffb59240000 - 0x00007ffb5924a000 	C:\WINDOWS\SYSTEM32\VERSION.dll
0x00007ffb5b060000 - 0x00007ffb5b090000 	C:\WINDOWS\System32\IMM32.DLL
0x00007ffb509d0000 - 0x00007ffb509dc000 	C:\Program Files\Java\jdk-17\bin\vcruntime140_1.dll
0x00007ffb2e3c0000 - 0x00007ffb2e44e000 	C:\Program Files\Java\jdk-17\bin\msvcp140.dll
0x00007ffb26de0000 - 0x00007ffb279bd000 	C:\Program Files\Java\jdk-17\bin\server\jvm.dll
0x00007ffb5ae50000 - 0x00007ffb5ae58000 	C:\WINDOWS\System32\PSAPI.DLL
0x00007ffb3f6a0000 - 0x00007ffb3f6a9000 	C:\WINDOWS\SYSTEM32\WSOCK32.dll
0x00007ffb5bc80000 - 0x00007ffb5bceb000 	C:\WINDOWS\System32\WS2_32.dll
0x00007ffb3b340000 - 0x00007ffb3b367000 	C:\WINDOWS\SYSTEM32\WINMM.dll
0x00007ffb59200000 - 0x00007ffb59212000 	C:\WINDOWS\SYSTEM32\kernel.appcore.dll
0x00007ffb57220000 - 0x00007ffb5722a000 	C:\Program Files\Java\jdk-17\bin\jimage.dll
0x00007ffb58180000 - 0x00007ffb58364000 	C:\WINDOWS\SYSTEM32\DBGHELP.DLL
0x00007ffb3ece0000 - 0x00007ffb3ed14000 	C:\WINDOWS\SYSTEM32\dbgcore.DLL
0x00007ffb5aa60000 - 0x00007ffb5aae2000 	C:\WINDOWS\System32\bcryptPrimitives.dll
0x00007ffb40c50000 - 0x00007ffb40c75000 	C:\Program Files\Java\jdk-17\bin\java.dll
0x00007ffb34400000 - 0x00007ffb344d7000 	C:\Program Files\Java\jdk-17\bin\jsvml.dll
0x00007ffb5c090000 - 0x00007ffb5c7d4000 	C:\WINDOWS\System32\SHELL32.dll
0x00007ffb58a60000 - 0x00007ffb591f4000 	C:\WINDOWS\SYSTEM32\windows.storage.dll
0x00007ffb5c9f0000 - 0x00007ffb5cd44000 	C:\WINDOWS\System32\combase.dll
0x00007ffb59ea0000 - 0x00007ffb59ece000 	C:\WINDOWS\SYSTEM32\Wldp.dll
0x00007ffb5c8b0000 - 0x00007ffb5c95d000 	C:\WINDOWS\System32\SHCORE.dll
0x00007ffb5b450000 - 0x00007ffb5b4a5000 	C:\WINDOWS\System32\shlwapi.dll
0x00007ffb5a400000 - 0x00007ffb5a425000 	C:\WINDOWS\SYSTEM32\profapi.dll
0x00007ffb4f580000 - 0x00007ffb4f599000 	C:\Program Files\Java\jdk-17\bin\net.dll
0x00007ffb508c0000 - 0x00007ffb509ca000 	C:\WINDOWS\SYSTEM32\WINHTTP.dll
0x00007ffb59c00000 - 0x00007ffb59c6a000 	C:\WINDOWS\system32\mswsock.dll
0x00007ffb4f370000 - 0x00007ffb4f386000 	C:\Program Files\Java\jdk-17\bin\nio.dll
0x00007ffb479f0000 - 0x00007ffb47a08000 	C:\Program Files\Java\jdk-17\bin\zip.dll
0x00007ffb59920000 - 0x00007ffb599ea000 	C:\WINDOWS\SYSTEM32\DNSAPI.dll
0x00007ffb59890000 - 0x00007ffb598cc000 	C:\WINDOWS\SYSTEM32\IPHLPAPI.DLL
0x00007ffb5bad0000 - 0x00007ffb5bad8000 	C:\WINDOWS\System32\NSI.dll
0x00007ffb4cf00000 - 0x00007ffb4cf0a000 	C:\Windows\System32\rasadhlp.dll
0x00007ffb45b30000 - 0x00007ffb45bb2000 	C:\WINDOWS\System32\fwpuclnt.dll
0x00007ffb5ae20000 - 0x00007ffb5ae47000 	C:\WINDOWS\System32\bcrypt.dll
0x00007ffb4f750000 - 0x00007ffb4f75d000 	C:\Program Files\Java\jdk-17\bin\sunmscapi.dll
0x00007ffb5acc0000 - 0x00007ffb5ae1e000 	C:\WINDOWS\System32\CRYPT32.dll
0x00007ffb59f10000 - 0x00007ffb59f38000 	C:\WINDOWS\SYSTEM32\ncrypt.dll
0x00007ffb59ed0000 - 0x00007ffb59f0b000 	C:\WINDOWS\SYSTEM32\NTASN1.dll
0x00007ffb59df0000 - 0x00007ffb59e08000 	C:\WINDOWS\SYSTEM32\CRYPTSP.dll
0x00007ffb594c0000 - 0x00007ffb594f4000 	C:\WINDOWS\system32\rsaenh.dll
0x00007ffb5a3c0000 - 0x00007ffb5a3ee000 	C:\WINDOWS\SYSTEM32\USERENV.dll
0x00007ffb59e10000 - 0x00007ffb59e1c000 	C:\WINDOWS\SYSTEM32\CRYPTBASE.dll
0x00007ffb48590000 - 0x00007ffb485a7000 	C:\WINDOWS\SYSTEM32\dhcpcsvc6.DLL
0x00007ffb494b0000 - 0x00007ffb494cd000 	C:\WINDOWS\SYSTEM32\dhcpcsvc.DLL
0x00007ffb4f960000 - 0x00007ffb4f970000 	C:\Program Files\Java\jdk-17\bin\verify.dll
0x00007ffb49110000 - 0x00007ffb4911a000 	C:\Program Files\Java\jdk-17\bin\management.dll
0x00007ffb47850000 - 0x00007ffb4785b000 	C:\Program Files\Java\jdk-17\bin\management_ext.dll
0x00007ffb57280000 - 0x00007ffb57311000 	C:\WINDOWS\system32\apphelp.dll
0x00007ffb3bcf0000 - 0x00007ffb3bd07000 	C:\WINDOWS\system32\napinsp.dll
0x00007ffb3bcd0000 - 0x00007ffb3bceb000 	C:\WINDOWS\system32\pnrpnsp.dll
0x00007ffb510f0000 - 0x00007ffb51105000 	C:\WINDOWS\system32\wshbth.dll
0x00007ffb51ef0000 - 0x00007ffb51f0d000 	C:\WINDOWS\system32\NLAapi.dll
0x00007ffb3bcb0000 - 0x00007ffb3bcc2000 	C:\WINDOWS\System32\winrnr.dll
0x00007ffb4f7e0000 - 0x00007ffb4f7e7000 	C:\WINDOWS\system32\wshunix.dll

dbghelp: loaded successfully - version: 4.0.5 - missing functions: none
symbol engine: initialized successfully - sym options: 0x614 - pdb path: .;C:\Program Files\Java\jdk-17\bin;C:\WINDOWS\SYSTEM32;C:\WINDOWS\WinSxS\amd64_microsoft.windows.common-controls_6595b64144ccf1df_6.0.19041.1110_none_60b5254171f9507e;C:\Program Files\Java\jdk-17\bin\server

VM Arguments:
jvm_args: -Dfile.encoding=UTF-8 --module-path=C:\Users\lemon\eclipse-workspace\postgresql-42.6.0.jar -XX:+ShowCodeDetailsInExceptionMessages 
java_command: makeMoneySite.main
java_class_path (initial): C:\Users\lemon\Desktop\makeMoneySite\target\classes;C:\Users\lemon\Downloads\poi-bin-5.2.3-20220909\poi-bin-5.2.3\poi-5.2.3.jar;C:\Users\lemon\Downloads\poi-bin-5.2.3-20220909\poi-bin-5.2.3\poi-examples-5.2.3.jar;C:\Users\lemon\Downloads\poi-bin-5.2.3-20220909\poi-bin-5.2.3\poi-excelant-5.2.3.jar;C:\Users\lemon\Downloads\poi-bin-5.2.3-20220909\poi-bin-5.2.3\poi-javadoc-5.2.3.jar;C:\Users\lemon\Downloads\poi-bin-5.2.3-20220909\poi-bin-5.2.3\poi-ooxml-5.2.3.jar;C:\Users\lemon\Downloads\poi-bin-5.2.3-20220909\poi-bin-5.2.3\poi-ooxml-full-5.2.3.jar;C:\Users\lemon\Downloads\poi-bin-5.2.3-20220909\poi-bin-5.2.3\poi-ooxml-lite-5.2.3.jar;C:\Users\lemon\Downloads\poi-bin-5.2.3-20220909\poi-bin-5.2.3\poi-scratchpad-5.2.3.jar;C:\Users\lemon\Downloads\poi-bin-5.2.3-20220909\poi-bin-5.2.3\lib\commons-io-2.11.0.jar;C:\Users\lemon\Downloads\apache-log4j-2.19.0-bin\apache-log4j-2.19.0-bin\log4j-api-2.19.0.jar;C:\Users\lemon\Downloads\apache-log4j-2.19.0-bin\apache-log4j-2.19.0-bin\log4j-core-2.19.0.jar;C:\Users\lemon\Downloads\poi-bin-5.2.3-20220909\poi-bin-5.2.3\lib\commons-collections4-4.4.jar;C:\Users\lemon\Downloads\poi-bin-5.2.3-20220909\poi-bin-5.2.3\ooxml-lib\commons-compress-1.21.jar;C:\Users\lemon\Downloads\poi-bin-5.2.3-20220909\poi-bin-5.2.3\ooxml-lib\curvesapi-1.07.jar;C:\Users\lemon\Downloads\poi-bin-5.2.3-20220909\poi-bin-5.2.3\ooxml-lib\jakarta.activation-2.0.1.jar;C:\Users\lemon\Downloads\poi-bin-5.2.3-20220909\poi-bin-5.2.3\ooxml-lib\jakarta.xml.bind-api-3.0.1.jar;C:\Users\lemon\Downloads\poi-bin-5.2.3-20220909\poi-bin-5.2.3\ooxml-lib\slf4j-api-1.7.36.jar;C:\Users\lemon\Downloads\poi-bin-5.2.3-20220909\poi-bin-5.2.3\ooxml-lib\xmlbeans-5.1.1.jar;C:\Users\lemon\Downloads\selenium-java-4.8.0\lib\async-http-client-2.12.3.jar;C:\Users\lemon\Downloads\selenium-java-4.8.0\lib\async-http-client-netty-utils-2.12.3.jar;C:\Users\lemon\Downloads\selenium-java-4.8.0\lib\auto-common-1.2.1.jar;C:\Users\lemon\Downloads\selenium-java-4.8.0\lib\auto-serv
Launcher Type: SUN_STANDARD

[Global flags]
     intx CICompilerCount                          = 3                                         {product} {ergonomic}
     uint ConcGCThreads                            = 1                                         {product} {ergonomic}
     uint G1ConcRefinementThreads                  = 4                                         {product} {ergonomic}
   size_t G1HeapRegionSize                         = 1048576                                   {product} {ergonomic}
    uintx GCDrainStackTargetSize                   = 64                                        {product} {ergonomic}
   size_t InitialHeapSize                          = 67108864                                  {product} {ergonomic}
   size_t MarkStackSize                            = 4194304                                   {product} {ergonomic}
   size_t MaxHeapSize                              = 1052770304                                {product} {ergonomic}
   size_t MaxNewSize                               = 631242752                                 {product} {ergonomic}
   size_t MinHeapDeltaBytes                        = 1048576                                   {product} {ergonomic}
   size_t MinHeapSize                              = 8388608                                   {product} {ergonomic}
    uintx NonNMethodCodeHeapSize                   = 5832780                                {pd product} {ergonomic}
    uintx NonProfiledCodeHeapSize                  = 122912730                              {pd product} {ergonomic}
    uintx ProfiledCodeHeapSize                     = 122912730                              {pd product} {ergonomic}
    uintx ReservedCodeCacheSize                    = 251658240                              {pd product} {ergonomic}
     bool SegmentedCodeCache                       = true                                      {product} {ergonomic}
     bool ShowCodeDetailsInExceptionMessages       = true                                   {manageable} {command line}
   size_t SoftMaxHeapSize                          = 1052770304                             {manageable} {ergonomic}
     bool UseCompressedClassPointers               = true                           {product lp64_product} {ergonomic}
     bool UseCompressedOops                        = true                           {product lp64_product} {ergonomic}
     bool UseG1GC                                  = true                                      {product} {ergonomic}
     bool UseLargePagesIndividualAllocation        = false                                  {pd product} {ergonomic}

Logging:
Log output configuration:
 #0: stdout all=warning uptime,level,tags
 #1: stderr all=off uptime,level,tags

Environment Variables:
JAVA_HOME=C:\Program Files\Java\jdk-17
CLASSPATH=C:\Program Files\Java\jdk-17\lib
PATH=C:/Program Files/Java/jdk-17/bin/server;C:/Program Files/Java/jdk-17/bin;C:\Program Files\Common Files\Oracle\Java\javapath;C:\Program Files (x86)\Common Files\Oracle\Java\javapath;C:\WINDOWS\system32;C:\WINDOWS;C:\WINDOWS\System32\Wbem;C:\WINDOWS\System32\WindowsPowerShell\v1.0\;C:\WINDOWS\System32\OpenSSH\;C:\Program Files\Java\jdk-17\bin;;C:\Program Files (x86)\ePapyrus\Papyrus-PlugIn-web;C:\Program Files (x86)\ePapyrus\Papyrus-PlugIn-web\Addins;C:\Program Files (x86)\ePapyrus\SDPlugin\addins;C:\Program Files\MySQL\MySQL Shell 8.0\bin\;C:\Users\lemon\AppData\Local\Microsoft\WindowsApps;;C:\WINDOWS\System32;
USERNAME=lemon
OS=Windows_NT
PROCESSOR_IDENTIFIER=Intel64 Family 6 Model 142 Stepping 9, GenuineIntel



---------------  S Y S T E M  ---------------

OS:
 Windows 10 , 64 bit Build 19041 (10.0.19041.3155)
OS uptime: 15 days 6:13 hours

CPU: total 4 (initial active 4) (2 cores per cpu, 2 threads per core) family 6 model 142 stepping 9 microcode 0xf0, cx8, cmov, fxsr, ht, mmx, 3dnowpref, sse, sse2, sse3, ssse3, sse4.1, sse4.2, popcnt, lzcnt, tsc, tscinvbit, avx, avx2, aes, erms, clmul, bmi1, bmi2, rtm, adx, fma, vzeroupper, clflush, clflushopt

Memory: 4k page, system-wide physical 4013M (101M free)
TotalPageFile size 16301M (AvailPageFile size 5M)
current process WorkingSet (physical memory assigned to process): 195M, peak: 415M
current process commit charge ("private bytes"): 361M, peak: 699M

vm_info: Java HotSpot(TM) 64-Bit Server VM (17.0.7+8-LTS-224) for windows-amd64 JRE (17.0.7+8-LTS-224), built on Feb 28 2023 23:03:02 by "mach5one" with MS VC++ 17.1 (VS2022)

END.
