#
# There is insufficient memory for the Java Runtime Environment to continue.
# Native memory allocation (mmap) failed to map 182452224 bytes for G1 virtual space
# Possible reasons:
#   The system is out of physical RAM or swap space
#   The process is running with CompressedOops enabled, and the Java Heap may be blocking the growth of the native heap
# Possible solutions:
#   Reduce memory load on the system
#   Increase physical memory or swap space
#   Check if swap backing store is full
#   Decrease Java heap size (-Xmx/-Xms)
#   Decrease number of Java threads
#   Decrease Java thread stack sizes (-Xss)
#   Set larger code cache with -XX:ReservedCodeCacheSize=
#   JVM is running with Unscaled Compressed Oops mode in which the Java heap is
#     placed in the first 4GB address space. The Java Heap base address is the
#     maximum limit for the native heap growth. Please use -XX:HeapBaseMinAddress
#     to set the Java Heap base and to place the Java Heap above 4GB virtual address.
# This output file may be truncated or incomplete.
#
#  Out of Memory Error (os_windows.cpp:3550), pid=18712, tid=10624
#
# JRE version: Java(TM) SE Runtime Environment (17.0.6+9) (build 17.0.6+9-LTS-190)
# Java VM: Java HotSpot(TM) 64-Bit Server VM (17.0.6+9-LTS-190, mixed mode, sharing, tiered, compressed oops, compressed class ptrs, g1 gc, windows-amd64)
# No core dump will be written. Minidumps are not enabled by default on client versions of Windows
#

---------------  S U M M A R Y ------------

Command Line: -Dfile.encoding=UTF-8 --module-path=C:\Users\lemon\eclipse-workspace\postgresql-42.6.0.jar -XX:+ShowCodeDetailsInExceptionMessages makeMoneySite.main

Host: Intel(R) Core(TM) i5-7300U CPU @ 2.60GHz, 4 cores, 3G,  Windows 10 , 64 bit Build 19041 (10.0.19041.3031)
Time: Thu Jun 22 23:07:40 2023  Windows 10 , 64 bit Build 19041 (10.0.19041.3031) elapsed time: 37.678815 seconds (0d 0h 0m 37s)

---------------  T H R E A D  ---------------

Current thread (0x000001f958af2bd0):  VMThread "VM Thread" [stack: 0x00000079ee500000,0x00000079ee600000] [id=10624]

Stack: [0x00000079ee500000,0x00000079ee600000]
Native frames: (J=compiled Java code, j=interpreted, Vv=VM code, C=native code)
V  [jvm.dll+0x6734ea]
V  [jvm.dll+0x7d18f4]
V  [jvm.dll+0x7d309e]
V  [jvm.dll+0x7d3703]
V  [jvm.dll+0x2433c5]
V  [jvm.dll+0x6703f9]
V  [jvm.dll+0x664d32]
V  [jvm.dll+0x300086]
V  [jvm.dll+0x307606]
V  [jvm.dll+0x356c1e]
V  [jvm.dll+0x356e4f]
V  [jvm.dll+0x2d72e8]
V  [jvm.dll+0x2d57e5]
V  [jvm.dll+0x2d4dec]
V  [jvm.dll+0x31837b]
V  [jvm.dll+0x7d7f0b]
V  [jvm.dll+0x7d8c44]
V  [jvm.dll+0x7d915d]
V  [jvm.dll+0x7d9534]
V  [jvm.dll+0x7d9600]
V  [jvm.dll+0x781a7a]
V  [jvm.dll+0x672375]
C  [ucrtbase.dll+0x21bb2]
C  [KERNEL32.DLL+0x17614]
C  [ntdll.dll+0x526f1]

VM_Operation (0x00000079edffea20): G1CollectForAllocation, mode: safepoint, requested by thread 0x000001f958a3c170


---------------  P R O C E S S  ---------------

Threads class SMR info:
_java_thread_list=0x000001f9748e9030, length=12, elements={
0x000001f958a3c170, 0x000001f958afa750, 0x000001f958afc170, 0x000001f973c70ff0,
0x000001f973c71ab0, 0x000001f973c74380, 0x000001f973c74c40, 0x000001f973c790a0,
0x000001f973c91d10, 0x000001f973cf5530, 0x000001f958ae3490, 0x000001f97493bc20
}

Java Threads: ( => current thread )
  0x000001f958a3c170 JavaThread "main" [_thread_blocked, id=18840, stack(0x00000079edf00000,0x00000079ee000000)]
  0x000001f958afa750 JavaThread "Reference Handler" daemon [_thread_blocked, id=16536, stack(0x00000079ee600000,0x00000079ee700000)]
  0x000001f958afc170 JavaThread "Finalizer" daemon [_thread_blocked, id=11520, stack(0x00000079ee700000,0x00000079ee800000)]
  0x000001f973c70ff0 JavaThread "Signal Dispatcher" daemon [_thread_blocked, id=120, stack(0x00000079ee800000,0x00000079ee900000)]
  0x000001f973c71ab0 JavaThread "Attach Listener" daemon [_thread_blocked, id=11148, stack(0x00000079ee900000,0x00000079eea00000)]
  0x000001f973c74380 JavaThread "Service Thread" daemon [_thread_blocked, id=17348, stack(0x00000079eea00000,0x00000079eeb00000)]
  0x000001f973c74c40 JavaThread "Monitor Deflation Thread" daemon [_thread_blocked, id=14476, stack(0x00000079eeb00000,0x00000079eec00000)]
  0x000001f973c790a0 JavaThread "C2 CompilerThread0" daemon [_thread_blocked, id=18228, stack(0x00000079eec00000,0x00000079eed00000)]
  0x000001f973c91d10 JavaThread "C1 CompilerThread0" daemon [_thread_blocked, id=14240, stack(0x00000079eed00000,0x00000079eee00000)]
  0x000001f973cf5530 JavaThread "Sweeper thread" daemon [_thread_blocked, id=10984, stack(0x00000079eee00000,0x00000079eef00000)]
  0x000001f958ae3490 JavaThread "Common-Cleaner" daemon [_thread_blocked, id=15240, stack(0x00000079eef00000,0x00000079ef000000)]
  0x000001f97493bc20 JavaThread "Notification Thread" daemon [_thread_blocked, id=3612, stack(0x00000079ef000000,0x00000079ef100000)]

Other Threads:
=>0x000001f958af2bd0 VMThread "VM Thread" [stack: 0x00000079ee500000,0x00000079ee600000] [id=10624]
  0x000001f958a3d120 WatcherThread [stack: 0x00000079ef100000,0x00000079ef200000] [id=13936]
  0x000001f958a78410 GCTaskThread "GC Thread#0" [stack: 0x00000079ee000000,0x00000079ee100000] [id=8392]
  0x000001f974952530 GCTaskThread "GC Thread#1" [stack: 0x00000079ef200000,0x00000079ef300000] [id=19724]
  0x000001f974fd6cc0 GCTaskThread "GC Thread#2" [stack: 0x00000079ef300000,0x00000079ef400000] [id=10200]
  0x000001f974951150 GCTaskThread "GC Thread#3" [stack: 0x00000079ef400000,0x00000079ef500000] [id=17304]
  0x000001f958a83000 ConcurrentGCThread "G1 Main Marker" [stack: 0x00000079ee100000,0x00000079ee200000] [id=832]
  0x000001f958a83920 ConcurrentGCThread "G1 Conc#0" [stack: 0x00000079ee200000,0x00000079ee300000] [id=15268]
  0x000001f958ad2e80 ConcurrentGCThread "G1 Refine#0" [stack: 0x00000079ee300000,0x00000079ee400000] [id=7200]
  0x000001f974f8b8f0 ConcurrentGCThread "G1 Refine#1" [stack: 0x00000079ef500000,0x00000079ef600000] [id=18140]
  0x000001f973ce09e0 ConcurrentGCThread "G1 Refine#2" [stack: 0x00000079ede00000,0x00000079edf00000] [id=17576]
  0x000001f9748d1910 ConcurrentGCThread "G1 Refine#3" [stack: 0x00000079ef600000,0x00000079ef700000] [id=1872]
  0x000001f958ad4090 ConcurrentGCThread "G1 Service" [stack: 0x00000079ee400000,0x00000079ee500000] [id=12952]

Threads with active compile tasks:
C2 CompilerThread0    41575 1177 %     4       com.sun.org.apache.xerces.internal.dom.ElementImpl::normalize @ 24 (169 bytes)

VM state: at safepoint (normal execution)

VM Mutex/Monitor currently owned by a thread:  ([mutex/lock_event])
[0x000001f958a383b0] Threads_lock - owner thread: 0x000001f958af2bd0
[0x000001f958a37e10] Heap_lock - owner thread: 0x000001f958a3c170

Heap address: 0x00000000c1400000, size: 1004 MB, Compressed Oops mode: 32-bit

CDS archive(s) mapped at: [0x0000000800000000-0x0000000800bd0000-0x0000000800bd0000), size 12386304, SharedBaseAddress: 0x0000000800000000, ArchiveRelocationMode: 0.
Compressed class space mapped at: 0x0000000800c00000-0x0000000840c00000, reserved size: 1073741824
Narrow klass base: 0x0000000800000000, Narrow klass shift: 0, Narrow klass range: 0x100000000

GC Precious Log:
 CPUs: 4 total, 4 available
 Memory: 4013M
 Large Page Support: Disabled
 NUMA Support: Disabled
 Compressed Oops: Enabled (32-bit)
 Heap Region Size: 1M
 Heap Min Capacity: 8M
 Heap Initial Capacity: 64M
 Heap Max Capacity: 1004M
 Pre-touch: Disabled
 Parallel Workers: 4
 Concurrent Workers: 1
 Concurrent Refinement Workers: 4
 Periodic GC: Disabled

Heap:
 garbage-first heap   total 186368K, used 145408K [0x00000000c1400000, 0x0000000100000000)
  region size 1024K, 2 young (2048K), 2 survivors (2048K)
 Metaspace       used 3326K, committed 3456K, reserved 1056768K
  class space    used 270K, committed 320K, reserved 1048576K

Heap Regions: E=young(eden), S=young(survivor), O=old, HS=humongous(starts), HC=humongous(continues), CS=collection set, F=free, OA=open archive, CA=closed archive, TAMS=top-at-mark-start (previous, next)
|   0|0x00000000c1400000, 0x00000000c1500000, 0x00000000c1500000|100%|HS|  |TAMS 0x00000000c1500000, 0x00000000c1500000| Complete 
|   1|0x00000000c1500000, 0x00000000c1600000, 0x00000000c1600000|100%|HS|  |TAMS 0x00000000c1600000, 0x00000000c1600000| Complete 
|   2|0x00000000c1600000, 0x00000000c1700000, 0x00000000c1700000|100%|HC|  |TAMS 0x00000000c1700000, 0x00000000c1700000| Complete 
|   3|0x00000000c1700000, 0x00000000c1800000, 0x00000000c1800000|100%| O|  |TAMS 0x00000000c1800000, 0x00000000c1800000| Untracked 
|   4|0x00000000c1800000, 0x00000000c1900000, 0x00000000c1900000|100%| O|  |TAMS 0x00000000c1900000, 0x00000000c1900000| Untracked 
|   5|0x00000000c1900000, 0x00000000c1a00000, 0x00000000c1a00000|100%| O|  |TAMS 0x00000000c1a00000, 0x00000000c1a00000| Untracked 
|   6|0x00000000c1a00000, 0x00000000c1b00000, 0x00000000c1b00000|100%| O|  |TAMS 0x00000000c1b00000, 0x00000000c1b00000| Untracked 
|   7|0x00000000c1b00000, 0x00000000c1c00000, 0x00000000c1c00000|100%| O|  |TAMS 0x00000000c1c00000, 0x00000000c1c00000| Untracked 
|   8|0x00000000c1c00000, 0x00000000c1d00000, 0x00000000c1d00000|100%| O|  |TAMS 0x00000000c1d00000, 0x00000000c1d00000| Untracked 
|   9|0x00000000c1d00000, 0x00000000c1e00000, 0x00000000c1e00000|100%| O|  |TAMS 0x00000000c1e00000, 0x00000000c1e00000| Untracked 
|  10|0x00000000c1e00000, 0x00000000c1f00000, 0x00000000c1f00000|100%| O|  |TAMS 0x00000000c1f00000, 0x00000000c1f00000| Untracked 
|  11|0x00000000c1f00000, 0x00000000c2000000, 0x00000000c2000000|100%| O|  |TAMS 0x00000000c2000000, 0x00000000c2000000| Untracked 
|  12|0x00000000c2000000, 0x00000000c2100000, 0x00000000c2100000|100%| O|  |TAMS 0x00000000c2100000, 0x00000000c2100000| Untracked 
|  13|0x00000000c2100000, 0x00000000c2200000, 0x00000000c2200000|100%| O|  |TAMS 0x00000000c2200000, 0x00000000c2200000| Untracked 
|  14|0x00000000c2200000, 0x00000000c2300000, 0x00000000c2300000|100%| O|  |TAMS 0x00000000c2300000, 0x00000000c2300000| Untracked 
|  15|0x00000000c2300000, 0x00000000c2400000, 0x00000000c2400000|100%| O|  |TAMS 0x00000000c2400000, 0x00000000c2400000| Untracked 
|  16|0x00000000c2400000, 0x00000000c2500000, 0x00000000c2500000|100%| O|  |TAMS 0x00000000c2500000, 0x00000000c2500000| Untracked 
|  17|0x00000000c2500000, 0x00000000c2600000, 0x00000000c2600000|100%| O|  |TAMS 0x00000000c2600000, 0x00000000c2600000| Untracked 
|  18|0x00000000c2600000, 0x00000000c2700000, 0x00000000c2700000|100%| O|  |TAMS 0x00000000c2700000, 0x00000000c2700000| Untracked 
|  19|0x00000000c2700000, 0x00000000c2800000, 0x00000000c2800000|100%| O|  |TAMS 0x00000000c2800000, 0x00000000c2800000| Untracked 
|  20|0x00000000c2800000, 0x00000000c2900000, 0x00000000c2900000|100%| O|  |TAMS 0x00000000c2900000, 0x00000000c2900000| Untracked 
|  21|0x00000000c2900000, 0x00000000c2a00000, 0x00000000c2a00000|100%| O|  |TAMS 0x00000000c2a00000, 0x00000000c2a00000| Untracked 
|  22|0x00000000c2a00000, 0x00000000c2b00000, 0x00000000c2b00000|100%| O|  |TAMS 0x00000000c2b00000, 0x00000000c2b00000| Untracked 
|  23|0x00000000c2b00000, 0x00000000c2c00000, 0x00000000c2c00000|100%| O|  |TAMS 0x00000000c2c00000, 0x00000000c2c00000| Untracked 
|  24|0x00000000c2c00000, 0x00000000c2d00000, 0x00000000c2d00000|100%| O|  |TAMS 0x00000000c2d00000, 0x00000000c2d00000| Untracked 
|  25|0x00000000c2d00000, 0x00000000c2e00000, 0x00000000c2e00000|100%| O|  |TAMS 0x00000000c2e00000, 0x00000000c2e00000| Untracked 
|  26|0x00000000c2e00000, 0x00000000c2f00000, 0x00000000c2f00000|100%| O|  |TAMS 0x00000000c2f00000, 0x00000000c2f00000| Untracked 
|  27|0x00000000c2f00000, 0x00000000c3000000, 0x00000000c3000000|100%| O|  |TAMS 0x00000000c3000000, 0x00000000c3000000| Untracked 
|  28|0x00000000c3000000, 0x00000000c3100000, 0x00000000c3100000|100%| O|  |TAMS 0x00000000c3100000, 0x00000000c3100000| Untracked 
|  29|0x00000000c3100000, 0x00000000c3200000, 0x00000000c3200000|100%| O|  |TAMS 0x00000000c3200000, 0x00000000c3200000| Untracked 
|  30|0x00000000c3200000, 0x00000000c3300000, 0x00000000c3300000|100%| O|  |TAMS 0x00000000c3300000, 0x00000000c3300000| Untracked 
|  31|0x00000000c3300000, 0x00000000c3400000, 0x00000000c3400000|100%| O|  |TAMS 0x00000000c3400000, 0x00000000c3400000| Untracked 
|  32|0x00000000c3400000, 0x00000000c3500000, 0x00000000c3500000|100%| O|  |TAMS 0x00000000c3500000, 0x00000000c3500000| Untracked 
|  33|0x00000000c3500000, 0x00000000c3600000, 0x00000000c3600000|100%| O|  |TAMS 0x00000000c3600000, 0x00000000c3600000| Untracked 
|  34|0x00000000c3600000, 0x00000000c3700000, 0x00000000c3700000|100%| O|  |TAMS 0x00000000c3700000, 0x00000000c3700000| Untracked 
|  35|0x00000000c3700000, 0x00000000c3800000, 0x00000000c3800000|100%| O|  |TAMS 0x00000000c3800000, 0x00000000c3800000| Untracked 
|  36|0x00000000c3800000, 0x00000000c3900000, 0x00000000c3900000|100%| O|  |TAMS 0x00000000c3900000, 0x00000000c3900000| Untracked 
|  37|0x00000000c3900000, 0x00000000c3a00000, 0x00000000c3a00000|100%| O|  |TAMS 0x00000000c3a00000, 0x00000000c3a00000| Untracked 
|  38|0x00000000c3a00000, 0x00000000c3b00000, 0x00000000c3b00000|100%| O|  |TAMS 0x00000000c3b00000, 0x00000000c3b00000| Untracked 
|  39|0x00000000c3b00000, 0x00000000c3c00000, 0x00000000c3c00000|100%| O|  |TAMS 0x00000000c3c00000, 0x00000000c3c00000| Untracked 
|  40|0x00000000c3c00000, 0x00000000c3d00000, 0x00000000c3d00000|100%| O|  |TAMS 0x00000000c3d00000, 0x00000000c3d00000| Untracked 
|  41|0x00000000c3d00000, 0x00000000c3e00000, 0x00000000c3e00000|100%| O|  |TAMS 0x00000000c3e00000, 0x00000000c3e00000| Untracked 
|  42|0x00000000c3e00000, 0x00000000c3f00000, 0x00000000c3f00000|100%| O|  |TAMS 0x00000000c3f00000, 0x00000000c3f00000| Untracked 
|  43|0x00000000c3f00000, 0x00000000c4000000, 0x00000000c4000000|100%| O|  |TAMS 0x00000000c4000000, 0x00000000c4000000| Untracked 
|  44|0x00000000c4000000, 0x00000000c4100000, 0x00000000c4100000|100%| O|  |TAMS 0x00000000c4100000, 0x00000000c4100000| Untracked 
|  45|0x00000000c4100000, 0x00000000c4200000, 0x00000000c4200000|100%| O|  |TAMS 0x00000000c4200000, 0x00000000c4200000| Untracked 
|  46|0x00000000c4200000, 0x00000000c4300000, 0x00000000c4300000|100%| O|  |TAMS 0x00000000c4200000, 0x00000000c4200000| Untracked 
|  47|0x00000000c4300000, 0x00000000c4400000, 0x00000000c4400000|100%| O|  |TAMS 0x00000000c4400000, 0x00000000c4400000| Untracked 
|  48|0x00000000c4400000, 0x00000000c4500000, 0x00000000c4500000|100%| O|  |TAMS 0x00000000c4500000, 0x00000000c4500000| Untracked 
|  49|0x00000000c4500000, 0x00000000c4600000, 0x00000000c4600000|100%| O|  |TAMS 0x00000000c4600000, 0x00000000c4600000| Untracked 
|  50|0x00000000c4600000, 0x00000000c4700000, 0x00000000c4700000|100%| O|  |TAMS 0x00000000c4700000, 0x00000000c4700000| Untracked 
|  51|0x00000000c4700000, 0x00000000c4800000, 0x00000000c4800000|100%| O|  |TAMS 0x00000000c4800000, 0x00000000c4800000| Untracked 
|  52|0x00000000c4800000, 0x00000000c4900000, 0x00000000c4900000|100%| O|  |TAMS 0x00000000c4900000, 0x00000000c4900000| Untracked 
|  53|0x00000000c4900000, 0x00000000c4a00000, 0x00000000c4a00000|100%| O|  |TAMS 0x00000000c4a00000, 0x00000000c4a00000| Untracked 
|  54|0x00000000c4a00000, 0x00000000c4b00000, 0x00000000c4b00000|100%| O|  |TAMS 0x00000000c4b00000, 0x00000000c4b00000| Untracked 
|  55|0x00000000c4b00000, 0x00000000c4c00000, 0x00000000c4c00000|100%| O|  |TAMS 0x00000000c4c00000, 0x00000000c4c00000| Untracked 
|  56|0x00000000c4c00000, 0x00000000c4d00000, 0x00000000c4d00000|100%| O|  |TAMS 0x00000000c4d00000, 0x00000000c4d00000| Untracked 
|  57|0x00000000c4d00000, 0x00000000c4e00000, 0x00000000c4e00000|100%| O|  |TAMS 0x00000000c4e00000, 0x00000000c4e00000| Untracked 
|  58|0x00000000c4e00000, 0x00000000c4f00000, 0x00000000c4f00000|100%| O|  |TAMS 0x00000000c4f00000, 0x00000000c4f00000| Untracked 
|  59|0x00000000c4f00000, 0x00000000c5000000, 0x00000000c5000000|100%| O|  |TAMS 0x00000000c5000000, 0x00000000c5000000| Untracked 
|  60|0x00000000c5000000, 0x00000000c5100000, 0x00000000c5100000|100%| O|  |TAMS 0x00000000c5100000, 0x00000000c5100000| Untracked 
|  61|0x00000000c5100000, 0x00000000c5200000, 0x00000000c5200000|100%| O|  |TAMS 0x00000000c5200000, 0x00000000c5200000| Untracked 
|  62|0x00000000c5200000, 0x00000000c5300000, 0x00000000c5300000|100%| O|  |TAMS 0x00000000c5300000, 0x00000000c5300000| Untracked 
|  63|0x00000000c5300000, 0x00000000c5400000, 0x00000000c5400000|100%| O|  |TAMS 0x00000000c5400000, 0x00000000c5400000| Untracked 
|  64|0x00000000c5400000, 0x00000000c5500000, 0x00000000c5500000|100%| O|  |TAMS 0x00000000c5500000, 0x00000000c5500000| Untracked 
|  65|0x00000000c5500000, 0x00000000c5600000, 0x00000000c5600000|100%| O|  |TAMS 0x00000000c5600000, 0x00000000c5600000| Untracked 
|  66|0x00000000c5600000, 0x00000000c5700000, 0x00000000c5700000|100%| O|  |TAMS 0x00000000c5700000, 0x00000000c5700000| Untracked 
|  67|0x00000000c5700000, 0x00000000c5800000, 0x00000000c5800000|100%| O|  |TAMS 0x00000000c5800000, 0x00000000c5800000| Untracked 
|  68|0x00000000c5800000, 0x00000000c5900000, 0x00000000c5900000|100%| O|  |TAMS 0x00000000c5900000, 0x00000000c5900000| Untracked 
|  69|0x00000000c5900000, 0x00000000c5a00000, 0x00000000c5a00000|100%| O|  |TAMS 0x00000000c5a00000, 0x00000000c5a00000| Untracked 
|  70|0x00000000c5a00000, 0x00000000c5b00000, 0x00000000c5b00000|100%| O|  |TAMS 0x00000000c5b00000, 0x00000000c5b00000| Untracked 
|  71|0x00000000c5b00000, 0x00000000c5c00000, 0x00000000c5c00000|100%| O|  |TAMS 0x00000000c5c00000, 0x00000000c5c00000| Untracked 
|  72|0x00000000c5c00000, 0x00000000c5d00000, 0x00000000c5d00000|100%| O|  |TAMS 0x00000000c5d00000, 0x00000000c5d00000| Untracked 
|  73|0x00000000c5d00000, 0x00000000c5e00000, 0x00000000c5e00000|100%| O|  |TAMS 0x00000000c5e00000, 0x00000000c5e00000| Untracked 
|  74|0x00000000c5e00000, 0x00000000c5f00000, 0x00000000c5f00000|100%| O|  |TAMS 0x00000000c5e80000, 0x00000000c5f00000| Untracked 
|  75|0x00000000c5f00000, 0x00000000c6000000, 0x00000000c6000000|100%| O|  |TAMS 0x00000000c5f00000, 0x00000000c6000000| Untracked 
|  76|0x00000000c6000000, 0x00000000c6100000, 0x00000000c6100000|100%| O|  |TAMS 0x00000000c6000000, 0x00000000c6100000| Untracked 
|  77|0x00000000c6100000, 0x00000000c6200000, 0x00000000c6200000|100%| O|  |TAMS 0x00000000c6100000, 0x00000000c6200000| Untracked 
|  78|0x00000000c6200000, 0x00000000c6300000, 0x00000000c6300000|100%| O|  |TAMS 0x00000000c6200000, 0x00000000c6300000| Untracked 
|  79|0x00000000c6300000, 0x00000000c6400000, 0x00000000c6400000|100%| O|  |TAMS 0x00000000c6300000, 0x00000000c6400000| Untracked 
|  80|0x00000000c6400000, 0x00000000c6500000, 0x00000000c6500000|100%| O|  |TAMS 0x00000000c6400000, 0x00000000c6500000| Untracked 
|  81|0x00000000c6500000, 0x00000000c6600000, 0x00000000c6600000|100%| O|  |TAMS 0x00000000c6500000, 0x00000000c6600000| Untracked 
|  82|0x00000000c6600000, 0x00000000c6700000, 0x00000000c6700000|100%| O|  |TAMS 0x00000000c6600000, 0x00000000c6700000| Untracked 
|  83|0x00000000c6700000, 0x00000000c6800000, 0x00000000c6800000|100%| O|  |TAMS 0x00000000c6700000, 0x00000000c6800000| Untracked 
|  84|0x00000000c6800000, 0x00000000c6900000, 0x00000000c6900000|100%| O|  |TAMS 0x00000000c6800000, 0x00000000c6900000| Untracked 
|  85|0x00000000c6900000, 0x00000000c6a00000, 0x00000000c6a00000|100%| O|  |TAMS 0x00000000c6900000, 0x00000000c6a00000| Untracked 
|  86|0x00000000c6a00000, 0x00000000c6b00000, 0x00000000c6b00000|100%| O|  |TAMS 0x00000000c6a00000, 0x00000000c6b00000| Untracked 
|  87|0x00000000c6b00000, 0x00000000c6c00000, 0x00000000c6c00000|100%| O|  |TAMS 0x00000000c6b00000, 0x00000000c6c00000| Untracked 
|  88|0x00000000c6c00000, 0x00000000c6d00000, 0x00000000c6d00000|100%| O|  |TAMS 0x00000000c6c00000, 0x00000000c6d00000| Untracked 
|  89|0x00000000c6d00000, 0x00000000c6e00000, 0x00000000c6e00000|100%| O|  |TAMS 0x00000000c6d00000, 0x00000000c6e00000| Untracked 
|  90|0x00000000c6e00000, 0x00000000c6f00000, 0x00000000c6f00000|100%| O|  |TAMS 0x00000000c6e00000, 0x00000000c6f00000| Untracked 
|  91|0x00000000c6f00000, 0x00000000c7000000, 0x00000000c7000000|100%| O|  |TAMS 0x00000000c6f00000, 0x00000000c7000000| Untracked 
|  92|0x00000000c7000000, 0x00000000c7100000, 0x00000000c7100000|100%| O|  |TAMS 0x00000000c7000000, 0x00000000c7100000| Untracked 
|  93|0x00000000c7100000, 0x00000000c7200000, 0x00000000c7200000|100%| O|  |TAMS 0x00000000c7100000, 0x00000000c7200000| Untracked 
|  94|0x00000000c7200000, 0x00000000c7300000, 0x00000000c7300000|100%| O|  |TAMS 0x00000000c7200000, 0x00000000c7300000| Untracked 
|  95|0x00000000c7300000, 0x00000000c7400000, 0x00000000c7400000|100%| O|  |TAMS 0x00000000c7300000, 0x00000000c7400000| Untracked 
|  96|0x00000000c7400000, 0x00000000c7500000, 0x00000000c7500000|100%| O|  |TAMS 0x00000000c7400000, 0x00000000c7500000| Untracked 
|  97|0x00000000c7500000, 0x00000000c7600000, 0x00000000c7600000|100%| O|  |TAMS 0x00000000c7500000, 0x00000000c7600000| Untracked 
|  98|0x00000000c7600000, 0x00000000c7700000, 0x00000000c7700000|100%| O|  |TAMS 0x00000000c7600000, 0x00000000c7700000| Untracked 
|  99|0x00000000c7700000, 0x00000000c7800000, 0x00000000c7800000|100%| O|  |TAMS 0x00000000c7700000, 0x00000000c7800000| Untracked 
| 100|0x00000000c7800000, 0x00000000c7900000, 0x00000000c7900000|100%| O|  |TAMS 0x00000000c7800000, 0x00000000c7800000| Untracked 
| 101|0x00000000c7900000, 0x00000000c7a00000, 0x00000000c7a00000|100%| O|  |TAMS 0x00000000c7900000, 0x00000000c7900000| Untracked 
| 102|0x00000000c7a00000, 0x00000000c7b00000, 0x00000000c7b00000|100%| O|  |TAMS 0x00000000c7a00000, 0x00000000c7a00000| Untracked 
| 103|0x00000000c7b00000, 0x00000000c7c00000, 0x00000000c7c00000|100%| O|  |TAMS 0x00000000c7b00000, 0x00000000c7b00000| Untracked 
| 104|0x00000000c7c00000, 0x00000000c7d00000, 0x00000000c7d00000|100%| O|  |TAMS 0x00000000c7c00000, 0x00000000c7c00000| Untracked 
| 105|0x00000000c7d00000, 0x00000000c7e00000, 0x00000000c7e00000|100%| O|  |TAMS 0x00000000c7d00000, 0x00000000c7d00000| Untracked 
| 106|0x00000000c7e00000, 0x00000000c7f00000, 0x00000000c7f00000|100%| O|  |TAMS 0x00000000c7e00000, 0x00000000c7e00000| Untracked 
| 107|0x00000000c7f00000, 0x00000000c8000000, 0x00000000c8000000|100%| O|  |TAMS 0x00000000c7f00000, 0x00000000c7f00000| Untracked 
| 108|0x00000000c8000000, 0x00000000c8100000, 0x00000000c8100000|100%| O|  |TAMS 0x00000000c8000000, 0x00000000c8000000| Untracked 
| 109|0x00000000c8100000, 0x00000000c8200000, 0x00000000c8200000|100%| O|  |TAMS 0x00000000c8100000, 0x00000000c8100000| Untracked 
| 110|0x00000000c8200000, 0x00000000c8300000, 0x00000000c8300000|100%| O|  |TAMS 0x00000000c8200000, 0x00000000c8200000| Untracked 
| 111|0x00000000c8300000, 0x00000000c8400000, 0x00000000c8400000|100%| O|  |TAMS 0x00000000c8300000, 0x00000000c8300000| Untracked 
| 112|0x00000000c8400000, 0x00000000c8500000, 0x00000000c8500000|100%| O|  |TAMS 0x00000000c8400000, 0x00000000c8400000| Untracked 
| 113|0x00000000c8500000, 0x00000000c8600000, 0x00000000c8600000|100%| O|  |TAMS 0x00000000c8500000, 0x00000000c8500000| Untracked 
| 114|0x00000000c8600000, 0x00000000c8700000, 0x00000000c8700000|100%| O|  |TAMS 0x00000000c8600000, 0x00000000c8600000| Untracked 
| 115|0x00000000c8700000, 0x00000000c8800000, 0x00000000c8800000|100%| O|  |TAMS 0x00000000c8700000, 0x00000000c8700000| Untracked 
| 116|0x00000000c8800000, 0x00000000c8900000, 0x00000000c8900000|100%| O|  |TAMS 0x00000000c8800000, 0x00000000c8800000| Untracked 
| 117|0x00000000c8900000, 0x00000000c8a00000, 0x00000000c8a00000|100%| O|  |TAMS 0x00000000c8900000, 0x00000000c8900000| Untracked 
| 118|0x00000000c8a00000, 0x00000000c8b00000, 0x00000000c8b00000|100%| O|  |TAMS 0x00000000c8a00000, 0x00000000c8a00000| Untracked 
| 119|0x00000000c8b00000, 0x00000000c8c00000, 0x00000000c8c00000|100%| O|  |TAMS 0x00000000c8b00000, 0x00000000c8b00000| Untracked 
| 120|0x00000000c8c00000, 0x00000000c8d00000, 0x00000000c8d00000|100%| O|  |TAMS 0x00000000c8c00000, 0x00000000c8c00000| Untracked 
| 121|0x00000000c8d00000, 0x00000000c8e00000, 0x00000000c8e00000|100%| O|  |TAMS 0x00000000c8d00000, 0x00000000c8d00000| Untracked 
| 122|0x00000000c8e00000, 0x00000000c8f00000, 0x00000000c8f00000|100%| O|  |TAMS 0x00000000c8e00000, 0x00000000c8e00000| Untracked 
| 123|0x00000000c8f00000, 0x00000000c8f00000, 0x00000000c9000000|  0%| F|  |TAMS 0x00000000c8f00000, 0x00000000c8f00000| Untracked 
| 124|0x00000000c9000000, 0x00000000c9000000, 0x00000000c9100000|  0%| F|  |TAMS 0x00000000c9000000, 0x00000000c9000000| Untracked 
| 125|0x00000000c9100000, 0x00000000c9100000, 0x00000000c9200000|  0%| F|  |TAMS 0x00000000c9100000, 0x00000000c9100000| Untracked 
| 126|0x00000000c9200000, 0x00000000c9200000, 0x00000000c9300000|  0%| F|  |TAMS 0x00000000c9200000, 0x00000000c9200000| Untracked 
| 127|0x00000000c9300000, 0x00000000c9300000, 0x00000000c9400000|  0%| F|  |TAMS 0x00000000c9300000, 0x00000000c9300000| Untracked 
| 128|0x00000000c9400000, 0x00000000c9400000, 0x00000000c9500000|  0%| F|  |TAMS 0x00000000c9400000, 0x00000000c9400000| Untracked 
| 129|0x00000000c9500000, 0x00000000c9500000, 0x00000000c9600000|  0%| F|  |TAMS 0x00000000c9500000, 0x00000000c9500000| Untracked 
| 130|0x00000000c9600000, 0x00000000c9600000, 0x00000000c9700000|  0%| F|  |TAMS 0x00000000c9600000, 0x00000000c9600000| Untracked 
| 131|0x00000000c9700000, 0x00000000c9700000, 0x00000000c9800000|  0%| F|  |TAMS 0x00000000c9700000, 0x00000000c9700000| Untracked 
| 132|0x00000000c9800000, 0x00000000c9800000, 0x00000000c9900000|  0%| F|  |TAMS 0x00000000c9800000, 0x00000000c9800000| Untracked 
| 133|0x00000000c9900000, 0x00000000c9900000, 0x00000000c9a00000|  0%| F|  |TAMS 0x00000000c9900000, 0x00000000c9900000| Untracked 
| 134|0x00000000c9a00000, 0x00000000c9a00000, 0x00000000c9b00000|  0%| F|  |TAMS 0x00000000c9a00000, 0x00000000c9a00000| Untracked 
| 135|0x00000000c9b00000, 0x00000000c9b00000, 0x00000000c9c00000|  0%| F|  |TAMS 0x00000000c9b00000, 0x00000000c9b00000| Untracked 
| 136|0x00000000c9c00000, 0x00000000c9c00000, 0x00000000c9d00000|  0%| F|  |TAMS 0x00000000c9c00000, 0x00000000c9c00000| Untracked 
| 137|0x00000000c9d00000, 0x00000000c9d00000, 0x00000000c9e00000|  0%| F|  |TAMS 0x00000000c9d00000, 0x00000000c9d00000| Untracked 
| 138|0x00000000c9e00000, 0x00000000c9e00000, 0x00000000c9f00000|  0%| F|  |TAMS 0x00000000c9e00000, 0x00000000c9e00000| Untracked 
| 139|0x00000000c9f00000, 0x00000000c9f00000, 0x00000000ca000000|  0%| F|  |TAMS 0x00000000c9f00000, 0x00000000c9f00000| Untracked 
| 140|0x00000000ca000000, 0x00000000ca000000, 0x00000000ca100000|  0%| F|  |TAMS 0x00000000ca000000, 0x00000000ca000000| Untracked 
| 141|0x00000000ca100000, 0x00000000ca100000, 0x00000000ca200000|  0%| F|  |TAMS 0x00000000ca100000, 0x00000000ca100000| Untracked 
| 142|0x00000000ca200000, 0x00000000ca200000, 0x00000000ca300000|  0%| F|  |TAMS 0x00000000ca200000, 0x00000000ca200000| Untracked 
| 143|0x00000000ca300000, 0x00000000ca300000, 0x00000000ca400000|  0%| F|  |TAMS 0x00000000ca300000, 0x00000000ca300000| Untracked 
| 144|0x00000000ca400000, 0x00000000ca400000, 0x00000000ca500000|  0%| F|  |TAMS 0x00000000ca400000, 0x00000000ca400000| Untracked 
| 145|0x00000000ca500000, 0x00000000ca500000, 0x00000000ca600000|  0%| F|  |TAMS 0x00000000ca500000, 0x00000000ca500000| Untracked 
| 146|0x00000000ca600000, 0x00000000ca600000, 0x00000000ca700000|  0%| F|  |TAMS 0x00000000ca600000, 0x00000000ca600000| Untracked 
| 147|0x00000000ca700000, 0x00000000ca700000, 0x00000000ca800000|  0%| F|  |TAMS 0x00000000ca700000, 0x00000000ca700000| Untracked 
| 148|0x00000000ca800000, 0x00000000ca800000, 0x00000000ca900000|  0%| F|  |TAMS 0x00000000ca800000, 0x00000000ca800000| Untracked 
| 149|0x00000000ca900000, 0x00000000ca900000, 0x00000000caa00000|  0%| F|  |TAMS 0x00000000ca900000, 0x00000000ca900000| Untracked 
| 150|0x00000000caa00000, 0x00000000caa00000, 0x00000000cab00000|  0%| F|  |TAMS 0x00000000caa00000, 0x00000000caa00000| Untracked 
| 151|0x00000000cab00000, 0x00000000cab00000, 0x00000000cac00000|  0%| F|  |TAMS 0x00000000cab00000, 0x00000000cab00000| Untracked 
| 152|0x00000000cac00000, 0x00000000cac00000, 0x00000000cad00000|  0%| F|  |TAMS 0x00000000cac00000, 0x00000000cac00000| Untracked 
| 153|0x00000000cad00000, 0x00000000cad00000, 0x00000000cae00000|  0%| F|  |TAMS 0x00000000cad00000, 0x00000000cad00000| Untracked 
| 154|0x00000000cae00000, 0x00000000caf00000, 0x00000000caf00000|100%| S|CS|TAMS 0x00000000cae00000, 0x00000000cae00000| Complete 
| 155|0x00000000caf00000, 0x00000000cb000000, 0x00000000cb000000|100%| S|CS|TAMS 0x00000000caf00000, 0x00000000caf00000| Complete 
| 156|0x00000000cb000000, 0x00000000cb000000, 0x00000000cb100000|  0%| F|  |TAMS 0x00000000cb000000, 0x00000000cb000000| Untracked 
| 157|0x00000000cb100000, 0x00000000cb100000, 0x00000000cb200000|  0%| F|  |TAMS 0x00000000cb100000, 0x00000000cb100000| Untracked 
| 158|0x00000000cb200000, 0x00000000cb200000, 0x00000000cb300000|  0%| F|  |TAMS 0x00000000cb200000, 0x00000000cb200000| Untracked 
| 159|0x00000000cb300000, 0x00000000cb300000, 0x00000000cb400000|  0%| F|  |TAMS 0x00000000cb300000, 0x00000000cb300000| Untracked 
| 160|0x00000000cb400000, 0x00000000cb400000, 0x00000000cb500000|  0%| F|  |TAMS 0x00000000cb400000, 0x00000000cb400000| Untracked 
| 161|0x00000000cb500000, 0x00000000cb500000, 0x00000000cb600000|  0%| F|  |TAMS 0x00000000cb500000, 0x00000000cb500000| Untracked 
| 162|0x00000000cb600000, 0x00000000cb600000, 0x00000000cb700000|  0%| F|  |TAMS 0x00000000cb600000, 0x00000000cb600000| Untracked 
| 163|0x00000000cb700000, 0x00000000cb700000, 0x00000000cb800000|  0%| F|  |TAMS 0x00000000cb700000, 0x00000000cb700000| Untracked 
| 164|0x00000000cb800000, 0x00000000cb800000, 0x00000000cb900000|  0%| F|  |TAMS 0x00000000cb800000, 0x00000000cb800000| Untracked 
| 987|0x00000000fef00000, 0x00000000ff000000, 0x00000000ff000000|100%| O|  |TAMS 0x00000000ff000000, 0x00000000ff000000| Untracked 
| 988|0x00000000ff000000, 0x00000000ff100000, 0x00000000ff100000|100%| O|  |TAMS 0x00000000ff100000, 0x00000000ff100000| Untracked 
| 989|0x00000000ff100000, 0x00000000ff200000, 0x00000000ff200000|100%| O|  |TAMS 0x00000000ff200000, 0x00000000ff200000| Untracked 
| 990|0x00000000ff200000, 0x00000000ff300000, 0x00000000ff300000|100%| O|  |TAMS 0x00000000ff300000, 0x00000000ff300000| Untracked 
| 991|0x00000000ff300000, 0x00000000ff400000, 0x00000000ff400000|100%| O|  |TAMS 0x00000000ff400000, 0x00000000ff400000| Untracked 
| 992|0x00000000ff400000, 0x00000000ff500000, 0x00000000ff500000|100%| O|  |TAMS 0x00000000ff500000, 0x00000000ff500000| Untracked 
| 993|0x00000000ff500000, 0x00000000ff600000, 0x00000000ff600000|100%| O|  |TAMS 0x00000000ff600000, 0x00000000ff600000| Untracked 
| 994|0x00000000ff600000, 0x00000000ff700000, 0x00000000ff700000|100%| O|  |TAMS 0x00000000ff700000, 0x00000000ff700000| Untracked 
| 995|0x00000000ff700000, 0x00000000ff800000, 0x00000000ff800000|100%| O|  |TAMS 0x00000000ff800000, 0x00000000ff800000| Untracked 
| 996|0x00000000ff800000, 0x00000000ff900000, 0x00000000ff900000|100%| O|  |TAMS 0x00000000ff900000, 0x00000000ff900000| Untracked 
| 997|0x00000000ff900000, 0x00000000ffa00000, 0x00000000ffa00000|100%| O|  |TAMS 0x00000000ffa00000, 0x00000000ffa00000| Untracked 
| 998|0x00000000ffa00000, 0x00000000ffb00000, 0x00000000ffb00000|100%| O|  |TAMS 0x00000000ffb00000, 0x00000000ffb00000| Untracked 
| 999|0x00000000ffb00000, 0x00000000ffc00000, 0x00000000ffc00000|100%| O|  |TAMS 0x00000000ffc00000, 0x00000000ffc00000| Untracked 
|1000|0x00000000ffc00000, 0x00000000ffd00000, 0x00000000ffd00000|100%| O|  |TAMS 0x00000000ffd00000, 0x00000000ffd00000| Untracked 
|1001|0x00000000ffd00000, 0x00000000ffe00000, 0x00000000ffe00000|100%| O|  |TAMS 0x00000000ffe00000, 0x00000000ffe00000| Untracked 
|1002|0x00000000ffe00000, 0x00000000fff00000, 0x00000000fff00000|100%| O|  |TAMS 0x00000000fff00000, 0x00000000fff00000| Untracked 
|1003|0x00000000fff00000, 0x0000000100000000, 0x0000000100000000|100%| O|  |TAMS 0x0000000100000000, 0x0000000100000000| Untracked 

Card table byte_map: [0x000001f96f4c0000,0x000001f96f6c0000] _byte_map_base: 0x000001f96eeb6000

Marking Bits (Prev, Next): (CMBitMap*) 0x000001f958a7a990, (CMBitMap*) 0x000001f958a7a950
 Prev Bits: [0x000001f970870000, 0x000001f971820000)
 Next Bits: [0x000001f96f8c0000, 0x000001f970870000)

Polling page: 0x000001f956bd0000

Metaspace:

Usage:
  Non-class:      2.98 MB used.
      Class:    270.50 KB used.
       Both:      3.25 MB used.

Virtual space:
  Non-class space:        8.00 MB reserved,       3.06 MB ( 38%) committed,  1 nodes.
      Class space:        1.00 GB reserved,     320.00 KB ( <1%) committed,  1 nodes.
             Both:        1.01 GB reserved,       3.38 MB ( <1%) committed. 

Chunk freelists:
   Non-Class:  3.90 MB
       Class:  3.72 MB
        Both:  7.62 MB

MaxMetaspaceSize: unlimited
CompressedClassSpaceSize: 1.00 GB
Initial GC threshold: 21.00 MB
Current GC threshold: 21.00 MB
CDS: on
MetaspaceReclaimPolicy: balanced
 - commit_granule_bytes: 65536.
 - commit_granule_words: 8192.
 - virtual_space_node_default_size: 1048576.
 - enlarge_chunks_in_place: 1.
 - new_chunks_are_fully_committed: 0.
 - uncommit_free_chunks: 1.
 - use_allocation_guard: 0.
 - handle_deallocations: 1.


Internal statistics:

num_allocs_failed_limit: 0.
num_arena_births: 44.
num_arena_deaths: 0.
num_vsnodes_births: 2.
num_vsnodes_deaths: 0.
num_space_committed: 54.
num_space_uncommitted: 0.
num_chunks_returned_to_freelist: 0.
num_chunks_taken_from_freelist: 54.
num_chunk_merges: 0.
num_chunk_splits: 37.
num_chunks_enlarged: 22.
num_purges: 0.
num_inconsistent_stats: 0.

CodeHeap 'non-profiled nmethods': size=120000Kb used=741Kb max_used=741Kb free=119258Kb
 bounds [0x000001f967d90000, 0x000001f968000000, 0x000001f96f2c0000]
CodeHeap 'profiled nmethods': size=120000Kb used=2437Kb max_used=2437Kb free=117562Kb
 bounds [0x000001f9602c0000, 0x000001f960530000, 0x000001f9677f0000]
CodeHeap 'non-nmethods': size=5760Kb used=1149Kb max_used=1189Kb free=4611Kb
 bounds [0x000001f9677f0000, 0x000001f967a60000, 0x000001f967d90000]
 total_blobs=1606 nmethods=1166 adapters=353
 compilation: enabled
              stopped_count=0, restarted_count=0
 full_count=0

Compilation events (20 events):
Event: 35.682 Thread 0x000001f973c91d10 1153       3       com.sun.org.apache.xerces.internal.dom.DeferredDocumentImpl::getNodeExtra (49 bytes)
Event: 35.682 Thread 0x000001f973c91d10 nmethod 1153 0x000001f960520690 code [0x000001f960520860, 0x000001f960520b88]
Event: 35.682 Thread 0x000001f973c91d10 1154       3       com.sun.org.apache.xerces.internal.dom.NodeImpl::isIgnorableWhitespace (27 bytes)
Event: 35.683 Thread 0x000001f973c91d10 nmethod 1154 0x000001f960520d10 code [0x000001f960520ea0, 0x000001f960521018]
Event: 35.683 Thread 0x000001f973c790a0 nmethod 1132 0x000001f967e40810 code [0x000001f967e409a0, 0x000001f967e40d18]
Event: 35.683 Thread 0x000001f973c790a0 1155       4       com.sun.org.apache.xerces.internal.dom.NodeImpl::needsSyncData (26 bytes)
Event: 35.684 Thread 0x000001f973c790a0 nmethod 1155 0x000001f967e41110 code [0x000001f967e41280, 0x000001f967e41318]
Event: 35.684 Thread 0x000001f973c790a0 1164       4       com.sun.org.apache.xerces.internal.dom.DeferredDocumentImpl::getPrevSibling (106 bytes)
Event: 35.688 Thread 0x000001f973c790a0 nmethod 1164 0x000001f967e41410 code [0x000001f967e415a0, 0x000001f967e41918]
Event: 35.688 Thread 0x000001f973c790a0 1167       4       com.sun.org.apache.xerces.internal.dom.DeferredDocumentImpl::getNodeValueString (435 bytes)
Event: 35.711 Thread 0x000001f973c790a0 nmethod 1167 0x000001f967e41d10 code [0x000001f967e41fc0, 0x000001f967e436f0]
Event: 35.711 Thread 0x000001f973c790a0 1170       4       com.sun.org.apache.xerces.internal.dom.DeferredDocumentImpl::synchronizeChildren (127 bytes)
Event: 35.724 Thread 0x000001f973c91d10 1176       2       com.sun.org.apache.xerces.internal.dom.DeferredDocumentImpl::getChunkValue (19 bytes)
Event: 35.724 Thread 0x000001f973c91d10 nmethod 1176 0x000001f960521090 code [0x000001f960521240, 0x000001f960521418]
Event: 35.730 Thread 0x000001f973c790a0 nmethod 1170 0x000001f967e44790 code [0x000001f967e44960, 0x000001f967e457c8]
Event: 35.730 Thread 0x000001f973c790a0 1171       4       com.sun.org.apache.xerces.internal.dom.ElementImpl::normalize (169 bytes)
Event: 35.777 Thread 0x000001f973c790a0 nmethod 1171 0x000001f967e46090 code [0x000001f967e46360, 0x000001f967e47ac0]
Event: 35.778 Thread 0x000001f973c790a0 1163       4       com.sun.org.apache.xerces.internal.dom.CharacterDataImpl::getNodeValue (16 bytes)
Event: 35.781 Thread 0x000001f973c790a0 nmethod 1163 0x000001f967e48d10 code [0x000001f967e48ec0, 0x000001f967e492e8]
Event: 35.781 Thread 0x000001f973c790a0 1177 %     4       com.sun.org.apache.xerces.internal.dom.ElementImpl::normalize @ 24 (169 bytes)

GC Heap History (20 events):
Event: 15.982 GC heap after
{Heap after GC invocations=5 (full 0):
 garbage-first heap   total 118784K, used 52996K [0x00000000c1400000, 0x0000000100000000)
  region size 1024K, 1 young (1024K), 1 survivors (1024K)
 Metaspace       used 1828K, committed 1984K, reserved 1056768K
  class space    used 136K, committed 192K, reserved 1048576K
}
Event: 33.344 GC heap before
{Heap before GC invocations=5 (full 0):
 garbage-first heap   total 118784K, used 97028K [0x00000000c1400000, 0x0000000100000000)
  region size 1024K, 44 young (45056K), 1 survivors (1024K)
 Metaspace       used 3257K, committed 3392K, reserved 1056768K
  class space    used 261K, committed 320K, reserved 1048576K
}
Event: 33.398 GC heap after
{Heap after GC invocations=6 (full 0):
 garbage-first heap   total 136192K, used 90187K [0x00000000c1400000, 0x0000000100000000)
  region size 1024K, 6 young (6144K), 6 survivors (6144K)
 Metaspace       used 3257K, committed 3392K, reserved 1056768K
  class space    used 261K, committed 320K, reserved 1048576K
}
Event: 33.669 GC heap before
{Heap before GC invocations=6 (full 0):
 garbage-first heap   total 136192K, used 102475K [0x00000000c1400000, 0x0000000100000000)
  region size 1024K, 18 young (18432K), 6 survivors (6144K)
 Metaspace       used 3257K, committed 3392K, reserved 1056768K
  class space    used 261K, committed 320K, reserved 1048576K
}
Event: 33.682 GC heap after
{Heap after GC invocations=7 (full 0):
 garbage-first heap   total 136192K, used 102912K [0x00000000c1400000, 0x0000000100000000)
  region size 1024K, 3 young (3072K), 3 survivors (3072K)
 Metaspace       used 3257K, committed 3392K, reserved 1056768K
  class space    used 261K, committed 320K, reserved 1048576K
}
Event: 33.834 GC heap before
{Heap before GC invocations=8 (full 0):
 garbage-first heap   total 136192K, used 66048K [0x00000000c1400000, 0x0000000100000000)
  region size 1024K, 8 young (8192K), 3 survivors (3072K)
 Metaspace       used 3257K, committed 3392K, reserved 1056768K
  class space    used 261K, committed 320K, reserved 1048576K
}
Event: 33.839 GC heap after
{Heap after GC invocations=9 (full 0):
 garbage-first heap   total 136192K, used 66560K [0x00000000c1400000, 0x0000000100000000)
  region size 1024K, 1 young (1024K), 1 survivors (1024K)
 Metaspace       used 3257K, committed 3392K, reserved 1056768K
  class space    used 261K, committed 320K, reserved 1048576K
}
Event: 34.294 GC heap before
{Heap before GC invocations=9 (full 0):
 garbage-first heap   total 136192K, used 83968K [0x00000000c1400000, 0x0000000100000000)
  region size 1024K, 18 young (18432K), 1 survivors (1024K)
 Metaspace       used 3257K, committed 3392K, reserved 1056768K
  class space    used 261K, committed 320K, reserved 1048576K
}
Event: 34.307 GC heap after
{Heap after GC invocations=10 (full 0):
 garbage-first heap   total 136192K, used 83968K [0x00000000c1400000, 0x0000000100000000)
  region size 1024K, 3 young (3072K), 3 survivors (3072K)
 Metaspace       used 3257K, committed 3392K, reserved 1056768K
  class space    used 261K, committed 320K, reserved 1048576K
}
Event: 34.651 GC heap before
{Heap before GC invocations=11 (full 0):
 garbage-first heap   total 148480K, used 95232K [0x00000000c1400000, 0x0000000100000000)
  region size 1024K, 14 young (14336K), 3 survivors (3072K)
 Metaspace       used 3257K, committed 3392K, reserved 1056768K
  class space    used 261K, committed 320K, reserved 1048576K
}
Event: 34.663 GC heap after
{Heap after GC invocations=12 (full 0):
 garbage-first heap   total 148480K, used 95744K [0x00000000c1400000, 0x0000000100000000)
  region size 1024K, 2 young (2048K), 2 survivors (2048K)
 Metaspace       used 3257K, committed 3392K, reserved 1056768K
  class space    used 261K, committed 320K, reserved 1048576K
}
Event: 34.948 GC heap before
{Heap before GC invocations=12 (full 0):
 garbage-first heap   total 148480K, used 105984K [0x00000000c1400000, 0x0000000100000000)
  region size 1024K, 12 young (12288K), 2 survivors (2048K)
 Metaspace       used 3257K, committed 3392K, reserved 1056768K
  class space    used 261K, committed 320K, reserved 1048576K
}
Event: 34.955 GC heap after
{Heap after GC invocations=13 (full 0):
 garbage-first heap   total 148480K, used 105984K [0x00000000c1400000, 0x0000000100000000)
  region size 1024K, 2 young (2048K), 2 survivors (2048K)
 Metaspace       used 3257K, committed 3392K, reserved 1056768K
  class space    used 261K, committed 320K, reserved 1048576K
}
Event: 35.128 GC heap before
{Heap before GC invocations=14 (full 0):
 garbage-first heap   total 186368K, used 113152K [0x00000000c1400000, 0x0000000100000000)
  region size 1024K, 9 young (9216K), 2 survivors (2048K)
 Metaspace       used 3257K, committed 3392K, reserved 1056768K
  class space    used 261K, committed 320K, reserved 1048576K
}
Event: 35.134 GC heap after
{Heap after GC invocations=15 (full 0):
 garbage-first heap   total 186368K, used 114176K [0x00000000c1400000, 0x0000000100000000)
  region size 1024K, 2 young (2048K), 2 survivors (2048K)
 Metaspace       used 3257K, committed 3392K, reserved 1056768K
  class space    used 261K, committed 320K, reserved 1048576K
}
Event: 35.662 GC heap before
{Heap before GC invocations=15 (full 0):
 garbage-first heap   total 186368K, used 121344K [0x00000000c1400000, 0x0000000100000000)
  region size 1024K, 9 young (9216K), 2 survivors (2048K)
 Metaspace       used 3304K, committed 3456K, reserved 1056768K
  class space    used 270K, committed 320K, reserved 1048576K
}
Event: 35.667 GC heap after
{Heap after GC invocations=16 (full 0):
 garbage-first heap   total 186368K, used 120832K [0x00000000c1400000, 0x0000000100000000)
  region size 1024K, 2 young (2048K), 2 survivors (2048K)
 Metaspace       used 3304K, committed 3456K, reserved 1056768K
  class space    used 270K, committed 320K, reserved 1048576K
}
Event: 35.730 GC heap before
{Heap before GC invocations=16 (full 0):
 garbage-first heap   total 186368K, used 134144K [0x00000000c1400000, 0x0000000100000000)
  region size 1024K, 15 young (15360K), 2 survivors (2048K)
 Metaspace       used 3326K, committed 3456K, reserved 1056768K
  class space    used 270K, committed 320K, reserved 1048576K
}
Event: 35.743 GC heap after
{Heap after GC invocations=17 (full 0):
 garbage-first heap   total 186368K, used 134872K [0x00000000c1400000, 0x0000000100000000)
  region size 1024K, 2 young (2048K), 2 survivors (2048K)
 Metaspace       used 3326K, committed 3456K, reserved 1056768K
  class space    used 270K, committed 320K, reserved 1048576K
}
Event: 35.783 GC heap before
{Heap before GC invocations=17 (full 0):
 garbage-first heap   total 186368K, used 144088K [0x00000000c1400000, 0x0000000100000000)
  region size 1024K, 11 young (11264K), 2 survivors (2048K)
 Metaspace       used 3326K, committed 3456K, reserved 1056768K
  class space    used 270K, committed 320K, reserved 1048576K
}

Deoptimization events (20 events):
Event: 35.311 Thread 0x000001f958a3c170 Uncommon trap: trap_request=0xffffff45 fr.pc=0x000001f967dffc7c relative=0x00000000000000dc
Event: 35.311 Thread 0x000001f958a3c170 Uncommon trap: reason=unstable_if action=reinterpret pc=0x000001f967dffc7c method=com.sun.org.apache.xerces.internal.util.XMLChar.isSpace(I)Z @ 3 c2
Event: 35.311 Thread 0x000001f958a3c170 DEOPT PACKING pc=0x000001f967dffc7c sp=0x00000079edffebd0
Event: 35.311 Thread 0x000001f958a3c170 DEOPT UNPACKING pc=0x000001f9678423a3 sp=0x00000079edffeaf8 mode 2
Event: 35.311 Thread 0x000001f958a3c170 Uncommon trap: trap_request=0xffffff45 fr.pc=0x000001f967e285d0 relative=0x0000000000000790
Event: 35.311 Thread 0x000001f958a3c170 Uncommon trap: reason=unstable_if action=reinterpret pc=0x000001f967e285d0 method=sun.net.www.http.ChunkedInputStream.read([BII)I @ 116 c2
Event: 35.311 Thread 0x000001f958a3c170 DEOPT PACKING pc=0x000001f967e285d0 sp=0x00000079edffe930
Event: 35.311 Thread 0x000001f958a3c170 DEOPT UNPACKING pc=0x000001f9678423a3 sp=0x00000079edffe910 mode 2
Event: 35.311 Thread 0x000001f958a3c170 Uncommon trap: trap_request=0xffffff45 fr.pc=0x000001f967e22fdc relative=0x0000000000000d9c
Event: 35.311 Thread 0x000001f958a3c170 Uncommon trap: reason=unstable_if action=reinterpret pc=0x000001f967e22fdc method=com.sun.org.apache.xerces.internal.impl.io.UTF8Reader.read([CII)I @ 75 c2
Event: 35.311 Thread 0x000001f958a3c170 DEOPT PACKING pc=0x000001f967e22fdc sp=0x00000079edffea30
Event: 35.311 Thread 0x000001f958a3c170 DEOPT UNPACKING pc=0x000001f9678423a3 sp=0x00000079edffe990 mode 2
Event: 35.311 Thread 0x000001f958a3c170 Uncommon trap: trap_request=0xffffff45 fr.pc=0x000001f967e3a6d8 relative=0x0000000000000578
Event: 35.311 Thread 0x000001f958a3c170 Uncommon trap: reason=unstable_if action=reinterpret pc=0x000001f967e3a6d8 method=com.sun.org.apache.xerces.internal.impl.XMLEntityScanner.load(IZZ)Z @ 92 c2
Event: 35.311 Thread 0x000001f958a3c170 DEOPT PACKING pc=0x000001f967e3a6d8 sp=0x00000079edffead0
Event: 35.311 Thread 0x000001f958a3c170 DEOPT UNPACKING pc=0x000001f9678423a3 sp=0x00000079edffeac0 mode 2
Event: 35.677 Thread 0x000001f958a3c170 Uncommon trap: trap_request=0xffffff45 fr.pc=0x000001f967e3fcc4 relative=0x0000000000000284
Event: 35.677 Thread 0x000001f958a3c170 Uncommon trap: reason=unstable_if action=reinterpret pc=0x000001f967e3fcc4 method=com.sun.org.apache.xerces.internal.dom.DeferredDocumentImpl.getPrevSibling(IZ)I @ 52 c2
Event: 35.677 Thread 0x000001f958a3c170 DEOPT PACKING pc=0x000001f967e3fcc4 sp=0x00000079edffebe0
Event: 35.678 Thread 0x000001f958a3c170 DEOPT UNPACKING pc=0x000001f9678423a3 sp=0x00000079edffeb58 mode 2

Classes unloaded (0 events):
No events

Classes redefined (0 events):
No events

Internal exceptions (7 events):
Event: 0.660 Thread 0x000001f958a3c170 Exception <a 'java/lang/NoSuchMethodError'{0x00000000c510ab08}: 'void java.lang.invoke.DirectMethodHandle$Holder.invokeSpecial(java.lang.Object, java.lang.Object, java.lang.Object)'> (0x00000000c510ab08) 
thrown [s\open\src\hotspot\share\interpreter\linkResolver.cpp, line 759]
Event: 0.672 Thread 0x000001f958a3c170 Exception <a 'java/lang/NoSuchMethodError'{0x00000000c511e718}: 'void java.lang.invoke.DirectMethodHandle$Holder.invokeSpecial(java.lang.Object, java.lang.Object, java.lang.Object, java.lang.Object, java.lang.Object)'> (0x00000000c511e718) 
thrown [s\open\src\hotspot\share\interpreter\linkResolver.cpp, line 759]
Event: 0.682 Thread 0x000001f958a3c170 Exception <a 'java/lang/NoSuchMethodError'{0x00000000c512f8f8}: 'java.lang.Object java.lang.invoke.DirectMethodHandle$Holder.invokeInterface(java.lang.Object, java.lang.Object)'> (0x00000000c512f8f8) 
thrown [s\open\src\hotspot\share\interpreter\linkResolver.cpp, line 759]
Event: 0.683 Thread 0x000001f958a3c170 Exception <a 'java/lang/IncompatibleClassChangeError'{0x00000000c5132f70}: Found class java.lang.Object, but interface was expected> (0x00000000c5132f70) 
thrown [s\open\src\hotspot\share\interpreter\linkResolver.cpp, line 826]
Event: 0.684 Thread 0x000001f958a3c170 Exception <a 'java/lang/NoSuchMethodError'{0x00000000c5135d38}: 'void java.lang.invoke.DirectMethodHandle$Holder.invokeStatic(java.lang.Object, java.lang.Object, java.lang.Object, java.lang.Object)'> (0x00000000c5135d38) 
thrown [s\open\src\hotspot\share\interpreter\linkResolver.cpp, line 759]
Event: 3.518 Thread 0x000001f958a3c170 Exception <a 'java/lang/NoSuchMethodError'{0x00000000c48191c8}: 'java.lang.Object java.lang.invoke.DirectMethodHandle$Holder.invokeStaticInit(java.lang.Object)'> (0x00000000c48191c8) 
thrown [s\open\src\hotspot\share\interpreter\linkResolver.cpp, line 759]
Event: 3.576 Thread 0x000001f958a3c170 Exception <a 'java/lang/NoSuchMethodError'{0x00000000c482f590}: 'void java.lang.invoke.DirectMethodHandle$Holder.invokeStatic(java.lang.Object, java.lang.Object)'> (0x00000000c482f590) 
thrown [s\open\src\hotspot\share\interpreter\linkResolver.cpp, line 759]

VM Operations (20 events):
Event: 34.470 Executing VM operation: G1Concurrent done
Event: 34.651 Executing VM operation: G1CollectForAllocation
Event: 34.663 Executing VM operation: G1CollectForAllocation done
Event: 34.948 Executing VM operation: G1CollectForAllocation
Event: 34.955 Executing VM operation: G1CollectForAllocation done
Event: 35.062 Executing VM operation: G1Concurrent
Event: 35.064 Executing VM operation: G1Concurrent done
Event: 35.113 Executing VM operation: G1Concurrent
Event: 35.113 Executing VM operation: G1Concurrent done
Event: 35.128 Executing VM operation: G1CollectForAllocation
Event: 35.134 Executing VM operation: G1CollectForAllocation done
Event: 35.444 Executing VM operation: HandshakeAllThreads
Event: 35.444 Executing VM operation: HandshakeAllThreads done
Event: 35.444 Executing VM operation: HandshakeAllThreads
Event: 35.444 Executing VM operation: HandshakeAllThreads done
Event: 35.662 Executing VM operation: G1CollectForAllocation
Event: 35.667 Executing VM operation: G1CollectForAllocation done
Event: 35.730 Executing VM operation: G1CollectForAllocation
Event: 35.743 Executing VM operation: G1CollectForAllocation done
Event: 35.783 Executing VM operation: G1CollectForAllocation

Events (20 events):
Event: 29.524 loading class com/sun/org/apache/xerces/internal/impl/Constants$ArrayEnumeration
Event: 29.524 loading class com/sun/org/apache/xerces/internal/impl/Constants$ArrayEnumeration done
Event: 35.311 loading class com/sun/org/apache/xerces/internal/impl/io/MalformedByteSequenceException
Event: 35.350 loading class java/io/CharConversionException
Event: 35.391 loading class java/io/CharConversionException done
Event: 35.391 loading class com/sun/org/apache/xerces/internal/impl/io/MalformedByteSequenceException done
Event: 35.391 loading class com/sun/org/apache/xerces/internal/dom/DeferredElementImpl
Event: 35.444 loading class com/sun/org/apache/xerces/internal/dom/DeferredElementImpl done
Event: 35.444 loading class com/sun/org/apache/xerces/internal/dom/DeferredTextImpl
Event: 35.486 loading class com/sun/org/apache/xerces/internal/dom/TextImpl
Event: 35.530 loading class org/w3c/dom/CharacterData
Event: 35.576 loading class org/w3c/dom/CharacterData done
Event: 35.576 loading class org/w3c/dom/Text
Event: 35.576 loading class org/w3c/dom/Text done
Event: 35.576 loading class com/sun/org/apache/xerces/internal/dom/CharacterDataImpl
Event: 35.619 loading class com/sun/org/apache/xerces/internal/dom/CharacterDataImpl done
Event: 35.619 loading class com/sun/org/apache/xerces/internal/dom/TextImpl done
Event: 35.619 loading class com/sun/org/apache/xerces/internal/dom/DeferredTextImpl done
Event: 35.619 loading class com/sun/org/apache/xerces/internal/dom/CharacterDataImpl$1
Event: 35.661 loading class com/sun/org/apache/xerces/internal/dom/CharacterDataImpl$1 done


Dynamic libraries:
0x00007ff632890000 - 0x00007ff6328a0000 	C:\Program Files\Java\jdk-17\bin\javaw.exe
0x00007ffe8e6f0000 - 0x00007ffe8e8e8000 	C:\WINDOWS\SYSTEM32\ntdll.dll
0x00007ffe8c7b0000 - 0x00007ffe8c86f000 	C:\WINDOWS\System32\KERNEL32.DLL
0x00007ffe8c2d0000 - 0x00007ffe8c5c6000 	C:\WINDOWS\System32\KERNELBASE.dll
0x00007ffe8c5d0000 - 0x00007ffe8c6d0000 	C:\WINDOWS\System32\ucrtbase.dll
0x00007ffe80580000 - 0x00007ffe80598000 	C:\Program Files\Java\jdk-17\bin\jli.dll
0x00007ffe8cf20000 - 0x00007ffe8cfcf000 	C:\WINDOWS\System32\ADVAPI32.dll
0x00007ffe8d810000 - 0x00007ffe8d8ae000 	C:\WINDOWS\System32\msvcrt.dll
0x00007ffe8d770000 - 0x00007ffe8d80c000 	C:\WINDOWS\System32\sechost.dll
0x00007ffe8e250000 - 0x00007ffe8e376000 	C:\WINDOWS\System32\RPCRT4.dll
0x00007ffe8d8b0000 - 0x00007ffe8da4d000 	C:\WINDOWS\System32\USER32.dll
0x00007ffe8c720000 - 0x00007ffe8c742000 	C:\WINDOWS\System32\win32u.dll
0x00007ffe8cd40000 - 0x00007ffe8cd6c000 	C:\WINDOWS\System32\GDI32.dll
0x00007ffe8bea0000 - 0x00007ffe8bfb5000 	C:\WINDOWS\System32\gdi32full.dll
0x00007ffe8bdd0000 - 0x00007ffe8be6d000 	C:\WINDOWS\System32\msvcp_win.dll
0x00007ffe80550000 - 0x00007ffe8056b000 	C:\Program Files\Java\jdk-17\bin\VCRUNTIME140.dll
0x00007ffe71890000 - 0x00007ffe71b2a000 	C:\WINDOWS\WinSxS\amd64_microsoft.windows.common-controls_6595b64144ccf1df_6.0.19041.1110_none_60b5254171f9507e\COMCTL32.dll
0x00007ffe8ab40000 - 0x00007ffe8ab4a000 	C:\WINDOWS\SYSTEM32\VERSION.dll
0x00007ffe8cfd0000 - 0x00007ffe8d000000 	C:\WINDOWS\System32\IMM32.DLL
0x00007ffe839c0000 - 0x00007ffe839cc000 	C:\Program Files\Java\jdk-17\bin\vcruntime140_1.dll
0x00007ffe6fa20000 - 0x00007ffe6faae000 	C:\Program Files\Java\jdk-17\bin\msvcp140.dll
0x00007ffe33630000 - 0x00007ffe34207000 	C:\Program Files\Java\jdk-17\bin\server\jvm.dll
0x00007ffe8ce30000 - 0x00007ffe8ce38000 	C:\WINDOWS\System32\PSAPI.DLL
0x00007ffe6e350000 - 0x00007ffe6e377000 	C:\WINDOWS\SYSTEM32\WINMM.dll
0x00007ffe723f0000 - 0x00007ffe723f9000 	C:\WINDOWS\SYSTEM32\WSOCK32.dll
0x00007ffe8ddb0000 - 0x00007ffe8de1b000 	C:\WINDOWS\System32\ws2_32.DLL
0x00007ffe8ab00000 - 0x00007ffe8ab12000 	C:\WINDOWS\SYSTEM32\kernel.appcore.dll
0x00007ffe7da10000 - 0x00007ffe7da1a000 	C:\Program Files\Java\jdk-17\bin\jimage.dll
0x00007ffe89a80000 - 0x00007ffe89c64000 	C:\WINDOWS\SYSTEM32\DBGHELP.DLL
0x00007ffe81850000 - 0x00007ffe81884000 	C:\WINDOWS\SYSTEM32\dbgcore.DLL
0x00007ffe8c1d0000 - 0x00007ffe8c252000 	C:\WINDOWS\System32\bcryptPrimitives.dll
0x00007ffe726d0000 - 0x00007ffe726f5000 	C:\Program Files\Java\jdk-17\bin\java.dll
0x00007ffe50b00000 - 0x00007ffe50bd7000 	C:\Program Files\Java\jdk-17\bin\jsvml.dll
0x00007ffe8d000000 - 0x00007ffe8d744000 	C:\WINDOWS\System32\SHELL32.dll
0x00007ffe8a360000 - 0x00007ffe8aaf3000 	C:\WINDOWS\SYSTEM32\windows.storage.dll
0x00007ffe8da50000 - 0x00007ffe8dda4000 	C:\WINDOWS\System32\combase.dll
0x00007ffe8b740000 - 0x00007ffe8b76e000 	C:\WINDOWS\SYSTEM32\Wldp.dll
0x00007ffe8e190000 - 0x00007ffe8e23d000 	C:\WINDOWS\System32\SHCORE.dll
0x00007ffe8c870000 - 0x00007ffe8c8c5000 	C:\WINDOWS\System32\shlwapi.dll
0x00007ffe8bd10000 - 0x00007ffe8bd2f000 	C:\WINDOWS\SYSTEM32\profapi.dll
0x00007ffe72650000 - 0x00007ffe72669000 	C:\Program Files\Java\jdk-17\bin\net.dll
0x00007ffe823f0000 - 0x00007ffe824fa000 	C:\WINDOWS\SYSTEM32\WINHTTP.dll
0x00007ffe8b4a0000 - 0x00007ffe8b50a000 	C:\WINDOWS\system32\mswsock.dll
0x00007ffe6f990000 - 0x00007ffe6f9a6000 	C:\Program Files\Java\jdk-17\bin\nio.dll
0x00007ffe6f970000 - 0x00007ffe6f988000 	C:\Program Files\Java\jdk-17\bin\zip.dll
0x00007ffe8b1d0000 - 0x00007ffe8b29a000 	C:\WINDOWS\SYSTEM32\DNSAPI.dll
0x00007ffe8b190000 - 0x00007ffe8b1cc000 	C:\WINDOWS\SYSTEM32\IPHLPAPI.DLL
0x00007ffe8ce20000 - 0x00007ffe8ce28000 	C:\WINDOWS\System32\NSI.dll
0x00007ffe7eac0000 - 0x00007ffe7eaca000 	C:\Windows\System32\rasadhlp.dll
0x00007ffe7e5f0000 - 0x00007ffe7e672000 	C:\WINDOWS\System32\fwpuclnt.dll
0x00007ffe8be70000 - 0x00007ffe8be97000 	C:\WINDOWS\System32\bcrypt.dll

dbghelp: loaded successfully - version: 4.0.5 - missing functions: none
symbol engine: initialized successfully - sym options: 0x614 - pdb path: .;C:\Program Files\Java\jdk-17\bin;C:\WINDOWS\SYSTEM32;C:\WINDOWS\WinSxS\amd64_microsoft.windows.common-controls_6595b64144ccf1df_6.0.19041.1110_none_60b5254171f9507e;C:\Program Files\Java\jdk-17\bin\server

VM Arguments:
jvm_args: -Dfile.encoding=UTF-8 --module-path=C:\Users\lemon\eclipse-workspace\postgresql-42.6.0.jar -XX:+ShowCodeDetailsInExceptionMessages 
java_command: makeMoneySite.main
java_class_path (initial): C:\Users\lemon\Desktop\makeMoneySite\target\classes;C:\Users\lemon\Downloads\poi-bin-5.2.3-20220909\poi-bin-5.2.3\poi-5.2.3.jar;C:\Users\lemon\Downloads\poi-bin-5.2.3-20220909\poi-bin-5.2.3\poi-examples-5.2.3.jar;C:\Users\lemon\Downloads\poi-bin-5.2.3-20220909\poi-bin-5.2.3\poi-excelant-5.2.3.jar;C:\Users\lemon\Downloads\poi-bin-5.2.3-20220909\poi-bin-5.2.3\poi-javadoc-5.2.3.jar;C:\Users\lemon\Downloads\poi-bin-5.2.3-20220909\poi-bin-5.2.3\poi-ooxml-5.2.3.jar;C:\Users\lemon\Downloads\poi-bin-5.2.3-20220909\poi-bin-5.2.3\poi-ooxml-full-5.2.3.jar;C:\Users\lemon\Downloads\poi-bin-5.2.3-20220909\poi-bin-5.2.3\poi-ooxml-lite-5.2.3.jar;C:\Users\lemon\Downloads\poi-bin-5.2.3-20220909\poi-bin-5.2.3\poi-scratchpad-5.2.3.jar;C:\Users\lemon\Downloads\selenium-java-4.8.0\selenium-api-4.8.0.jar;C:\Users\lemon\Downloads\selenium-java-4.8.0\selenium-api-4.8.0-sources.jar;C:\Users\lemon\Downloads\selenium-java-4.8.0\selenium-chrome-driver-4.8.0.jar;C:\Users\lemon\Downloads\selenium-java-4.8.0\selenium-chrome-driver-4.8.0-sources.jar;C:\Users\lemon\Downloads\selenium-java-4.8.0\selenium-chromium-driver-4.8.0.jar;C:\Users\lemon\Downloads\selenium-java-4.8.0\selenium-chromium-driver-4.8.0-sources.jar;C:\Users\lemon\Downloads\selenium-java-4.8.0\selenium-devtools-v85-4.8.0.jar;C:\Users\lemon\Downloads\selenium-java-4.8.0\selenium-devtools-v85-4.8.0-sources.jar;C:\Users\lemon\Downloads\selenium-java-4.8.0\selenium-devtools-v107-4.8.0.jar;C:\Users\lemon\Downloads\selenium-java-4.8.0\selenium-devtools-v107-4.8.0-sources.jar;C:\Users\lemon\Downloads\selenium-java-4.8.0\selenium-devtools-v108-4.8.0.jar;C:\Users\lemon\Downloads\selenium-java-4.8.0\selenium-devtools-v108-4.8.0-sources.jar;C:\Users\lemon\Downloads\selenium-java-4.8.0\selenium-devtools-v109-4.8.0.jar;C:\Users\lemon\Downloads\selenium-java-4.8.0\selenium-devtools-v109-4.8.0-sources.jar;C:\Users\lemon\Downloads\selenium-java-4.8.0\selenium-edge-driver-4.8.0.jar;C:\Users\lemon\Downloads\selenium-java-4
Launcher Type: SUN_STANDARD

[Global flags]
     intx CICompilerCount                          = 3                                         {product} {ergonomic}
     uint ConcGCThreads                            = 1                                         {product} {ergonomic}
     uint G1ConcRefinementThreads                  = 4                                         {product} {ergonomic}
   size_t G1HeapRegionSize                         = 1048576                                   {product} {ergonomic}
    uintx GCDrainStackTargetSize                   = 64                                        {product} {ergonomic}
   size_t InitialHeapSize                          = 67108864                                  {product} {ergonomic}
   size_t MarkStackSize                            = 4194304                                   {product} {ergonomic}
   size_t MaxHeapSize                              = 1052770304                                {product} {ergonomic}
   size_t MaxNewSize                               = 631242752                                 {product} {ergonomic}
   size_t MinHeapDeltaBytes                        = 1048576                                   {product} {ergonomic}
   size_t MinHeapSize                              = 8388608                                   {product} {ergonomic}
    uintx NonNMethodCodeHeapSize                   = 5832780                                {pd product} {ergonomic}
    uintx NonProfiledCodeHeapSize                  = 122912730                              {pd product} {ergonomic}
    uintx ProfiledCodeHeapSize                     = 122912730                              {pd product} {ergonomic}
    uintx ReservedCodeCacheSize                    = 251658240                              {pd product} {ergonomic}
     bool SegmentedCodeCache                       = true                                      {product} {ergonomic}
     bool ShowCodeDetailsInExceptionMessages       = true                                   {manageable} {command line}
   size_t SoftMaxHeapSize                          = 1052770304                             {manageable} {ergonomic}
     bool UseCompressedClassPointers               = true                           {product lp64_product} {ergonomic}
     bool UseCompressedOops                        = true                           {product lp64_product} {ergonomic}
     bool UseG1GC                                  = true                                      {product} {ergonomic}
     bool UseLargePagesIndividualAllocation        = false                                  {pd product} {ergonomic}

Logging:
Log output configuration:
 #0: stdout all=warning uptime,level,tags
 #1: stderr all=off uptime,level,tags

Environment Variables:
JAVA_HOME=C:\Program Files\Java\jdk-17
CLASSPATH=C:\Program Files\Java\jdk-17\lib
PATH=C:/Program Files/Java/jdk-17/bin/server;C:/Program Files/Java/jdk-17/bin;C:\Program Files\Common Files\Oracle\Java\javapath;C:\WINDOWS\system32;C:\WINDOWS;C:\WINDOWS\System32\Wbem;C:\WINDOWS\System32\WindowsPowerShell\v1.0\;C:\WINDOWS\System32\OpenSSH\;C:\Program Files\Java\jdk-17\bin;;C:\Program Files (x86)\ePapyrus\Papyrus-PlugIn-web;C:\Program Files (x86)\ePapyrus\Papyrus-PlugIn-web\Addins;C:\Program Files\MySQL\MySQL Shell 8.0\bin\;C:\Users\lemon\AppData\Local\Microsoft\WindowsApps;;C:\WINDOWS\system32;
USERNAME=lemon
OS=Windows_NT
PROCESSOR_IDENTIFIER=Intel64 Family 6 Model 142 Stepping 9, GenuineIntel



---------------  S Y S T E M  ---------------

OS:
 Windows 10 , 64 bit Build 19041 (10.0.19041.3031)
OS uptime: 6 days 20:28 hours

CPU: total 4 (initial active 4) (2 cores per cpu, 2 threads per core) family 6 model 142 stepping 9 microcode 0xf0, cx8, cmov, fxsr, ht, mmx, 3dnowpref, sse, sse2, sse3, ssse3, sse4.1, sse4.2, popcnt, lzcnt, tsc, tscinvbit, avx, avx2, aes, erms, clmul, bmi1, bmi2, rtm, adx, fma, vzeroupper, clflush, clflushopt

Memory: 4k page, system-wide physical 4013M (312M free)
TotalPageFile size 16301M (AvailPageFile size 98M)
current process WorkingSet (physical memory assigned to process): 189M, peak: 197M
current process commit charge ("private bytes"): 267M, peak: 448M

vm_info: Java HotSpot(TM) 64-Bit Server VM (17.0.6+9-LTS-190) for windows-amd64 JRE (17.0.6+9-LTS-190), built on Dec  6 2022 15:53:54 by "mach5one" with MS VC++ 17.1 (VS2022)

END.
