#
# There is insufficient memory for the Java Runtime Environment to continue.
# Native memory allocation (mmap) failed to map 197132288 bytes for G1 virtual space
# Possible reasons:
#   The system is out of physical RAM or swap space
#   The process is running with CompressedOops enabled, and the Java Heap may be blocking the growth of the native heap
# Possible solutions:
#   Reduce memory load on the system
#   Increase physical memory or swap space
#   Check if swap backing store is full
#   Decrease Java heap size (-Xmx/-Xms)
#   Decrease number of Java threads
#   Decrease Java thread stack sizes (-Xss)
#   Set larger code cache with -XX:ReservedCodeCacheSize=
#   JVM is running with Unscaled Compressed Oops mode in which the Java heap is
#     placed in the first 4GB address space. The Java Heap base address is the
#     maximum limit for the native heap growth. Please use -XX:HeapBaseMinAddress
#     to set the Java Heap base and to place the Java Heap above 4GB virtual address.
# This output file may be truncated or incomplete.
#
#  Out of Memory Error (os_windows.cpp:3550), pid=35640, tid=32856
#
# JRE version: Java(TM) SE Runtime Environment (17.0.7+8) (build 17.0.7+8-LTS-224)
# Java VM: Java HotSpot(TM) 64-Bit Server VM (17.0.7+8-LTS-224, mixed mode, sharing, tiered, compressed oops, compressed class ptrs, g1 gc, windows-amd64)
# No core dump will be written. Minidumps are not enabled by default on client versions of Windows
#

---------------  S U M M A R Y ------------

Command Line: -Dfile.encoding=UTF-8 --module-path=C:\Users\lemon\eclipse-workspace\postgresql-42.6.0.jar -XX:+ShowCodeDetailsInExceptionMessages makeMoneySite.main

Host: Intel(R) Core(TM) i5-7300U CPU @ 2.60GHz, 4 cores, 3G,  Windows 10 , 64 bit Build 19041 (10.0.19041.3031)
Time: Sun Jul  9 07:08:03 2023  Windows 10 , 64 bit Build 19041 (10.0.19041.3031) elapsed time: 30612.566394 seconds (0d 8h 30m 12s)

---------------  T H R E A D  ---------------

Current thread (0x000001c1574694c0):  VMThread "VM Thread" [stack: 0x00000025d4500000,0x00000025d4600000] [id=32856]

Stack: [0x00000025d4500000,0x00000025d4600000]
Native frames: (J=compiled Java code, j=interpreted, Vv=VM code, C=native code)
V  [jvm.dll+0x676a4a]
V  [jvm.dll+0x7d74f4]
V  [jvm.dll+0x7d8c9e]
V  [jvm.dll+0x7d9303]
V  [jvm.dll+0x2452c5]
V  [jvm.dll+0x6738f9]
V  [jvm.dll+0x668232]
V  [jvm.dll+0x302826]
V  [jvm.dll+0x309da6]
V  [jvm.dll+0x35952e]
V  [jvm.dll+0x35975f]
V  [jvm.dll+0x2d9a38]
V  [jvm.dll+0x2d7e45]
V  [jvm.dll+0x2d744c]
V  [jvm.dll+0x31ab1b]
V  [jvm.dll+0x7ddb0b]
V  [jvm.dll+0x7de844]
V  [jvm.dll+0x7ded5d]
V  [jvm.dll+0x7df134]
V  [jvm.dll+0x7df200]
V  [jvm.dll+0x78759a]
V  [jvm.dll+0x675875]
C  [ucrtbase.dll+0x21bb2]
C  [KERNEL32.DLL+0x17614]
C  [ntdll.dll+0x526f1]

VM_Operation (0x00000025d3ffe930): G1CollectForAllocation, mode: safepoint, requested by thread 0x000001c1573b2ba0


---------------  P R O C E S S  ---------------

Threads class SMR info:
_java_thread_list=0x000001c178ad7fa0, length=27, elements={
0x000001c1573b2ba0, 0x000001c157471040, 0x000001c157472ff0, 0x000001c174548900,
0x000001c1745493c0, 0x000001c17454bc90, 0x000001c17454c550, 0x000001c174555640,
0x000001c1745b5200, 0x000001c1745cbec0, 0x000001c17461e5a0, 0x000001c1751b1a40,
0x000001c176329ab0, 0x000001c17632a920, 0x000001c1763295e0, 0x000001c177d273a0,
0x000001c177d23eb0, 0x000001c177d286e0, 0x000001c177d29080, 0x000001c177d29a20,
0x000001c177d23510, 0x000001c177d28210, 0x000001c177d28bb0, 0x000001c177d24380,
0x000001c177d26a00, 0x000001c177d26ed0, 0x000001c177d251f0
}

Java Threads: ( => current thread )
  0x000001c1573b2ba0 JavaThread "main" [_thread_blocked, id=34380, stack(0x00000025d3f00000,0x00000025d4000000)]
  0x000001c157471040 JavaThread "Reference Handler" daemon [_thread_blocked, id=30788, stack(0x00000025d4600000,0x00000025d4700000)]
  0x000001c157472ff0 JavaThread "Finalizer" daemon [_thread_blocked, id=25352, stack(0x00000025d4700000,0x00000025d4800000)]
  0x000001c174548900 JavaThread "Signal Dispatcher" daemon [_thread_blocked, id=31504, stack(0x00000025d4800000,0x00000025d4900000)]
  0x000001c1745493c0 JavaThread "Attach Listener" daemon [_thread_blocked, id=27704, stack(0x00000025d4900000,0x00000025d4a00000)]
  0x000001c17454bc90 JavaThread "Service Thread" daemon [_thread_blocked, id=32836, stack(0x00000025d4a00000,0x00000025d4b00000)]
  0x000001c17454c550 JavaThread "Monitor Deflation Thread" daemon [_thread_blocked, id=35300, stack(0x00000025d4b00000,0x00000025d4c00000)]
  0x000001c174555640 JavaThread "C2 CompilerThread0" daemon [_thread_blocked, id=5780, stack(0x00000025d4c00000,0x00000025d4d00000)]
  0x000001c1745b5200 JavaThread "C1 CompilerThread0" daemon [_thread_blocked, id=14676, stack(0x00000025d4d00000,0x00000025d4e00000)]
  0x000001c1745cbec0 JavaThread "Sweeper thread" daemon [_thread_blocked, id=28460, stack(0x00000025d4e00000,0x00000025d4f00000)]
  0x000001c17461e5a0 JavaThread "Common-Cleaner" daemon [_thread_blocked, id=7040, stack(0x00000025d4f00000,0x00000025d5000000)]
  0x000001c1751b1a40 JavaThread "Notification Thread" daemon [_thread_blocked, id=19408, stack(0x00000025d5000000,0x00000025d5100000)]
  0x000001c176329ab0 JavaThread "mysql-cj-abandoned-connection-cleanup" daemon [_thread_blocked, id=26852, stack(0x00000025d3e00000,0x00000025d3f00000)]
  0x000001c17632a920 JavaThread "AsyncHttpClient-1-1" daemon [_thread_blocked, id=34496, stack(0x00000025d5c00000,0x00000025d5d00000)]
  0x000001c1763295e0 JavaThread "AsyncHttpClient-1-2" daemon [_thread_in_native, id=11568, stack(0x00000025d6300000,0x00000025d6400000)]
  0x000001c177d273a0 JavaThread "AsyncHttpClient-1-3" daemon [_thread_in_native, id=16784, stack(0x00000025d6400000,0x00000025d6500000)]
  0x000001c177d23eb0 JavaThread "AsyncHttpClient-1-4" daemon [_thread_in_native, id=14588, stack(0x00000025d6500000,0x00000025d6600000)]
  0x000001c177d286e0 JavaThread "AsyncHttpClient-1-5" daemon [_thread_in_native, id=10632, stack(0x00000025d6200000,0x00000025d6300000)]
  0x000001c177d29080 JavaThread "AsyncHttpClient-1-6" daemon [_thread_in_native, id=15492, stack(0x00000025d6600000,0x00000025d6700000)]
  0x000001c177d29a20 JavaThread "AsyncHttpClient-1-7" daemon [_thread_in_native, id=13028, stack(0x00000025d6700000,0x00000025d6800000)]
  0x000001c177d23510 JavaThread "AsyncHttpClient-1-8" daemon [_thread_in_native, id=3040, stack(0x00000025d6800000,0x00000025d6900000)]
  0x000001c177d28210 JavaThread "AsyncHttpClient-1-9" daemon [_thread_in_native, id=35444, stack(0x00000025d6900000,0x00000025d6a00000)]
  0x000001c177d28bb0 JavaThread "Exec Default Executor" daemon [_thread_in_native, id=53256, stack(0x00000025d3d00000,0x00000025d3e00000)]
  0x000001c177d24380 JavaThread "Exec Stream Pumper" daemon [_thread_in_native, id=52600, stack(0x00000025d5700000,0x00000025d5800000)]
  0x000001c177d26a00 JavaThread "Exec Stream Pumper" daemon [_thread_in_native, id=54144, stack(0x00000025d5800000,0x00000025d5900000)]
  0x000001c177d26ed0 JavaThread "Driver Service Executor" daemon [_thread_blocked, id=50504, stack(0x00000025d5d00000,0x00000025d5e00000)]
  0x000001c177d251f0 JavaThread "Driver Service Executor" daemon [_thread_blocked, id=52132, stack(0x00000025d5e00000,0x00000025d5f00000)]

Other Threads:
=>0x000001c1574694c0 VMThread "VM Thread" [stack: 0x00000025d4500000,0x00000025d4600000] [id=32856]
  0x000001c17517fe10 WatcherThread [stack: 0x00000025d5100000,0x00000025d5200000] [id=18140]
  0x000001c1573eee40 GCTaskThread "GC Thread#0" [stack: 0x00000025d4000000,0x00000025d4100000] [id=18648]
  0x000001c1751679e0 GCTaskThread "GC Thread#1" [stack: 0x00000025d5200000,0x00000025d5300000] [id=18000]
  0x000001c175167c90 GCTaskThread "GC Thread#2" [stack: 0x00000025d5300000,0x00000025d5400000] [id=16608]
  0x000001c175162250 GCTaskThread "GC Thread#3" [stack: 0x00000025d5400000,0x00000025d5500000] [id=25240]
  0x000001c1573f9a30 ConcurrentGCThread "G1 Main Marker" [stack: 0x00000025d4100000,0x00000025d4200000] [id=21812]
  0x000001c1573fa350 ConcurrentGCThread "G1 Conc#0" [stack: 0x00000025d4200000,0x00000025d4300000] [id=13708]
  0x000001c157447880 ConcurrentGCThread "G1 Refine#0" [stack: 0x00000025d4300000,0x00000025d4400000] [id=34228]
  0x000001c17591ecf0 ConcurrentGCThread "G1 Refine#1" [stack: 0x00000025d5500000,0x00000025d5600000] [id=27788]
  0x000001c1758fb1f0 ConcurrentGCThread "G1 Refine#2" [stack: 0x00000025d5600000,0x00000025d5700000] [id=1464]
  0x000001c175a1ce90 ConcurrentGCThread "G1 Refine#3" [stack: 0x00000025d3c00000,0x00000025d3d00000] [id=17620]
  0x000001c1574481b0 ConcurrentGCThread "G1 Service" [stack: 0x00000025d4400000,0x00000025d4500000] [id=31788]

Threads with active compile tasks:
C2 CompilerThread0  30612638 14326   !   4       org.apache.xmlbeans.impl.values.XmlObjectBase::setStringValue (38 bytes)

VM state: at safepoint (normal execution)

VM Mutex/Monitor currently owned by a thread:  ([mutex/lock_event])
[0x000001c1573afc80] Threads_lock - owner thread: 0x000001c1574694c0
[0x000001c1573afd10] Heap_lock - owner thread: 0x000001c1573b2ba0

Heap address: 0x00000000c1400000, size: 1004 MB, Compressed Oops mode: 32-bit

CDS archive(s) mapped at: [0x0000000800000000-0x0000000800bd0000-0x0000000800bd0000), size 12386304, SharedBaseAddress: 0x0000000800000000, ArchiveRelocationMode: 0.
Compressed class space mapped at: 0x0000000800c00000-0x0000000840c00000, reserved size: 1073741824
Narrow klass base: 0x0000000800000000, Narrow klass shift: 0, Narrow klass range: 0x100000000

GC Precious Log:
 CPUs: 4 total, 4 available
 Memory: 4013M
 Large Page Support: Disabled
 NUMA Support: Disabled
 Compressed Oops: Enabled (32-bit)
 Heap Region Size: 1M
 Heap Min Capacity: 8M
 Heap Initial Capacity: 64M
 Heap Max Capacity: 1004M
 Pre-touch: Disabled
 Parallel Workers: 4
 Concurrent Workers: 1
 Concurrent Refinement Workers: 4
 Periodic GC: Disabled

Heap:
 garbage-first heap   total 336896K, used 100204K [0x00000000c1400000, 0x0000000100000000)
  region size 1024K, 6 young (6144K), 6 survivors (6144K)
 Metaspace       used 40995K, committed 41280K, reserved 1089536K
  class space    used 4410K, committed 4544K, reserved 1048576K

Heap Regions: E=young(eden), S=young(survivor), O=old, HS=humongous(starts), HC=humongous(continues), CS=collection set, F=free, OA=open archive, CA=closed archive, TAMS=top-at-mark-start (previous, next)
|   0|0x00000000c1400000, 0x00000000c1500000, 0x00000000c1500000|100%|HS|  |TAMS 0x00000000c1500000, 0x00000000c1500000| Complete 
|   1|0x00000000c1500000, 0x00000000c1600000, 0x00000000c1600000|100%|HS|  |TAMS 0x00000000c1600000, 0x00000000c1600000| Complete 
|   2|0x00000000c1600000, 0x00000000c1700000, 0x00000000c1700000|100%|HC|  |TAMS 0x00000000c1700000, 0x00000000c1700000| Complete 
|   3|0x00000000c1700000, 0x00000000c1800000, 0x00000000c1800000|100%| O|  |TAMS 0x00000000c1800000, 0x00000000c1800000| Untracked 
|   4|0x00000000c1800000, 0x00000000c1900000, 0x00000000c1900000|100%| O|  |TAMS 0x00000000c1900000, 0x00000000c1900000| Untracked 
|   5|0x00000000c1900000, 0x00000000c1a00000, 0x00000000c1a00000|100%| O|  |TAMS 0x00000000c1a00000, 0x00000000c1a00000| Untracked 
|   6|0x00000000c1a00000, 0x00000000c1b00000, 0x00000000c1b00000|100%| O|  |TAMS 0x00000000c1b00000, 0x00000000c1b00000| Untracked 
|   7|0x00000000c1b00000, 0x00000000c1c00000, 0x00000000c1c00000|100%| O|  |TAMS 0x00000000c1c00000, 0x00000000c1c00000| Untracked 
|   8|0x00000000c1c00000, 0x00000000c1d00000, 0x00000000c1d00000|100%| O|  |TAMS 0x00000000c1d00000, 0x00000000c1d00000| Untracked 
|   9|0x00000000c1d00000, 0x00000000c1e00000, 0x00000000c1e00000|100%| O|  |TAMS 0x00000000c1e00000, 0x00000000c1e00000| Untracked 
|  10|0x00000000c1e00000, 0x00000000c1f00000, 0x00000000c1f00000|100%|HS|  |TAMS 0x00000000c1f00000, 0x00000000c1f00000| Complete 
|  11|0x00000000c1f00000, 0x00000000c2000000, 0x00000000c2000000|100%|HC|  |TAMS 0x00000000c2000000, 0x00000000c2000000| Complete 
|  12|0x00000000c2000000, 0x00000000c2100000, 0x00000000c2100000|100%|HC|  |TAMS 0x00000000c2100000, 0x00000000c2100000| Complete 
|  13|0x00000000c2100000, 0x00000000c2200000, 0x00000000c2200000|100%|HC|  |TAMS 0x00000000c2200000, 0x00000000c2200000| Complete 
|  14|0x00000000c2200000, 0x00000000c2300000, 0x00000000c2300000|100%|HC|  |TAMS 0x00000000c2300000, 0x00000000c2300000| Complete 
|  15|0x00000000c2300000, 0x00000000c2400000, 0x00000000c2400000|100%|HS|  |TAMS 0x00000000c2400000, 0x00000000c2400000| Complete 
|  16|0x00000000c2400000, 0x00000000c2500000, 0x00000000c2500000|100%|HC|  |TAMS 0x00000000c2500000, 0x00000000c2500000| Complete 
|  17|0x00000000c2500000, 0x00000000c2600000, 0x00000000c2600000|100%|HC|  |TAMS 0x00000000c2600000, 0x00000000c2600000| Complete 
|  18|0x00000000c2600000, 0x00000000c2700000, 0x00000000c2700000|100%|HC|  |TAMS 0x00000000c2700000, 0x00000000c2700000| Complete 
|  19|0x00000000c2700000, 0x00000000c2800000, 0x00000000c2800000|100%|HC|  |TAMS 0x00000000c2800000, 0x00000000c2800000| Complete 
|  20|0x00000000c2800000, 0x00000000c2900000, 0x00000000c2900000|100%| O|  |TAMS 0x00000000c2900000, 0x00000000c2900000| Untracked 
|  21|0x00000000c2900000, 0x00000000c2a00000, 0x00000000c2a00000|100%| O|  |TAMS 0x00000000c2a00000, 0x00000000c2a00000| Untracked 
|  22|0x00000000c2a00000, 0x00000000c2b00000, 0x00000000c2b00000|100%| O|  |TAMS 0x00000000c2b00000, 0x00000000c2b00000| Untracked 
|  23|0x00000000c2b00000, 0x00000000c2c00000, 0x00000000c2c00000|100%|HS|  |TAMS 0x00000000c2c00000, 0x00000000c2c00000| Complete 
|  24|0x00000000c2c00000, 0x00000000c2d00000, 0x00000000c2d00000|100%|HC|  |TAMS 0x00000000c2d00000, 0x00000000c2d00000| Complete 
|  25|0x00000000c2d00000, 0x00000000c2e00000, 0x00000000c2e00000|100%|HC|  |TAMS 0x00000000c2e00000, 0x00000000c2e00000| Complete 
|  26|0x00000000c2e00000, 0x00000000c2f00000, 0x00000000c2f00000|100%|HC|  |TAMS 0x00000000c2f00000, 0x00000000c2f00000| Complete 
|  27|0x00000000c2f00000, 0x00000000c3000000, 0x00000000c3000000|100%|HC|  |TAMS 0x00000000c3000000, 0x00000000c3000000| Complete 
|  28|0x00000000c3000000, 0x00000000c3100000, 0x00000000c3100000|100%|HS|  |TAMS 0x00000000c3100000, 0x00000000c3100000| Complete 
|  29|0x00000000c3100000, 0x00000000c3200000, 0x00000000c3200000|100%|HC|  |TAMS 0x00000000c3200000, 0x00000000c3200000| Complete 
|  30|0x00000000c3200000, 0x00000000c3300000, 0x00000000c3300000|100%|HC|  |TAMS 0x00000000c3300000, 0x00000000c3300000| Complete 
|  31|0x00000000c3300000, 0x00000000c3400000, 0x00000000c3400000|100%|HC|  |TAMS 0x00000000c3400000, 0x00000000c3400000| Complete 
|  32|0x00000000c3400000, 0x00000000c3500000, 0x00000000c3500000|100%|HC|  |TAMS 0x00000000c3500000, 0x00000000c3500000| Complete 
|  33|0x00000000c3500000, 0x00000000c3600000, 0x00000000c3600000|100%| O|  |TAMS 0x00000000c3600000, 0x00000000c3600000| Untracked 
|  34|0x00000000c3600000, 0x00000000c3600000, 0x00000000c3700000|  0%| F|  |TAMS 0x00000000c3600000, 0x00000000c3600000| Untracked 
|  35|0x00000000c3700000, 0x00000000c3800000, 0x00000000c3800000|100%| O|  |TAMS 0x00000000c3700000, 0x00000000c3800000| Untracked 
|  36|0x00000000c3800000, 0x00000000c3900000, 0x00000000c3900000|100%| O|  |TAMS 0x00000000c3900000, 0x00000000c3900000| Untracked 
|  37|0x00000000c3900000, 0x00000000c3a00000, 0x00000000c3a00000|100%| O|  |TAMS 0x00000000c3a00000, 0x00000000c3a00000| Untracked 
|  38|0x00000000c3a00000, 0x00000000c3b00000, 0x00000000c3b00000|100%| O|  |TAMS 0x00000000c3b00000, 0x00000000c3b00000| Untracked 
|  39|0x00000000c3b00000, 0x00000000c3c00000, 0x00000000c3c00000|100%| O|  |TAMS 0x00000000c3c00000, 0x00000000c3c00000| Untracked 
|  40|0x00000000c3c00000, 0x00000000c3d00000, 0x00000000c3d00000|100%| O|  |TAMS 0x00000000c3d00000, 0x00000000c3d00000| Untracked 
|  41|0x00000000c3d00000, 0x00000000c3e00000, 0x00000000c3e00000|100%| O|  |TAMS 0x00000000c3e00000, 0x00000000c3e00000| Untracked 
|  42|0x00000000c3e00000, 0x00000000c3f00000, 0x00000000c3f00000|100%| O|  |TAMS 0x00000000c3f00000, 0x00000000c3f00000| Untracked 
|  43|0x00000000c3f00000, 0x00000000c4000000, 0x00000000c4000000|100%| O|  |TAMS 0x00000000c4000000, 0x00000000c4000000| Untracked 
|  44|0x00000000c4000000, 0x00000000c4100000, 0x00000000c4100000|100%| O|  |TAMS 0x00000000c4100000, 0x00000000c4100000| Untracked 
|  45|0x00000000c4100000, 0x00000000c4200000, 0x00000000c4200000|100%| O|  |TAMS 0x00000000c4200000, 0x00000000c4200000| Untracked 
|  46|0x00000000c4200000, 0x00000000c4300000, 0x00000000c4300000|100%| O|  |TAMS 0x00000000c4300000, 0x00000000c4300000| Untracked 
|  47|0x00000000c4300000, 0x00000000c4400000, 0x00000000c4400000|100%| O|  |TAMS 0x00000000c4400000, 0x00000000c4400000| Untracked 
|  48|0x00000000c4400000, 0x00000000c4500000, 0x00000000c4500000|100%| O|  |TAMS 0x00000000c4500000, 0x00000000c4500000| Untracked 
|  49|0x00000000c4500000, 0x00000000c4600000, 0x00000000c4600000|100%|HS|  |TAMS 0x00000000c4600000, 0x00000000c4600000| Complete 
|  50|0x00000000c4600000, 0x00000000c4700000, 0x00000000c4700000|100%|HC|  |TAMS 0x00000000c4700000, 0x00000000c4700000| Complete 
|  51|0x00000000c4700000, 0x00000000c4800000, 0x00000000c4800000|100%|HC|  |TAMS 0x00000000c4800000, 0x00000000c4800000| Complete 
|  52|0x00000000c4800000, 0x00000000c4900000, 0x00000000c4900000|100%|HC|  |TAMS 0x00000000c4900000, 0x00000000c4900000| Complete 
|  53|0x00000000c4900000, 0x00000000c4a00000, 0x00000000c4a00000|100%|HC|  |TAMS 0x00000000c4a00000, 0x00000000c4a00000| Complete 
|  54|0x00000000c4a00000, 0x00000000c4b00000, 0x00000000c4b00000|100%|HS|  |TAMS 0x00000000c4b00000, 0x00000000c4b00000| Complete 
|  55|0x00000000c4b00000, 0x00000000c4c00000, 0x00000000c4c00000|100%|HC|  |TAMS 0x00000000c4c00000, 0x00000000c4c00000| Complete 
|  56|0x00000000c4c00000, 0x00000000c4d00000, 0x00000000c4d00000|100%|HC|  |TAMS 0x00000000c4d00000, 0x00000000c4d00000| Complete 
|  57|0x00000000c4d00000, 0x00000000c4e00000, 0x00000000c4e00000|100%|HC|  |TAMS 0x00000000c4e00000, 0x00000000c4e00000| Complete 
|  58|0x00000000c4e00000, 0x00000000c4f00000, 0x00000000c4f00000|100%|HC|  |TAMS 0x00000000c4f00000, 0x00000000c4f00000| Complete 
|  59|0x00000000c4f00000, 0x00000000c5000000, 0x00000000c5000000|100%|HS|  |TAMS 0x00000000c5000000, 0x00000000c5000000| Complete 
|  60|0x00000000c5000000, 0x00000000c5100000, 0x00000000c5100000|100%|HC|  |TAMS 0x00000000c5100000, 0x00000000c5100000| Complete 
|  61|0x00000000c5100000, 0x00000000c5200000, 0x00000000c5200000|100%|HC|  |TAMS 0x00000000c5200000, 0x00000000c5200000| Complete 
|  62|0x00000000c5200000, 0x00000000c5300000, 0x00000000c5300000|100%|HC|  |TAMS 0x00000000c5300000, 0x00000000c5300000| Complete 
|  63|0x00000000c5300000, 0x00000000c5400000, 0x00000000c5400000|100%|HC|  |TAMS 0x00000000c5400000, 0x00000000c5400000| Complete 
|  64|0x00000000c5400000, 0x00000000c5500000, 0x00000000c5500000|100%|HS|  |TAMS 0x00000000c5500000, 0x00000000c5500000| Complete 
|  65|0x00000000c5500000, 0x00000000c5600000, 0x00000000c5600000|100%|HC|  |TAMS 0x00000000c5600000, 0x00000000c5600000| Complete 
|  66|0x00000000c5600000, 0x00000000c5700000, 0x00000000c5700000|100%|HC|  |TAMS 0x00000000c5700000, 0x00000000c5700000| Complete 
|  67|0x00000000c5700000, 0x00000000c5800000, 0x00000000c5800000|100%|HC|  |TAMS 0x00000000c5800000, 0x00000000c5800000| Complete 
|  68|0x00000000c5800000, 0x00000000c5900000, 0x00000000c5900000|100%|HC|  |TAMS 0x00000000c5900000, 0x00000000c5900000| Complete 
|  69|0x00000000c5900000, 0x00000000c5a00000, 0x00000000c5a00000|100%| O|  |TAMS 0x00000000c5a00000, 0x00000000c5a00000| Untracked 
|  70|0x00000000c5a00000, 0x00000000c5b00000, 0x00000000c5b00000|100%| O|  |TAMS 0x00000000c5b00000, 0x00000000c5b00000| Untracked 
|  71|0x00000000c5b00000, 0x00000000c5c00000, 0x00000000c5c00000|100%| O|  |TAMS 0x00000000c5c00000, 0x00000000c5c00000| Untracked 
|  72|0x00000000c5c00000, 0x00000000c5d00000, 0x00000000c5d00000|100%| O|  |TAMS 0x00000000c5d00000, 0x00000000c5d00000| Untracked 
|  73|0x00000000c5d00000, 0x00000000c5e00000, 0x00000000c5e00000|100%| O|  |TAMS 0x00000000c5e00000, 0x00000000c5e00000| Untracked 
|  74|0x00000000c5e00000, 0x00000000c5f00000, 0x00000000c5f00000|100%| O|  |TAMS 0x00000000c5f00000, 0x00000000c5f00000| Untracked 
|  75|0x00000000c5f00000, 0x00000000c6000000, 0x00000000c6000000|100%| O|  |TAMS 0x00000000c6000000, 0x00000000c6000000| Untracked 
|  76|0x00000000c6000000, 0x00000000c6100000, 0x00000000c6100000|100%| O|  |TAMS 0x00000000c6100000, 0x00000000c6100000| Untracked 
|  77|0x00000000c6100000, 0x00000000c6200000, 0x00000000c6200000|100%| O|  |TAMS 0x00000000c61df600, 0x00000000c6200000| Untracked 
|  78|0x00000000c6200000, 0x00000000c6300000, 0x00000000c6300000|100%| O|  |TAMS 0x00000000c6200000, 0x00000000c6300000| Untracked 
|  79|0x00000000c6300000, 0x00000000c6400000, 0x00000000c6400000|100%| O|  |TAMS 0x00000000c6300000, 0x00000000c6400000| Untracked 
|  80|0x00000000c6400000, 0x00000000c6500000, 0x00000000c6500000|100%| O|  |TAMS 0x00000000c6400000, 0x00000000c6500000| Untracked 
|  81|0x00000000c6500000, 0x00000000c6600000, 0x00000000c6600000|100%| O|  |TAMS 0x00000000c6500000, 0x00000000c6600000| Untracked 
|  82|0x00000000c6600000, 0x00000000c6700000, 0x00000000c6700000|100%| O|  |TAMS 0x00000000c6600000, 0x00000000c6700000| Untracked 
|  83|0x00000000c6700000, 0x00000000c6800000, 0x00000000c6800000|100%| O|  |TAMS 0x00000000c6700000, 0x00000000c6800000| Untracked 
|  84|0x00000000c6800000, 0x00000000c6900000, 0x00000000c6900000|100%| O|  |TAMS 0x00000000c6800000, 0x00000000c6900000| Untracked 
|  85|0x00000000c6900000, 0x00000000c6a00000, 0x00000000c6a00000|100%| O|  |TAMS 0x00000000c6900000, 0x00000000c6a00000| Untracked 
|  86|0x00000000c6a00000, 0x00000000c6b00000, 0x00000000c6b00000|100%| O|  |TAMS 0x00000000c6a00000, 0x00000000c6b00000| Untracked 
|  87|0x00000000c6b00000, 0x00000000c6c00000, 0x00000000c6c00000|100%| O|  |TAMS 0x00000000c6b00000, 0x00000000c6c00000| Untracked 
|  88|0x00000000c6c00000, 0x00000000c6d00000, 0x00000000c6d00000|100%| O|  |TAMS 0x00000000c6c00000, 0x00000000c6d00000| Untracked 
|  89|0x00000000c6d00000, 0x00000000c6ddb200, 0x00000000c6e00000| 85%| O|  |TAMS 0x00000000c6d00000, 0x00000000c6ddb200| Untracked 
|  90|0x00000000c6e00000, 0x00000000c6e00000, 0x00000000c6f00000|  0%| F|  |TAMS 0x00000000c6e00000, 0x00000000c6e00000| Untracked 
|  91|0x00000000c6f00000, 0x00000000c6f00000, 0x00000000c7000000|  0%| F|  |TAMS 0x00000000c6f00000, 0x00000000c6f00000| Untracked 
|  92|0x00000000c7000000, 0x00000000c7000000, 0x00000000c7100000|  0%| F|  |TAMS 0x00000000c7000000, 0x00000000c7000000| Untracked 
|  93|0x00000000c7100000, 0x00000000c7100000, 0x00000000c7200000|  0%| F|  |TAMS 0x00000000c7100000, 0x00000000c7100000| Untracked 
|  94|0x00000000c7200000, 0x00000000c7200000, 0x00000000c7300000|  0%| F|  |TAMS 0x00000000c7200000, 0x00000000c7200000| Untracked 
|  95|0x00000000c7300000, 0x00000000c7300000, 0x00000000c7400000|  0%| F|  |TAMS 0x00000000c7300000, 0x00000000c7300000| Untracked 
|  96|0x00000000c7400000, 0x00000000c7400000, 0x00000000c7500000|  0%| F|  |TAMS 0x00000000c7400000, 0x00000000c7400000| Untracked 
|  97|0x00000000c7500000, 0x00000000c7500000, 0x00000000c7600000|  0%| F|  |TAMS 0x00000000c7500000, 0x00000000c7500000| Untracked 
|  98|0x00000000c7600000, 0x00000000c7600000, 0x00000000c7700000|  0%| F|  |TAMS 0x00000000c7600000, 0x00000000c7600000| Untracked 
|  99|0x00000000c7700000, 0x00000000c7700000, 0x00000000c7800000|  0%| F|  |TAMS 0x00000000c7700000, 0x00000000c7700000| Untracked 
| 100|0x00000000c7800000, 0x00000000c7800000, 0x00000000c7900000|  0%| F|  |TAMS 0x00000000c7800000, 0x00000000c7800000| Untracked 
| 101|0x00000000c7900000, 0x00000000c7900000, 0x00000000c7a00000|  0%| F|  |TAMS 0x00000000c7900000, 0x00000000c7900000| Untracked 
| 102|0x00000000c7a00000, 0x00000000c7a00000, 0x00000000c7b00000|  0%| F|  |TAMS 0x00000000c7a00000, 0x00000000c7a00000| Untracked 
| 103|0x00000000c7b00000, 0x00000000c7b00000, 0x00000000c7c00000|  0%| F|  |TAMS 0x00000000c7b00000, 0x00000000c7b00000| Untracked 
| 104|0x00000000c7c00000, 0x00000000c7c00000, 0x00000000c7d00000|  0%| F|  |TAMS 0x00000000c7c00000, 0x00000000c7c00000| Untracked 
| 105|0x00000000c7d00000, 0x00000000c7d00000, 0x00000000c7e00000|  0%| F|  |TAMS 0x00000000c7d00000, 0x00000000c7d00000| Untracked 
| 106|0x00000000c7e00000, 0x00000000c7e00000, 0x00000000c7f00000|  0%| F|  |TAMS 0x00000000c7e00000, 0x00000000c7e00000| Untracked 
| 107|0x00000000c7f00000, 0x00000000c7f00000, 0x00000000c8000000|  0%| F|  |TAMS 0x00000000c7f00000, 0x00000000c7f00000| Untracked 
| 108|0x00000000c8000000, 0x00000000c8000000, 0x00000000c8100000|  0%| F|  |TAMS 0x00000000c8000000, 0x00000000c8000000| Untracked 
| 109|0x00000000c8100000, 0x00000000c8100000, 0x00000000c8200000|  0%| F|  |TAMS 0x00000000c8100000, 0x00000000c8100000| Untracked 
| 110|0x00000000c8200000, 0x00000000c8200000, 0x00000000c8300000|  0%| F|  |TAMS 0x00000000c8200000, 0x00000000c8200000| Untracked 
| 111|0x00000000c8300000, 0x00000000c8300000, 0x00000000c8400000|  0%| F|  |TAMS 0x00000000c8300000, 0x00000000c8300000| Untracked 
| 112|0x00000000c8400000, 0x00000000c8400000, 0x00000000c8500000|  0%| F|  |TAMS 0x00000000c8400000, 0x00000000c8400000| Untracked 
| 113|0x00000000c8500000, 0x00000000c8500000, 0x00000000c8600000|  0%| F|  |TAMS 0x00000000c8500000, 0x00000000c8500000| Untracked 
| 114|0x00000000c8600000, 0x00000000c8600000, 0x00000000c8700000|  0%| F|  |TAMS 0x00000000c8600000, 0x00000000c8600000| Untracked 
| 115|0x00000000c8700000, 0x00000000c8700000, 0x00000000c8800000|  0%| F|  |TAMS 0x00000000c8700000, 0x00000000c8700000| Untracked 
| 116|0x00000000c8800000, 0x00000000c8800000, 0x00000000c8900000|  0%| F|  |TAMS 0x00000000c8800000, 0x00000000c8800000| Untracked 
| 117|0x00000000c8900000, 0x00000000c8900000, 0x00000000c8a00000|  0%| F|  |TAMS 0x00000000c8900000, 0x00000000c8900000| Untracked 
| 118|0x00000000c8a00000, 0x00000000c8a00000, 0x00000000c8b00000|  0%| F|  |TAMS 0x00000000c8a00000, 0x00000000c8a00000| Untracked 
| 119|0x00000000c8b00000, 0x00000000c8c00000, 0x00000000c8c00000|100%| S|CS|TAMS 0x00000000c8b00000, 0x00000000c8b00000| Complete 
| 120|0x00000000c8c00000, 0x00000000c8d00000, 0x00000000c8d00000|100%| S|CS|TAMS 0x00000000c8c00000, 0x00000000c8c00000| Complete 
| 121|0x00000000c8d00000, 0x00000000c8e00000, 0x00000000c8e00000|100%| S|CS|TAMS 0x00000000c8d00000, 0x00000000c8d00000| Complete 
| 122|0x00000000c8e00000, 0x00000000c8f00000, 0x00000000c8f00000|100%| S|CS|TAMS 0x00000000c8e00000, 0x00000000c8e00000| Complete 
| 123|0x00000000c8f00000, 0x00000000c9000000, 0x00000000c9000000|100%| S|CS|TAMS 0x00000000c8f00000, 0x00000000c8f00000| Complete 
| 124|0x00000000c9000000, 0x00000000c9100000, 0x00000000c9100000|100%| S|CS|TAMS 0x00000000c9000000, 0x00000000c9000000| Complete 
| 125|0x00000000c9100000, 0x00000000c9100000, 0x00000000c9200000|  0%| F|  |TAMS 0x00000000c9100000, 0x00000000c9100000| Untracked 
| 126|0x00000000c9200000, 0x00000000c9200000, 0x00000000c9300000|  0%| F|  |TAMS 0x00000000c9200000, 0x00000000c9200000| Untracked 
| 127|0x00000000c9300000, 0x00000000c9300000, 0x00000000c9400000|  0%| F|  |TAMS 0x00000000c9300000, 0x00000000c9300000| Untracked 
| 128|0x00000000c9400000, 0x00000000c9400000, 0x00000000c9500000|  0%| F|  |TAMS 0x00000000c9400000, 0x00000000c9400000| Untracked 
| 129|0x00000000c9500000, 0x00000000c9500000, 0x00000000c9600000|  0%| F|  |TAMS 0x00000000c9500000, 0x00000000c9500000| Untracked 
| 130|0x00000000c9600000, 0x00000000c9600000, 0x00000000c9700000|  0%| F|  |TAMS 0x00000000c9600000, 0x00000000c9600000| Untracked 
| 131|0x00000000c9700000, 0x00000000c9700000, 0x00000000c9800000|  0%| F|  |TAMS 0x00000000c9700000, 0x00000000c9700000| Untracked 
| 132|0x00000000c9800000, 0x00000000c9800000, 0x00000000c9900000|  0%| F|  |TAMS 0x00000000c9800000, 0x00000000c9800000| Untracked 
| 133|0x00000000c9900000, 0x00000000c9900000, 0x00000000c9a00000|  0%| F|  |TAMS 0x00000000c9900000, 0x00000000c9900000| Untracked 
| 134|0x00000000c9a00000, 0x00000000c9a00000, 0x00000000c9b00000|  0%| F|  |TAMS 0x00000000c9a00000, 0x00000000c9a00000| Untracked 
| 135|0x00000000c9b00000, 0x00000000c9b00000, 0x00000000c9c00000|  0%| F|  |TAMS 0x00000000c9b00000, 0x00000000c9b00000| Untracked 
| 136|0x00000000c9c00000, 0x00000000c9c00000, 0x00000000c9d00000|  0%| F|  |TAMS 0x00000000c9c00000, 0x00000000c9c00000| Untracked 
| 137|0x00000000c9d00000, 0x00000000c9d00000, 0x00000000c9e00000|  0%| F|  |TAMS 0x00000000c9d00000, 0x00000000c9d00000| Untracked 
| 138|0x00000000c9e00000, 0x00000000c9e00000, 0x00000000c9f00000|  0%| F|  |TAMS 0x00000000c9e00000, 0x00000000c9e00000| Untracked 
| 139|0x00000000c9f00000, 0x00000000c9f00000, 0x00000000ca000000|  0%| F|  |TAMS 0x00000000c9f00000, 0x00000000c9f00000| Untracked 
| 140|0x00000000ca000000, 0x00000000ca000000, 0x00000000ca100000|  0%| F|  |TAMS 0x00000000ca000000, 0x00000000ca000000| Untracked 
| 141|0x00000000ca100000, 0x00000000ca100000, 0x00000000ca200000|  0%| F|  |TAMS 0x00000000ca100000, 0x00000000ca100000| Untracked 
| 142|0x00000000ca200000, 0x00000000ca200000, 0x00000000ca300000|  0%| F|  |TAMS 0x00000000ca200000, 0x00000000ca200000| Untracked 
| 143|0x00000000ca300000, 0x00000000ca300000, 0x00000000ca400000|  0%| F|  |TAMS 0x00000000ca300000, 0x00000000ca300000| Untracked 
| 144|0x00000000ca400000, 0x00000000ca400000, 0x00000000ca500000|  0%| F|  |TAMS 0x00000000ca400000, 0x00000000ca400000| Untracked 
| 145|0x00000000ca500000, 0x00000000ca500000, 0x00000000ca600000|  0%| F|  |TAMS 0x00000000ca500000, 0x00000000ca500000| Untracked 
| 146|0x00000000ca600000, 0x00000000ca600000, 0x00000000ca700000|  0%| F|  |TAMS 0x00000000ca600000, 0x00000000ca600000| Untracked 
| 147|0x00000000ca700000, 0x00000000ca700000, 0x00000000ca800000|  0%| F|  |TAMS 0x00000000ca700000, 0x00000000ca700000| Untracked 
| 148|0x00000000ca800000, 0x00000000ca800000, 0x00000000ca900000|  0%| F|  |TAMS 0x00000000ca800000, 0x00000000ca800000| Untracked 
| 149|0x00000000ca900000, 0x00000000ca900000, 0x00000000caa00000|  0%| F|  |TAMS 0x00000000ca900000, 0x00000000ca900000| Untracked 
| 150|0x00000000caa00000, 0x00000000caa00000, 0x00000000cab00000|  0%| F|  |TAMS 0x00000000caa00000, 0x00000000caa00000| Untracked 
| 151|0x00000000cab00000, 0x00000000cab00000, 0x00000000cac00000|  0%| F|  |TAMS 0x00000000cab00000, 0x00000000cab00000| Untracked 
| 152|0x00000000cac00000, 0x00000000cac00000, 0x00000000cad00000|  0%| F|  |TAMS 0x00000000cac00000, 0x00000000cac00000| Untracked 
| 153|0x00000000cad00000, 0x00000000cad00000, 0x00000000cae00000|  0%| F|  |TAMS 0x00000000cad00000, 0x00000000cad00000| Untracked 
| 154|0x00000000cae00000, 0x00000000cae00000, 0x00000000caf00000|  0%| F|  |TAMS 0x00000000cae00000, 0x00000000cae00000| Untracked 
| 155|0x00000000caf00000, 0x00000000caf00000, 0x00000000cb000000|  0%| F|  |TAMS 0x00000000caf00000, 0x00000000caf00000| Untracked 
| 156|0x00000000cb000000, 0x00000000cb000000, 0x00000000cb100000|  0%| F|  |TAMS 0x00000000cb000000, 0x00000000cb000000| Untracked 
| 157|0x00000000cb100000, 0x00000000cb100000, 0x00000000cb200000|  0%| F|  |TAMS 0x00000000cb100000, 0x00000000cb100000| Untracked 
| 158|0x00000000cb200000, 0x00000000cb200000, 0x00000000cb300000|  0%| F|  |TAMS 0x00000000cb200000, 0x00000000cb200000| Untracked 
| 159|0x00000000cb300000, 0x00000000cb300000, 0x00000000cb400000|  0%| F|  |TAMS 0x00000000cb300000, 0x00000000cb300000| Untracked 
| 160|0x00000000cb400000, 0x00000000cb400000, 0x00000000cb500000|  0%| F|  |TAMS 0x00000000cb400000, 0x00000000cb400000| Untracked 
| 161|0x00000000cb500000, 0x00000000cb500000, 0x00000000cb600000|  0%| F|  |TAMS 0x00000000cb500000, 0x00000000cb500000| Untracked 
| 162|0x00000000cb600000, 0x00000000cb600000, 0x00000000cb700000|  0%| F|  |TAMS 0x00000000cb600000, 0x00000000cb600000| Untracked 
| 163|0x00000000cb700000, 0x00000000cb700000, 0x00000000cb800000|  0%| F|  |TAMS 0x00000000cb700000, 0x00000000cb700000| Untracked 
| 164|0x00000000cb800000, 0x00000000cb800000, 0x00000000cb900000|  0%| F|  |TAMS 0x00000000cb800000, 0x00000000cb800000| Untracked 
| 165|0x00000000cb900000, 0x00000000cb900000, 0x00000000cba00000|  0%| F|  |TAMS 0x00000000cb900000, 0x00000000cb900000| Untracked 
| 166|0x00000000cba00000, 0x00000000cba00000, 0x00000000cbb00000|  0%| F|  |TAMS 0x00000000cba00000, 0x00000000cba00000| Untracked 
| 167|0x00000000cbb00000, 0x00000000cbb00000, 0x00000000cbc00000|  0%| F|  |TAMS 0x00000000cbb00000, 0x00000000cbb00000| Untracked 
| 168|0x00000000cbc00000, 0x00000000cbc00000, 0x00000000cbd00000|  0%| F|  |TAMS 0x00000000cbc00000, 0x00000000cbc00000| Untracked 
| 169|0x00000000cbd00000, 0x00000000cbd00000, 0x00000000cbe00000|  0%| F|  |TAMS 0x00000000cbd00000, 0x00000000cbd00000| Untracked 
| 170|0x00000000cbe00000, 0x00000000cbe00000, 0x00000000cbf00000|  0%| F|  |TAMS 0x00000000cbe00000, 0x00000000cbe00000| Untracked 
| 171|0x00000000cbf00000, 0x00000000cbf00000, 0x00000000cc000000|  0%| F|  |TAMS 0x00000000cbf00000, 0x00000000cbf00000| Untracked 
| 172|0x00000000cc000000, 0x00000000cc000000, 0x00000000cc100000|  0%| F|  |TAMS 0x00000000cc000000, 0x00000000cc000000| Untracked 
| 173|0x00000000cc100000, 0x00000000cc100000, 0x00000000cc200000|  0%| F|  |TAMS 0x00000000cc100000, 0x00000000cc100000| Untracked 
| 174|0x00000000cc200000, 0x00000000cc200000, 0x00000000cc300000|  0%| F|  |TAMS 0x00000000cc200000, 0x00000000cc200000| Untracked 
| 175|0x00000000cc300000, 0x00000000cc300000, 0x00000000cc400000|  0%| F|  |TAMS 0x00000000cc300000, 0x00000000cc300000| Untracked 
| 176|0x00000000cc400000, 0x00000000cc400000, 0x00000000cc500000|  0%| F|  |TAMS 0x00000000cc400000, 0x00000000cc400000| Untracked 
| 177|0x00000000cc500000, 0x00000000cc500000, 0x00000000cc600000|  0%| F|  |TAMS 0x00000000cc500000, 0x00000000cc500000| Untracked 
| 178|0x00000000cc600000, 0x00000000cc600000, 0x00000000cc700000|  0%| F|  |TAMS 0x00000000cc600000, 0x00000000cc600000| Untracked 
| 179|0x00000000cc700000, 0x00000000cc700000, 0x00000000cc800000|  0%| F|  |TAMS 0x00000000cc700000, 0x00000000cc700000| Untracked 
| 180|0x00000000cc800000, 0x00000000cc800000, 0x00000000cc900000|  0%| F|  |TAMS 0x00000000cc800000, 0x00000000cc800000| Untracked 
| 181|0x00000000cc900000, 0x00000000cc900000, 0x00000000cca00000|  0%| F|  |TAMS 0x00000000cc900000, 0x00000000cc900000| Untracked 
| 182|0x00000000cca00000, 0x00000000cca00000, 0x00000000ccb00000|  0%| F|  |TAMS 0x00000000cca00000, 0x00000000cca00000| Untracked 
| 183|0x00000000ccb00000, 0x00000000ccb00000, 0x00000000ccc00000|  0%| F|  |TAMS 0x00000000ccb00000, 0x00000000ccb00000| Untracked 
| 184|0x00000000ccc00000, 0x00000000ccc00000, 0x00000000ccd00000|  0%| F|  |TAMS 0x00000000ccc00000, 0x00000000ccc00000| Untracked 
| 185|0x00000000ccd00000, 0x00000000ccd00000, 0x00000000cce00000|  0%| F|  |TAMS 0x00000000ccd00000, 0x00000000ccd00000| Untracked 
| 186|0x00000000cce00000, 0x00000000cce00000, 0x00000000ccf00000|  0%| F|  |TAMS 0x00000000cce00000, 0x00000000cce00000| Untracked 
| 187|0x00000000ccf00000, 0x00000000ccf00000, 0x00000000cd000000|  0%| F|  |TAMS 0x00000000ccf00000, 0x00000000ccf00000| Untracked 
| 188|0x00000000cd000000, 0x00000000cd000000, 0x00000000cd100000|  0%| F|  |TAMS 0x00000000cd000000, 0x00000000cd000000| Untracked 
| 189|0x00000000cd100000, 0x00000000cd100000, 0x00000000cd200000|  0%| F|  |TAMS 0x00000000cd100000, 0x00000000cd100000| Untracked 
| 190|0x00000000cd200000, 0x00000000cd200000, 0x00000000cd300000|  0%| F|  |TAMS 0x00000000cd200000, 0x00000000cd200000| Untracked 
| 191|0x00000000cd300000, 0x00000000cd300000, 0x00000000cd400000|  0%| F|  |TAMS 0x00000000cd300000, 0x00000000cd300000| Untracked 
| 192|0x00000000cd400000, 0x00000000cd400000, 0x00000000cd500000|  0%| F|  |TAMS 0x00000000cd400000, 0x00000000cd400000| Untracked 
| 193|0x00000000cd500000, 0x00000000cd500000, 0x00000000cd600000|  0%| F|  |TAMS 0x00000000cd500000, 0x00000000cd500000| Untracked 
| 194|0x00000000cd600000, 0x00000000cd600000, 0x00000000cd700000|  0%| F|  |TAMS 0x00000000cd600000, 0x00000000cd600000| Untracked 
| 195|0x00000000cd700000, 0x00000000cd700000, 0x00000000cd800000|  0%| F|  |TAMS 0x00000000cd700000, 0x00000000cd700000| Untracked 
| 196|0x00000000cd800000, 0x00000000cd800000, 0x00000000cd900000|  0%| F|  |TAMS 0x00000000cd800000, 0x00000000cd800000| Untracked 
| 197|0x00000000cd900000, 0x00000000cd900000, 0x00000000cda00000|  0%| F|  |TAMS 0x00000000cd900000, 0x00000000cd900000| Untracked 
| 198|0x00000000cda00000, 0x00000000cda00000, 0x00000000cdb00000|  0%| F|  |TAMS 0x00000000cda00000, 0x00000000cda00000| Untracked 
| 199|0x00000000cdb00000, 0x00000000cdc00000, 0x00000000cdc00000|100%| O|  |TAMS 0x00000000cdc00000, 0x00000000cdc00000| Untracked 
| 200|0x00000000cdc00000, 0x00000000cdd00000, 0x00000000cdd00000|100%| O|  |TAMS 0x00000000cdd00000, 0x00000000cdd00000| Untracked 
| 201|0x00000000cdd00000, 0x00000000cde00000, 0x00000000cde00000|100%| O|  |TAMS 0x00000000cde00000, 0x00000000cde00000| Untracked 
| 202|0x00000000cde00000, 0x00000000cde00000, 0x00000000cdf00000|  0%| F|  |TAMS 0x00000000cde00000, 0x00000000cde00000| Untracked 
| 203|0x00000000cdf00000, 0x00000000cdf00000, 0x00000000ce000000|  0%| F|  |TAMS 0x00000000cdf00000, 0x00000000cdf00000| Untracked 
| 204|0x00000000ce000000, 0x00000000ce000000, 0x00000000ce100000|  0%| F|  |TAMS 0x00000000ce000000, 0x00000000ce000000| Untracked 
| 205|0x00000000ce100000, 0x00000000ce100000, 0x00000000ce200000|  0%| F|  |TAMS 0x00000000ce100000, 0x00000000ce100000| Untracked 
| 206|0x00000000ce200000, 0x00000000ce200000, 0x00000000ce300000|  0%| F|  |TAMS 0x00000000ce200000, 0x00000000ce200000| Untracked 
| 207|0x00000000ce300000, 0x00000000ce300000, 0x00000000ce400000|  0%| F|  |TAMS 0x00000000ce300000, 0x00000000ce300000| Untracked 
| 208|0x00000000ce400000, 0x00000000ce400000, 0x00000000ce500000|  0%| F|  |TAMS 0x00000000ce400000, 0x00000000ce400000| Untracked 
| 209|0x00000000ce500000, 0x00000000ce500000, 0x00000000ce600000|  0%| F|  |TAMS 0x00000000ce500000, 0x00000000ce500000| Untracked 
| 210|0x00000000ce600000, 0x00000000ce600000, 0x00000000ce700000|  0%| F|  |TAMS 0x00000000ce600000, 0x00000000ce600000| Untracked 
| 211|0x00000000ce700000, 0x00000000ce700000, 0x00000000ce800000|  0%| F|  |TAMS 0x00000000ce700000, 0x00000000ce700000| Untracked 
| 212|0x00000000ce800000, 0x00000000ce800000, 0x00000000ce900000|  0%| F|  |TAMS 0x00000000ce800000, 0x00000000ce800000| Untracked 
| 213|0x00000000ce900000, 0x00000000ce900000, 0x00000000cea00000|  0%| F|  |TAMS 0x00000000ce900000, 0x00000000ce900000| Untracked 
| 214|0x00000000cea00000, 0x00000000cea00000, 0x00000000ceb00000|  0%| F|  |TAMS 0x00000000cea00000, 0x00000000cea00000| Untracked 
| 215|0x00000000ceb00000, 0x00000000ceb00000, 0x00000000cec00000|  0%| F|  |TAMS 0x00000000ceb00000, 0x00000000ceb00000| Untracked 
| 216|0x00000000cec00000, 0x00000000cec00000, 0x00000000ced00000|  0%| F|  |TAMS 0x00000000cec00000, 0x00000000cec00000| Untracked 
| 217|0x00000000ced00000, 0x00000000ced00000, 0x00000000cee00000|  0%| F|  |TAMS 0x00000000ced00000, 0x00000000ced00000| Untracked 
| 218|0x00000000cee00000, 0x00000000cee00000, 0x00000000cef00000|  0%| F|  |TAMS 0x00000000cee00000, 0x00000000cee00000| Untracked 
| 219|0x00000000cef00000, 0x00000000cef00000, 0x00000000cf000000|  0%| F|  |TAMS 0x00000000cef00000, 0x00000000cef00000| Untracked 
| 220|0x00000000cf000000, 0x00000000cf000000, 0x00000000cf100000|  0%| F|  |TAMS 0x00000000cf000000, 0x00000000cf000000| Untracked 
| 221|0x00000000cf100000, 0x00000000cf100000, 0x00000000cf200000|  0%| F|  |TAMS 0x00000000cf100000, 0x00000000cf100000| Untracked 
| 222|0x00000000cf200000, 0x00000000cf200000, 0x00000000cf300000|  0%| F|  |TAMS 0x00000000cf200000, 0x00000000cf200000| Untracked 
| 223|0x00000000cf300000, 0x00000000cf300000, 0x00000000cf400000|  0%| F|  |TAMS 0x00000000cf300000, 0x00000000cf300000| Untracked 
| 224|0x00000000cf400000, 0x00000000cf400000, 0x00000000cf500000|  0%| F|  |TAMS 0x00000000cf400000, 0x00000000cf400000| Untracked 
| 225|0x00000000cf500000, 0x00000000cf500000, 0x00000000cf600000|  0%| F|  |TAMS 0x00000000cf500000, 0x00000000cf500000| Untracked 
| 226|0x00000000cf600000, 0x00000000cf600000, 0x00000000cf700000|  0%| F|  |TAMS 0x00000000cf600000, 0x00000000cf600000| Untracked 
| 227|0x00000000cf700000, 0x00000000cf700000, 0x00000000cf800000|  0%| F|  |TAMS 0x00000000cf700000, 0x00000000cf700000| Untracked 
| 228|0x00000000cf800000, 0x00000000cf800000, 0x00000000cf900000|  0%| F|  |TAMS 0x00000000cf800000, 0x00000000cf800000| Untracked 
| 229|0x00000000cf900000, 0x00000000cf900000, 0x00000000cfa00000|  0%| F|  |TAMS 0x00000000cf900000, 0x00000000cf900000| Untracked 
| 230|0x00000000cfa00000, 0x00000000cfa00000, 0x00000000cfb00000|  0%| F|  |TAMS 0x00000000cfa00000, 0x00000000cfa00000| Untracked 
| 231|0x00000000cfb00000, 0x00000000cfb00000, 0x00000000cfc00000|  0%| F|  |TAMS 0x00000000cfb00000, 0x00000000cfb00000| Untracked 
| 232|0x00000000cfc00000, 0x00000000cfc00000, 0x00000000cfd00000|  0%| F|  |TAMS 0x00000000cfc00000, 0x00000000cfc00000| Untracked 
| 233|0x00000000cfd00000, 0x00000000cfd00000, 0x00000000cfe00000|  0%| F|  |TAMS 0x00000000cfd00000, 0x00000000cfd00000| Untracked 
| 234|0x00000000cfe00000, 0x00000000cfe00000, 0x00000000cff00000|  0%| F|  |TAMS 0x00000000cfe00000, 0x00000000cfe00000| Untracked 
| 235|0x00000000cff00000, 0x00000000cff00000, 0x00000000d0000000|  0%| F|  |TAMS 0x00000000cff00000, 0x00000000cff00000| Untracked 
| 236|0x00000000d0000000, 0x00000000d0000000, 0x00000000d0100000|  0%| F|  |TAMS 0x00000000d0000000, 0x00000000d0000000| Untracked 
| 237|0x00000000d0100000, 0x00000000d0100000, 0x00000000d0200000|  0%| F|  |TAMS 0x00000000d0100000, 0x00000000d0100000| Untracked 
| 238|0x00000000d0200000, 0x00000000d0200000, 0x00000000d0300000|  0%| F|  |TAMS 0x00000000d0200000, 0x00000000d0200000| Untracked 
| 239|0x00000000d0300000, 0x00000000d0300000, 0x00000000d0400000|  0%| F|  |TAMS 0x00000000d0300000, 0x00000000d0300000| Untracked 
| 240|0x00000000d0400000, 0x00000000d0400000, 0x00000000d0500000|  0%| F|  |TAMS 0x00000000d0400000, 0x00000000d0400000| Untracked 
| 241|0x00000000d0500000, 0x00000000d0500000, 0x00000000d0600000|  0%| F|  |TAMS 0x00000000d0500000, 0x00000000d0500000| Untracked 
| 242|0x00000000d0600000, 0x00000000d0600000, 0x00000000d0700000|  0%| F|  |TAMS 0x00000000d0600000, 0x00000000d0600000| Untracked 
| 243|0x00000000d0700000, 0x00000000d0700000, 0x00000000d0800000|  0%| F|  |TAMS 0x00000000d0700000, 0x00000000d0700000| Untracked 
| 244|0x00000000d0800000, 0x00000000d0800000, 0x00000000d0900000|  0%| F|  |TAMS 0x00000000d0800000, 0x00000000d0800000| Untracked 
| 245|0x00000000d0900000, 0x00000000d0900000, 0x00000000d0a00000|  0%| F|  |TAMS 0x00000000d0900000, 0x00000000d0900000| Untracked 
| 246|0x00000000d0a00000, 0x00000000d0a00000, 0x00000000d0b00000|  0%| F|  |TAMS 0x00000000d0a00000, 0x00000000d0a00000| Untracked 
| 247|0x00000000d0b00000, 0x00000000d0b00000, 0x00000000d0c00000|  0%| F|  |TAMS 0x00000000d0b00000, 0x00000000d0b00000| Untracked 
| 248|0x00000000d0c00000, 0x00000000d0c00000, 0x00000000d0d00000|  0%| F|  |TAMS 0x00000000d0c00000, 0x00000000d0c00000| Untracked 
| 249|0x00000000d0d00000, 0x00000000d0d00000, 0x00000000d0e00000|  0%| F|  |TAMS 0x00000000d0d00000, 0x00000000d0d00000| Untracked 
| 250|0x00000000d0e00000, 0x00000000d0e00000, 0x00000000d0f00000|  0%| F|  |TAMS 0x00000000d0e00000, 0x00000000d0e00000| Untracked 
| 251|0x00000000d0f00000, 0x00000000d0f00000, 0x00000000d1000000|  0%| F|  |TAMS 0x00000000d0f00000, 0x00000000d0f00000| Untracked 
| 252|0x00000000d1000000, 0x00000000d1000000, 0x00000000d1100000|  0%| F|  |TAMS 0x00000000d1000000, 0x00000000d1000000| Untracked 
| 253|0x00000000d1100000, 0x00000000d1100000, 0x00000000d1200000|  0%| F|  |TAMS 0x00000000d1100000, 0x00000000d1100000| Untracked 
| 254|0x00000000d1200000, 0x00000000d1200000, 0x00000000d1300000|  0%| F|  |TAMS 0x00000000d1200000, 0x00000000d1200000| Untracked 
| 255|0x00000000d1300000, 0x00000000d1300000, 0x00000000d1400000|  0%| F|  |TAMS 0x00000000d1300000, 0x00000000d1300000| Untracked 
| 256|0x00000000d1400000, 0x00000000d1400000, 0x00000000d1500000|  0%| F|  |TAMS 0x00000000d1400000, 0x00000000d1400000| Untracked 
| 257|0x00000000d1500000, 0x00000000d1500000, 0x00000000d1600000|  0%| F|  |TAMS 0x00000000d1500000, 0x00000000d1500000| Untracked 
| 258|0x00000000d1600000, 0x00000000d1600000, 0x00000000d1700000|  0%| F|  |TAMS 0x00000000d1600000, 0x00000000d1600000| Untracked 
| 259|0x00000000d1700000, 0x00000000d1700000, 0x00000000d1800000|  0%| F|  |TAMS 0x00000000d1700000, 0x00000000d1700000| Untracked 
| 260|0x00000000d1800000, 0x00000000d1800000, 0x00000000d1900000|  0%| F|  |TAMS 0x00000000d1800000, 0x00000000d1800000| Untracked 
| 261|0x00000000d1900000, 0x00000000d1900000, 0x00000000d1a00000|  0%| F|  |TAMS 0x00000000d1900000, 0x00000000d1900000| Untracked 
| 262|0x00000000d1a00000, 0x00000000d1a00000, 0x00000000d1b00000|  0%| F|  |TAMS 0x00000000d1a00000, 0x00000000d1a00000| Untracked 
| 263|0x00000000d1b00000, 0x00000000d1b00000, 0x00000000d1c00000|  0%| F|  |TAMS 0x00000000d1b00000, 0x00000000d1b00000| Untracked 
| 264|0x00000000d1c00000, 0x00000000d1c00000, 0x00000000d1d00000|  0%| F|  |TAMS 0x00000000d1c00000, 0x00000000d1c00000| Untracked 
| 265|0x00000000d1d00000, 0x00000000d1d00000, 0x00000000d1e00000|  0%| F|  |TAMS 0x00000000d1d00000, 0x00000000d1d00000| Untracked 
| 266|0x00000000d1e00000, 0x00000000d1e00000, 0x00000000d1f00000|  0%| F|  |TAMS 0x00000000d1e00000, 0x00000000d1e00000| Untracked 
| 267|0x00000000d1f00000, 0x00000000d1f00000, 0x00000000d2000000|  0%| F|  |TAMS 0x00000000d1f00000, 0x00000000d1f00000| Untracked 
| 268|0x00000000d2000000, 0x00000000d2000000, 0x00000000d2100000|  0%| F|  |TAMS 0x00000000d2000000, 0x00000000d2000000| Untracked 
| 269|0x00000000d2100000, 0x00000000d2100000, 0x00000000d2200000|  0%| F|  |TAMS 0x00000000d2100000, 0x00000000d2100000| Untracked 
| 270|0x00000000d2200000, 0x00000000d2200000, 0x00000000d2300000|  0%| F|  |TAMS 0x00000000d2200000, 0x00000000d2200000| Untracked 
| 271|0x00000000d2300000, 0x00000000d2300000, 0x00000000d2400000|  0%| F|  |TAMS 0x00000000d2300000, 0x00000000d2300000| Untracked 
| 272|0x00000000d2400000, 0x00000000d2400000, 0x00000000d2500000|  0%| F|  |TAMS 0x00000000d2400000, 0x00000000d2400000| Untracked 
| 273|0x00000000d2500000, 0x00000000d2500000, 0x00000000d2600000|  0%| F|  |TAMS 0x00000000d2500000, 0x00000000d2500000| Untracked 
| 274|0x00000000d2600000, 0x00000000d2600000, 0x00000000d2700000|  0%| F|  |TAMS 0x00000000d2600000, 0x00000000d2600000| Untracked 
| 275|0x00000000d2700000, 0x00000000d2700000, 0x00000000d2800000|  0%| F|  |TAMS 0x00000000d2700000, 0x00000000d2700000| Untracked 
| 276|0x00000000d2800000, 0x00000000d2800000, 0x00000000d2900000|  0%| F|  |TAMS 0x00000000d2800000, 0x00000000d2800000| Untracked 
| 277|0x00000000d2900000, 0x00000000d2900000, 0x00000000d2a00000|  0%| F|  |TAMS 0x00000000d2900000, 0x00000000d2900000| Untracked 
| 278|0x00000000d2a00000, 0x00000000d2a00000, 0x00000000d2b00000|  0%| F|  |TAMS 0x00000000d2a00000, 0x00000000d2a00000| Untracked 
| 279|0x00000000d2b00000, 0x00000000d2b00000, 0x00000000d2c00000|  0%| F|  |TAMS 0x00000000d2b00000, 0x00000000d2b00000| Untracked 
| 280|0x00000000d2c00000, 0x00000000d2c00000, 0x00000000d2d00000|  0%| F|  |TAMS 0x00000000d2c00000, 0x00000000d2c00000| Untracked 
| 281|0x00000000d2d00000, 0x00000000d2d00000, 0x00000000d2e00000|  0%| F|  |TAMS 0x00000000d2d00000, 0x00000000d2d00000| Untracked 
| 282|0x00000000d2e00000, 0x00000000d2e00000, 0x00000000d2f00000|  0%| F|  |TAMS 0x00000000d2e00000, 0x00000000d2e00000| Untracked 
| 283|0x00000000d2f00000, 0x00000000d2f00000, 0x00000000d3000000|  0%| F|  |TAMS 0x00000000d2f00000, 0x00000000d2f00000| Untracked 
| 284|0x00000000d3000000, 0x00000000d3000000, 0x00000000d3100000|  0%| F|  |TAMS 0x00000000d3000000, 0x00000000d3000000| Untracked 
| 285|0x00000000d3100000, 0x00000000d3100000, 0x00000000d3200000|  0%| F|  |TAMS 0x00000000d3100000, 0x00000000d3100000| Untracked 
| 286|0x00000000d3200000, 0x00000000d3200000, 0x00000000d3300000|  0%| F|  |TAMS 0x00000000d3200000, 0x00000000d3200000| Untracked 
| 287|0x00000000d3300000, 0x00000000d3300000, 0x00000000d3400000|  0%| F|  |TAMS 0x00000000d3300000, 0x00000000d3300000| Untracked 
| 288|0x00000000d3400000, 0x00000000d3400000, 0x00000000d3500000|  0%| F|  |TAMS 0x00000000d3400000, 0x00000000d3400000| Untracked 
| 289|0x00000000d3500000, 0x00000000d3500000, 0x00000000d3600000|  0%| F|  |TAMS 0x00000000d3500000, 0x00000000d3500000| Untracked 
| 290|0x00000000d3600000, 0x00000000d3600000, 0x00000000d3700000|  0%| F|  |TAMS 0x00000000d3600000, 0x00000000d3600000| Untracked 
| 291|0x00000000d3700000, 0x00000000d3700000, 0x00000000d3800000|  0%| F|  |TAMS 0x00000000d3700000, 0x00000000d3700000| Untracked 
| 292|0x00000000d3800000, 0x00000000d3800000, 0x00000000d3900000|  0%| F|  |TAMS 0x00000000d3800000, 0x00000000d3800000| Untracked 
| 293|0x00000000d3900000, 0x00000000d3900000, 0x00000000d3a00000|  0%| F|  |TAMS 0x00000000d3900000, 0x00000000d3900000| Untracked 
| 294|0x00000000d3a00000, 0x00000000d3a00000, 0x00000000d3b00000|  0%| F|  |TAMS 0x00000000d3a00000, 0x00000000d3a00000| Untracked 
| 295|0x00000000d3b00000, 0x00000000d3b00000, 0x00000000d3c00000|  0%| F|  |TAMS 0x00000000d3b00000, 0x00000000d3b00000| Untracked 
| 296|0x00000000d3c00000, 0x00000000d3c00000, 0x00000000d3d00000|  0%| F|  |TAMS 0x00000000d3c00000, 0x00000000d3c00000| Untracked 
| 297|0x00000000d3d00000, 0x00000000d3d00000, 0x00000000d3e00000|  0%| F|  |TAMS 0x00000000d3d00000, 0x00000000d3d00000| Untracked 
| 298|0x00000000d3e00000, 0x00000000d3e00000, 0x00000000d3f00000|  0%| F|  |TAMS 0x00000000d3e00000, 0x00000000d3e00000| Untracked 
| 299|0x00000000d3f00000, 0x00000000d3f00000, 0x00000000d4000000|  0%| F|  |TAMS 0x00000000d3f00000, 0x00000000d3f00000| Untracked 
| 300|0x00000000d4000000, 0x00000000d4000000, 0x00000000d4100000|  0%| F|  |TAMS 0x00000000d4000000, 0x00000000d4000000| Untracked 
| 301|0x00000000d4100000, 0x00000000d4100000, 0x00000000d4200000|  0%| F|  |TAMS 0x00000000d4100000, 0x00000000d4100000| Untracked 
| 302|0x00000000d4200000, 0x00000000d4200000, 0x00000000d4300000|  0%| F|  |TAMS 0x00000000d4200000, 0x00000000d4200000| Untracked 
| 303|0x00000000d4300000, 0x00000000d4300000, 0x00000000d4400000|  0%| F|  |TAMS 0x00000000d4300000, 0x00000000d4300000| Untracked 
| 304|0x00000000d4400000, 0x00000000d4400000, 0x00000000d4500000|  0%| F|  |TAMS 0x00000000d4400000, 0x00000000d4400000| Untracked 
| 305|0x00000000d4500000, 0x00000000d4500000, 0x00000000d4600000|  0%| F|  |TAMS 0x00000000d4500000, 0x00000000d4500000| Untracked 
| 306|0x00000000d4600000, 0x00000000d4600000, 0x00000000d4700000|  0%| F|  |TAMS 0x00000000d4600000, 0x00000000d4600000| Untracked 
| 307|0x00000000d4700000, 0x00000000d4700000, 0x00000000d4800000|  0%| F|  |TAMS 0x00000000d4700000, 0x00000000d4700000| Untracked 
| 308|0x00000000d4800000, 0x00000000d4800000, 0x00000000d4900000|  0%| F|  |TAMS 0x00000000d4800000, 0x00000000d4800000| Untracked 
| 309|0x00000000d4900000, 0x00000000d4900000, 0x00000000d4a00000|  0%| F|  |TAMS 0x00000000d4900000, 0x00000000d4900000| Untracked 
| 310|0x00000000d4a00000, 0x00000000d4a00000, 0x00000000d4b00000|  0%| F|  |TAMS 0x00000000d4a00000, 0x00000000d4a00000| Untracked 
| 311|0x00000000d4b00000, 0x00000000d4b00000, 0x00000000d4c00000|  0%| F|  |TAMS 0x00000000d4b00000, 0x00000000d4b00000| Untracked 
| 312|0x00000000d4c00000, 0x00000000d4c00000, 0x00000000d4d00000|  0%| F|  |TAMS 0x00000000d4c00000, 0x00000000d4c00000| Untracked 
| 313|0x00000000d4d00000, 0x00000000d4d00000, 0x00000000d4e00000|  0%| F|  |TAMS 0x00000000d4d00000, 0x00000000d4d00000| Untracked 
| 314|0x00000000d4e00000, 0x00000000d4e00000, 0x00000000d4f00000|  0%| F|  |TAMS 0x00000000d4e00000, 0x00000000d4e00000| Untracked 
| 315|0x00000000d4f00000, 0x00000000d4f00000, 0x00000000d5000000|  0%| F|  |TAMS 0x00000000d4f00000, 0x00000000d4f00000| Untracked 
| 316|0x00000000d5000000, 0x00000000d5000000, 0x00000000d5100000|  0%| F|  |TAMS 0x00000000d5000000, 0x00000000d5000000| Untracked 
| 317|0x00000000d5100000, 0x00000000d5100000, 0x00000000d5200000|  0%| F|  |TAMS 0x00000000d5100000, 0x00000000d5100000| Untracked 
| 318|0x00000000d5200000, 0x00000000d5200000, 0x00000000d5300000|  0%| F|  |TAMS 0x00000000d5200000, 0x00000000d5200000| Untracked 
| 319|0x00000000d5300000, 0x00000000d5300000, 0x00000000d5400000|  0%| F|  |TAMS 0x00000000d5300000, 0x00000000d5300000| Untracked 
| 320|0x00000000d5400000, 0x00000000d5400000, 0x00000000d5500000|  0%| F|  |TAMS 0x00000000d5400000, 0x00000000d5400000| Untracked 
| 321|0x00000000d5500000, 0x00000000d5500000, 0x00000000d5600000|  0%| F|  |TAMS 0x00000000d5500000, 0x00000000d5500000| Untracked 
| 322|0x00000000d5600000, 0x00000000d5600000, 0x00000000d5700000|  0%| F|  |TAMS 0x00000000d5600000, 0x00000000d5600000| Untracked 
| 323|0x00000000d5700000, 0x00000000d5700000, 0x00000000d5800000|  0%| F|  |TAMS 0x00000000d5700000, 0x00000000d5700000| Untracked 
| 324|0x00000000d5800000, 0x00000000d5800000, 0x00000000d5900000|  0%| F|  |TAMS 0x00000000d5800000, 0x00000000d5800000| Untracked 
| 325|0x00000000d5900000, 0x00000000d5900000, 0x00000000d5a00000|  0%| F|  |TAMS 0x00000000d5900000, 0x00000000d5900000| Untracked 
| 326|0x00000000d5a00000, 0x00000000d5a00000, 0x00000000d5b00000|  0%| F|  |TAMS 0x00000000d5a00000, 0x00000000d5a00000| Untracked 
| 327|0x00000000d5b00000, 0x00000000d5b00000, 0x00000000d5c00000|  0%| F|  |TAMS 0x00000000d5b00000, 0x00000000d5b00000| Untracked 
| 516|0x00000000e1800000, 0x00000000e1800000, 0x00000000e1900000|  0%| F|  |TAMS 0x00000000e1800000, 0x00000000e1800000| Untracked 

Card table byte_map: [0x000001c16fc50000,0x000001c16fe50000] _byte_map_base: 0x000001c16f646000

Marking Bits (Prev, Next): (CMBitMap*) 0x000001c1573f1380, (CMBitMap*) 0x000001c1573f13c0
 Prev Bits: [0x000001c170050000, 0x000001c171000000)
 Next Bits: [0x000001c171000000, 0x000001c171fb0000)

Polling page: 0x000001c157480000

Metaspace:

Usage:
  Non-class:     35.73 MB used.
      Class:      4.31 MB used.
       Both:     40.04 MB used.

Virtual space:
  Non-class space:       40.00 MB reserved,      35.88 MB ( 90%) committed,  5 nodes.
      Class space:        1.00 GB reserved,       4.44 MB ( <1%) committed,  1 nodes.
             Both:        1.04 GB reserved,      40.31 MB (  4%) committed. 

Chunk freelists:
   Non-Class:  1.00 KB
       Class:  3.48 MB
        Both:  3.48 MB

MaxMetaspaceSize: unlimited
CompressedClassSpaceSize: 1.00 GB
Initial GC threshold: 21.00 MB
Current GC threshold: 67.19 MB
CDS: on
MetaspaceReclaimPolicy: balanced
 - commit_granule_bytes: 65536.
 - commit_granule_words: 8192.
 - virtual_space_node_default_size: 1048576.
 - enlarge_chunks_in_place: 1.
 - new_chunks_are_fully_committed: 0.
 - uncommit_free_chunks: 1.
 - use_allocation_guard: 0.
 - handle_deallocations: 1.


Internal statistics:

num_allocs_failed_limit: 3.
num_arena_births: 352.
num_arena_deaths: 72.
num_vsnodes_births: 6.
num_vsnodes_deaths: 0.
num_space_committed: 645.
num_space_uncommitted: 0.
num_chunks_returned_to_freelist: 88.
num_chunks_taken_from_freelist: 1546.
num_chunk_merges: 28.
num_chunk_splits: 1019.
num_chunks_enlarged: 759.
num_purges: 4.
num_inconsistent_stats: 0.

CodeHeap 'non-profiled nmethods': size=120000Kb used=12026Kb max_used=12026Kb free=107973Kb
 bounds [0x000001c167ef0000, 0x000001c168ab0000, 0x000001c16f420000]
CodeHeap 'profiled nmethods': size=120000Kb used=18646Kb max_used=18871Kb free=101353Kb
 bounds [0x000001c160420000, 0x000001c1616b0000, 0x000001c167950000]
CodeHeap 'non-nmethods': size=5760Kb used=1331Kb max_used=1401Kb free=4428Kb
 bounds [0x000001c167950000, 0x000001c167bc0000, 0x000001c167ef0000]
 total_blobs=10866 nmethods=10210 adapters=568
 compilation: enabled
              stopped_count=0, restarted_count=0
 full_count=0

Compilation events (20 events):
Event: 30612.456 Thread 0x000001c174555640 nmethod 14298 0x000001c168aa8510 code [0x000001c168aa86c0, 0x000001c168aa8ed8]
Event: 30612.456 Thread 0x000001c174555640 14301       4       org.apache.xmlbeans.impl.store.Cur::toParent (6 bytes)
Event: 30612.458 Thread 0x000001c174555640 nmethod 14301 0x000001c168aa9390 code [0x000001c168aa9520, 0x000001c168aa9668]
Event: 30612.458 Thread 0x000001c174555640 14315   !   4       org.apache.xmlbeans.impl.values.XmlObjectBase::update_from_wscanon_text (150 bytes)
Event: 30612.460 Thread 0x000001c174555640 nmethod 14315 0x000001c168aa9810 code [0x000001c168aa99a0, 0x000001c168aa9cd8]
Event: 30612.460 Thread 0x000001c174555640 14324       4       org.apache.xmlbeans.impl.store.Cur::createAttr (17 bytes)
Event: 30612.462 Thread 0x000001c174555640 nmethod 14324 0x000001c168aa9e10 code [0x000001c168aa9fa0, 0x000001c168aaa248]
Event: 30612.462 Thread 0x000001c174555640 14325       4       org.apache.xmlbeans.impl.schema.SchemaTypeImpl::createAttributeType (135 bytes)
Event: 30612.464 Thread 0x000001c174555640 nmethod 14325 0x000001c168aaa310 code [0x000001c168aaa4c0, 0x000001c168aaa738]
Event: 30612.464 Thread 0x000001c174555640 14316       4       org.apache.xmlbeans.impl.store.Xobj::setAttr (69 bytes)
Event: 30612.475 Thread 0x000001c174555640 nmethod 14316 0x000001c168aaaa90 code [0x000001c168aaaca0, 0x000001c168aab640]
Event: 30612.475 Thread 0x000001c174555640 14318   !   4       org.apache.xmlbeans.impl.store.Xobj::add_attribute_user (53 bytes)
Event: 30612.492 Thread 0x000001c174555640 nmethod 14318 0x000001c168aabd90 code [0x000001c168aabfe0, 0x000001c168aacdc8]
Event: 30612.492 Thread 0x000001c174555640 14319       4       org.apache.xmlbeans.impl.store.Cur::toAttr (43 bytes)
Event: 30612.496 Thread 0x000001c174555640 nmethod 14319 0x000001c168aad890 code [0x000001c168aada20, 0x000001c168aade78]
Event: 30612.496 Thread 0x000001c174555640 14320       4       org.apache.xmlbeans.impl.store.Cur::setValue (43 bytes)
Event: 30612.498 Thread 0x000001c174555640 nmethod 14320 0x000001c168aae090 code [0x000001c168aae240, 0x000001c168aae430]
Event: 30612.498 Thread 0x000001c174555640 14317       4       org.apache.xmlbeans.impl.store.CharUtil::insertChars (366 bytes)
Event: 30612.499 Thread 0x000001c174555640 nmethod 14317 0x000001c168aae710 code [0x000001c168aae880, 0x000001c168aae978]
Event: 30612.499 Thread 0x000001c174555640 14326   !   4       org.apache.xmlbeans.impl.values.XmlObjectBase::setStringValue (38 bytes)

GC Heap History (20 events):
Event: 29718.586 GC heap after
{Heap after GC invocations=198 (full 0):
 garbage-first heap   total 226304K, used 69893K [0x00000000c1400000, 0x0000000100000000)
  region size 1024K, 1 young (1024K), 1 survivors (1024K)
 Metaspace       used 34675K, committed 34944K, reserved 1081344K
  class space    used 3637K, committed 3776K, reserved 1048576K
}
Event: 30107.175 GC heap before
{Heap before GC invocations=198 (full 0):
 garbage-first heap   total 226304K, used 200965K [0x00000000c1400000, 0x0000000100000000)
  region size 1024K, 129 young (132096K), 1 survivors (1024K)
 Metaspace       used 34677K, committed 34944K, reserved 1081344K
  class space    used 3637K, committed 3776K, reserved 1048576K
}
Event: 30107.295 GC heap after
{Heap after GC invocations=199 (full 0):
 garbage-first heap   total 226304K, used 70091K [0x00000000c1400000, 0x0000000100000000)
  region size 1024K, 1 young (1024K), 1 survivors (1024K)
 Metaspace       used 34677K, committed 34944K, reserved 1081344K
  class space    used 3637K, committed 3776K, reserved 1048576K
}
Event: 30459.877 GC heap before
{Heap before GC invocations=200 (full 0):
 garbage-first heap   total 226304K, used 200139K [0x00000000c1400000, 0x0000000100000000)
  region size 1024K, 129 young (132096K), 1 survivors (1024K)
 Metaspace       used 34681K, committed 34944K, reserved 1081344K
  class space    used 3637K, committed 3776K, reserved 1048576K
}
Event: 30459.978 GC heap after
{Heap after GC invocations=201 (full 0):
 garbage-first heap   total 226304K, used 70035K [0x00000000c1400000, 0x0000000100000000)
  region size 1024K, 1 young (1024K), 1 survivors (1024K)
 Metaspace       used 34681K, committed 34944K, reserved 1081344K
  class space    used 3637K, committed 3776K, reserved 1048576K
}
Event: 30573.267 GC heap before
{Heap before GC invocations=201 (full 0):
 garbage-first heap   total 226304K, used 80275K [0x00000000c1400000, 0x0000000100000000)
  region size 1024K, 11 young (11264K), 1 survivors (1024K)
 Metaspace       used 34681K, committed 34944K, reserved 1081344K
  class space    used 3637K, committed 3776K, reserved 1048576K
}
Event: 30573.389 GC heap after
{Heap after GC invocations=202 (full 0):
 garbage-first heap   total 226304K, used 69373K [0x00000000c1400000, 0x0000000100000000)
  region size 1024K, 1 young (1024K), 1 survivors (1024K)
 Metaspace       used 34681K, committed 34944K, reserved 1081344K
  class space    used 3637K, committed 3776K, reserved 1048576K
}
Event: 30610.289 GC heap before
{Heap before GC invocations=202 (full 0):
 garbage-first heap   total 226304K, used 201469K [0x00000000c1400000, 0x0000000100000000)
  region size 1024K, 130 young (133120K), 1 survivors (1024K)
 Metaspace       used 40950K, committed 41280K, reserved 1089536K
  class space    used 4409K, committed 4544K, reserved 1048576K
}
Event: 30610.358 GC heap after
{Heap after GC invocations=203 (full 0):
 garbage-first heap   total 226304K, used 75717K [0x00000000c1400000, 0x0000000100000000)
  region size 1024K, 7 young (7168K), 7 survivors (7168K)
 Metaspace       used 40950K, committed 41280K, reserved 1089536K
  class space    used 4409K, committed 4544K, reserved 1048576K
}
Event: 30610.985 GC heap before
{Heap before GC invocations=204 (full 0):
 garbage-first heap   total 226304K, used 186309K [0x00000000c1400000, 0x0000000100000000)
  region size 1024K, 115 young (117760K), 7 survivors (7168K)
 Metaspace       used 40975K, committed 41280K, reserved 1089536K
  class space    used 4409K, committed 4544K, reserved 1048576K
}
Event: 30611.008 GC heap after
{Heap after GC invocations=205 (full 0):
 garbage-first heap   total 226304K, used 82768K [0x00000000c1400000, 0x0000000100000000)
  region size 1024K, 14 young (14336K), 14 survivors (14336K)
 Metaspace       used 40975K, committed 41280K, reserved 1089536K
  class space    used 4409K, committed 4544K, reserved 1048576K
}
Event: 30611.013 GC heap before
{Heap before GC invocations=205 (full 0):
 garbage-first heap   total 226304K, used 83792K [0x00000000c1400000, 0x0000000100000000)
  region size 1024K, 15 young (15360K), 14 survivors (14336K)
 Metaspace       used 40975K, committed 41280K, reserved 1089536K
  class space    used 4409K, committed 4544K, reserved 1048576K
}
Event: 30611.214 GC heap after
{Heap after GC invocations=206 (full 0):
 garbage-first heap   total 226304K, used 83837K [0x00000000c1400000, 0x0000000100000000)
  region size 1024K, 2 young (2048K), 2 survivors (2048K)
 Metaspace       used 40975K, committed 41280K, reserved 1089536K
  class space    used 4409K, committed 4544K, reserved 1048576K
}
Event: 30611.700 GC heap before
{Heap before GC invocations=206 (full 0):
 garbage-first heap   total 226304K, used 191357K [0x00000000c1400000, 0x0000000100000000)
  region size 1024K, 107 young (109568K), 2 survivors (2048K)
 Metaspace       used 40976K, committed 41280K, reserved 1089536K
  class space    used 4409K, committed 4544K, reserved 1048576K
}
Event: 30611.709 GC heap after
{Heap after GC invocations=207 (full 0):
 garbage-first heap   total 226304K, used 88811K [0x00000000c1400000, 0x0000000100000000)
  region size 1024K, 7 young (7168K), 7 survivors (7168K)
 Metaspace       used 40976K, committed 41280K, reserved 1089536K
  class space    used 4409K, committed 4544K, reserved 1048576K
}
Event: 30612.153 GC heap before
{Heap before GC invocations=208 (full 0):
 garbage-first heap   total 226304K, used 189163K [0x00000000c1400000, 0x0000000100000000)
  region size 1024K, 105 young (107520K), 7 survivors (7168K)
 Metaspace       used 40995K, committed 41280K, reserved 1089536K
  class space    used 4410K, committed 4544K, reserved 1048576K
}
Event: 30612.169 GC heap after
{Heap after GC invocations=209 (full 0):
 garbage-first heap   total 226304K, used 95101K [0x00000000c1400000, 0x0000000100000000)
  region size 1024K, 13 young (13312K), 13 survivors (13312K)
 Metaspace       used 40995K, committed 41280K, reserved 1089536K
  class space    used 4410K, committed 4544K, reserved 1048576K
}
Event: 30612.174 GC heap before
{Heap before GC invocations=209 (full 0):
 garbage-first heap   total 226304K, used 96125K [0x00000000c1400000, 0x0000000100000000)
  region size 1024K, 14 young (14336K), 13 survivors (13312K)
 Metaspace       used 40995K, committed 41280K, reserved 1089536K
  class space    used 4410K, committed 4544K, reserved 1048576K
}
Event: 30612.224 GC heap after
{Heap after GC invocations=210 (full 0):
 garbage-first heap   total 226304K, used 96108K [0x00000000c1400000, 0x0000000100000000)
  region size 1024K, 2 young (2048K), 2 survivors (2048K)
 Metaspace       used 40995K, committed 41280K, reserved 1089536K
  class space    used 4410K, committed 4544K, reserved 1048576K
}
Event: 30612.536 GC heap before
{Heap before GC invocations=210 (full 0):
 garbage-first heap   total 226304K, used 189292K [0x00000000c1400000, 0x0000000100000000)
  region size 1024K, 93 young (95232K), 2 survivors (2048K)
 Metaspace       used 40995K, committed 41280K, reserved 1089536K
  class space    used 4410K, committed 4544K, reserved 1048576K
}

Deoptimization events (20 events):
Event: 30611.406 Thread 0x000001c1573b2ba0 Uncommon trap: trap_request=0xffffffde fr.pc=0x000001c168a14f10 relative=0x00000000000025b0
Event: 30611.406 Thread 0x000001c1573b2ba0 Uncommon trap: reason=class_check action=maybe_recompile pc=0x000001c168a14f10 method=org.apache.xmlbeans.impl.values.XmlObjectBase.check_dated()V @ 118 c2
Event: 30611.406 Thread 0x000001c1573b2ba0 DEOPT PACKING pc=0x000001c168a14f10 sp=0x00000025d3ffec80
Event: 30611.406 Thread 0x000001c1573b2ba0 DEOPT UNPACKING pc=0x000001c1679a23a3 sp=0x00000025d3ffec80 mode 2
Event: 30611.408 Thread 0x000001c1573b2ba0 Uncommon trap: trap_request=0xffffffde fr.pc=0x000001c168a14f10 relative=0x00000000000025b0
Event: 30611.408 Thread 0x000001c1573b2ba0 Uncommon trap: reason=class_check action=maybe_recompile pc=0x000001c168a14f10 method=org.apache.xmlbeans.impl.values.XmlObjectBase.check_dated()V @ 118 c2
Event: 30611.408 Thread 0x000001c1573b2ba0 DEOPT PACKING pc=0x000001c168a14f10 sp=0x00000025d3ffec80
Event: 30611.408 Thread 0x000001c1573b2ba0 DEOPT UNPACKING pc=0x000001c1679a23a3 sp=0x00000025d3ffec80 mode 2
Event: 30611.409 Thread 0x000001c1573b2ba0 Uncommon trap: trap_request=0xffffffde fr.pc=0x000001c168a14f10 relative=0x00000000000025b0
Event: 30611.409 Thread 0x000001c1573b2ba0 Uncommon trap: reason=class_check action=maybe_recompile pc=0x000001c168a14f10 method=org.apache.xmlbeans.impl.values.XmlObjectBase.check_dated()V @ 118 c2
Event: 30611.409 Thread 0x000001c1573b2ba0 DEOPT PACKING pc=0x000001c168a14f10 sp=0x00000025d3ffec80
Event: 30611.409 Thread 0x000001c1573b2ba0 DEOPT UNPACKING pc=0x000001c1679a23a3 sp=0x00000025d3ffec80 mode 2
Event: 30611.410 Thread 0x000001c1573b2ba0 Uncommon trap: trap_request=0xffffffde fr.pc=0x000001c168a14f10 relative=0x00000000000025b0
Event: 30611.410 Thread 0x000001c1573b2ba0 Uncommon trap: reason=class_check action=maybe_recompile pc=0x000001c168a14f10 method=org.apache.xmlbeans.impl.values.XmlObjectBase.check_dated()V @ 118 c2
Event: 30611.410 Thread 0x000001c1573b2ba0 DEOPT PACKING pc=0x000001c168a14f10 sp=0x00000025d3ffec80
Event: 30611.411 Thread 0x000001c1573b2ba0 DEOPT UNPACKING pc=0x000001c1679a23a3 sp=0x00000025d3ffec80 mode 2
Event: 30611.630 Thread 0x000001c1573b2ba0 Uncommon trap: trap_request=0xffffff45 fr.pc=0x000001c1686c95f0 relative=0x0000000000000bd0
Event: 30611.630 Thread 0x000001c1573b2ba0 Uncommon trap: reason=unstable_if action=reinterpret pc=0x000001c1686c95f0 method=org.apache.xmlbeans.impl.store.Saver$TextSaver.entitizeContent(Z)V @ 95 c2
Event: 30611.630 Thread 0x000001c1573b2ba0 DEOPT PACKING pc=0x000001c1686c95f0 sp=0x00000025d3ffea90
Event: 30611.630 Thread 0x000001c1573b2ba0 DEOPT UNPACKING pc=0x000001c1679a23a3 sp=0x00000025d3ffea08 mode 2

Classes unloaded (20 events):
Event: 2172.065 Thread 0x000001c1574694c0 Unloading class 0x0000000800e7c400 'java/lang/invoke/LambdaForm$MH+0x0000000800e7c400'
Event: 2172.065 Thread 0x000001c1574694c0 Unloading class 0x0000000800e1f400 'java/lang/invoke/LambdaForm$MH+0x0000000800e1f400'
Event: 2172.065 Thread 0x000001c1574694c0 Unloading class 0x0000000800e1f000 'java/lang/invoke/LambdaForm$MH+0x0000000800e1f000'
Event: 2172.065 Thread 0x000001c1574694c0 Unloading class 0x0000000800e1ec00 'java/lang/invoke/LambdaForm$MH+0x0000000800e1ec00'
Event: 2172.065 Thread 0x000001c1574694c0 Unloading class 0x0000000800e1e000 'java/lang/invoke/LambdaForm$MH+0x0000000800e1e000'
Event: 2172.066 Thread 0x000001c1574694c0 Unloading class 0x0000000800e1d800 'java/lang/invoke/LambdaForm$MH+0x0000000800e1d800'
Event: 2172.066 Thread 0x000001c1574694c0 Unloading class 0x0000000800e1c400 'java/lang/invoke/LambdaForm$MH+0x0000000800e1c400'
Event: 2172.066 Thread 0x000001c1574694c0 Unloading class 0x0000000800e1c000 'java/lang/invoke/LambdaForm$MH+0x0000000800e1c000'
Event: 2172.067 Thread 0x000001c1574694c0 Unloading class 0x0000000800da5000 'java/lang/invoke/LambdaForm$DMH+0x0000000800da5000'
Event: 2172.067 Thread 0x000001c1574694c0 Unloading class 0x0000000800d99400 'java/lang/invoke/LambdaForm$MH+0x0000000800d99400'
Event: 2172.067 Thread 0x000001c1574694c0 Unloading class 0x0000000800d99000 'java/lang/invoke/LambdaForm$MH+0x0000000800d99000'
Event: 2172.068 Thread 0x000001c1574694c0 Unloading class 0x0000000800d98c00 'java/lang/invoke/LambdaForm$MH+0x0000000800d98c00'
Event: 2172.068 Thread 0x000001c1574694c0 Unloading class 0x0000000800d98800 'java/lang/invoke/LambdaForm$MH+0x0000000800d98800'
Event: 2172.068 Thread 0x000001c1574694c0 Unloading class 0x0000000800d98400 'java/lang/invoke/LambdaForm$MH+0x0000000800d98400'
Event: 2172.068 Thread 0x000001c1574694c0 Unloading class 0x0000000800d98000 'java/lang/invoke/LambdaForm$MH+0x0000000800d98000'
Event: 2172.068 Thread 0x000001c1574694c0 Unloading class 0x0000000800d5ac00 'java/lang/invoke/LambdaForm$MH+0x0000000800d5ac00'
Event: 2172.068 Thread 0x000001c1574694c0 Unloading class 0x0000000800d5a800 'java/lang/invoke/LambdaForm$MH+0x0000000800d5a800'
Event: 2172.068 Thread 0x000001c1574694c0 Unloading class 0x0000000800d5a400 'java/lang/invoke/LambdaForm$MH+0x0000000800d5a400'
Event: 2172.068 Thread 0x000001c1574694c0 Unloading class 0x0000000800d5a000 'java/lang/invoke/LambdaForm$MH+0x0000000800d5a000'
Event: 2172.068 Thread 0x000001c1574694c0 Unloading class 0x0000000800c04000 'java/lang/invoke/LambdaForm$MH+0x0000000800c04000'

Classes redefined (0 events):
No events

Internal exceptions (20 events):
Event: 30392.037 Thread 0x000001c1573b2ba0 Exception <a 'java/net/SocketException'{0x00000000c777d8c0}: Socket is not connected: shutdown> (0x00000000c777d8c0) 
thrown [s\open\src\hotspot\share\prims\jni.cpp, line 535]
Event: 30393.074 Thread 0x000001c1763282a0 Exception <a 'java/net/ConnectException'{0x00000000c77b8da8}: Connection refused: no further information> (0x00000000c77b8da8) 
thrown [s\open\src\hotspot\share\prims\jni.cpp, line 535]
Event: 30393.074 Thread 0x000001c1763282a0 Exception <a 'java/net/SocketException'{0x00000000c77b90c8}: Socket is not connected: shutdown> (0x00000000c77b90c8) 
thrown [s\open\src\hotspot\share\prims\jni.cpp, line 535]
Event: 30393.087 Thread 0x000001c1763282a0 Exception <a 'java/net/ConnectException'{0x00000000c77b9f28}: Connection refused: no further information> (0x00000000c77b9f28) 
thrown [s\open\src\hotspot\share\prims\jni.cpp, line 535]
Event: 30393.087 Thread 0x000001c1763282a0 Exception <a 'java/net/SocketException'{0x00000000c77ba248}: Socket is not connected: shutdown> (0x00000000c77ba248) 
thrown [s\open\src\hotspot\share\prims\jni.cpp, line 535]
Event: 30453.175 Thread 0x000001c1763282a0 Implicit null exception at 0x000001c168991140 to 0x000001c1689929fc
Event: 30581.232 Thread 0x000001c177d27870 Implicit null exception at 0x000001c1684a03c0 to 0x000001c1684a0dd8
Event: 30581.265 Thread 0x000001c177d27870 Implicit null exception at 0x000001c1686b1b44 to 0x000001c1686b256c
Event: 30607.775 Thread 0x000001c1573b2ba0 Implicit null exception at 0x000001c16826d760 to 0x000001c16826d828
Event: 30607.803 Thread 0x000001c1573b2ba0 Implicit null exception at 0x000001c16856f2c0 to 0x000001c16856f406
Event: 30607.805 Thread 0x000001c1573b2ba0 Implicit null exception at 0x000001c1686e5a97 to 0x000001c1686e5bea
Event: 30607.830 Thread 0x000001c1573b2ba0 Exception <a 'java/lang/NoSuchMethodError'{0x00000000d53d7750}: 'java.lang.Object java.lang.invoke.DirectMethodHandle$Holder.invokeStatic(java.lang.Object, java.lang.Object, int, int)'> (0x00000000d53d7750) 
thrown [s\open\src\hotspot\share\interpreter\linkResolver.cpp, line 759]
Event: 30607.837 Thread 0x000001c1573b2ba0 Exception <a 'java/lang/NoSuchMethodError'{0x00000000d53daf20}: 'java.lang.Object java.lang.invoke.DirectMethodHandle$Holder.invokeStaticInit(java.lang.Object, java.lang.Object, int, int)'> (0x00000000d53daf20) 
thrown [s\open\src\hotspot\share\interpreter\linkResolver.cpp, line 759]
Event: 30607.984 Thread 0x000001c1573b2ba0 Implicit null exception at 0x000001c167f15fe0 to 0x000001c167f1607a
Event: 30608.154 Thread 0x000001c1573b2ba0 Implicit null exception at 0x000001c1688d1a77 to 0x000001c1688d2424
Event: 30608.273 Thread 0x000001c1573b2ba0 Exception <a 'java/lang/NoSuchMethodError'{0x00000000ce142be8}: 'java.lang.Object java.lang.invoke.DirectMethodHandle$Holder.newInvokeSpecial(java.lang.Object, java.lang.Object, int, java.lang.Object)'> (0x00000000ce142be8) 
thrown [s\open\src\hotspot\share\interpreter\linkResolver.cpp, line 759]
Event: 30608.275 Thread 0x000001c1573b2ba0 Exception <a 'java/lang/NoSuchMethodError'{0x00000000ce1469a0}: 'java.lang.Object java.lang.invoke.DirectMethodHandle$Holder.invokeSpecial(java.lang.Object, java.lang.Object, java.lang.Object, int, java.lang.Object)'> (0x00000000ce1469a0) 
thrown [s\open\src\hotspot\share\interpreter\linkResolver.cpp, line 759]
Event: 30608.276 Thread 0x000001c1573b2ba0 Exception <a 'java/lang/NoSuchMethodError'{0x00000000ce14a378}: 'java.lang.Object java.lang.invoke.Invokers$Holder.linkToTargetMethod(java.lang.Object, int, java.lang.Object, java.lang.Object)'> (0x00000000ce14a378) 
thrown [s\open\src\hotspot\share\interpreter\linkResolver.cpp, line 759]
Event: 30608.711 Thread 0x000001c1573b2ba0 Implicit null exception at 0x000001c1685d5480 to 0x000001c1685d55e0
Event: 30609.177 Thread 0x000001c1573b2ba0 Exception <a 'java/lang/NoSuchMethodError'{0x00000000cad54960}: 'int java.lang.invoke.DirectMethodHandle$Holder.invokeStaticInit(java.lang.Object, java.lang.Object, java.lang.Object)'> (0x00000000cad54960) 
thrown [s\open\src\hotspot\share\interpreter\linkResolver.cpp, line 759]

VM Operations (20 events):
Event: 30610.358 Executing VM operation: G1CollectForAllocation done
Event: 30610.702 Executing VM operation: G1Concurrent
Event: 30610.714 Executing VM operation: G1Concurrent done
Event: 30610.731 Executing VM operation: G1Concurrent
Event: 30610.731 Executing VM operation: G1Concurrent done
Event: 30610.985 Executing VM operation: G1CollectForAllocation
Event: 30611.008 Executing VM operation: G1CollectForAllocation done
Event: 30611.013 Executing VM operation: G1CollectForAllocation
Event: 30611.214 Executing VM operation: G1CollectForAllocation done
Event: 30611.700 Executing VM operation: G1CollectForAllocation
Event: 30611.710 Executing VM operation: G1CollectForAllocation done
Event: 30611.776 Executing VM operation: G1Concurrent
Event: 30611.782 Executing VM operation: G1Concurrent done
Event: 30611.816 Executing VM operation: G1Concurrent
Event: 30611.817 Executing VM operation: G1Concurrent done
Event: 30612.153 Executing VM operation: G1CollectForAllocation
Event: 30612.169 Executing VM operation: G1CollectForAllocation done
Event: 30612.174 Executing VM operation: G1CollectForAllocation
Event: 30612.224 Executing VM operation: G1CollectForAllocation done
Event: 30612.536 Executing VM operation: G1CollectForAllocation

Events (20 events):
Event: 30609.268 Thread 0x000001c1745cbec0 flushing nmethod 0x000001c1613f6e90
Event: 30609.268 Thread 0x000001c1745cbec0 flushing nmethod 0x000001c1613f8b90
Event: 30609.268 Thread 0x000001c1745cbec0 flushing nmethod 0x000001c1613faa90
Event: 30609.268 Thread 0x000001c1745cbec0 flushing nmethod 0x000001c1613ffe10
Event: 30609.268 Thread 0x000001c1745cbec0 flushing nmethod 0x000001c161401110
Event: 30609.268 Thread 0x000001c1745cbec0 flushing nmethod 0x000001c16141f610
Event: 30609.268 Thread 0x000001c1745cbec0 flushing nmethod 0x000001c161437b10
Event: 30609.268 Thread 0x000001c1745cbec0 flushing nmethod 0x000001c161445990
Event: 30609.268 Thread 0x000001c1745cbec0 flushing nmethod 0x000001c16144d510
Event: 30609.269 Thread 0x000001c1745cbec0 flushing nmethod 0x000001c161515b10
Event: 30609.269 Thread 0x000001c1745cbec0 flushing nmethod 0x000001c16151af10
Event: 30609.269 Thread 0x000001c1745cbec0 flushing nmethod 0x000001c16151c010
Event: 30609.269 Thread 0x000001c1745cbec0 flushing nmethod 0x000001c161542510
Event: 30609.269 Thread 0x000001c1745cbec0 flushing nmethod 0x000001c161575610
Event: 30609.269 Thread 0x000001c1745cbec0 flushing nmethod 0x000001c1615aaf10
Event: 30609.269 Thread 0x000001c1745cbec0 flushing nmethod 0x000001c1615aba90
Event: 30609.269 Thread 0x000001c1745cbec0 flushing nmethod 0x000001c1615ac190
Event: 30609.269 Thread 0x000001c1745cbec0 flushing nmethod 0x000001c1615ac890
Event: 30609.269 Thread 0x000001c1745cbec0 flushing nmethod 0x000001c1615b7590
Event: 30610.081 Thread 0x000001c176329f80 Thread exited: 0x000001c176329f80


Dynamic libraries:
0x00007ff7de480000 - 0x00007ff7de490000 	C:\Program Files\Java\jdk-17\bin\javaw.exe
0x00007ffb0c6f0000 - 0x00007ffb0c8e8000 	C:\WINDOWS\SYSTEM32\ntdll.dll
0x00007ffb0a750000 - 0x00007ffb0a80f000 	C:\WINDOWS\System32\KERNEL32.DLL
0x00007ffb09f60000 - 0x00007ffb0a256000 	C:\WINDOWS\System32\KERNELBASE.dll
0x00007ffb0a380000 - 0x00007ffb0a480000 	C:\WINDOWS\System32\ucrtbase.dll
0x00007ffae7060000 - 0x00007ffae7079000 	C:\Program Files\Java\jdk-17\bin\jli.dll
0x00007ffb0a810000 - 0x00007ffb0a8bf000 	C:\WINDOWS\System32\ADVAPI32.dll
0x00007ffb0b8c0000 - 0x00007ffb0b95e000 	C:\WINDOWS\System32\msvcrt.dll
0x00007ffb0b1d0000 - 0x00007ffb0b26c000 	C:\WINDOWS\System32\sechost.dll
0x00007ffb0b730000 - 0x00007ffb0b856000 	C:\WINDOWS\System32\RPCRT4.dll
0x00007ffb0ba50000 - 0x00007ffb0bbed000 	C:\WINDOWS\System32\USER32.dll
0x00007ffb0a480000 - 0x00007ffb0a4a2000 	C:\WINDOWS\System32\win32u.dll
0x00007ffb0b180000 - 0x00007ffb0b1ac000 	C:\WINDOWS\System32\GDI32.dll
0x00007ffb0a260000 - 0x00007ffb0a375000 	C:\WINDOWS\System32\gdi32full.dll
0x00007ffb0a4b0000 - 0x00007ffb0a54d000 	C:\WINDOWS\System32\msvcp_win.dll
0x00007ffaea020000 - 0x00007ffaea2ba000 	C:\WINDOWS\WinSxS\amd64_microsoft.windows.common-controls_6595b64144ccf1df_6.0.19041.1110_none_60b5254171f9507e\COMCTL32.dll
0x00007ffb08b40000 - 0x00007ffb08b4a000 	C:\WINDOWS\SYSTEM32\VERSION.dll
0x00007ffae7040000 - 0x00007ffae705b000 	C:\Program Files\Java\jdk-17\bin\VCRUNTIME140.dll
0x00007ffb0b270000 - 0x00007ffb0b2a0000 	C:\WINDOWS\System32\IMM32.DLL
0x00007ffae9530000 - 0x00007ffae953c000 	C:\Program Files\Java\jdk-17\bin\vcruntime140_1.dll
0x00007ffae4aa0000 - 0x00007ffae4b2e000 	C:\Program Files\Java\jdk-17\bin\msvcp140.dll
0x00007ffad4b30000 - 0x00007ffad570d000 	C:\Program Files\Java\jdk-17\bin\server\jvm.dll
0x00007ffb0bbf0000 - 0x00007ffb0bbf8000 	C:\WINDOWS\System32\PSAPI.DLL
0x00007ffaf0080000 - 0x00007ffaf0089000 	C:\WINDOWS\SYSTEM32\WSOCK32.dll
0x00007ffb0b9e0000 - 0x00007ffb0ba4b000 	C:\WINDOWS\System32\WS2_32.dll
0x00007ffaeb260000 - 0x00007ffaeb287000 	C:\WINDOWS\SYSTEM32\WINMM.dll
0x00007ffb08b00000 - 0x00007ffb08b12000 	C:\WINDOWS\SYSTEM32\kernel.appcore.dll
0x00007ffb01880000 - 0x00007ffb0188a000 	C:\Program Files\Java\jdk-17\bin\jimage.dll
0x00007ffb07a80000 - 0x00007ffb07c64000 	C:\WINDOWS\SYSTEM32\DBGHELP.DLL
0x00007ffaf4bf0000 - 0x00007ffaf4c24000 	C:\WINDOWS\SYSTEM32\dbgcore.DLL
0x00007ffb0a6c0000 - 0x00007ffb0a742000 	C:\WINDOWS\System32\bcryptPrimitives.dll
0x00007ffae9980000 - 0x00007ffae99a5000 	C:\Program Files\Java\jdk-17\bin\java.dll
0x00007ffadddd0000 - 0x00007ffaddea7000 	C:\Program Files\Java\jdk-17\bin\jsvml.dll
0x00007ffb0bf60000 - 0x00007ffb0c6a4000 	C:\WINDOWS\System32\SHELL32.dll
0x00007ffb08360000 - 0x00007ffb08af3000 	C:\WINDOWS\SYSTEM32\windows.storage.dll
0x00007ffb0bc00000 - 0x00007ffb0bf54000 	C:\WINDOWS\System32\combase.dll
0x00007ffb097b0000 - 0x00007ffb097de000 	C:\WINDOWS\SYSTEM32\Wldp.dll
0x00007ffb0b300000 - 0x00007ffb0b3ad000 	C:\WINDOWS\System32\SHCORE.dll
0x00007ffb0b860000 - 0x00007ffb0b8b5000 	C:\WINDOWS\System32\shlwapi.dll
0x00007ffb09d10000 - 0x00007ffb09d2f000 	C:\WINDOWS\SYSTEM32\profapi.dll
0x00007ffb01860000 - 0x00007ffb01879000 	C:\Program Files\Java\jdk-17\bin\net.dll
0x00007ffb002d0000 - 0x00007ffb003da000 	C:\WINDOWS\SYSTEM32\WINHTTP.dll
0x00007ffb094a0000 - 0x00007ffb0950a000 	C:\WINDOWS\system32\mswsock.dll
0x00007ffaedab0000 - 0x00007ffaedac6000 	C:\Program Files\Java\jdk-17\bin\nio.dll
0x00007ffaed500000 - 0x00007ffaed518000 	C:\Program Files\Java\jdk-17\bin\zip.dll
0x00007ffb091d0000 - 0x00007ffb0929a000 	C:\WINDOWS\SYSTEM32\DNSAPI.dll
0x00007ffb09190000 - 0x00007ffb091cc000 	C:\WINDOWS\SYSTEM32\IPHLPAPI.DLL
0x00007ffb0b1b0000 - 0x00007ffb0b1b8000 	C:\WINDOWS\System32\NSI.dll
0x00007ffaf7b40000 - 0x00007ffaf7b4a000 	C:\Windows\System32\rasadhlp.dll
0x00007ffaf7980000 - 0x00007ffaf7a02000 	C:\WINDOWS\System32\fwpuclnt.dll
0x00007ffb09f30000 - 0x00007ffb09f57000 	C:\WINDOWS\System32\bcrypt.dll
0x00007ffb09700000 - 0x00007ffb09718000 	C:\WINDOWS\SYSTEM32\CRYPTSP.dll
0x00007ffb08dc0000 - 0x00007ffb08df4000 	C:\WINDOWS\system32\rsaenh.dll
0x00007ffb09cd0000 - 0x00007ffb09cfe000 	C:\WINDOWS\SYSTEM32\USERENV.dll
0x00007ffb09720000 - 0x00007ffb0972c000 	C:\WINDOWS\SYSTEM32\CRYPTBASE.dll
0x00007ffaf80a0000 - 0x00007ffaf80b7000 	C:\WINDOWS\SYSTEM32\dhcpcsvc6.DLL
0x00007ffafd480000 - 0x00007ffafd49d000 	C:\WINDOWS\SYSTEM32\dhcpcsvc.DLL
0x00007ffb019f0000 - 0x00007ffb019fd000 	C:\Program Files\Java\jdk-17\bin\sunmscapi.dll
0x00007ffb09dd0000 - 0x00007ffb09f2e000 	C:\WINDOWS\System32\CRYPT32.dll
0x00007ffb09820000 - 0x00007ffb09848000 	C:\WINDOWS\SYSTEM32\ncrypt.dll
0x00007ffb097e0000 - 0x00007ffb0981b000 	C:\WINDOWS\SYSTEM32\NTASN1.dll
0x00007ffb01a00000 - 0x00007ffb01a10000 	C:\Program Files\Java\jdk-17\bin\verify.dll
0x00007ffaf2f30000 - 0x00007ffaf2f3a000 	C:\Program Files\Java\jdk-17\bin\management.dll
0x00007ffaf1040000 - 0x00007ffaf104b000 	C:\Program Files\Java\jdk-17\bin\management_ext.dll
0x00007ffb06c80000 - 0x00007ffb06d11000 	C:\WINDOWS\system32\apphelp.dll
0x00007ffaea2e0000 - 0x00007ffaea2f7000 	C:\WINDOWS\system32\napinsp.dll
0x00007ffaea2c0000 - 0x00007ffaea2db000 	C:\WINDOWS\system32\pnrpnsp.dll
0x00007ffb00280000 - 0x00007ffb00295000 	C:\WINDOWS\system32\wshbth.dll
0x00007ffb017d0000 - 0x00007ffb017ed000 	C:\WINDOWS\system32\NLAapi.dll
0x00007ffaea630000 - 0x00007ffaea642000 	C:\WINDOWS\System32\winrnr.dll
0x00007ffb06ab0000 - 0x00007ffb06ab7000 	C:\WINDOWS\system32\wshunix.dll

dbghelp: loaded successfully - version: 4.0.5 - missing functions: none
symbol engine: initialized successfully - sym options: 0x614 - pdb path: .;C:\Program Files\Java\jdk-17\bin;C:\WINDOWS\SYSTEM32;C:\WINDOWS\WinSxS\amd64_microsoft.windows.common-controls_6595b64144ccf1df_6.0.19041.1110_none_60b5254171f9507e;C:\Program Files\Java\jdk-17\bin\server

VM Arguments:
jvm_args: -Dfile.encoding=UTF-8 --module-path=C:\Users\lemon\eclipse-workspace\postgresql-42.6.0.jar -XX:+ShowCodeDetailsInExceptionMessages 
java_command: makeMoneySite.main
java_class_path (initial): C:\Users\lemon\Desktop\makeMoneySite\target\classes;C:\Users\lemon\Downloads\poi-bin-5.2.3-20220909\poi-bin-5.2.3\poi-5.2.3.jar;C:\Users\lemon\Downloads\poi-bin-5.2.3-20220909\poi-bin-5.2.3\poi-examples-5.2.3.jar;C:\Users\lemon\Downloads\poi-bin-5.2.3-20220909\poi-bin-5.2.3\poi-excelant-5.2.3.jar;C:\Users\lemon\Downloads\poi-bin-5.2.3-20220909\poi-bin-5.2.3\poi-javadoc-5.2.3.jar;C:\Users\lemon\Downloads\poi-bin-5.2.3-20220909\poi-bin-5.2.3\poi-ooxml-5.2.3.jar;C:\Users\lemon\Downloads\poi-bin-5.2.3-20220909\poi-bin-5.2.3\poi-ooxml-full-5.2.3.jar;C:\Users\lemon\Downloads\poi-bin-5.2.3-20220909\poi-bin-5.2.3\poi-ooxml-lite-5.2.3.jar;C:\Users\lemon\Downloads\poi-bin-5.2.3-20220909\poi-bin-5.2.3\poi-scratchpad-5.2.3.jar;C:\Users\lemon\Downloads\poi-bin-5.2.3-20220909\poi-bin-5.2.3\lib\commons-io-2.11.0.jar;C:\Users\lemon\Downloads\apache-log4j-2.19.0-bin\apache-log4j-2.19.0-bin\log4j-api-2.19.0.jar;C:\Users\lemon\Downloads\apache-log4j-2.19.0-bin\apache-log4j-2.19.0-bin\log4j-core-2.19.0.jar;C:\Users\lemon\Downloads\poi-bin-5.2.3-20220909\poi-bin-5.2.3\lib\commons-collections4-4.4.jar;C:\Users\lemon\Downloads\poi-bin-5.2.3-20220909\poi-bin-5.2.3\ooxml-lib\commons-compress-1.21.jar;C:\Users\lemon\Downloads\poi-bin-5.2.3-20220909\poi-bin-5.2.3\ooxml-lib\curvesapi-1.07.jar;C:\Users\lemon\Downloads\poi-bin-5.2.3-20220909\poi-bin-5.2.3\ooxml-lib\jakarta.activation-2.0.1.jar;C:\Users\lemon\Downloads\poi-bin-5.2.3-20220909\poi-bin-5.2.3\ooxml-lib\jakarta.xml.bind-api-3.0.1.jar;C:\Users\lemon\Downloads\poi-bin-5.2.3-20220909\poi-bin-5.2.3\ooxml-lib\slf4j-api-1.7.36.jar;C:\Users\lemon\Downloads\poi-bin-5.2.3-20220909\poi-bin-5.2.3\ooxml-lib\xmlbeans-5.1.1.jar;C:\Users\lemon\Downloads\selenium-java-4.8.0\lib\async-http-client-2.12.3.jar;C:\Users\lemon\Downloads\selenium-java-4.8.0\lib\async-http-client-netty-utils-2.12.3.jar;C:\Users\lemon\Downloads\selenium-java-4.8.0\lib\auto-common-1.2.1.jar;C:\Users\lemon\Downloads\selenium-java-4.8.0\lib\auto-serv
Launcher Type: SUN_STANDARD

[Global flags]
     intx CICompilerCount                          = 3                                         {product} {ergonomic}
     uint ConcGCThreads                            = 1                                         {product} {ergonomic}
     uint G1ConcRefinementThreads                  = 4                                         {product} {ergonomic}
   size_t G1HeapRegionSize                         = 1048576                                   {product} {ergonomic}
    uintx GCDrainStackTargetSize                   = 64                                        {product} {ergonomic}
   size_t InitialHeapSize                          = 67108864                                  {product} {ergonomic}
   size_t MarkStackSize                            = 4194304                                   {product} {ergonomic}
   size_t MaxHeapSize                              = 1052770304                                {product} {ergonomic}
   size_t MaxNewSize                               = 631242752                                 {product} {ergonomic}
   size_t MinHeapDeltaBytes                        = 1048576                                   {product} {ergonomic}
   size_t MinHeapSize                              = 8388608                                   {product} {ergonomic}
    uintx NonNMethodCodeHeapSize                   = 5832780                                {pd product} {ergonomic}
    uintx NonProfiledCodeHeapSize                  = 122912730                              {pd product} {ergonomic}
    uintx ProfiledCodeHeapSize                     = 122912730                              {pd product} {ergonomic}
    uintx ReservedCodeCacheSize                    = 251658240                              {pd product} {ergonomic}
     bool SegmentedCodeCache                       = true                                      {product} {ergonomic}
     bool ShowCodeDetailsInExceptionMessages       = true                                   {manageable} {command line}
   size_t SoftMaxHeapSize                          = 1052770304                             {manageable} {ergonomic}
     bool UseCompressedClassPointers               = true                           {product lp64_product} {ergonomic}
     bool UseCompressedOops                        = true                           {product lp64_product} {ergonomic}
     bool UseG1GC                                  = true                                      {product} {ergonomic}
     bool UseLargePagesIndividualAllocation        = false                                  {pd product} {ergonomic}

Logging:
Log output configuration:
 #0: stdout all=warning uptime,level,tags
 #1: stderr all=off uptime,level,tags

Environment Variables:
JAVA_HOME=C:\Program Files\Java\jdk-17
CLASSPATH=C:\Program Files\Java\jdk-17\lib
PATH=C:/Program Files/Java/jdk-17/bin/server;C:/Program Files/Java/jdk-17/bin;C:\Program Files\Common Files\Oracle\Java\javapath;C:\WINDOWS\system32;C:\WINDOWS;C:\WINDOWS\System32\Wbem;C:\WINDOWS\System32\WindowsPowerShell\v1.0\;C:\WINDOWS\System32\OpenSSH\;C:\Program Files\Java\jdk-17\bin;;C:\Program Files (x86)\ePapyrus\Papyrus-PlugIn-web;C:\Program Files (x86)\ePapyrus\Papyrus-PlugIn-web\Addins;C:\Program Files (x86)\ePapyrus\SDPlugin\addins;C:\Program Files\MySQL\MySQL Shell 8.0\bin\;C:\Users\lemon\AppData\Local\Microsoft\WindowsApps;;C:\WINDOWS\System32;
USERNAME=lemon
OS=Windows_NT
PROCESSOR_IDENTIFIER=Intel64 Family 6 Model 142 Stepping 9, GenuineIntel



---------------  S Y S T E M  ---------------

OS:
 Windows 10 , 64 bit Build 19041 (10.0.19041.3031)
OS uptime: 1 days 9:29 hours

CPU: total 4 (initial active 4) (2 cores per cpu, 2 threads per core) family 6 model 142 stepping 9 microcode 0xf0, cx8, cmov, fxsr, ht, mmx, 3dnowpref, sse, sse2, sse3, ssse3, sse4.1, sse4.2, popcnt, lzcnt, tsc, tscinvbit, avx, avx2, aes, erms, clmul, bmi1, bmi2, rtm, adx, fma, vzeroupper, clflush, clflushopt

Memory: 4k page, system-wide physical 4013M (237M free)
TotalPageFile size 16301M (AvailPageFile size 60M)
current process WorkingSet (physical memory assigned to process): 294M, peak: 366M
current process commit charge ("private bytes"): 556M, peak: 744M

vm_info: Java HotSpot(TM) 64-Bit Server VM (17.0.7+8-LTS-224) for windows-amd64 JRE (17.0.7+8-LTS-224), built on Feb 28 2023 23:03:02 by "mach5one" with MS VC++ 17.1 (VS2022)

END.
