#
# There is insufficient memory for the Java Runtime Environment to continue.
# Native memory allocation (mmap) failed to map 1048576 bytes for G1 virtual space
# Possible reasons:
#   The system is out of physical RAM or swap space
#   The process is running with CompressedOops enabled, and the Java Heap may be blocking the growth of the native heap
# Possible solutions:
#   Reduce memory load on the system
#   Increase physical memory or swap space
#   Check if swap backing store is full
#   Decrease Java heap size (-Xmx/-Xms)
#   Decrease number of Java threads
#   Decrease Java thread stack sizes (-Xss)
#   Set larger code cache with -XX:ReservedCodeCacheSize=
#   JVM is running with Unscaled Compressed Oops mode in which the Java heap is
#     placed in the first 4GB address space. The Java Heap base address is the
#     maximum limit for the native heap growth. Please use -XX:HeapBaseMinAddress
#     to set the Java Heap base and to place the Java Heap above 4GB virtual address.
# This output file may be truncated or incomplete.
#
#  Out of Memory Error (os_windows.cpp:3550), pid=43380, tid=43888
#
# JRE version: Java(TM) SE Runtime Environment (17.0.7+8) (build 17.0.7+8-LTS-224)
# Java VM: Java HotSpot(TM) 64-Bit Server VM (17.0.7+8-LTS-224, mixed mode, sharing, tiered, compressed oops, compressed class ptrs, g1 gc, windows-amd64)
# No core dump will be written. Minidumps are not enabled by default on client versions of Windows
#

---------------  S U M M A R Y ------------

Command Line: -Dfile.encoding=UTF-8 --module-path=C:\Users\lemon\eclipse-workspace\postgresql-42.6.0.jar -XX:+ShowCodeDetailsInExceptionMessages makeMoneySite.main

Host: Intel(R) Core(TM) i5-7300U CPU @ 2.60GHz, 4 cores, 3G,  Windows 10 , 64 bit Build 19041 (10.0.19041.3031)
Time: Thu Jul  6 19:16:54 2023  Windows 10 , 64 bit Build 19041 (10.0.19041.3031) elapsed time: 44.237168 seconds (0d 0h 0m 44s)

---------------  T H R E A D  ---------------

Current thread (0x000001eeeffd3c30):  JavaThread "main" [_thread_in_vm, id=43888, stack(0x0000009900400000,0x0000009900500000)]

Stack: [0x0000009900400000,0x0000009900500000]
Native frames: (J=compiled Java code, j=interpreted, Vv=VM code, C=native code)
V  [jvm.dll+0x676a4a]
V  [jvm.dll+0x7d74f4]
V  [jvm.dll+0x7d8c9e]
V  [jvm.dll+0x7d9303]
V  [jvm.dll+0x2452c5]
V  [jvm.dll+0x6738f9]
V  [jvm.dll+0x668232]
V  [jvm.dll+0x302826]
V  [jvm.dll+0x309da6]
V  [jvm.dll+0x35920b]
V  [jvm.dll+0x359844]
V  [jvm.dll+0x3593f6]
V  [jvm.dll+0x2d9f84]
V  [jvm.dll+0x2d5fd6]
V  [jvm.dll+0x60b493]
V  [jvm.dll+0x20f7f5]
V  [jvm.dll+0x7a1476]
V  [jvm.dll+0x6d2b31]
C  0x000001ee8762d82d

Java frames: (J=compiled Java code, j=interpreted, Vv=VM code)
v  ~RuntimeStub::_new_array_nozero_Java
J 728 c2 java.lang.AbstractStringBuilder.append(Ljava/lang/String;)Ljava/lang/AbstractStringBuilder; java.base@17.0.7 (45 bytes) @ 0x000001ee87b0ef9c [0x000001ee87b0e8c0+0x00000000000006dc]
J 849% c2 makeMoneySite.GongmaeInfoApi.GongmaeInfo()Ljava/lang/StringBuilder; (669 bytes) @ 0x000001ee87b176f4 [0x000001ee87b175c0+0x0000000000000134]
j  makeMoneySite.main.main([Ljava/lang/String;)V+25
v  ~StubRoutines::call_stub

---------------  P R O C E S S  ---------------

Threads class SMR info:
_java_thread_list=0x000001eefcdc6bc0, length=12, elements={
0x000001eeeffd3c30, 0x000001eef0093b70, 0x000001eef0095090, 0x000001eefc21b9f0,
0x000001eefc207930, 0x000001eefc20b9b0, 0x000001eefc20ff10, 0x000001eefc211350,
0x000001eefc212c40, 0x000001eefc22cb40, 0x000001eef007d380, 0x000001eefcde2910
}

Java Threads: ( => current thread )
=>0x000001eeeffd3c30 JavaThread "main" [_thread_in_vm, id=43888, stack(0x0000009900400000,0x0000009900500000)]
  0x000001eef0093b70 JavaThread "Reference Handler" daemon [_thread_blocked, id=1164, stack(0x0000009900b00000,0x0000009900c00000)]
  0x000001eef0095090 JavaThread "Finalizer" daemon [_thread_blocked, id=43164, stack(0x0000009900c00000,0x0000009900d00000)]
  0x000001eefc21b9f0 JavaThread "Signal Dispatcher" daemon [_thread_blocked, id=38212, stack(0x0000009900d00000,0x0000009900e00000)]
  0x000001eefc207930 JavaThread "Attach Listener" daemon [_thread_blocked, id=45848, stack(0x0000009900e00000,0x0000009900f00000)]
  0x000001eefc20b9b0 JavaThread "Service Thread" daemon [_thread_blocked, id=36588, stack(0x0000009900f00000,0x0000009901000000)]
  0x000001eefc20ff10 JavaThread "Monitor Deflation Thread" daemon [_thread_blocked, id=4036, stack(0x0000009901000000,0x0000009901100000)]
  0x000001eefc211350 JavaThread "C2 CompilerThread0" daemon [_thread_blocked, id=35344, stack(0x0000009901100000,0x0000009901200000)]
  0x000001eefc212c40 JavaThread "C1 CompilerThread0" daemon [_thread_blocked, id=24388, stack(0x0000009901200000,0x0000009901300000)]
  0x000001eefc22cb40 JavaThread "Sweeper thread" daemon [_thread_blocked, id=45548, stack(0x0000009901300000,0x0000009901400000)]
  0x000001eef007d380 JavaThread "Common-Cleaner" daemon [_thread_blocked, id=42096, stack(0x0000009901400000,0x0000009901500000)]
  0x000001eefcde2910 JavaThread "Notification Thread" daemon [_thread_blocked, id=38576, stack(0x0000009901500000,0x0000009901600000)]

Other Threads:
  0x000001eef008bff0 VMThread "VM Thread" [stack: 0x0000009900a00000,0x0000009900b00000] [id=13028]
  0x000001eef0021b10 WatcherThread [stack: 0x0000009901600000,0x0000009901700000] [id=45944]
  0x000001eef000fdd0 GCTaskThread "GC Thread#0" [stack: 0x0000009900500000,0x0000009900600000] [id=14436]
  0x000001eefd1ad960 GCTaskThread "GC Thread#1" [stack: 0x0000009901800000,0x0000009901900000] [id=10284]
  0x000001eefd438510 GCTaskThread "GC Thread#2" [stack: 0x0000009901900000,0x0000009901a00000] [id=4324]
  0x000001eefc252ec0 GCTaskThread "GC Thread#3" [stack: 0x0000009901a00000,0x0000009901b00000] [id=2728]
  0x000001eef00199b0 ConcurrentGCThread "G1 Main Marker" [stack: 0x0000009900600000,0x0000009900700000] [id=42352]
  0x000001eef001b2e0 ConcurrentGCThread "G1 Conc#0" [stack: 0x0000009900700000,0x0000009900800000] [id=42464]
  0x000001eef006c730 ConcurrentGCThread "G1 Refine#0" [stack: 0x0000009900800000,0x0000009900900000] [id=44472]
  0x000001eefc251430 ConcurrentGCThread "G1 Refine#1" [stack: 0x0000009901b00000,0x0000009901c00000] [id=41004]
  0x000001eefd2ea190 ConcurrentGCThread "G1 Refine#2" [stack: 0x0000009901c00000,0x0000009901d00000] [id=42932]
  0x000001eef006d060 ConcurrentGCThread "G1 Service" [stack: 0x0000009900900000,0x0000009900a00000] [id=9360]

Threads with active compile tasks:

VM state: not at safepoint (normal execution)

VM Mutex/Monitor currently owned by a thread:  ([mutex/lock_event])
[0x000001eeeffcf770] Heap_lock - owner thread: 0x000001eeeffd3c30

Heap address: 0x00000000c1400000, size: 1004 MB, Compressed Oops mode: 32-bit

CDS archive(s) mapped at: [0x0000000800000000-0x0000000800bd0000-0x0000000800bd0000), size 12386304, SharedBaseAddress: 0x0000000800000000, ArchiveRelocationMode: 0.
Compressed class space mapped at: 0x0000000800c00000-0x0000000840c00000, reserved size: 1073741824
Narrow klass base: 0x0000000800000000, Narrow klass shift: 0, Narrow klass range: 0x100000000

GC Precious Log:
 CPUs: 4 total, 4 available
 Memory: 4013M
 Large Page Support: Disabled
 NUMA Support: Disabled
 Compressed Oops: Enabled (32-bit)
 Heap Region Size: 1M
 Heap Min Capacity: 8M
 Heap Initial Capacity: 64M
 Heap Max Capacity: 1004M
 Pre-touch: Disabled
 Parallel Workers: 4
 Concurrent Workers: 1
 Concurrent Refinement Workers: 4
 Periodic GC: Disabled

Heap:
 garbage-first heap   total 95232K, used 33159K [0x00000000c1400000, 0x0000000100000000)
  region size 1024K, 1 young (1024K), 1 survivors (1024K)
 Metaspace       used 1840K, committed 1984K, reserved 1056768K
  class space    used 136K, committed 192K, reserved 1048576K

Heap Regions: E=young(eden), S=young(survivor), O=old, HS=humongous(starts), HC=humongous(continues), CS=collection set, F=free, OA=open archive, CA=closed archive, TAMS=top-at-mark-start (previous, next)
|   0|0x00000000c1400000, 0x00000000c1500000, 0x00000000c1500000|100%|HS|  |TAMS 0x00000000c1400000, 0x00000000c1500000| Complete 
|   1|0x00000000c1500000, 0x00000000c1600000, 0x00000000c1600000|100%|HS|  |TAMS 0x00000000c1500000, 0x00000000c1600000| Complete 
|   2|0x00000000c1600000, 0x00000000c1700000, 0x00000000c1700000|100%|HC|  |TAMS 0x00000000c1600000, 0x00000000c1700000| Complete 
|   3|0x00000000c1700000, 0x00000000c1800000, 0x00000000c1800000|100%| O|  |TAMS 0x00000000c1700000, 0x00000000c1800000| Untracked 
|   4|0x00000000c1800000, 0x00000000c1900000, 0x00000000c1900000|100%| O|  |TAMS 0x00000000c1800000, 0x00000000c1900000| Untracked 
|   5|0x00000000c1900000, 0x00000000c1a00000, 0x00000000c1a00000|100%| O|  |TAMS 0x00000000c1900000, 0x00000000c1a00000| Untracked 
|   6|0x00000000c1a00000, 0x00000000c1b00000, 0x00000000c1b00000|100%| O|  |TAMS 0x00000000c1a00000, 0x00000000c1b00000| Untracked 
|   7|0x00000000c1b00000, 0x00000000c1c00000, 0x00000000c1c00000|100%| O|  |TAMS 0x00000000c1b00000, 0x00000000c1c00000| Untracked 
|   8|0x00000000c1c00000, 0x00000000c1d00000, 0x00000000c1d00000|100%| O|  |TAMS 0x00000000c1c00000, 0x00000000c1d00000| Untracked 
|   9|0x00000000c1d00000, 0x00000000c1e00000, 0x00000000c1e00000|100%| O|  |TAMS 0x00000000c1d00000, 0x00000000c1e00000| Untracked 
|  10|0x00000000c1e00000, 0x00000000c1e00000, 0x00000000c1f00000|  0%| F|  |TAMS 0x00000000c1e00000, 0x00000000c1e00000| Untracked 
|  11|0x00000000c1f00000, 0x00000000c1f00000, 0x00000000c2000000|  0%| F|  |TAMS 0x00000000c1f00000, 0x00000000c1f00000| Untracked 
|  12|0x00000000c2000000, 0x00000000c2000000, 0x00000000c2100000|  0%| F|  |TAMS 0x00000000c2000000, 0x00000000c2000000| Untracked 
|  13|0x00000000c2100000, 0x00000000c2100000, 0x00000000c2200000|  0%| F|  |TAMS 0x00000000c2100000, 0x00000000c2100000| Untracked 
|  14|0x00000000c2200000, 0x00000000c2200000, 0x00000000c2300000|  0%| F|  |TAMS 0x00000000c2200000, 0x00000000c2200000| Untracked 
|  15|0x00000000c2300000, 0x00000000c2300000, 0x00000000c2400000|  0%| F|  |TAMS 0x00000000c2300000, 0x00000000c2300000| Untracked 
|  16|0x00000000c2400000, 0x00000000c2400000, 0x00000000c2500000|  0%| F|  |TAMS 0x00000000c2400000, 0x00000000c2400000| Untracked 
|  17|0x00000000c2500000, 0x00000000c2500000, 0x00000000c2600000|  0%| F|  |TAMS 0x00000000c2500000, 0x00000000c2500000| Untracked 
|  18|0x00000000c2600000, 0x00000000c2600000, 0x00000000c2700000|  0%| F|  |TAMS 0x00000000c2600000, 0x00000000c2600000| Untracked 
|  19|0x00000000c2700000, 0x00000000c2700000, 0x00000000c2800000|  0%| F|  |TAMS 0x00000000c2700000, 0x00000000c2700000| Untracked 
|  20|0x00000000c2800000, 0x00000000c28257e8, 0x00000000c2900000| 14%| S|CS|TAMS 0x00000000c2800000, 0x00000000c2800000| Complete 
|  21|0x00000000c2900000, 0x00000000c2900000, 0x00000000c2a00000|  0%| F|  |TAMS 0x00000000c2900000, 0x00000000c2900000| Untracked 
|  22|0x00000000c2a00000, 0x00000000c2b00000, 0x00000000c2b00000|100%| O|  |TAMS 0x00000000c2a00000, 0x00000000c2b00000| Untracked 
|  23|0x00000000c2b00000, 0x00000000c2b3c600, 0x00000000c2c00000| 23%| O|  |TAMS 0x00000000c2b00000, 0x00000000c2b3c600| Untracked 
|  24|0x00000000c2c00000, 0x00000000c2c00000, 0x00000000c2d00000|  0%| F|  |TAMS 0x00000000c2c00000, 0x00000000c2c00000| Untracked 
|  25|0x00000000c2d00000, 0x00000000c2d00000, 0x00000000c2e00000|  0%| F|  |TAMS 0x00000000c2d00000, 0x00000000c2d00000| Untracked 
|  26|0x00000000c2e00000, 0x00000000c2e00000, 0x00000000c2f00000|  0%| F|  |TAMS 0x00000000c2e00000, 0x00000000c2e00000| Untracked 
|  27|0x00000000c2f00000, 0x00000000c2f00000, 0x00000000c3000000|  0%| F|  |TAMS 0x00000000c2f00000, 0x00000000c2f00000| Untracked 
|  28|0x00000000c3000000, 0x00000000c3000000, 0x00000000c3100000|  0%| F|  |TAMS 0x00000000c3000000, 0x00000000c3000000| Untracked 
|  29|0x00000000c3100000, 0x00000000c3100000, 0x00000000c3200000|  0%| F|  |TAMS 0x00000000c3100000, 0x00000000c3100000| Untracked 
|  30|0x00000000c3200000, 0x00000000c3200000, 0x00000000c3300000|  0%| F|  |TAMS 0x00000000c3200000, 0x00000000c3200000| Untracked 
|  31|0x00000000c3300000, 0x00000000c3300000, 0x00000000c3400000|  0%| F|  |TAMS 0x00000000c3300000, 0x00000000c3300000| Untracked 
|  32|0x00000000c3400000, 0x00000000c3400000, 0x00000000c3500000|  0%| F|  |TAMS 0x00000000c3400000, 0x00000000c3400000| Untracked 
|  33|0x00000000c3500000, 0x00000000c3500000, 0x00000000c3600000|  0%| F|  |TAMS 0x00000000c3500000, 0x00000000c3500000| Untracked 
|  34|0x00000000c3600000, 0x00000000c3600000, 0x00000000c3700000|  0%| F|  |TAMS 0x00000000c3600000, 0x00000000c3600000| Untracked 
|  35|0x00000000c3700000, 0x00000000c3700000, 0x00000000c3800000|  0%| F|  |TAMS 0x00000000c3700000, 0x00000000c3700000| Untracked 
|  36|0x00000000c3800000, 0x00000000c3800000, 0x00000000c3900000|  0%| F|  |TAMS 0x00000000c3800000, 0x00000000c3800000| Untracked 
|  37|0x00000000c3900000, 0x00000000c3900000, 0x00000000c3a00000|  0%| F|  |TAMS 0x00000000c3900000, 0x00000000c3900000| Untracked 
|  38|0x00000000c3a00000, 0x00000000c3a00000, 0x00000000c3b00000|  0%| F|  |TAMS 0x00000000c3a00000, 0x00000000c3a00000| Untracked 
|  39|0x00000000c3b00000, 0x00000000c3b00000, 0x00000000c3c00000|  0%| F|  |TAMS 0x00000000c3b00000, 0x00000000c3b00000| Untracked 
|  40|0x00000000c3c00000, 0x00000000c3c00000, 0x00000000c3d00000|  0%| F|  |TAMS 0x00000000c3c00000, 0x00000000c3c00000| Untracked 
|  41|0x00000000c3d00000, 0x00000000c3d00000, 0x00000000c3e00000|  0%| F|  |TAMS 0x00000000c3d00000, 0x00000000c3d00000| Untracked 
|  42|0x00000000c3e00000, 0x00000000c3e00000, 0x00000000c3f00000|  0%| F|  |TAMS 0x00000000c3e00000, 0x00000000c3e00000| Untracked 
|  43|0x00000000c3f00000, 0x00000000c3f00000, 0x00000000c4000000|  0%| F|  |TAMS 0x00000000c3f00000, 0x00000000c3f00000| Untracked 
|  44|0x00000000c4000000, 0x00000000c4000000, 0x00000000c4100000|  0%| F|  |TAMS 0x00000000c4000000, 0x00000000c4000000| Untracked 
|  45|0x00000000c4100000, 0x00000000c4100000, 0x00000000c4200000|  0%| F|  |TAMS 0x00000000c4100000, 0x00000000c4100000| Untracked 
|  46|0x00000000c4200000, 0x00000000c4200000, 0x00000000c4300000|  0%| F|  |TAMS 0x00000000c4200000, 0x00000000c4200000| Untracked 
|  47|0x00000000c4300000, 0x00000000c4300000, 0x00000000c4400000|  0%| F|  |TAMS 0x00000000c4300000, 0x00000000c4300000| Untracked 
|  48|0x00000000c4400000, 0x00000000c4400000, 0x00000000c4500000|  0%| F|  |TAMS 0x00000000c4400000, 0x00000000c4400000| Untracked 
|  49|0x00000000c4500000, 0x00000000c4500000, 0x00000000c4600000|  0%| F|  |TAMS 0x00000000c4500000, 0x00000000c4500000| Untracked 
|  50|0x00000000c4600000, 0x00000000c4600000, 0x00000000c4700000|  0%| F|  |TAMS 0x00000000c4600000, 0x00000000c4600000| Untracked 
|  51|0x00000000c4700000, 0x00000000c4800000, 0x00000000c4800000|100%|HS|  |TAMS 0x00000000c4700000, 0x00000000c4800000| Complete 
|  52|0x00000000c4800000, 0x00000000c4900000, 0x00000000c4900000|100%|HC|  |TAMS 0x00000000c4800000, 0x00000000c4900000| Complete 
|  53|0x00000000c4900000, 0x00000000c4a00000, 0x00000000c4a00000|100%|HC|  |TAMS 0x00000000c4900000, 0x00000000c4a00000| Complete 
|  54|0x00000000c4a00000, 0x00000000c4b00000, 0x00000000c4b00000|100%|HC|  |TAMS 0x00000000c4a00000, 0x00000000c4b00000| Complete 
|  55|0x00000000c4b00000, 0x00000000c4c00000, 0x00000000c4c00000|100%|HC|  |TAMS 0x00000000c4b00000, 0x00000000c4c00000| Complete 
|  56|0x00000000c4c00000, 0x00000000c4d00000, 0x00000000c4d00000|100%|HC|  |TAMS 0x00000000c4c00000, 0x00000000c4d00000| Complete 
|  57|0x00000000c4d00000, 0x00000000c4e00000, 0x00000000c4e00000|100%|HC|  |TAMS 0x00000000c4d00000, 0x00000000c4e00000| Complete 
|  58|0x00000000c4e00000, 0x00000000c4f00000, 0x00000000c4f00000|100%|HC|  |TAMS 0x00000000c4e00000, 0x00000000c4f00000| Complete 
|  59|0x00000000c4f00000, 0x00000000c5000000, 0x00000000c5000000|100%|HC|  |TAMS 0x00000000c4f00000, 0x00000000c5000000| Complete 
|  60|0x00000000c5000000, 0x00000000c5100000, 0x00000000c5100000|100%|HC|  |TAMS 0x00000000c5000000, 0x00000000c5100000| Complete 
|  61|0x00000000c5100000, 0x00000000c5200000, 0x00000000c5200000|100%|HC|  |TAMS 0x00000000c5100000, 0x00000000c5200000| Complete 
|  62|0x00000000c5200000, 0x00000000c5300000, 0x00000000c5300000|100%|HC|  |TAMS 0x00000000c5200000, 0x00000000c5300000| Complete 
|  63|0x00000000c5300000, 0x00000000c5400000, 0x00000000c5400000|100%|HC|  |TAMS 0x00000000c5300000, 0x00000000c5400000| Complete 
|  64|0x00000000c5400000, 0x00000000c5500000, 0x00000000c5500000|100%|HC|  |TAMS 0x00000000c5400000, 0x00000000c5500000| Complete 
|  65|0x00000000c5500000, 0x00000000c5600000, 0x00000000c5600000|100%|HC|  |TAMS 0x00000000c5500000, 0x00000000c5600000| Complete 
|  66|0x00000000c5600000, 0x00000000c5700000, 0x00000000c5700000|100%|HC|  |TAMS 0x00000000c5600000, 0x00000000c5700000| Complete 
|  67|0x00000000c5700000, 0x00000000c5800000, 0x00000000c5800000|100%|HC|  |TAMS 0x00000000c5700000, 0x00000000c5800000| Complete 
|  68|0x00000000c5800000, 0x00000000c5900000, 0x00000000c5900000|100%|HC|  |TAMS 0x00000000c5800000, 0x00000000c5900000| Complete 
|  69|0x00000000c5900000, 0x00000000c5a00000, 0x00000000c5a00000|100%|HC|  |TAMS 0x00000000c5900000, 0x00000000c5a00000| Complete 
|  70|0x00000000c5a00000, 0x00000000c5b00000, 0x00000000c5b00000|100%|HC|  |TAMS 0x00000000c5a00000, 0x00000000c5b00000| Complete 
|  71|0x00000000c5b00000, 0x00000000c5c00000, 0x00000000c5c00000|100%|HC|  |TAMS 0x00000000c5b00000, 0x00000000c5c00000| Complete 
|  72|0x00000000c5c00000, 0x00000000c5c00000, 0x00000000c5d00000|  0%| F|  |TAMS 0x00000000c5c00000, 0x00000000c5c00000| Untracked 
|  73|0x00000000c5d00000, 0x00000000c5d00000, 0x00000000c5e00000|  0%| F|  |TAMS 0x00000000c5d00000, 0x00000000c5d00000| Untracked 
|  74|0x00000000c5e00000, 0x00000000c5e00000, 0x00000000c5f00000|  0%| F|  |TAMS 0x00000000c5e00000, 0x00000000c5e00000| Untracked 
|  75|0x00000000c5f00000, 0x00000000c5f00000, 0x00000000c6000000|  0%| F|  |TAMS 0x00000000c5f00000, 0x00000000c5f00000| Untracked 
|  76|0x00000000c6000000, 0x00000000c6000000, 0x00000000c6100000|  0%| F|  |TAMS 0x00000000c6000000, 0x00000000c6000000| Untracked 
|  77|0x00000000c6100000, 0x00000000c6100000, 0x00000000c6200000|  0%| F|  |TAMS 0x00000000c6100000, 0x00000000c6100000| Untracked 
|  78|0x00000000c6200000, 0x00000000c6200000, 0x00000000c6300000|  0%| F|  |TAMS 0x00000000c6200000, 0x00000000c6200000| Untracked 
|  79|0x00000000c6300000, 0x00000000c6300000, 0x00000000c6400000|  0%| F|  |TAMS 0x00000000c6300000, 0x00000000c6300000| Untracked 
|  80|0x00000000c6400000, 0x00000000c6400000, 0x00000000c6500000|  0%| F|  |TAMS 0x00000000c6400000, 0x00000000c6400000| Untracked 
|  81|0x00000000c6500000, 0x00000000c6500000, 0x00000000c6600000|  0%| F|  |TAMS 0x00000000c6500000, 0x00000000c6500000| Untracked 
|  82|0x00000000c6600000, 0x00000000c6600000, 0x00000000c6700000|  0%| F|  |TAMS 0x00000000c6600000, 0x00000000c6600000| Untracked 
|  83|0x00000000c6700000, 0x00000000c6700000, 0x00000000c6800000|  0%| F|  |TAMS 0x00000000c6700000, 0x00000000c6700000| Untracked 
|  84|0x00000000c6800000, 0x00000000c6800000, 0x00000000c6900000|  0%| F|  |TAMS 0x00000000c6800000, 0x00000000c6800000| Untracked 
|  85|0x00000000c6900000, 0x00000000c6900000, 0x00000000c6a00000|  0%| F|  |TAMS 0x00000000c6900000, 0x00000000c6900000| Untracked 
|  86|0x00000000c6a00000, 0x00000000c6a00000, 0x00000000c6b00000|  0%| F|  |TAMS 0x00000000c6a00000, 0x00000000c6a00000| Untracked 
|  87|0x00000000c6b00000, 0x00000000c6b00000, 0x00000000c6c00000|  0%| F|  |TAMS 0x00000000c6b00000, 0x00000000c6b00000| Untracked 
|  88|0x00000000c6c00000, 0x00000000c6c00000, 0x00000000c6d00000|  0%| F|  |TAMS 0x00000000c6c00000, 0x00000000c6c00000| Untracked 
|  89|0x00000000c6d00000, 0x00000000c6d00000, 0x00000000c6e00000|  0%| F|  |TAMS 0x00000000c6d00000, 0x00000000c6d00000| Untracked 
|  90|0x00000000c6e00000, 0x00000000c6e00000, 0x00000000c6f00000|  0%| F|  |TAMS 0x00000000c6e00000, 0x00000000c6e00000| Untracked 
|  91|0x00000000c6f00000, 0x00000000c6f00000, 0x00000000c7000000|  0%| F|  |TAMS 0x00000000c6f00000, 0x00000000c6f00000| Untracked 
|  92|0x00000000c7000000, 0x00000000c7000000, 0x00000000c7100000|  0%| F|  |TAMS 0x00000000c7000000, 0x00000000c7000000| Untracked 

Card table byte_map: [0x000001eef7a50000,0x000001eef7c50000] _byte_map_base: 0x000001eef7446000

Marking Bits (Prev, Next): (CMBitMap*) 0x000001eef0011300, (CMBitMap*) 0x000001eef0011340
 Prev Bits: [0x000001eef7e50000, 0x000001eef8e00000)
 Next Bits: [0x000001eef8e00000, 0x000001eef9db0000)

Polling page: 0x000001eeef7a0000

Metaspace:

Usage:
  Non-class:      1.66 MB used.
      Class:    136.25 KB used.
       Both:      1.80 MB used.

Virtual space:
  Non-class space:        8.00 MB reserved,       1.75 MB ( 22%) committed,  1 nodes.
      Class space:        1.00 GB reserved,     192.00 KB ( <1%) committed,  1 nodes.
             Both:        1.01 GB reserved,       1.94 MB ( <1%) committed. 

Chunk freelists:
   Non-Class:  3.91 MB
       Class:  3.73 MB
        Both:  7.64 MB

MaxMetaspaceSize: unlimited
CompressedClassSpaceSize: 1.00 GB
Initial GC threshold: 21.00 MB
Current GC threshold: 21.00 MB
CDS: on
MetaspaceReclaimPolicy: balanced
 - commit_granule_bytes: 65536.
 - commit_granule_words: 8192.
 - virtual_space_node_default_size: 1048576.
 - enlarge_chunks_in_place: 1.
 - new_chunks_are_fully_committed: 0.
 - uncommit_free_chunks: 1.
 - use_allocation_guard: 0.
 - handle_deallocations: 1.


Internal statistics:

num_allocs_failed_limit: 0.
num_arena_births: 20.
num_arena_deaths: 0.
num_vsnodes_births: 2.
num_vsnodes_deaths: 0.
num_space_committed: 31.
num_space_uncommitted: 0.
num_chunks_returned_to_freelist: 0.
num_chunks_taken_from_freelist: 29.
num_chunk_merges: 0.
num_chunk_splits: 19.
num_chunks_enlarged: 12.
num_purges: 0.
num_inconsistent_stats: 0.

CodeHeap 'non-profiled nmethods': size=120000Kb used=295Kb max_used=295Kb free=119704Kb
 bounds [0x000001ee87ad0000, 0x000001ee87d40000, 0x000001ee8f000000]
CodeHeap 'profiled nmethods': size=120000Kb used=1588Kb max_used=1588Kb free=118411Kb
 bounds [0x000001ee80000000, 0x000001ee80270000, 0x000001ee87530000]
CodeHeap 'non-nmethods': size=5760Kb used=1142Kb max_used=1166Kb free=4617Kb
 bounds [0x000001ee87530000, 0x000001ee877a0000, 0x000001ee87ad0000]
 total_blobs=1290 nmethods=861 adapters=342
 compilation: enabled
              stopped_count=0, restarted_count=0
 full_count=0

Compilation events (20 events):
Event: 40.487 Thread 0x000001eefc212c40  852       3       java.lang.StringUTF16::putCharsSB (21 bytes)
Event: 40.487 Thread 0x000001eefc212c40 nmethod 852 0x000001ee80188010 code [0x000001ee801881e0, 0x000001ee80188548]
Event: 40.507 Thread 0x000001eefc211350  853       4       java.lang.AbstractStringBuilder::appendChars (130 bytes)
Event: 40.531 Thread 0x000001eefc211350 nmethod 853 0x000001ee87b17e10 code [0x000001ee87b17fc0, 0x000001ee87b18948]
Event: 40.616 Thread 0x000001eefc211350  854       4       java.lang.CharacterDataLatin1::digit (32 bytes)
Event: 40.617 Thread 0x000001eefc211350 nmethod 854 0x000001ee87b18d90 code [0x000001ee87b18f00, 0x000001ee87b18ff8]
Event: 40.827 Thread 0x000001eefc211350  855       4       java.nio.ByteBuffer::position (8 bytes)
Event: 40.829 Thread 0x000001eefc211350 nmethod 855 0x000001ee87b19110 code [0x000001ee87b19280, 0x000001ee87b19358]
Event: 41.049 Thread 0x000001eefc212c40  856       3       java.lang.StringUTF16::newString (58 bytes)
Event: 41.050 Thread 0x000001eefc212c40 nmethod 856 0x000001ee80188790 code [0x000001ee80188980, 0x000001ee80188ef8]
Event: 41.050 Thread 0x000001eefc212c40  857       3       java.lang.StringUTF16::compress (20 bytes)
Event: 41.050 Thread 0x000001eefc212c40 nmethod 857 0x000001ee80189090 code [0x000001ee80189240, 0x000001ee80189488]
Event: 42.360 Thread 0x000001eefc211350  858       4       java.util.concurrent.locks.ReentrantLock$NonfairSync::initialTryLock (58 bytes)
Event: 42.374 Thread 0x000001eefc211350 nmethod 858 0x000001ee87b19490 code [0x000001ee87b19600, 0x000001ee87b19798]
Event: 42.374 Thread 0x000001eefc211350  859       4       java.util.concurrent.locks.ReentrantLock$Sync::tryRelease (51 bytes)
Event: 42.375 Thread 0x000001eefc211350 nmethod 859 0x000001ee87b19810 code [0x000001ee87b19980, 0x000001ee87b19ab8]
Event: 42.597 Thread 0x000001eefc212c40  860       3       java.lang.String::<init> (830 bytes)
Event: 42.900 Thread 0x000001eefc212c40 nmethod 860 0x000001ee80189590 code [0x000001ee80189a60, 0x000001ee8018c5e8]
Event: 43.414 Thread 0x000001eefc211350  861       4       java.util.concurrent.locks.AbstractQueuedSynchronizer::signalNext (34 bytes)
Event: 43.415 Thread 0x000001eefc211350 nmethod 861 0x000001ee87b19b90 code [0x000001ee87b19d00, 0x000001ee87b19d78]

GC Heap History (8 events):
Event: 37.680 GC heap before
{Heap before GC invocations=0 (full 0):
 garbage-first heap   total 65536K, used 15360K [0x00000000c1400000, 0x0000000100000000)
  region size 1024K, 13 young (13312K), 0 survivors (0K)
 Metaspace       used 1704K, committed 1856K, reserved 1056768K
  class space    used 135K, committed 192K, reserved 1048576K
}
Event: 37.725 GC heap after
{Heap after GC invocations=1 (full 0):
 garbage-first heap   total 65536K, used 11530K [0x00000000c1400000, 0x0000000100000000)
  region size 1024K, 2 young (2048K), 2 survivors (2048K)
 Metaspace       used 1704K, committed 1856K, reserved 1056768K
  class space    used 135K, committed 192K, reserved 1048576K
}
Event: 39.687 GC heap before
{Heap before GC invocations=1 (full 0):
 garbage-first heap   total 65536K, used 27914K [0x00000000c1400000, 0x0000000100000000)
  region size 1024K, 7 young (7168K), 2 survivors (2048K)
 Metaspace       used 1771K, committed 1920K, reserved 1056768K
  class space    used 135K, committed 192K, reserved 1048576K
}
Event: 39.693 GC heap after
{Heap after GC invocations=2 (full 0):
 garbage-first heap   total 65536K, used 17746K [0x00000000c1400000, 0x0000000100000000)
  region size 1024K, 1 young (1024K), 1 survivors (1024K)
 Metaspace       used 1771K, committed 1920K, reserved 1056768K
  class space    used 135K, committed 192K, reserved 1048576K
}
Event: 40.922 GC heap before
{Heap before GC invocations=2 (full 0):
 garbage-first heap   total 65536K, used 40274K [0x00000000c1400000, 0x0000000100000000)
  region size 1024K, 13 young (13312K), 1 survivors (1024K)
 Metaspace       used 1837K, committed 1984K, reserved 1056768K
  class space    used 135K, committed 192K, reserved 1048576K
}
Event: 40.927 GC heap after
{Heap after GC invocations=3 (full 0):
 garbage-first heap   total 65536K, used 22847K [0x00000000c1400000, 0x0000000100000000)
  region size 1024K, 1 young (1024K), 1 survivors (1024K)
 Metaspace       used 1837K, committed 1984K, reserved 1056768K
  class space    used 135K, committed 192K, reserved 1048576K
}
Event: 43.532 GC heap before
{Heap before GC invocations=3 (full 0):
 garbage-first heap   total 73728K, used 59711K [0x00000000c1400000, 0x0000000100000000)
  region size 1024K, 17 young (17408K), 1 survivors (1024K)
 Metaspace       used 1840K, committed 1984K, reserved 1056768K
  class space    used 136K, committed 192K, reserved 1048576K
}
Event: 43.534 GC heap after
{Heap after GC invocations=4 (full 0):
 garbage-first heap   total 73728K, used 33159K [0x00000000c1400000, 0x0000000100000000)
  region size 1024K, 1 young (1024K), 1 survivors (1024K)
 Metaspace       used 1840K, committed 1984K, reserved 1056768K
  class space    used 136K, committed 192K, reserved 1048576K
}

Deoptimization events (20 events):
Event: 37.857 Thread 0x000001eeeffd3c30 DEOPT PACKING pc=0x000001ee80122ab4 sp=0x00000099004ff0e0
Event: 37.857 Thread 0x000001eeeffd3c30 DEOPT UNPACKING pc=0x000001ee87582b43 sp=0x00000099004fe638 mode 0
Event: 37.858 Thread 0x000001eeeffd3c30 DEOPT PACKING pc=0x000001ee80122ab4 sp=0x00000099004ff0e0
Event: 37.858 Thread 0x000001eeeffd3c30 DEOPT UNPACKING pc=0x000001ee87582b43 sp=0x00000099004fe638 mode 0
Event: 37.858 Thread 0x000001eeeffd3c30 DEOPT PACKING pc=0x000001ee80122ab4 sp=0x00000099004ff0e0
Event: 37.858 Thread 0x000001eeeffd3c30 DEOPT UNPACKING pc=0x000001ee87582b43 sp=0x00000099004fe638 mode 0
Event: 37.859 Thread 0x000001eeeffd3c30 DEOPT PACKING pc=0x000001ee80122ab4 sp=0x00000099004ff0e0
Event: 37.859 Thread 0x000001eeeffd3c30 DEOPT UNPACKING pc=0x000001ee87582b43 sp=0x00000099004fe638 mode 0
Event: 37.859 Thread 0x000001eeeffd3c30 DEOPT PACKING pc=0x000001ee80122ab4 sp=0x00000099004ff0e0
Event: 37.859 Thread 0x000001eeeffd3c30 DEOPT UNPACKING pc=0x000001ee87582b43 sp=0x00000099004fe638 mode 0
Event: 37.859 Thread 0x000001eeeffd3c30 DEOPT PACKING pc=0x000001ee80122ab4 sp=0x00000099004ff0e0
Event: 37.859 Thread 0x000001eeeffd3c30 DEOPT UNPACKING pc=0x000001ee87582b43 sp=0x00000099004fe638 mode 0
Event: 39.739 Thread 0x000001eeeffd3c30 DEOPT PACKING pc=0x000001ee80129da9 sp=0x00000099004ff1c0
Event: 39.739 Thread 0x000001eeeffd3c30 DEOPT UNPACKING pc=0x000001ee87582b43 sp=0x00000099004fe5e8 mode 0
Event: 39.742 Thread 0x000001eeeffd3c30 DEOPT PACKING pc=0x000001ee80129dfa sp=0x00000099004ff1c0
Event: 39.742 Thread 0x000001eeeffd3c30 DEOPT UNPACKING pc=0x000001ee87582b43 sp=0x00000099004fe660 mode 0
Event: 40.367 Thread 0x000001eeeffd3c30 DEOPT PACKING pc=0x000001ee8016070f sp=0x00000099004ff410
Event: 40.367 Thread 0x000001eeeffd3c30 DEOPT UNPACKING pc=0x000001ee87582b43 sp=0x00000099004feb90 mode 0
Event: 42.597 Thread 0x000001eeeffd3c30 DEOPT PACKING pc=0x000001ee80075e4e sp=0x00000099004ff070
Event: 42.597 Thread 0x000001eeeffd3c30 DEOPT UNPACKING pc=0x000001ee87582b43 sp=0x00000099004fe4e8 mode 0

Classes unloaded (0 events):
No events

Classes redefined (0 events):
No events

Internal exceptions (7 events):
Event: 0.285 Thread 0x000001eeeffd3c30 Exception <a 'java/lang/NoSuchMethodError'{0x00000000c511b000}: 'void java.lang.invoke.DirectMethodHandle$Holder.invokeSpecial(java.lang.Object, java.lang.Object, java.lang.Object)'> (0x00000000c511b000) 
thrown [s\open\src\hotspot\share\interpreter\linkResolver.cpp, line 759]
Event: 0.290 Thread 0x000001eeeffd3c30 Exception <a 'java/lang/NoSuchMethodError'{0x00000000c512e698}: 'void java.lang.invoke.DirectMethodHandle$Holder.invokeSpecial(java.lang.Object, java.lang.Object, java.lang.Object, java.lang.Object, java.lang.Object)'> (0x00000000c512e698) 
thrown [s\open\src\hotspot\share\interpreter\linkResolver.cpp, line 759]
Event: 0.293 Thread 0x000001eeeffd3c30 Exception <a 'java/lang/NoSuchMethodError'{0x00000000c513fdc0}: 'java.lang.Object java.lang.invoke.DirectMethodHandle$Holder.invokeInterface(java.lang.Object, java.lang.Object)'> (0x00000000c513fdc0) 
thrown [s\open\src\hotspot\share\interpreter\linkResolver.cpp, line 759]
Event: 0.293 Thread 0x000001eeeffd3c30 Exception <a 'java/lang/IncompatibleClassChangeError'{0x00000000c51860b8}: Found class java.lang.Object, but interface was expected> (0x00000000c51860b8) 
thrown [s\open\src\hotspot\share\interpreter\linkResolver.cpp, line 826]
Event: 0.294 Thread 0x000001eeeffd3c30 Exception <a 'java/lang/NoSuchMethodError'{0x00000000c5188e80}: 'void java.lang.invoke.DirectMethodHandle$Holder.invokeStatic(java.lang.Object, java.lang.Object, java.lang.Object, java.lang.Object)'> (0x00000000c5188e80) 
thrown [s\open\src\hotspot\share\interpreter\linkResolver.cpp, line 759]
Event: 0.775 Thread 0x000001eeeffd3c30 Exception <a 'java/lang/NoSuchMethodError'{0x00000000c47768e8}: 'java.lang.Object java.lang.invoke.DirectMethodHandle$Holder.invokeStaticInit(java.lang.Object)'> (0x00000000c47768e8) 
thrown [s\open\src\hotspot\share\interpreter\linkResolver.cpp, line 759]
Event: 0.866 Thread 0x000001eeeffd3c30 Exception <a 'java/lang/NoSuchMethodError'{0x00000000c478b9b0}: 'void java.lang.invoke.DirectMethodHandle$Holder.invokeStatic(java.lang.Object, java.lang.Object)'> (0x00000000c478b9b0) 
thrown [s\open\src\hotspot\share\interpreter\linkResolver.cpp, line 759]

VM Operations (20 events):
Event: 0.529 Executing VM operation: HandshakeAllThreads
Event: 0.530 Executing VM operation: HandshakeAllThreads done
Event: 0.783 Executing VM operation: HandshakeAllThreads
Event: 0.783 Executing VM operation: HandshakeAllThreads done
Event: 1.794 Executing VM operation: Cleanup
Event: 1.794 Executing VM operation: Cleanup done
Event: 37.680 Executing VM operation: G1CollectForAllocation
Event: 37.726 Executing VM operation: G1CollectForAllocation done
Event: 38.736 Executing VM operation: Cleanup
Event: 38.736 Executing VM operation: Cleanup done
Event: 39.687 Executing VM operation: G1CollectForAllocation
Event: 39.694 Executing VM operation: G1CollectForAllocation done
Event: 40.704 Executing VM operation: Cleanup
Event: 40.704 Executing VM operation: Cleanup done
Event: 40.922 Executing VM operation: G1TryInitiateConcMark
Event: 40.928 Executing VM operation: G1TryInitiateConcMark done
Event: 42.953 Executing VM operation: Cleanup
Event: 43.414 Executing VM operation: Cleanup done
Event: 43.532 Executing VM operation: G1TryInitiateConcMark
Event: 43.534 Executing VM operation: G1TryInitiateConcMark done

Events (20 events):
Event: 0.893 loading class sun/nio/ch/Util$BufferCache
Event: 0.893 loading class sun/nio/ch/Util$BufferCache done
Event: 0.894 loading class java/nio/DirectByteBuffer$Deallocator
Event: 0.894 loading class java/nio/DirectByteBuffer$Deallocator done
Event: 0.894 loading class sun/nio/ch/IOStatus
Event: 0.895 loading class sun/nio/ch/IOStatus done
Event: 0.895 loading class java/net/Socket$SocketInputStream
Event: 0.895 loading class java/net/Socket$SocketInputStream done
Event: 0.895 loading class sun/nio/ch/NioSocketImpl$1
Event: 0.895 loading class sun/nio/ch/NioSocketImpl$1 done
Event: 37.615 loading class sun/net/www/http/ChunkedInputStream
Event: 37.636 loading class sun/net/www/http/Hurryable
Event: 37.639 loading class sun/net/www/http/Hurryable done
Event: 37.642 loading class sun/net/www/http/ChunkedInputStream done
Event: 37.652 loading class java/lang/NumberFormatException
Event: 37.655 loading class java/lang/NumberFormatException done
Event: 37.656 loading class sun/net/www/protocol/http/HttpURLConnection$HttpInputStream
Event: 37.660 loading class sun/net/www/protocol/http/HttpURLConnection$HttpInputStream done
Event: 42.796 loading class java/util/concurrent/locks/AbstractQueuedSynchronizer$Node
Event: 43.404 loading class java/util/concurrent/locks/AbstractQueuedSynchronizer$Node done


Dynamic libraries:
0x00007ff6a72b0000 - 0x00007ff6a72c0000 	C:\Program Files\Java\jdk-17\bin\javaw.exe
0x00007ff90d510000 - 0x00007ff90d708000 	C:\WINDOWS\SYSTEM32\ntdll.dll
0x00007ff90d180000 - 0x00007ff90d23f000 	C:\WINDOWS\System32\KERNEL32.DLL
0x00007ff90aff0000 - 0x00007ff90b2e6000 	C:\WINDOWS\System32\KERNELBASE.dll
0x00007ff90b470000 - 0x00007ff90b570000 	C:\WINDOWS\System32\ucrtbase.dll
0x00007ff8fa380000 - 0x00007ff8fa399000 	C:\Program Files\Java\jdk-17\bin\jli.dll
0x00007ff90bbf0000 - 0x00007ff90bc9f000 	C:\WINDOWS\System32\ADVAPI32.dll
0x00007ff90d300000 - 0x00007ff90d39e000 	C:\WINDOWS\System32\msvcrt.dll
0x00007ff90b720000 - 0x00007ff90b7bc000 	C:\WINDOWS\System32\sechost.dll
0x00007ff8fa360000 - 0x00007ff8fa37b000 	C:\Program Files\Java\jdk-17\bin\VCRUNTIME140.dll
0x00007ff90bca0000 - 0x00007ff90bdc6000 	C:\WINDOWS\System32\RPCRT4.dll
0x00007ff90ba50000 - 0x00007ff90bbed000 	C:\WINDOWS\System32\USER32.dll
0x00007ff8eb720000 - 0x00007ff8eb9ba000 	C:\WINDOWS\WinSxS\amd64_microsoft.windows.common-controls_6595b64144ccf1df_6.0.19041.1110_none_60b5254171f9507e\COMCTL32.dll
0x00007ff90ac60000 - 0x00007ff90ac82000 	C:\WINDOWS\System32\win32u.dll
0x00007ff90d2d0000 - 0x00007ff90d2fc000 	C:\WINDOWS\System32\GDI32.dll
0x00007ff90acc0000 - 0x00007ff90add5000 	C:\WINDOWS\System32\gdi32full.dll
0x00007ff90b2f0000 - 0x00007ff90b38d000 	C:\WINDOWS\System32\msvcp_win.dll
0x00007ff909960000 - 0x00007ff90996a000 	C:\WINDOWS\SYSTEM32\VERSION.dll
0x00007ff90c580000 - 0x00007ff90c5b0000 	C:\WINDOWS\System32\IMM32.DLL
0x00007ff902bd0000 - 0x00007ff902bdc000 	C:\Program Files\Java\jdk-17\bin\vcruntime140_1.dll
0x00007ff8edcd0000 - 0x00007ff8edd5e000 	C:\Program Files\Java\jdk-17\bin\msvcp140.dll
0x00007ff8d2780000 - 0x00007ff8d335d000 	C:\Program Files\Java\jdk-17\bin\server\jvm.dll
0x00007ff90cb60000 - 0x00007ff90cb68000 	C:\WINDOWS\System32\PSAPI.DLL
0x00007ff8ecae0000 - 0x00007ff8ecb07000 	C:\WINDOWS\SYSTEM32\WINMM.dll
0x00007ff8f3240000 - 0x00007ff8f3249000 	C:\WINDOWS\SYSTEM32\WSOCK32.dll
0x00007ff90cc20000 - 0x00007ff90cc8b000 	C:\WINDOWS\System32\WS2_32.dll
0x00007ff909920000 - 0x00007ff909932000 	C:\WINDOWS\SYSTEM32\kernel.appcore.dll
0x00007ff8fe300000 - 0x00007ff8fe30a000 	C:\Program Files\Java\jdk-17\bin\jimage.dll
0x00007ff9088a0000 - 0x00007ff908a84000 	C:\WINDOWS\SYSTEM32\DBGHELP.DLL
0x00007ff8f3300000 - 0x00007ff8f3334000 	C:\WINDOWS\SYSTEM32\dbgcore.DLL
0x00007ff90b390000 - 0x00007ff90b412000 	C:\WINDOWS\System32\bcryptPrimitives.dll
0x00007ff8f1950000 - 0x00007ff8f1975000 	C:\Program Files\Java\jdk-17\bin\java.dll
0x00007ff8e0090000 - 0x00007ff8e0167000 	C:\Program Files\Java\jdk-17\bin\jsvml.dll
0x00007ff90be30000 - 0x00007ff90c574000 	C:\WINDOWS\System32\SHELL32.dll
0x00007ff909180000 - 0x00007ff909913000 	C:\WINDOWS\SYSTEM32\windows.storage.dll
0x00007ff90cdc0000 - 0x00007ff90d114000 	C:\WINDOWS\System32\combase.dll
0x00007ff90a5d0000 - 0x00007ff90a5fe000 	C:\WINDOWS\SYSTEM32\Wldp.dll
0x00007ff90cb70000 - 0x00007ff90cc1d000 	C:\WINDOWS\System32\SHCORE.dll
0x00007ff90cb00000 - 0x00007ff90cb55000 	C:\WINDOWS\System32\shlwapi.dll
0x00007ff90ab30000 - 0x00007ff90ab4f000 	C:\WINDOWS\SYSTEM32\profapi.dll
0x00007ff8f25a0000 - 0x00007ff8f25b9000 	C:\Program Files\Java\jdk-17\bin\net.dll
0x00007ff901470000 - 0x00007ff90157a000 	C:\WINDOWS\SYSTEM32\WINHTTP.dll
0x00007ff90a2c0000 - 0x00007ff90a32a000 	C:\WINDOWS\system32\mswsock.dll
0x00007ff8f2200000 - 0x00007ff8f2216000 	C:\Program Files\Java\jdk-17\bin\nio.dll
0x00007ff8f16a0000 - 0x00007ff8f16b8000 	C:\Program Files\Java\jdk-17\bin\zip.dll
0x00007ff909ff0000 - 0x00007ff90a0ba000 	C:\WINDOWS\SYSTEM32\DNSAPI.dll
0x00007ff909fb0000 - 0x00007ff909fec000 	C:\WINDOWS\SYSTEM32\IPHLPAPI.DLL
0x00007ff90d3a0000 - 0x00007ff90d3a8000 	C:\WINDOWS\System32\NSI.dll
0x00007ff8f8410000 - 0x00007ff8f841a000 	C:\Windows\System32\rasadhlp.dll
0x00007ff8f7f10000 - 0x00007ff8f7f92000 	C:\WINDOWS\System32\fwpuclnt.dll
0x00007ff90ac90000 - 0x00007ff90acb7000 	C:\WINDOWS\System32\bcrypt.dll

dbghelp: loaded successfully - version: 4.0.5 - missing functions: none
symbol engine: initialized successfully - sym options: 0x614 - pdb path: .;C:\Program Files\Java\jdk-17\bin;C:\WINDOWS\SYSTEM32;C:\WINDOWS\WinSxS\amd64_microsoft.windows.common-controls_6595b64144ccf1df_6.0.19041.1110_none_60b5254171f9507e;C:\Program Files\Java\jdk-17\bin\server

VM Arguments:
jvm_args: -Dfile.encoding=UTF-8 --module-path=C:\Users\lemon\eclipse-workspace\postgresql-42.6.0.jar -XX:+ShowCodeDetailsInExceptionMessages 
java_command: makeMoneySite.main
java_class_path (initial): C:\Users\lemon\Desktop\makeMoneySite\target\classes;C:\Users\lemon\Downloads\poi-bin-5.2.3-20220909\poi-bin-5.2.3\poi-5.2.3.jar;C:\Users\lemon\Downloads\poi-bin-5.2.3-20220909\poi-bin-5.2.3\poi-examples-5.2.3.jar;C:\Users\lemon\Downloads\poi-bin-5.2.3-20220909\poi-bin-5.2.3\poi-excelant-5.2.3.jar;C:\Users\lemon\Downloads\poi-bin-5.2.3-20220909\poi-bin-5.2.3\poi-javadoc-5.2.3.jar;C:\Users\lemon\Downloads\poi-bin-5.2.3-20220909\poi-bin-5.2.3\poi-ooxml-5.2.3.jar;C:\Users\lemon\Downloads\poi-bin-5.2.3-20220909\poi-bin-5.2.3\poi-ooxml-full-5.2.3.jar;C:\Users\lemon\Downloads\poi-bin-5.2.3-20220909\poi-bin-5.2.3\poi-ooxml-lite-5.2.3.jar;C:\Users\lemon\Downloads\poi-bin-5.2.3-20220909\poi-bin-5.2.3\poi-scratchpad-5.2.3.jar;C:\Users\lemon\Downloads\poi-bin-5.2.3-20220909\poi-bin-5.2.3\lib\commons-io-2.11.0.jar;C:\Users\lemon\Downloads\apache-log4j-2.19.0-bin\apache-log4j-2.19.0-bin\log4j-api-2.19.0.jar;C:\Users\lemon\Downloads\apache-log4j-2.19.0-bin\apache-log4j-2.19.0-bin\log4j-core-2.19.0.jar;C:\Users\lemon\Downloads\poi-bin-5.2.3-20220909\poi-bin-5.2.3\lib\commons-collections4-4.4.jar;C:\Users\lemon\Downloads\poi-bin-5.2.3-20220909\poi-bin-5.2.3\ooxml-lib\commons-compress-1.21.jar;C:\Users\lemon\Downloads\poi-bin-5.2.3-20220909\poi-bin-5.2.3\ooxml-lib\curvesapi-1.07.jar;C:\Users\lemon\Downloads\poi-bin-5.2.3-20220909\poi-bin-5.2.3\ooxml-lib\jakarta.activation-2.0.1.jar;C:\Users\lemon\Downloads\poi-bin-5.2.3-20220909\poi-bin-5.2.3\ooxml-lib\jakarta.xml.bind-api-3.0.1.jar;C:\Users\lemon\Downloads\poi-bin-5.2.3-20220909\poi-bin-5.2.3\ooxml-lib\slf4j-api-1.7.36.jar;C:\Users\lemon\Downloads\poi-bin-5.2.3-20220909\poi-bin-5.2.3\ooxml-lib\xmlbeans-5.1.1.jar;C:\Users\lemon\Downloads\selenium-java-4.8.0\lib\async-http-client-2.12.3.jar;C:\Users\lemon\Downloads\selenium-java-4.8.0\lib\async-http-client-netty-utils-2.12.3.jar;C:\Users\lemon\Downloads\selenium-java-4.8.0\lib\auto-common-1.2.1.jar;C:\Users\lemon\Downloads\selenium-java-4.8.0\lib\auto-serv
Launcher Type: SUN_STANDARD

[Global flags]
     intx CICompilerCount                          = 3                                         {product} {ergonomic}
     uint ConcGCThreads                            = 1                                         {product} {ergonomic}
     uint G1ConcRefinementThreads                  = 4                                         {product} {ergonomic}
   size_t G1HeapRegionSize                         = 1048576                                   {product} {ergonomic}
    uintx GCDrainStackTargetSize                   = 64                                        {product} {ergonomic}
   size_t InitialHeapSize                          = 67108864                                  {product} {ergonomic}
   size_t MarkStackSize                            = 4194304                                   {product} {ergonomic}
   size_t MaxHeapSize                              = 1052770304                                {product} {ergonomic}
   size_t MaxNewSize                               = 631242752                                 {product} {ergonomic}
   size_t MinHeapDeltaBytes                        = 1048576                                   {product} {ergonomic}
   size_t MinHeapSize                              = 8388608                                   {product} {ergonomic}
    uintx NonNMethodCodeHeapSize                   = 5832780                                {pd product} {ergonomic}
    uintx NonProfiledCodeHeapSize                  = 122912730                              {pd product} {ergonomic}
    uintx ProfiledCodeHeapSize                     = 122912730                              {pd product} {ergonomic}
    uintx ReservedCodeCacheSize                    = 251658240                              {pd product} {ergonomic}
     bool SegmentedCodeCache                       = true                                      {product} {ergonomic}
     bool ShowCodeDetailsInExceptionMessages       = true                                   {manageable} {command line}
   size_t SoftMaxHeapSize                          = 1052770304                             {manageable} {ergonomic}
     bool UseCompressedClassPointers               = true                           {product lp64_product} {ergonomic}
     bool UseCompressedOops                        = true                           {product lp64_product} {ergonomic}
     bool UseG1GC                                  = true                                      {product} {ergonomic}
     bool UseLargePagesIndividualAllocation        = false                                  {pd product} {ergonomic}

Logging:
Log output configuration:
 #0: stdout all=warning uptime,level,tags
 #1: stderr all=off uptime,level,tags

Environment Variables:
JAVA_HOME=C:\Program Files\Java\jdk-17
CLASSPATH=C:\Program Files\Java\jdk-17\lib
PATH=C:/Program Files/Java/jdk-17/bin/server;C:/Program Files/Java/jdk-17/bin;C:\Program Files\Common Files\Oracle\Java\javapath;C:\WINDOWS\system32;C:\WINDOWS;C:\WINDOWS\System32\Wbem;C:\WINDOWS\System32\WindowsPowerShell\v1.0\;C:\WINDOWS\System32\OpenSSH\;C:\Program Files\Java\jdk-17\bin;;C:\Program Files (x86)\ePapyrus\Papyrus-PlugIn-web;C:\Program Files (x86)\ePapyrus\Papyrus-PlugIn-web\Addins;C:\Program Files\MySQL\MySQL Shell 8.0\bin\;C:\Users\lemon\AppData\Local\Microsoft\WindowsApps;;C:\WINDOWS\System32;
USERNAME=lemon
OS=Windows_NT
PROCESSOR_IDENTIFIER=Intel64 Family 6 Model 142 Stepping 9, GenuineIntel



---------------  S Y S T E M  ---------------

OS:
 Windows 10 , 64 bit Build 19041 (10.0.19041.3031)
OS uptime: 4 days 13:32 hours

CPU: total 4 (initial active 4) (2 cores per cpu, 2 threads per core) family 6 model 142 stepping 9 microcode 0xf0, cx8, cmov, fxsr, ht, mmx, 3dnowpref, sse, sse2, sse3, ssse3, sse4.1, sse4.2, popcnt, lzcnt, tsc, tscinvbit, avx, avx2, aes, erms, clmul, bmi1, bmi2, rtm, adx, fma, vzeroupper, clflush, clflushopt

Memory: 4k page, system-wide physical 4013M (51M free)
TotalPageFile size 16301M (AvailPageFile size 3M)
current process WorkingSet (physical memory assigned to process): 84M, peak: 84M
current process commit charge ("private bytes"): 174M, peak: 174M

vm_info: Java HotSpot(TM) 64-Bit Server VM (17.0.7+8-LTS-224) for windows-amd64 JRE (17.0.7+8-LTS-224), built on Feb 28 2023 23:03:02 by "mach5one" with MS VC++ 17.1 (VS2022)

END.
