#
# There is insufficient memory for the Java Runtime Environment to continue.
# Native memory allocation (mmap) failed to map 1851392 bytes for G1 virtual space
# Possible reasons:
#   The system is out of physical RAM or swap space
#   The process is running with CompressedOops enabled, and the Java Heap may be blocking the growth of the native heap
# Possible solutions:
#   Reduce memory load on the system
#   Increase physical memory or swap space
#   Check if swap backing store is full
#   Decrease Java heap size (-Xmx/-Xms)
#   Decrease number of Java threads
#   Decrease Java thread stack sizes (-Xss)
#   Set larger code cache with -XX:ReservedCodeCacheSize=
#   JVM is running with Unscaled Compressed Oops mode in which the Java heap is
#     placed in the first 4GB address space. The Java Heap base address is the
#     maximum limit for the native heap growth. Please use -XX:HeapBaseMinAddress
#     to set the Java Heap base and to place the Java Heap above 4GB virtual address.
# This output file may be truncated or incomplete.
#
#  Out of Memory Error (os_windows.cpp:3550), pid=2884, tid=62292
#
# JRE version: Java(TM) SE Runtime Environment (17.0.7+8) (build 17.0.7+8-LTS-224)
# Java VM: Java HotSpot(TM) 64-Bit Server VM (17.0.7+8-LTS-224, mixed mode, sharing, tiered, compressed oops, compressed class ptrs, g1 gc, windows-amd64)
# No core dump will be written. Minidumps are not enabled by default on client versions of Windows
#

---------------  S U M M A R Y ------------

Command Line: -Dfile.encoding=UTF-8 --module-path=C:\Users\lemon\eclipse-workspace\postgresql-42.6.0.jar -XX:+ShowCodeDetailsInExceptionMessages makeMoneySite.main

Host: Intel(R) Core(TM) i5-7300U CPU @ 2.60GHz, 4 cores, 3G,  Windows 10 , 64 bit Build 19041 (10.0.19041.3031)
Time: Fri Jul  7 08:28:43 2023  Windows 10 , 64 bit Build 19041 (10.0.19041.3031) elapsed time: 33.845513 seconds (0d 0h 0m 33s)

---------------  T H R E A D  ---------------

Current thread (0x000001bd7dd666e0):  VMThread "VM Thread" [stack: 0x0000006f9df00000,0x0000006f9e000000] [id=62292]

Stack: [0x0000006f9df00000,0x0000006f9e000000]
Native frames: (J=compiled Java code, j=interpreted, Vv=VM code, C=native code)
V  [jvm.dll+0x676a4a]
V  [jvm.dll+0x7d74f4]
V  [jvm.dll+0x7d8c9e]
V  [jvm.dll+0x7d9303]
V  [jvm.dll+0x2452c5]
V  [jvm.dll+0x6738f9]
V  [jvm.dll+0x668232]
V  [jvm.dll+0x302826]
V  [jvm.dll+0x309da6]
V  [jvm.dll+0x359558]
V  [jvm.dll+0x35975f]
V  [jvm.dll+0x2d9a38]
V  [jvm.dll+0x2dcad6]
V  [jvm.dll+0x2e72d8]
V  [jvm.dll+0x31ad30]
V  [jvm.dll+0x7ddb0b]
V  [jvm.dll+0x7de844]
V  [jvm.dll+0x7ded5d]
V  [jvm.dll+0x7df134]
V  [jvm.dll+0x7df200]
V  [jvm.dll+0x78759a]
V  [jvm.dll+0x675875]
C  [ucrtbase.dll+0x21bb2]
C  [KERNEL32.DLL+0x17614]
C  [ntdll.dll+0x526f1]

VM_Operation (0x0000006f9dbff950): G1Concurrent, mode: safepoint, requested by thread 0x000001bd71b973f0


---------------  P R O C E S S  ---------------

Threads class SMR info:
_java_thread_list=0x000001bd7e9e1d50, length=12, elements={
0x000001bd71b32d20, 0x000001bd7dd6e260, 0x000001bd7dd6f8c0, 0x000001bd7dd86ec0,
0x000001bd7dd869f0, 0x000001bd7dd87390, 0x000001bd7dd87860, 0x000001bd7dd917a0,
0x000001bd7ddca860, 0x000001bd7ddef4f0, 0x000001bd7dd87d30, 0x000001bd7dd88ba0
}

Java Threads: ( => current thread )
  0x000001bd71b32d20 JavaThread "main" [_thread_blocked, id=62768, stack(0x0000006f9d900000,0x0000006f9da00000)]
  0x000001bd7dd6e260 JavaThread "Reference Handler" daemon [_thread_blocked, id=63848, stack(0x0000006f9e000000,0x0000006f9e100000)]
  0x000001bd7dd6f8c0 JavaThread "Finalizer" daemon [_thread_blocked, id=65052, stack(0x0000006f9e100000,0x0000006f9e200000)]
  0x000001bd7dd86ec0 JavaThread "Signal Dispatcher" daemon [_thread_blocked, id=46164, stack(0x0000006f9e200000,0x0000006f9e300000)]
  0x000001bd7dd869f0 JavaThread "Attach Listener" daemon [_thread_blocked, id=57724, stack(0x0000006f9e300000,0x0000006f9e400000)]
  0x000001bd7dd87390 JavaThread "Service Thread" daemon [_thread_blocked, id=62720, stack(0x0000006f9e400000,0x0000006f9e500000)]
  0x000001bd7dd87860 JavaThread "Monitor Deflation Thread" daemon [_thread_blocked, id=64556, stack(0x0000006f9e500000,0x0000006f9e600000)]
  0x000001bd7dd917a0 JavaThread "C2 CompilerThread0" daemon [_thread_blocked, id=46336, stack(0x0000006f9e600000,0x0000006f9e700000)]
  0x000001bd7ddca860 JavaThread "C1 CompilerThread0" daemon [_thread_blocked, id=62036, stack(0x0000006f9e700000,0x0000006f9e800000)]
  0x000001bd7ddef4f0 JavaThread "Sweeper thread" daemon [_thread_blocked, id=63940, stack(0x0000006f9e800000,0x0000006f9e900000)]
  0x000001bd7dd87d30 JavaThread "Common-Cleaner" daemon [_thread_blocked, id=53536, stack(0x0000006f9e900000,0x0000006f9ea00000)]
  0x000001bd7dd88ba0 JavaThread "Notification Thread" daemon [_thread_blocked, id=60920, stack(0x0000006f9ea00000,0x0000006f9eb00000)]

Other Threads:
=>0x000001bd7dd666e0 VMThread "VM Thread" [stack: 0x0000006f9df00000,0x0000006f9e000000] [id=62292]
  0x000001bd7e9ba5f0 WatcherThread [stack: 0x0000006f9eb00000,0x0000006f9ec00000] [id=63112]
  0x000001bd71b6efd0 GCTaskThread "GC Thread#0" [stack: 0x0000006f9da00000,0x0000006f9db00000] [id=51032]
  0x000001bd7f04f610 GCTaskThread "GC Thread#1" [stack: 0x0000006f9ec00000,0x0000006f9ed00000] [id=64900]
  0x000001bd7f04f8c0 GCTaskThread "GC Thread#2" [stack: 0x0000006f9ed00000,0x0000006f9ee00000] [id=49632]
  0x000001bd7f07c460 GCTaskThread "GC Thread#3" [stack: 0x0000006f9ee00000,0x0000006f9ef00000] [id=57468]
  0x000001bd71b973f0 ConcurrentGCThread "G1 Main Marker" [stack: 0x0000006f9db00000,0x0000006f9dc00000] [id=60444]
  0x000001bd71b99600 ConcurrentGCThread "G1 Conc#0" [stack: 0x0000006f9dc00000,0x0000006f9dd00000] [id=63412]
  0x000001bd71be7df0 ConcurrentGCThread "G1 Refine#0" [stack: 0x0000006f9dd00000,0x0000006f9de00000] [id=65532]
  0x000001bd7f07c060 ConcurrentGCThread "G1 Refine#1" [stack: 0x0000006f9ef00000,0x0000006f9f000000] [id=62584]
  0x000001bd7f187b30 ConcurrentGCThread "G1 Refine#2" [stack: 0x0000006f9f000000,0x0000006f9f100000] [id=63952]
  0x000001bd7f2fbfe0 ConcurrentGCThread "G1 Refine#3" [stack: 0x0000006f9f100000,0x0000006f9f200000] [id=54860]
  0x000001bd71be8720 ConcurrentGCThread "G1 Service" [stack: 0x0000006f9de00000,0x0000006f9df00000] [id=2208]

Threads with active compile tasks:

VM state: at safepoint (normal execution)

VM Mutex/Monitor currently owned by a thread:  ([mutex/lock_event])
[0x000001bd71b2da30] Threads_lock - owner thread: 0x000001bd7dd666e0
[0x000001bd71b2e840] Heap_lock - owner thread: 0x000001bd71b973f0

Heap address: 0x00000000c1400000, size: 1004 MB, Compressed Oops mode: 32-bit

CDS archive(s) mapped at: [0x0000000800000000-0x0000000800bd0000-0x0000000800bd0000), size 12386304, SharedBaseAddress: 0x0000000800000000, ArchiveRelocationMode: 0.
Compressed class space mapped at: 0x0000000800c00000-0x0000000840c00000, reserved size: 1073741824
Narrow klass base: 0x0000000800000000, Narrow klass shift: 0, Narrow klass range: 0x100000000

GC Precious Log:
 CPUs: 4 total, 4 available
 Memory: 4013M
 Large Page Support: Disabled
 NUMA Support: Disabled
 Compressed Oops: Enabled (32-bit)
 Heap Region Size: 1M
 Heap Min Capacity: 8M
 Heap Initial Capacity: 64M
 Heap Max Capacity: 1004M
 Pre-touch: Disabled
 Parallel Workers: 4
 Concurrent Workers: 1
 Concurrent Refinement Workers: 4
 Periodic GC: Disabled

Heap:
 garbage-first heap   total 239616K, used 211954K [0x00000000c1400000, 0x0000000100000000)
  region size 1024K, 4 young (4096K), 2 survivors (2048K)
 Metaspace       used 3391K, committed 3520K, reserved 1056768K
  class space    used 271K, committed 320K, reserved 1048576K

Heap Regions: E=young(eden), S=young(survivor), O=old, HS=humongous(starts), HC=humongous(continues), CS=collection set, F=free, OA=open archive, CA=closed archive, TAMS=top-at-mark-start (previous, next)
|   0|0x00000000c1400000, 0x00000000c1500000, 0x00000000c1500000|100%|HS|  |TAMS 0x00000000c1500000, 0x00000000c1400000| Complete 
|   1|0x00000000c1500000, 0x00000000c1600000, 0x00000000c1600000|100%|HS|  |TAMS 0x00000000c1600000, 0x00000000c1500000| Complete 
|   2|0x00000000c1600000, 0x00000000c1700000, 0x00000000c1700000|100%|HC|  |TAMS 0x00000000c1700000, 0x00000000c1600000| Complete 
|   3|0x00000000c1700000, 0x00000000c1800000, 0x00000000c1800000|100%| O|  |TAMS 0x00000000c1800000, 0x00000000c1700000| Untracked 
|   4|0x00000000c1800000, 0x00000000c1900000, 0x00000000c1900000|100%| O|  |TAMS 0x00000000c1900000, 0x00000000c1800000| Untracked 
|   5|0x00000000c1900000, 0x00000000c1a00000, 0x00000000c1a00000|100%| O|  |TAMS 0x00000000c1a00000, 0x00000000c1900000| Updating 
|   6|0x00000000c1a00000, 0x00000000c1b00000, 0x00000000c1b00000|100%| O|  |TAMS 0x00000000c1b00000, 0x00000000c1a00000| Untracked 
|   7|0x00000000c1b00000, 0x00000000c1c00000, 0x00000000c1c00000|100%| O|  |TAMS 0x00000000c1c00000, 0x00000000c1b00000| Untracked 
|   8|0x00000000c1c00000, 0x00000000c1d00000, 0x00000000c1d00000|100%| O|  |TAMS 0x00000000c1d00000, 0x00000000c1c00000| Untracked 
|   9|0x00000000c1d00000, 0x00000000c1e00000, 0x00000000c1e00000|100%| O|  |TAMS 0x00000000c1e00000, 0x00000000c1d00000| Untracked 
|  10|0x00000000c1e00000, 0x00000000c1f00000, 0x00000000c1f00000|100%| O|  |TAMS 0x00000000c1f00000, 0x00000000c1e00000| Updating 
|  11|0x00000000c1f00000, 0x00000000c2000000, 0x00000000c2000000|100%| O|  |TAMS 0x00000000c2000000, 0x00000000c1f00000| Updating 
|  12|0x00000000c2000000, 0x00000000c2100000, 0x00000000c2100000|100%| O|  |TAMS 0x00000000c2100000, 0x00000000c2000000| Updating 
|  13|0x00000000c2100000, 0x00000000c2200000, 0x00000000c2200000|100%| O|  |TAMS 0x00000000c2200000, 0x00000000c2100000| Updating 
|  14|0x00000000c2200000, 0x00000000c2300000, 0x00000000c2300000|100%| O|  |TAMS 0x00000000c2300000, 0x00000000c2200000| Updating 
|  15|0x00000000c2300000, 0x00000000c2400000, 0x00000000c2400000|100%| O|  |TAMS 0x00000000c2400000, 0x00000000c2300000| Updating 
|  16|0x00000000c2400000, 0x00000000c2500000, 0x00000000c2500000|100%| O|  |TAMS 0x00000000c2500000, 0x00000000c2400000| Untracked 
|  17|0x00000000c2500000, 0x00000000c2600000, 0x00000000c2600000|100%| O|  |TAMS 0x00000000c2600000, 0x00000000c2500000| Untracked 
|  18|0x00000000c2600000, 0x00000000c2700000, 0x00000000c2700000|100%| O|  |TAMS 0x00000000c2700000, 0x00000000c2600000| Untracked 
|  19|0x00000000c2700000, 0x00000000c2800000, 0x00000000c2800000|100%| O|  |TAMS 0x00000000c2800000, 0x00000000c2700000| Untracked 
|  20|0x00000000c2800000, 0x00000000c2900000, 0x00000000c2900000|100%| O|  |TAMS 0x00000000c2900000, 0x00000000c2800000| Untracked 
|  21|0x00000000c2900000, 0x00000000c2a00000, 0x00000000c2a00000|100%| O|  |TAMS 0x00000000c2a00000, 0x00000000c2900000| Untracked 
|  22|0x00000000c2a00000, 0x00000000c2b00000, 0x00000000c2b00000|100%| O|  |TAMS 0x00000000c2b00000, 0x00000000c2a00000| Untracked 
|  23|0x00000000c2b00000, 0x00000000c2c00000, 0x00000000c2c00000|100%| O|  |TAMS 0x00000000c2c00000, 0x00000000c2b00000| Untracked 
|  24|0x00000000c2c00000, 0x00000000c2d00000, 0x00000000c2d00000|100%| O|  |TAMS 0x00000000c2d00000, 0x00000000c2c00000| Untracked 
|  25|0x00000000c2d00000, 0x00000000c2e00000, 0x00000000c2e00000|100%| O|  |TAMS 0x00000000c2e00000, 0x00000000c2d00000| Untracked 
|  26|0x00000000c2e00000, 0x00000000c2f00000, 0x00000000c2f00000|100%| O|  |TAMS 0x00000000c2f00000, 0x00000000c2e00000| Untracked 
|  27|0x00000000c2f00000, 0x00000000c3000000, 0x00000000c3000000|100%| O|  |TAMS 0x00000000c3000000, 0x00000000c2f00000| Untracked 
|  28|0x00000000c3000000, 0x00000000c3100000, 0x00000000c3100000|100%| O|  |TAMS 0x00000000c3100000, 0x00000000c3000000| Updating 
|  29|0x00000000c3100000, 0x00000000c3200000, 0x00000000c3200000|100%| O|  |TAMS 0x00000000c3200000, 0x00000000c3100000| Untracked 
|  30|0x00000000c3200000, 0x00000000c3300000, 0x00000000c3300000|100%| O|  |TAMS 0x00000000c3300000, 0x00000000c3200000| Updating 
|  31|0x00000000c3300000, 0x00000000c3400000, 0x00000000c3400000|100%| O|  |TAMS 0x00000000c3400000, 0x00000000c3300000| Updating 
|  32|0x00000000c3400000, 0x00000000c3500000, 0x00000000c3500000|100%| O|  |TAMS 0x00000000c3500000, 0x00000000c3400000| Updating 
|  33|0x00000000c3500000, 0x00000000c3600000, 0x00000000c3600000|100%| O|  |TAMS 0x00000000c3600000, 0x00000000c3500000| Updating 
|  34|0x00000000c3600000, 0x00000000c3700000, 0x00000000c3700000|100%| O|  |TAMS 0x00000000c3700000, 0x00000000c3600000| Untracked 
|  35|0x00000000c3700000, 0x00000000c3800000, 0x00000000c3800000|100%| O|  |TAMS 0x00000000c3800000, 0x00000000c3700000| Untracked 
|  36|0x00000000c3800000, 0x00000000c3900000, 0x00000000c3900000|100%| O|  |TAMS 0x00000000c3900000, 0x00000000c3800000| Untracked 
|  37|0x00000000c3900000, 0x00000000c3a00000, 0x00000000c3a00000|100%| O|  |TAMS 0x00000000c3a00000, 0x00000000c3900000| Untracked 
|  38|0x00000000c3a00000, 0x00000000c3b00000, 0x00000000c3b00000|100%| O|  |TAMS 0x00000000c3b00000, 0x00000000c3a00000| Untracked 
|  39|0x00000000c3b00000, 0x00000000c3c00000, 0x00000000c3c00000|100%| O|  |TAMS 0x00000000c3c00000, 0x00000000c3b00000| Updating 
|  40|0x00000000c3c00000, 0x00000000c3d00000, 0x00000000c3d00000|100%| O|  |TAMS 0x00000000c3d00000, 0x00000000c3c00000| Untracked 
|  41|0x00000000c3d00000, 0x00000000c3e00000, 0x00000000c3e00000|100%| O|  |TAMS 0x00000000c3e00000, 0x00000000c3d00000| Untracked 
|  42|0x00000000c3e00000, 0x00000000c3f00000, 0x00000000c3f00000|100%| O|  |TAMS 0x00000000c3f00000, 0x00000000c3e00000| Untracked 
|  43|0x00000000c3f00000, 0x00000000c4000000, 0x00000000c4000000|100%| O|  |TAMS 0x00000000c4000000, 0x00000000c3f00000| Untracked 
|  44|0x00000000c4000000, 0x00000000c4100000, 0x00000000c4100000|100%| O|  |TAMS 0x00000000c4100000, 0x00000000c4000000| Untracked 
|  45|0x00000000c4100000, 0x00000000c4200000, 0x00000000c4200000|100%| O|  |TAMS 0x00000000c4200000, 0x00000000c4100000| Untracked 
|  46|0x00000000c4200000, 0x00000000c4300000, 0x00000000c4300000|100%| O|  |TAMS 0x00000000c4300000, 0x00000000c4200000| Untracked 
|  47|0x00000000c4300000, 0x00000000c4400000, 0x00000000c4400000|100%| O|  |TAMS 0x00000000c4400000, 0x00000000c4300000| Untracked 
|  48|0x00000000c4400000, 0x00000000c4500000, 0x00000000c4500000|100%| O|  |TAMS 0x00000000c4500000, 0x00000000c4400000| Untracked 
|  49|0x00000000c4500000, 0x00000000c4600000, 0x00000000c4600000|100%| O|  |TAMS 0x00000000c4600000, 0x00000000c4500000| Untracked 
|  50|0x00000000c4600000, 0x00000000c4700000, 0x00000000c4700000|100%| O|  |TAMS 0x00000000c4700000, 0x00000000c4600000| Untracked 
|  51|0x00000000c4700000, 0x00000000c4800000, 0x00000000c4800000|100%| O|  |TAMS 0x00000000c4800000, 0x00000000c4700000| Updating 
|  52|0x00000000c4800000, 0x00000000c4900000, 0x00000000c4900000|100%| O|  |TAMS 0x00000000c4900000, 0x00000000c4800000| Updating 
|  53|0x00000000c4900000, 0x00000000c4a00000, 0x00000000c4a00000|100%| O|  |TAMS 0x00000000c4a00000, 0x00000000c4900000| Untracked 
|  54|0x00000000c4a00000, 0x00000000c4b00000, 0x00000000c4b00000|100%| O|  |TAMS 0x00000000c4b00000, 0x00000000c4a00000| Untracked 
|  55|0x00000000c4b00000, 0x00000000c4c00000, 0x00000000c4c00000|100%| O|  |TAMS 0x00000000c4c00000, 0x00000000c4b00000| Untracked 
|  56|0x00000000c4c00000, 0x00000000c4d00000, 0x00000000c4d00000|100%| O|  |TAMS 0x00000000c4d00000, 0x00000000c4c00000| Untracked 
|  57|0x00000000c4d00000, 0x00000000c4e00000, 0x00000000c4e00000|100%| O|  |TAMS 0x00000000c4e00000, 0x00000000c4d00000| Untracked 
|  58|0x00000000c4e00000, 0x00000000c4f00000, 0x00000000c4f00000|100%| O|  |TAMS 0x00000000c4f00000, 0x00000000c4e00000| Untracked 
|  59|0x00000000c4f00000, 0x00000000c5000000, 0x00000000c5000000|100%| O|  |TAMS 0x00000000c5000000, 0x00000000c4f00000| Untracked 
|  60|0x00000000c5000000, 0x00000000c5100000, 0x00000000c5100000|100%| O|  |TAMS 0x00000000c5100000, 0x00000000c5000000| Untracked 
|  61|0x00000000c5100000, 0x00000000c5200000, 0x00000000c5200000|100%| O|  |TAMS 0x00000000c5200000, 0x00000000c5100000| Updating 
|  62|0x00000000c5200000, 0x00000000c5300000, 0x00000000c5300000|100%| O|  |TAMS 0x00000000c5300000, 0x00000000c5200000| Updating 
|  63|0x00000000c5300000, 0x00000000c5400000, 0x00000000c5400000|100%| O|  |TAMS 0x00000000c5400000, 0x00000000c5300000| Updating 
|  64|0x00000000c5400000, 0x00000000c5500000, 0x00000000c5500000|100%| O|  |TAMS 0x00000000c5500000, 0x00000000c5400000| Untracked 
|  65|0x00000000c5500000, 0x00000000c5600000, 0x00000000c5600000|100%| O|  |TAMS 0x00000000c5600000, 0x00000000c5500000| Untracked 
|  66|0x00000000c5600000, 0x00000000c5700000, 0x00000000c5700000|100%| O|  |TAMS 0x00000000c5700000, 0x00000000c5600000| Untracked 
|  67|0x00000000c5700000, 0x00000000c5800000, 0x00000000c5800000|100%| O|  |TAMS 0x00000000c5800000, 0x00000000c5700000| Untracked 
|  68|0x00000000c5800000, 0x00000000c5900000, 0x00000000c5900000|100%| O|  |TAMS 0x00000000c5900000, 0x00000000c5800000| Untracked 
|  69|0x00000000c5900000, 0x00000000c5a00000, 0x00000000c5a00000|100%| O|  |TAMS 0x00000000c5a00000, 0x00000000c5900000| Untracked 
|  70|0x00000000c5a00000, 0x00000000c5b00000, 0x00000000c5b00000|100%| O|  |TAMS 0x00000000c5b00000, 0x00000000c5a00000| Untracked 
|  71|0x00000000c5b00000, 0x00000000c5c00000, 0x00000000c5c00000|100%| O|  |TAMS 0x00000000c5c00000, 0x00000000c5b00000| Untracked 
|  72|0x00000000c5c00000, 0x00000000c5d00000, 0x00000000c5d00000|100%| O|  |TAMS 0x00000000c5d00000, 0x00000000c5c00000| Untracked 
|  73|0x00000000c5d00000, 0x00000000c5e00000, 0x00000000c5e00000|100%| O|  |TAMS 0x00000000c5e00000, 0x00000000c5d00000| Untracked 
|  74|0x00000000c5e00000, 0x00000000c5f00000, 0x00000000c5f00000|100%| O|  |TAMS 0x00000000c5f00000, 0x00000000c5e00000| Untracked 
|  75|0x00000000c5f00000, 0x00000000c6000000, 0x00000000c6000000|100%| O|  |TAMS 0x00000000c6000000, 0x00000000c5f00000| Untracked 
|  76|0x00000000c6000000, 0x00000000c6100000, 0x00000000c6100000|100%| O|  |TAMS 0x00000000c6100000, 0x00000000c6000000| Untracked 
|  77|0x00000000c6100000, 0x00000000c6200000, 0x00000000c6200000|100%| O|  |TAMS 0x00000000c6200000, 0x00000000c6100000| Untracked 
|  78|0x00000000c6200000, 0x00000000c6300000, 0x00000000c6300000|100%| O|  |TAMS 0x00000000c6300000, 0x00000000c6200000| Untracked 
|  79|0x00000000c6300000, 0x00000000c6400000, 0x00000000c6400000|100%| O|  |TAMS 0x00000000c6400000, 0x00000000c6300000| Untracked 
|  80|0x00000000c6400000, 0x00000000c6500000, 0x00000000c6500000|100%| O|  |TAMS 0x00000000c6500000, 0x00000000c6400000| Untracked 
|  81|0x00000000c6500000, 0x00000000c6600000, 0x00000000c6600000|100%| O|  |TAMS 0x00000000c6600000, 0x00000000c6500000| Untracked 
|  82|0x00000000c6600000, 0x00000000c6700000, 0x00000000c6700000|100%| O|  |TAMS 0x00000000c6700000, 0x00000000c6600000| Untracked 
|  83|0x00000000c6700000, 0x00000000c6800000, 0x00000000c6800000|100%| O|  |TAMS 0x00000000c6800000, 0x00000000c6700000| Untracked 
|  84|0x00000000c6800000, 0x00000000c6900000, 0x00000000c6900000|100%| O|  |TAMS 0x00000000c6900000, 0x00000000c6800000| Untracked 
|  85|0x00000000c6900000, 0x00000000c6a00000, 0x00000000c6a00000|100%| O|  |TAMS 0x00000000c6a00000, 0x00000000c6900000| Untracked 
|  86|0x00000000c6a00000, 0x00000000c6b00000, 0x00000000c6b00000|100%| O|  |TAMS 0x00000000c6b00000, 0x00000000c6a00000| Untracked 
|  87|0x00000000c6b00000, 0x00000000c6c00000, 0x00000000c6c00000|100%| O|  |TAMS 0x00000000c6c00000, 0x00000000c6b00000| Untracked 
|  88|0x00000000c6c00000, 0x00000000c6d00000, 0x00000000c6d00000|100%| O|  |TAMS 0x00000000c6d00000, 0x00000000c6c00000| Untracked 
|  89|0x00000000c6d00000, 0x00000000c6e00000, 0x00000000c6e00000|100%| O|  |TAMS 0x00000000c6e00000, 0x00000000c6d00000| Untracked 
|  90|0x00000000c6e00000, 0x00000000c6f00000, 0x00000000c6f00000|100%| O|  |TAMS 0x00000000c6f00000, 0x00000000c6e00000| Untracked 
|  91|0x00000000c6f00000, 0x00000000c7000000, 0x00000000c7000000|100%| O|  |TAMS 0x00000000c7000000, 0x00000000c6f00000| Untracked 
|  92|0x00000000c7000000, 0x00000000c7100000, 0x00000000c7100000|100%| O|  |TAMS 0x00000000c7100000, 0x00000000c7000000| Untracked 
|  93|0x00000000c7100000, 0x00000000c7200000, 0x00000000c7200000|100%| O|  |TAMS 0x00000000c7200000, 0x00000000c7100000| Untracked 
|  94|0x00000000c7200000, 0x00000000c7300000, 0x00000000c7300000|100%| O|  |TAMS 0x00000000c7300000, 0x00000000c7200000| Untracked 
|  95|0x00000000c7300000, 0x00000000c7400000, 0x00000000c7400000|100%| O|  |TAMS 0x00000000c7400000, 0x00000000c7300000| Updating 
|  96|0x00000000c7400000, 0x00000000c7500000, 0x00000000c7500000|100%| O|  |TAMS 0x00000000c7480000, 0x00000000c7400000| Updating 
|  97|0x00000000c7500000, 0x00000000c7600000, 0x00000000c7600000|100%| O|  |TAMS 0x00000000c7500000, 0x00000000c7500000| Untracked 
|  98|0x00000000c7600000, 0x00000000c7700000, 0x00000000c7700000|100%| O|  |TAMS 0x00000000c7600000, 0x00000000c7600000| Untracked 
|  99|0x00000000c7700000, 0x00000000c7800000, 0x00000000c7800000|100%| O|  |TAMS 0x00000000c7700000, 0x00000000c7700000| Untracked 
| 100|0x00000000c7800000, 0x00000000c7900000, 0x00000000c7900000|100%| O|  |TAMS 0x00000000c7800000, 0x00000000c7800000| Untracked 
| 101|0x00000000c7900000, 0x00000000c7a00000, 0x00000000c7a00000|100%| O|  |TAMS 0x00000000c7900000, 0x00000000c7900000| Untracked 
| 102|0x00000000c7a00000, 0x00000000c7b00000, 0x00000000c7b00000|100%| O|  |TAMS 0x00000000c7a00000, 0x00000000c7a00000| Untracked 
| 103|0x00000000c7b00000, 0x00000000c7c00000, 0x00000000c7c00000|100%| O|  |TAMS 0x00000000c7b00000, 0x00000000c7b00000| Untracked 
| 104|0x00000000c7c00000, 0x00000000c7d00000, 0x00000000c7d00000|100%| O|  |TAMS 0x00000000c7c00000, 0x00000000c7c00000| Untracked 
| 105|0x00000000c7d00000, 0x00000000c7e00000, 0x00000000c7e00000|100%| O|  |TAMS 0x00000000c7d00000, 0x00000000c7d00000| Untracked 
| 106|0x00000000c7e00000, 0x00000000c7f00000, 0x00000000c7f00000|100%| O|  |TAMS 0x00000000c7e00000, 0x00000000c7e00000| Untracked 
| 107|0x00000000c7f00000, 0x00000000c8000000, 0x00000000c8000000|100%| O|  |TAMS 0x00000000c7f00000, 0x00000000c7f00000| Untracked 
| 108|0x00000000c8000000, 0x00000000c8100000, 0x00000000c8100000|100%| O|  |TAMS 0x00000000c8000000, 0x00000000c8000000| Untracked 
| 109|0x00000000c8100000, 0x00000000c8200000, 0x00000000c8200000|100%| O|  |TAMS 0x00000000c8100000, 0x00000000c8100000| Untracked 
| 110|0x00000000c8200000, 0x00000000c8300000, 0x00000000c8300000|100%| O|  |TAMS 0x00000000c8200000, 0x00000000c8200000| Untracked 
| 111|0x00000000c8300000, 0x00000000c8400000, 0x00000000c8400000|100%| O|  |TAMS 0x00000000c8300000, 0x00000000c8300000| Untracked 
| 112|0x00000000c8400000, 0x00000000c8500000, 0x00000000c8500000|100%| O|  |TAMS 0x00000000c8400000, 0x00000000c8400000| Untracked 
| 113|0x00000000c8500000, 0x00000000c8600000, 0x00000000c8600000|100%| O|  |TAMS 0x00000000c8500000, 0x00000000c8500000| Untracked 
| 114|0x00000000c8600000, 0x00000000c8700000, 0x00000000c8700000|100%| O|  |TAMS 0x00000000c8600000, 0x00000000c8600000| Untracked 
| 115|0x00000000c8700000, 0x00000000c8800000, 0x00000000c8800000|100%| O|  |TAMS 0x00000000c8700000, 0x00000000c8700000| Untracked 
| 116|0x00000000c8800000, 0x00000000c8900000, 0x00000000c8900000|100%| O|  |TAMS 0x00000000c8800000, 0x00000000c8800000| Untracked 
| 117|0x00000000c8900000, 0x00000000c8a00000, 0x00000000c8a00000|100%| O|  |TAMS 0x00000000c8900000, 0x00000000c8900000| Untracked 
| 118|0x00000000c8a00000, 0x00000000c8b00000, 0x00000000c8b00000|100%| O|  |TAMS 0x00000000c8a00000, 0x00000000c8a00000| Untracked 
| 119|0x00000000c8b00000, 0x00000000c8c00000, 0x00000000c8c00000|100%| O|  |TAMS 0x00000000c8b00000, 0x00000000c8b00000| Untracked 
| 120|0x00000000c8c00000, 0x00000000c8d00000, 0x00000000c8d00000|100%| O|  |TAMS 0x00000000c8c00000, 0x00000000c8c00000| Untracked 
| 121|0x00000000c8d00000, 0x00000000c8e00000, 0x00000000c8e00000|100%| O|  |TAMS 0x00000000c8d00000, 0x00000000c8d00000| Untracked 
| 122|0x00000000c8e00000, 0x00000000c8f00000, 0x00000000c8f00000|100%| O|  |TAMS 0x00000000c8e00000, 0x00000000c8e00000| Untracked 
| 123|0x00000000c8f00000, 0x00000000c9000000, 0x00000000c9000000|100%| O|  |TAMS 0x00000000c8f00000, 0x00000000c8f00000| Untracked 
| 124|0x00000000c9000000, 0x00000000c9100000, 0x00000000c9100000|100%| O|  |TAMS 0x00000000c9000000, 0x00000000c9000000| Untracked 
| 125|0x00000000c9100000, 0x00000000c9200000, 0x00000000c9200000|100%| O|  |TAMS 0x00000000c9100000, 0x00000000c9100000| Untracked 
| 126|0x00000000c9200000, 0x00000000c9300000, 0x00000000c9300000|100%| O|  |TAMS 0x00000000c9200000, 0x00000000c9200000| Untracked 
| 127|0x00000000c9300000, 0x00000000c9400000, 0x00000000c9400000|100%| O|  |TAMS 0x00000000c9300000, 0x00000000c9300000| Untracked 
| 128|0x00000000c9400000, 0x00000000c9500000, 0x00000000c9500000|100%| O|  |TAMS 0x00000000c9400000, 0x00000000c9400000| Untracked 
| 129|0x00000000c9500000, 0x00000000c9600000, 0x00000000c9600000|100%| O|  |TAMS 0x00000000c9500000, 0x00000000c9500000| Untracked 
| 130|0x00000000c9600000, 0x00000000c9700000, 0x00000000c9700000|100%| O|  |TAMS 0x00000000c9600000, 0x00000000c9600000| Untracked 
| 131|0x00000000c9700000, 0x00000000c9800000, 0x00000000c9800000|100%| O|  |TAMS 0x00000000c9700000, 0x00000000c9700000| Untracked 
| 132|0x00000000c9800000, 0x00000000c9900000, 0x00000000c9900000|100%| O|  |TAMS 0x00000000c9800000, 0x00000000c9800000| Untracked 
| 133|0x00000000c9900000, 0x00000000c9a00000, 0x00000000c9a00000|100%| O|  |TAMS 0x00000000c9900000, 0x00000000c9900000| Untracked 
| 134|0x00000000c9a00000, 0x00000000c9b00000, 0x00000000c9b00000|100%| O|  |TAMS 0x00000000c9a00000, 0x00000000c9a00000| Untracked 
| 135|0x00000000c9b00000, 0x00000000c9c00000, 0x00000000c9c00000|100%| O|  |TAMS 0x00000000c9b00000, 0x00000000c9b00000| Untracked 
| 136|0x00000000c9c00000, 0x00000000c9d00000, 0x00000000c9d00000|100%| O|  |TAMS 0x00000000c9c00000, 0x00000000c9c00000| Untracked 
| 137|0x00000000c9d00000, 0x00000000c9e00000, 0x00000000c9e00000|100%| O|  |TAMS 0x00000000c9d00000, 0x00000000c9d00000| Untracked 
| 138|0x00000000c9e00000, 0x00000000c9f00000, 0x00000000c9f00000|100%| O|  |TAMS 0x00000000c9e00000, 0x00000000c9e00000| Untracked 
| 139|0x00000000c9f00000, 0x00000000ca000000, 0x00000000ca000000|100%| O|  |TAMS 0x00000000c9f00000, 0x00000000c9f00000| Untracked 
| 140|0x00000000ca000000, 0x00000000ca100000, 0x00000000ca100000|100%| O|  |TAMS 0x00000000ca000000, 0x00000000ca000000| Untracked 
| 141|0x00000000ca100000, 0x00000000ca200000, 0x00000000ca200000|100%| O|  |TAMS 0x00000000ca100000, 0x00000000ca100000| Untracked 
| 142|0x00000000ca200000, 0x00000000ca300000, 0x00000000ca300000|100%| O|  |TAMS 0x00000000ca200000, 0x00000000ca200000| Untracked 
| 143|0x00000000ca300000, 0x00000000ca400000, 0x00000000ca400000|100%| O|  |TAMS 0x00000000ca300000, 0x00000000ca300000| Untracked 
| 144|0x00000000ca400000, 0x00000000ca500000, 0x00000000ca500000|100%| O|  |TAMS 0x00000000ca400000, 0x00000000ca400000| Untracked 
| 145|0x00000000ca500000, 0x00000000ca600000, 0x00000000ca600000|100%| O|  |TAMS 0x00000000ca500000, 0x00000000ca500000| Untracked 
| 146|0x00000000ca600000, 0x00000000ca700000, 0x00000000ca700000|100%| O|  |TAMS 0x00000000ca600000, 0x00000000ca600000| Untracked 
| 147|0x00000000ca700000, 0x00000000ca800000, 0x00000000ca800000|100%| O|  |TAMS 0x00000000ca700000, 0x00000000ca700000| Untracked 
| 148|0x00000000ca800000, 0x00000000ca900000, 0x00000000ca900000|100%| O|  |TAMS 0x00000000ca800000, 0x00000000ca800000| Untracked 
| 149|0x00000000ca900000, 0x00000000caa00000, 0x00000000caa00000|100%| O|  |TAMS 0x00000000ca900000, 0x00000000ca900000| Untracked 
| 150|0x00000000caa00000, 0x00000000cab00000, 0x00000000cab00000|100%| O|  |TAMS 0x00000000caa00000, 0x00000000caa00000| Untracked 
| 151|0x00000000cab00000, 0x00000000cac00000, 0x00000000cac00000|100%| O|  |TAMS 0x00000000cab00000, 0x00000000cab00000| Untracked 
| 152|0x00000000cac00000, 0x00000000cad00000, 0x00000000cad00000|100%| O|  |TAMS 0x00000000cac00000, 0x00000000cac00000| Untracked 
| 153|0x00000000cad00000, 0x00000000cae00000, 0x00000000cae00000|100%| O|  |TAMS 0x00000000cad00000, 0x00000000cad00000| Untracked 
| 154|0x00000000cae00000, 0x00000000caf00000, 0x00000000caf00000|100%| O|  |TAMS 0x00000000cae00000, 0x00000000cae00000| Untracked 
| 155|0x00000000caf00000, 0x00000000cb000000, 0x00000000cb000000|100%| O|  |TAMS 0x00000000caf00000, 0x00000000caf00000| Untracked 
| 156|0x00000000cb000000, 0x00000000cb100000, 0x00000000cb100000|100%| O|  |TAMS 0x00000000cb000000, 0x00000000cb000000| Untracked 
| 157|0x00000000cb100000, 0x00000000cb200000, 0x00000000cb200000|100%| O|  |TAMS 0x00000000cb100000, 0x00000000cb100000| Untracked 
| 158|0x00000000cb200000, 0x00000000cb300000, 0x00000000cb300000|100%| O|  |TAMS 0x00000000cb200000, 0x00000000cb200000| Untracked 
| 159|0x00000000cb300000, 0x00000000cb400000, 0x00000000cb400000|100%| O|  |TAMS 0x00000000cb300000, 0x00000000cb300000| Untracked 
| 160|0x00000000cb400000, 0x00000000cb500000, 0x00000000cb500000|100%| O|  |TAMS 0x00000000cb400000, 0x00000000cb400000| Untracked 
| 161|0x00000000cb500000, 0x00000000cb600000, 0x00000000cb600000|100%| O|  |TAMS 0x00000000cb500000, 0x00000000cb500000| Untracked 
| 162|0x00000000cb600000, 0x00000000cb700000, 0x00000000cb700000|100%| O|  |TAMS 0x00000000cb600000, 0x00000000cb600000| Untracked 
| 163|0x00000000cb700000, 0x00000000cb800000, 0x00000000cb800000|100%| O|  |TAMS 0x00000000cb700000, 0x00000000cb700000| Untracked 
| 164|0x00000000cb800000, 0x00000000cb900000, 0x00000000cb900000|100%| O|  |TAMS 0x00000000cb800000, 0x00000000cb800000| Untracked 
| 165|0x00000000cb900000, 0x00000000cba00000, 0x00000000cba00000|100%| O|  |TAMS 0x00000000cb900000, 0x00000000cb900000| Untracked 
| 166|0x00000000cba00000, 0x00000000cbb00000, 0x00000000cbb00000|100%| O|  |TAMS 0x00000000cba00000, 0x00000000cba00000| Untracked 
| 167|0x00000000cbb00000, 0x00000000cbc00000, 0x00000000cbc00000|100%| O|  |TAMS 0x00000000cbb00000, 0x00000000cbb00000| Untracked 
| 168|0x00000000cbc00000, 0x00000000cbd00000, 0x00000000cbd00000|100%| O|  |TAMS 0x00000000cbc00000, 0x00000000cbc00000| Untracked 
| 169|0x00000000cbd00000, 0x00000000cbdfc800, 0x00000000cbe00000| 98%| O|  |TAMS 0x00000000cbd00000, 0x00000000cbd00000| Untracked 
| 170|0x00000000cbe00000, 0x00000000cbe00000, 0x00000000cbf00000|  0%| F|  |TAMS 0x00000000cbe00000, 0x00000000cbe00000| Untracked 
| 171|0x00000000cbf00000, 0x00000000cbf00000, 0x00000000cc000000|  0%| F|  |TAMS 0x00000000cbf00000, 0x00000000cbf00000| Untracked 
| 172|0x00000000cc000000, 0x00000000cc000000, 0x00000000cc100000|  0%| F|  |TAMS 0x00000000cc000000, 0x00000000cc000000| Untracked 
| 173|0x00000000cc100000, 0x00000000cc100000, 0x00000000cc200000|  0%| F|  |TAMS 0x00000000cc100000, 0x00000000cc100000| Untracked 
| 174|0x00000000cc200000, 0x00000000cc200000, 0x00000000cc300000|  0%| F|  |TAMS 0x00000000cc200000, 0x00000000cc200000| Untracked 
| 175|0x00000000cc300000, 0x00000000cc300000, 0x00000000cc400000|  0%| F|  |TAMS 0x00000000cc300000, 0x00000000cc300000| Untracked 
| 176|0x00000000cc400000, 0x00000000cc400000, 0x00000000cc500000|  0%| F|  |TAMS 0x00000000cc400000, 0x00000000cc400000| Untracked 
| 177|0x00000000cc500000, 0x00000000cc500000, 0x00000000cc600000|  0%| F|  |TAMS 0x00000000cc500000, 0x00000000cc500000| Untracked 
| 178|0x00000000cc600000, 0x00000000cc600000, 0x00000000cc700000|  0%| F|  |TAMS 0x00000000cc600000, 0x00000000cc600000| Untracked 
| 179|0x00000000cc700000, 0x00000000cc700000, 0x00000000cc800000|  0%| F|  |TAMS 0x00000000cc700000, 0x00000000cc700000| Untracked 
| 180|0x00000000cc800000, 0x00000000cc800000, 0x00000000cc900000|  0%| F|  |TAMS 0x00000000cc800000, 0x00000000cc800000| Untracked 
| 181|0x00000000cc900000, 0x00000000cc900000, 0x00000000cca00000|  0%| F|  |TAMS 0x00000000cc900000, 0x00000000cc900000| Untracked 
| 182|0x00000000cca00000, 0x00000000cca00000, 0x00000000ccb00000|  0%| F|  |TAMS 0x00000000cca00000, 0x00000000cca00000| Untracked 
| 183|0x00000000ccb00000, 0x00000000ccb00000, 0x00000000ccc00000|  0%| F|  |TAMS 0x00000000ccb00000, 0x00000000ccb00000| Untracked 
| 184|0x00000000ccc00000, 0x00000000ccc00000, 0x00000000ccd00000|  0%| F|  |TAMS 0x00000000ccc00000, 0x00000000ccc00000| Untracked 
| 185|0x00000000ccd00000, 0x00000000ccd00000, 0x00000000cce00000|  0%| F|  |TAMS 0x00000000ccd00000, 0x00000000ccd00000| Untracked 
| 186|0x00000000cce00000, 0x00000000cce00000, 0x00000000ccf00000|  0%| F|  |TAMS 0x00000000cce00000, 0x00000000cce00000| Untracked 
| 187|0x00000000ccf00000, 0x00000000ccf00000, 0x00000000cd000000|  0%| F|  |TAMS 0x00000000ccf00000, 0x00000000ccf00000| Untracked 
| 188|0x00000000cd000000, 0x00000000cd100000, 0x00000000cd100000|100%| S|CS|TAMS 0x00000000cd000000, 0x00000000cd000000| Complete 
| 189|0x00000000cd100000, 0x00000000cd200000, 0x00000000cd200000|100%| S|CS|TAMS 0x00000000cd100000, 0x00000000cd100000| Complete 
| 190|0x00000000cd200000, 0x00000000cd200000, 0x00000000cd300000|  0%| F|  |TAMS 0x00000000cd200000, 0x00000000cd200000| Untracked 
| 191|0x00000000cd300000, 0x00000000cd300000, 0x00000000cd400000|  0%| F|  |TAMS 0x00000000cd300000, 0x00000000cd300000| Untracked 
| 192|0x00000000cd400000, 0x00000000cd400000, 0x00000000cd500000|  0%| F|  |TAMS 0x00000000cd400000, 0x00000000cd400000| Untracked 
| 193|0x00000000cd500000, 0x00000000cd500000, 0x00000000cd600000|  0%| F|  |TAMS 0x00000000cd500000, 0x00000000cd500000| Untracked 
| 194|0x00000000cd600000, 0x00000000cd600000, 0x00000000cd700000|  0%| F|  |TAMS 0x00000000cd600000, 0x00000000cd600000| Untracked 
| 195|0x00000000cd700000, 0x00000000cd700000, 0x00000000cd800000|  0%| F|  |TAMS 0x00000000cd700000, 0x00000000cd700000| Untracked 
| 196|0x00000000cd800000, 0x00000000cd800000, 0x00000000cd900000|  0%| F|  |TAMS 0x00000000cd800000, 0x00000000cd800000| Untracked 
| 197|0x00000000cd900000, 0x00000000cd900000, 0x00000000cda00000|  0%| F|  |TAMS 0x00000000cd900000, 0x00000000cd900000| Untracked 
| 198|0x00000000cda00000, 0x00000000cda5c5a0, 0x00000000cdb00000| 36%| E|  |TAMS 0x00000000cda00000, 0x00000000cda00000| Complete 
| 199|0x00000000cdb00000, 0x00000000cdc00000, 0x00000000cdc00000|100%| E|CS|TAMS 0x00000000cdb00000, 0x00000000cdb00000| Complete 
| 970|0x00000000fde00000, 0x00000000fdf00000, 0x00000000fdf00000|100%| O|  |TAMS 0x00000000fdf00000, 0x00000000fde00000| Untracked 
| 971|0x00000000fdf00000, 0x00000000fe000000, 0x00000000fe000000|100%| O|  |TAMS 0x00000000fe000000, 0x00000000fdf00000| Untracked 
| 972|0x00000000fe000000, 0x00000000fe100000, 0x00000000fe100000|100%| O|  |TAMS 0x00000000fe100000, 0x00000000fe000000| Untracked 
| 973|0x00000000fe100000, 0x00000000fe200000, 0x00000000fe200000|100%| O|  |TAMS 0x00000000fe200000, 0x00000000fe100000| Untracked 
| 974|0x00000000fe200000, 0x00000000fe300000, 0x00000000fe300000|100%| O|  |TAMS 0x00000000fe300000, 0x00000000fe200000| Untracked 
| 975|0x00000000fe300000, 0x00000000fe400000, 0x00000000fe400000|100%| O|  |TAMS 0x00000000fe400000, 0x00000000fe300000| Untracked 
| 976|0x00000000fe400000, 0x00000000fe500000, 0x00000000fe500000|100%| O|  |TAMS 0x00000000fe500000, 0x00000000fe400000| Untracked 
| 977|0x00000000fe500000, 0x00000000fe600000, 0x00000000fe600000|100%| O|  |TAMS 0x00000000fe600000, 0x00000000fe500000| Untracked 
| 978|0x00000000fe600000, 0x00000000fe700000, 0x00000000fe700000|100%| O|  |TAMS 0x00000000fe700000, 0x00000000fe600000| Untracked 
| 979|0x00000000fe700000, 0x00000000fe800000, 0x00000000fe800000|100%| O|  |TAMS 0x00000000fe800000, 0x00000000fe700000| Untracked 
| 980|0x00000000fe800000, 0x00000000fe900000, 0x00000000fe900000|100%| O|  |TAMS 0x00000000fe900000, 0x00000000fe800000| Untracked 
| 981|0x00000000fe900000, 0x00000000fea00000, 0x00000000fea00000|100%| O|  |TAMS 0x00000000fea00000, 0x00000000fe900000| Untracked 
| 982|0x00000000fea00000, 0x00000000feb00000, 0x00000000feb00000|100%| O|  |TAMS 0x00000000feb00000, 0x00000000fea00000| Untracked 
| 983|0x00000000feb00000, 0x00000000fec00000, 0x00000000fec00000|100%| O|  |TAMS 0x00000000fec00000, 0x00000000feb00000| Untracked 
| 984|0x00000000fec00000, 0x00000000fed00000, 0x00000000fed00000|100%| O|  |TAMS 0x00000000fed00000, 0x00000000fec00000| Untracked 
| 985|0x00000000fed00000, 0x00000000fee00000, 0x00000000fee00000|100%| O|  |TAMS 0x00000000fee00000, 0x00000000fed00000| Untracked 
| 986|0x00000000fee00000, 0x00000000fef00000, 0x00000000fef00000|100%| O|  |TAMS 0x00000000fef00000, 0x00000000fee00000| Untracked 
| 987|0x00000000fef00000, 0x00000000ff000000, 0x00000000ff000000|100%| O|  |TAMS 0x00000000ff000000, 0x00000000fef00000| Untracked 
| 988|0x00000000ff000000, 0x00000000ff100000, 0x00000000ff100000|100%| O|  |TAMS 0x00000000ff100000, 0x00000000ff000000| Untracked 
| 989|0x00000000ff100000, 0x00000000ff200000, 0x00000000ff200000|100%| O|  |TAMS 0x00000000ff200000, 0x00000000ff100000| Untracked 
| 990|0x00000000ff200000, 0x00000000ff300000, 0x00000000ff300000|100%| O|  |TAMS 0x00000000ff300000, 0x00000000ff200000| Untracked 
| 991|0x00000000ff300000, 0x00000000ff400000, 0x00000000ff400000|100%| O|  |TAMS 0x00000000ff400000, 0x00000000ff300000| Untracked 
| 992|0x00000000ff400000, 0x00000000ff500000, 0x00000000ff500000|100%| O|  |TAMS 0x00000000ff500000, 0x00000000ff400000| Untracked 
| 993|0x00000000ff500000, 0x00000000ff600000, 0x00000000ff600000|100%| O|  |TAMS 0x00000000ff600000, 0x00000000ff500000| Untracked 
| 994|0x00000000ff600000, 0x00000000ff700000, 0x00000000ff700000|100%| O|  |TAMS 0x00000000ff700000, 0x00000000ff600000| Untracked 
| 995|0x00000000ff700000, 0x00000000ff800000, 0x00000000ff800000|100%| O|  |TAMS 0x00000000ff800000, 0x00000000ff700000| Untracked 
| 996|0x00000000ff800000, 0x00000000ff900000, 0x00000000ff900000|100%| O|  |TAMS 0x00000000ff900000, 0x00000000ff800000| Untracked 
| 997|0x00000000ff900000, 0x00000000ffa00000, 0x00000000ffa00000|100%| O|  |TAMS 0x00000000ffa00000, 0x00000000ff900000| Untracked 
| 998|0x00000000ffa00000, 0x00000000ffb00000, 0x00000000ffb00000|100%| O|  |TAMS 0x00000000ffb00000, 0x00000000ffa00000| Untracked 
| 999|0x00000000ffb00000, 0x00000000ffc00000, 0x00000000ffc00000|100%| O|  |TAMS 0x00000000ffc00000, 0x00000000ffb00000| Untracked 
|1000|0x00000000ffc00000, 0x00000000ffd00000, 0x00000000ffd00000|100%| O|  |TAMS 0x00000000ffd00000, 0x00000000ffc00000| Untracked 
|1001|0x00000000ffd00000, 0x00000000ffe00000, 0x00000000ffe00000|100%| O|  |TAMS 0x00000000ffe00000, 0x00000000ffd00000| Untracked 
|1002|0x00000000ffe00000, 0x00000000fff00000, 0x00000000fff00000|100%| O|  |TAMS 0x00000000fff00000, 0x00000000ffe00000| Untracked 
|1003|0x00000000fff00000, 0x0000000100000000, 0x0000000100000000|100%| O|  |TAMS 0x0000000100000000, 0x00000000fff00000| Updating 

Card table byte_map: [0x000001bd795b0000,0x000001bd797b0000] _byte_map_base: 0x000001bd78fa6000

Marking Bits (Prev, Next): (CMBitMap*) 0x000001bd71b70540, (CMBitMap*) 0x000001bd71b70500
 Prev Bits: [0x000001bd7a960000, 0x000001bd7b910000)
 Next Bits: [0x000001bd799b0000, 0x000001bd7a960000)

Polling page: 0x000001bd6f8e0000

Metaspace:

Usage:
  Non-class:      3.05 MB used.
      Class:    271.47 KB used.
       Both:      3.31 MB used.

Virtual space:
  Non-class space:        8.00 MB reserved,       3.12 MB ( 39%) committed,  1 nodes.
      Class space:        1.00 GB reserved,     320.00 KB ( <1%) committed,  1 nodes.
             Both:        1.01 GB reserved,       3.44 MB ( <1%) committed. 

Chunk freelists:
   Non-Class:  3.89 MB
       Class:  3.72 MB
        Both:  7.61 MB

MaxMetaspaceSize: unlimited
CompressedClassSpaceSize: 1.00 GB
Initial GC threshold: 21.00 MB
Current GC threshold: 21.00 MB
CDS: on
MetaspaceReclaimPolicy: balanced
 - commit_granule_bytes: 65536.
 - commit_granule_words: 8192.
 - virtual_space_node_default_size: 1048576.
 - enlarge_chunks_in_place: 1.
 - new_chunks_are_fully_committed: 0.
 - uncommit_free_chunks: 1.
 - use_allocation_guard: 0.
 - handle_deallocations: 1.


Internal statistics:

num_allocs_failed_limit: 0.
num_arena_births: 44.
num_arena_deaths: 0.
num_vsnodes_births: 2.
num_vsnodes_deaths: 0.
num_space_committed: 55.
num_space_uncommitted: 0.
num_chunks_returned_to_freelist: 0.
num_chunks_taken_from_freelist: 54.
num_chunk_merges: 0.
num_chunk_splits: 38.
num_chunks_enlarged: 24.
num_purges: 0.
num_inconsistent_stats: 0.

CodeHeap 'non-profiled nmethods': size=120000Kb used=757Kb max_used=757Kb free=119242Kb
 bounds [0x000001bd07ad0000, 0x000001bd07d40000, 0x000001bd0f000000]
CodeHeap 'profiled nmethods': size=120000Kb used=2458Kb max_used=2458Kb free=117542Kb
 bounds [0x000001bd00000000, 0x000001bd00270000, 0x000001bd07530000]
CodeHeap 'non-nmethods': size=5760Kb used=1151Kb max_used=1196Kb free=4608Kb
 bounds [0x000001bd07530000, 0x000001bd077a0000, 0x000001bd07ad0000]
 total_blobs=1682 nmethods=1242 adapters=353
 compilation: enabled
              stopped_count=0, restarted_count=0
 full_count=0

Compilation events (20 events):
Event: 32.397 Thread 0x000001bd7ddca860 nmethod 1242 0x000001bd00265f90 code [0x000001bd00266180, 0x000001bd00266658]
Event: 32.426 Thread 0x000001bd7dd917a0 nmethod 1231 0x000001bd07b85e10 code [0x000001bd07b860e0, 0x000001bd07b88170]
Event: 32.426 Thread 0x000001bd7dd917a0 1240 %     4       com.sun.org.apache.xerces.internal.dom.ElementImpl::normalize @ 24 (169 bytes)
Event: 32.443 Thread 0x000001bd7dd917a0 nmethod 1240% 0x000001bd07b89590 code [0x000001bd07b897a0, 0x000001bd07b8a268]
Event: 32.443 Thread 0x000001bd7dd917a0 1232       4       com.sun.org.apache.xerces.internal.dom.DeferredDocumentImpl::getRealPrevSibling (49 bytes)
Event: 32.446 Thread 0x000001bd7dd917a0 nmethod 1232 0x000001bd07b8aa90 code [0x000001bd07b8ac20, 0x000001bd07b8ae18]
Event: 32.446 Thread 0x000001bd7dd917a0 1227       4       com.sun.org.apache.xerces.internal.dom.CharacterDataImpl::getNodeValue (16 bytes)
Event: 32.451 Thread 0x000001bd7dd917a0 nmethod 1227 0x000001bd07b8af90 code [0x000001bd07b8b140, 0x000001bd07b8b568]
Event: 32.451 Thread 0x000001bd7dd917a0 1237       4       com.sun.org.apache.xerces.internal.dom.DeferredDocumentImpl::getNodeType (51 bytes)
Event: 32.452 Thread 0x000001bd7dd917a0 nmethod 1237 0x000001bd07b8b910 code [0x000001bd07b8baa0, 0x000001bd07b8bbd8]
Event: 32.452 Thread 0x000001bd7dd917a0 1230       4       com.sun.org.apache.xerces.internal.dom.DeferredTextImpl::synchronizeData (47 bytes)
Event: 32.457 Thread 0x000001bd7dd917a0 nmethod 1230 0x000001bd07b8bd90 code [0x000001bd07b8bf40, 0x000001bd07b8c308]
Event: 32.457 Thread 0x000001bd7dd917a0 1233       4       com.sun.org.apache.xerces.internal.dom.DeferredDocumentImpl::getNodeExtra (49 bytes)
Event: 32.475 Thread 0x000001bd7dd917a0 nmethod 1233 0x000001bd07b8c610 code [0x000001bd07b8c7a0, 0x000001bd07b8c998]
Event: 32.475 Thread 0x000001bd7dd917a0 1238       4       com.sun.org.apache.xerces.internal.dom.DeferredElementImpl::synchronizeChildren (18 bytes)
Event: 32.476 Thread 0x000001bd7dd917a0 nmethod 1238 0x000001bd07b8cb10 code [0x000001bd07b8cca0, 0x000001bd07b8cd88]
Event: 32.476 Thread 0x000001bd7dd917a0 1239       4       com.sun.org.apache.xerces.internal.dom.NodeImpl::isNormalized (55 bytes)
Event: 32.477 Thread 0x000001bd7dd917a0 nmethod 1239 0x000001bd07b8ce90 code [0x000001bd07b8d000, 0x000001bd07b8d098]
Event: 32.477 Thread 0x000001bd7dd917a0 1236       4       com.sun.org.apache.xerces.internal.dom.DeferredDocumentImpl::getLastChild (49 bytes)
Event: 32.479 Thread 0x000001bd7dd917a0 nmethod 1236 0x000001bd07b8d190 code [0x000001bd07b8d320, 0x000001bd07b8d518]

GC Heap History (20 events):
Event: 15.908 GC heap before
{Heap before GC invocations=7 (full 0):
 garbage-first heap   total 128000K, used 57529K [0x00000000c1400000, 0x0000000100000000)
  region size 1024K, 6 young (6144K), 1 survivors (1024K)
 Metaspace       used 1877K, committed 1984K, reserved 1056768K
  class space    used 136K, committed 192K, reserved 1048576K
}
Event: 15.908 GC heap after
{Heap after GC invocations=8 (full 0):
 garbage-first heap   total 128000K, used 53431K [0x00000000c1400000, 0x0000000100000000)
  region size 1024K, 1 young (1024K), 1 survivors (1024K)
 Metaspace       used 1877K, committed 1984K, reserved 1056768K
  class space    used 136K, committed 192K, reserved 1048576K
}
Event: 28.071 GC heap before
{Heap before GC invocations=8 (full 0):
 garbage-first heap   total 204800K, used 189623K [0x00000000c1400000, 0x0000000100000000)
  region size 1024K, 53 young (54272K), 1 survivors (1024K)
 Metaspace       used 3313K, committed 3456K, reserved 1056768K
  class space    used 261K, committed 320K, reserved 1048576K
}
Event: 28.182 GC heap after
{Heap after GC invocations=9 (full 0):
 garbage-first heap   total 239616K, used 142400K [0x00000000c1400000, 0x0000000100000000)
  region size 1024K, 7 young (7168K), 7 survivors (7168K)
 Metaspace       used 3313K, committed 3456K, reserved 1056768K
  class space    used 261K, committed 320K, reserved 1048576K
}
Event: 28.930 GC heap before
{Heap before GC invocations=9 (full 0):
 garbage-first heap   total 239616K, used 170048K [0x00000000c1400000, 0x0000000100000000)
  region size 1024K, 34 young (34816K), 7 survivors (7168K)
 Metaspace       used 3315K, committed 3456K, reserved 1056768K
  class space    used 261K, committed 320K, reserved 1048576K
}
Event: 28.963 GC heap after
{Heap after GC invocations=10 (full 0):
 garbage-first heap   total 239616K, used 169984K [0x00000000c1400000, 0x0000000100000000)
  region size 1024K, 5 young (5120K), 5 survivors (5120K)
 Metaspace       used 3315K, committed 3456K, reserved 1056768K
  class space    used 261K, committed 320K, reserved 1048576K
}
Event: 29.400 GC heap before
{Heap before GC invocations=11 (full 0):
 garbage-first heap   total 239616K, used 102400K [0x00000000c1400000, 0x0000000100000000)
  region size 1024K, 20 young (20480K), 5 survivors (5120K)
 Metaspace       used 3315K, committed 3456K, reserved 1056768K
  class space    used 261K, committed 320K, reserved 1048576K
}
Event: 29.411 GC heap after
{Heap after GC invocations=12 (full 0):
 garbage-first heap   total 239616K, used 102912K [0x00000000c1400000, 0x0000000100000000)
  region size 1024K, 3 young (3072K), 3 survivors (3072K)
 Metaspace       used 3315K, committed 3456K, reserved 1056768K
  class space    used 261K, committed 320K, reserved 1048576K
}
Event: 32.329 GC heap before
{Heap before GC invocations=12 (full 0):
 garbage-first heap   total 239616K, used 138752K [0x00000000c1400000, 0x0000000100000000)
  region size 1024K, 38 young (38912K), 3 survivors (3072K)
 Metaspace       used 3385K, committed 3520K, reserved 1056768K
  class space    used 270K, committed 320K, reserved 1048576K
}
Event: 32.353 GC heap after
{Heap after GC invocations=13 (full 0):
 garbage-first heap   total 239616K, used 138752K [0x00000000c1400000, 0x0000000100000000)
  region size 1024K, 5 young (5120K), 5 survivors (5120K)
 Metaspace       used 3385K, committed 3520K, reserved 1056768K
  class space    used 270K, committed 320K, reserved 1048576K
}
Event: 32.404 GC heap before
{Heap before GC invocations=13 (full 0):
 garbage-first heap   total 239616K, used 162304K [0x00000000c1400000, 0x0000000100000000)
  region size 1024K, 28 young (28672K), 5 survivors (5120K)
 Metaspace       used 3386K, committed 3520K, reserved 1056768K
  class space    used 270K, committed 320K, reserved 1048576K
}
Event: 32.423 GC heap after
{Heap after GC invocations=14 (full 0):
 garbage-first heap   total 239616K, used 163328K [0x00000000c1400000, 0x0000000100000000)
  region size 1024K, 4 young (4096K), 4 survivors (4096K)
 Metaspace       used 3386K, committed 3520K, reserved 1056768K
  class space    used 270K, committed 320K, reserved 1048576K
}
Event: 32.459 GC heap before
{Heap before GC invocations=14 (full 0):
 garbage-first heap   total 239616K, used 177664K [0x00000000c1400000, 0x0000000100000000)
  region size 1024K, 18 young (18432K), 4 survivors (4096K)
 Metaspace       used 3386K, committed 3520K, reserved 1056768K
  class space    used 270K, committed 320K, reserved 1048576K
}
Event: 32.475 GC heap after
{Heap after GC invocations=15 (full 0):
 garbage-first heap   total 239616K, used 178688K [0x00000000c1400000, 0x0000000100000000)
  region size 1024K, 3 young (3072K), 3 survivors (3072K)
 Metaspace       used 3386K, committed 3520K, reserved 1056768K
  class space    used 270K, committed 320K, reserved 1048576K
}
Event: 32.493 GC heap before
{Heap before GC invocations=15 (full 0):
 garbage-first heap   total 239616K, used 188928K [0x00000000c1400000, 0x0000000100000000)
  region size 1024K, 13 young (13312K), 3 survivors (3072K)
 Metaspace       used 3386K, committed 3520K, reserved 1056768K
  class space    used 270K, committed 320K, reserved 1048576K
}
Event: 32.504 GC heap after
{Heap after GC invocations=16 (full 0):
 garbage-first heap   total 239616K, used 189952K [0x00000000c1400000, 0x0000000100000000)
  region size 1024K, 2 young (2048K), 2 survivors (2048K)
 Metaspace       used 3386K, committed 3520K, reserved 1056768K
  class space    used 270K, committed 320K, reserved 1048576K
}
Event: 32.518 GC heap before
{Heap before GC invocations=16 (full 0):
 garbage-first heap   total 239616K, used 199168K [0x00000000c1400000, 0x0000000100000000)
  region size 1024K, 11 young (11264K), 2 survivors (2048K)
 Metaspace       used 3386K, committed 3520K, reserved 1056768K
  class space    used 270K, committed 320K, reserved 1048576K
}
Event: 32.528 GC heap after
{Heap after GC invocations=17 (full 0):
 garbage-first heap   total 239616K, used 200704K [0x00000000c1400000, 0x0000000100000000)
  region size 1024K, 2 young (2048K), 2 survivors (2048K)
 Metaspace       used 3386K, committed 3520K, reserved 1056768K
  class space    used 270K, committed 320K, reserved 1048576K
}
Event: 32.538 GC heap before
{Heap before GC invocations=17 (full 0):
 garbage-first heap   total 239616K, used 209920K [0x00000000c1400000, 0x0000000100000000)
  region size 1024K, 11 young (11264K), 2 survivors (2048K)
 Metaspace       used 3386K, committed 3520K, reserved 1056768K
  class space    used 270K, committed 320K, reserved 1048576K
}
Event: 32.546 GC heap after
{Heap after GC invocations=18 (full 0):
 garbage-first heap   total 239616K, used 210930K [0x00000000c1400000, 0x0000000100000000)
  region size 1024K, 2 young (2048K), 2 survivors (2048K)
 Metaspace       used 3386K, committed 3520K, reserved 1056768K
  class space    used 270K, committed 320K, reserved 1048576K
}

Deoptimization events (20 events):
Event: 30.132 Thread 0x000001bd71b32d20 Uncommon trap: trap_request=0xffffff45 fr.pc=0x000001bd07b479fc relative=0x00000000000000dc
Event: 30.132 Thread 0x000001bd71b32d20 Uncommon trap: reason=unstable_if action=reinterpret pc=0x000001bd07b479fc method=com.sun.org.apache.xerces.internal.util.XMLChar.isSpace(I)Z @ 3 c2
Event: 30.132 Thread 0x000001bd71b32d20 DEOPT PACKING pc=0x000001bd07b479fc sp=0x0000006f9d9ff150
Event: 30.132 Thread 0x000001bd71b32d20 DEOPT UNPACKING pc=0x000001bd075823a3 sp=0x0000006f9d9ff078 mode 2
Event: 30.199 Thread 0x000001bd71b32d20 Uncommon trap: trap_request=0xffffff45 fr.pc=0x000001bd07b71fe4 relative=0x00000000000007a4
Event: 30.199 Thread 0x000001bd71b32d20 Uncommon trap: reason=unstable_if action=reinterpret pc=0x000001bd07b71fe4 method=sun.net.www.http.ChunkedInputStream.read([BII)I @ 116 c2
Event: 30.200 Thread 0x000001bd71b32d20 DEOPT PACKING pc=0x000001bd07b71fe4 sp=0x0000006f9d9feeb0
Event: 30.200 Thread 0x000001bd71b32d20 DEOPT UNPACKING pc=0x000001bd075823a3 sp=0x0000006f9d9fee90 mode 2
Event: 30.200 Thread 0x000001bd71b32d20 Uncommon trap: trap_request=0xffffff45 fr.pc=0x000001bd07b4f17c relative=0x0000000000000e3c
Event: 30.200 Thread 0x000001bd71b32d20 Uncommon trap: reason=unstable_if action=reinterpret pc=0x000001bd07b4f17c method=com.sun.org.apache.xerces.internal.impl.io.UTF8Reader.read([CII)I @ 75 c2
Event: 30.200 Thread 0x000001bd71b32d20 DEOPT PACKING pc=0x000001bd07b4f17c sp=0x0000006f9d9fefb0
Event: 30.200 Thread 0x000001bd71b32d20 DEOPT UNPACKING pc=0x000001bd075823a3 sp=0x0000006f9d9fef10 mode 2
Event: 30.200 Thread 0x000001bd71b32d20 Uncommon trap: trap_request=0xffffff45 fr.pc=0x000001bd07b7b6d8 relative=0x0000000000000578
Event: 30.200 Thread 0x000001bd71b32d20 Uncommon trap: reason=unstable_if action=reinterpret pc=0x000001bd07b7b6d8 method=com.sun.org.apache.xerces.internal.impl.XMLEntityScanner.load(IZZ)Z @ 92 c2
Event: 30.200 Thread 0x000001bd71b32d20 DEOPT PACKING pc=0x000001bd07b7b6d8 sp=0x0000006f9d9ff050
Event: 30.200 Thread 0x000001bd71b32d20 DEOPT UNPACKING pc=0x000001bd075823a3 sp=0x0000006f9d9ff040 mode 2
Event: 32.254 Thread 0x000001bd71b32d20 Uncommon trap: trap_request=0xffffff45 fr.pc=0x000001bd07b7ef44 relative=0x0000000000000284
Event: 32.254 Thread 0x000001bd71b32d20 Uncommon trap: reason=unstable_if action=reinterpret pc=0x000001bd07b7ef44 method=com.sun.org.apache.xerces.internal.dom.DeferredDocumentImpl.getPrevSibling(IZ)I @ 52 c2
Event: 32.254 Thread 0x000001bd71b32d20 DEOPT PACKING pc=0x000001bd07b7ef44 sp=0x0000006f9d9ff1b0
Event: 32.254 Thread 0x000001bd71b32d20 DEOPT UNPACKING pc=0x000001bd075823a3 sp=0x0000006f9d9ff128 mode 2

Classes unloaded (0 events):
No events

Classes redefined (0 events):
No events

Internal exceptions (7 events):
Event: 0.486 Thread 0x000001bd71b32d20 Exception <a 'java/lang/NoSuchMethodError'{0x00000000c511b018}: 'void java.lang.invoke.DirectMethodHandle$Holder.invokeSpecial(java.lang.Object, java.lang.Object, java.lang.Object)'> (0x00000000c511b018) 
thrown [s\open\src\hotspot\share\interpreter\linkResolver.cpp, line 759]
Event: 0.491 Thread 0x000001bd71b32d20 Exception <a 'java/lang/NoSuchMethodError'{0x00000000c512e6b0}: 'void java.lang.invoke.DirectMethodHandle$Holder.invokeSpecial(java.lang.Object, java.lang.Object, java.lang.Object, java.lang.Object, java.lang.Object)'> (0x00000000c512e6b0) 
thrown [s\open\src\hotspot\share\interpreter\linkResolver.cpp, line 759]
Event: 0.495 Thread 0x000001bd71b32d20 Exception <a 'java/lang/NoSuchMethodError'{0x00000000c513fdd8}: 'java.lang.Object java.lang.invoke.DirectMethodHandle$Holder.invokeInterface(java.lang.Object, java.lang.Object)'> (0x00000000c513fdd8) 
thrown [s\open\src\hotspot\share\interpreter\linkResolver.cpp, line 759]
Event: 0.495 Thread 0x000001bd71b32d20 Exception <a 'java/lang/IncompatibleClassChangeError'{0x00000000c51437b0}: Found class java.lang.Object, but interface was expected> (0x00000000c51437b0) 
thrown [s\open\src\hotspot\share\interpreter\linkResolver.cpp, line 826]
Event: 0.496 Thread 0x000001bd71b32d20 Exception <a 'java/lang/NoSuchMethodError'{0x00000000c5146578}: 'void java.lang.invoke.DirectMethodHandle$Holder.invokeStatic(java.lang.Object, java.lang.Object, java.lang.Object, java.lang.Object)'> (0x00000000c5146578) 
thrown [s\open\src\hotspot\share\interpreter\linkResolver.cpp, line 759]
Event: 1.148 Thread 0x000001bd71b32d20 Exception <a 'java/lang/NoSuchMethodError'{0x00000000c47768e8}: 'java.lang.Object java.lang.invoke.DirectMethodHandle$Holder.invokeStaticInit(java.lang.Object)'> (0x00000000c47768e8) 
thrown [s\open\src\hotspot\share\interpreter\linkResolver.cpp, line 759]
Event: 1.226 Thread 0x000001bd71b32d20 Exception <a 'java/lang/NoSuchMethodError'{0x00000000c478b9b0}: 'void java.lang.invoke.DirectMethodHandle$Holder.invokeStatic(java.lang.Object, java.lang.Object)'> (0x00000000c478b9b0) 
thrown [s\open\src\hotspot\share\interpreter\linkResolver.cpp, line 759]

VM Operations (20 events):
Event: 29.411 Executing VM operation: G1CollectForAllocation done
Event: 30.415 Executing VM operation: Cleanup
Event: 30.475 Executing VM operation: Cleanup done
Event: 30.822 Executing VM operation: HandshakeAllThreads
Event: 30.822 Executing VM operation: HandshakeAllThreads done
Event: 30.823 Executing VM operation: HandshakeAllThreads
Event: 30.823 Executing VM operation: HandshakeAllThreads done
Event: 32.329 Executing VM operation: G1CollectForAllocation
Event: 32.353 Executing VM operation: G1CollectForAllocation done
Event: 32.404 Executing VM operation: G1CollectForAllocation
Event: 32.423 Executing VM operation: G1CollectForAllocation done
Event: 32.459 Executing VM operation: G1CollectForAllocation
Event: 32.475 Executing VM operation: G1CollectForAllocation done
Event: 32.493 Executing VM operation: G1CollectForAllocation
Event: 32.504 Executing VM operation: G1CollectForAllocation done
Event: 32.518 Executing VM operation: G1CollectForAllocation
Event: 32.528 Executing VM operation: G1CollectForAllocation done
Event: 32.538 Executing VM operation: G1CollectForAllocation
Event: 32.546 Executing VM operation: G1CollectForAllocation done
Event: 32.644 Executing VM operation: G1Concurrent

Events (20 events):
Event: 30.200 loading class com/sun/org/apache/xerces/internal/impl/io/MalformedByteSequenceException
Event: 30.246 loading class java/io/CharConversionException
Event: 30.292 loading class java/io/CharConversionException done
Event: 30.292 loading class com/sun/org/apache/xerces/internal/impl/io/MalformedByteSequenceException done
Event: 30.475 loading class com/sun/org/apache/xerces/internal/dom/DeferredElementImpl
Event: 30.566 loading class com/sun/org/apache/xerces/internal/dom/DeferredElementImpl done
Event: 30.823 loading class com/sun/org/apache/xerces/internal/dom/DeferredTextImpl
Event: 31.256 loading class com/sun/org/apache/xerces/internal/dom/TextImpl
Event: 31.425 loading class org/w3c/dom/CharacterData
Event: 31.640 loading class org/w3c/dom/CharacterData done
Event: 31.640 loading class org/w3c/dom/Text
Event: 31.725 loading class org/w3c/dom/Text done
Event: 31.725 loading class com/sun/org/apache/xerces/internal/dom/CharacterDataImpl
Event: 31.768 loading class com/sun/org/apache/xerces/internal/dom/CharacterDataImpl done
Event: 31.768 loading class com/sun/org/apache/xerces/internal/dom/TextImpl done
Event: 31.768 loading class com/sun/org/apache/xerces/internal/dom/DeferredTextImpl done
Event: 31.768 loading class com/sun/org/apache/xerces/internal/dom/CharacterDataImpl$1
Event: 32.242 loading class com/sun/org/apache/xerces/internal/dom/CharacterDataImpl$1 done
Event: 32.548 loading class com/sun/org/apache/xerces/internal/dom/DeepNodeListImpl
Event: 32.750 loading class com/sun/org/apache/xerces/internal/dom/DeepNodeListImpl done


Dynamic libraries:
0x00007ff747220000 - 0x00007ff747230000 	C:\Program Files\Java\jdk-17\bin\javaw.exe
0x00007ff90d510000 - 0x00007ff90d708000 	C:\WINDOWS\SYSTEM32\ntdll.dll
0x00007ff90d180000 - 0x00007ff90d23f000 	C:\WINDOWS\System32\KERNEL32.DLL
0x00007ff90aff0000 - 0x00007ff90b2e6000 	C:\WINDOWS\System32\KERNELBASE.dll
0x00007ff90b470000 - 0x00007ff90b570000 	C:\WINDOWS\System32\ucrtbase.dll
0x00007ff8f8f60000 - 0x00007ff8f8f79000 	C:\Program Files\Java\jdk-17\bin\jli.dll
0x00007ff9048a0000 - 0x00007ff9048bb000 	C:\Program Files\Java\jdk-17\bin\VCRUNTIME140.dll
0x00007ff90bbf0000 - 0x00007ff90bc9f000 	C:\WINDOWS\System32\ADVAPI32.dll
0x00007ff90d300000 - 0x00007ff90d39e000 	C:\WINDOWS\System32\msvcrt.dll
0x00007ff90b720000 - 0x00007ff90b7bc000 	C:\WINDOWS\System32\sechost.dll
0x00007ff90bca0000 - 0x00007ff90bdc6000 	C:\WINDOWS\System32\RPCRT4.dll
0x00007ff90ba50000 - 0x00007ff90bbed000 	C:\WINDOWS\System32\USER32.dll
0x00007ff90ac60000 - 0x00007ff90ac82000 	C:\WINDOWS\System32\win32u.dll
0x00007ff90d2d0000 - 0x00007ff90d2fc000 	C:\WINDOWS\System32\GDI32.dll
0x00007ff90acc0000 - 0x00007ff90add5000 	C:\WINDOWS\System32\gdi32full.dll
0x00007ff90b2f0000 - 0x00007ff90b38d000 	C:\WINDOWS\System32\msvcp_win.dll
0x00007ff8eb720000 - 0x00007ff8eb9ba000 	C:\WINDOWS\WinSxS\amd64_microsoft.windows.common-controls_6595b64144ccf1df_6.0.19041.1110_none_60b5254171f9507e\COMCTL32.dll
0x00007ff909960000 - 0x00007ff90996a000 	C:\WINDOWS\SYSTEM32\VERSION.dll
0x00007ff90c580000 - 0x00007ff90c5b0000 	C:\WINDOWS\System32\IMM32.DLL
0x00007ff904910000 - 0x00007ff90491c000 	C:\Program Files\Java\jdk-17\bin\vcruntime140_1.dll
0x00007ff8f0c20000 - 0x00007ff8f0cae000 	C:\Program Files\Java\jdk-17\bin\msvcp140.dll
0x00007ff8bc2f0000 - 0x00007ff8bcecd000 	C:\Program Files\Java\jdk-17\bin\server\jvm.dll
0x00007ff90cb60000 - 0x00007ff90cb68000 	C:\WINDOWS\System32\PSAPI.DLL
0x00007ff8f3240000 - 0x00007ff8f3249000 	C:\WINDOWS\SYSTEM32\WSOCK32.dll
0x00007ff90cc20000 - 0x00007ff90cc8b000 	C:\WINDOWS\System32\WS2_32.dll
0x00007ff8ecae0000 - 0x00007ff8ecb07000 	C:\WINDOWS\SYSTEM32\WINMM.dll
0x00007ff909920000 - 0x00007ff909932000 	C:\WINDOWS\SYSTEM32\kernel.appcore.dll
0x00007ff8f29f0000 - 0x00007ff8f29fa000 	C:\Program Files\Java\jdk-17\bin\jimage.dll
0x00007ff9088a0000 - 0x00007ff908a84000 	C:\WINDOWS\SYSTEM32\DBGHELP.DLL
0x00007ff8f3300000 - 0x00007ff8f3334000 	C:\WINDOWS\SYSTEM32\dbgcore.DLL
0x00007ff90b390000 - 0x00007ff90b412000 	C:\WINDOWS\System32\bcryptPrimitives.dll
0x00007ff8e5060000 - 0x00007ff8e5085000 	C:\Program Files\Java\jdk-17\bin\java.dll
0x00007ff8e38a0000 - 0x00007ff8e3977000 	C:\Program Files\Java\jdk-17\bin\jsvml.dll
0x00007ff90be30000 - 0x00007ff90c574000 	C:\WINDOWS\System32\SHELL32.dll
0x00007ff909180000 - 0x00007ff909913000 	C:\WINDOWS\SYSTEM32\windows.storage.dll
0x00007ff90cdc0000 - 0x00007ff90d114000 	C:\WINDOWS\System32\combase.dll
0x00007ff90a5d0000 - 0x00007ff90a5fe000 	C:\WINDOWS\SYSTEM32\Wldp.dll
0x00007ff90cb70000 - 0x00007ff90cc1d000 	C:\WINDOWS\System32\SHCORE.dll
0x00007ff90cb00000 - 0x00007ff90cb55000 	C:\WINDOWS\System32\shlwapi.dll
0x00007ff90ab30000 - 0x00007ff90ab4f000 	C:\WINDOWS\SYSTEM32\profapi.dll
0x00007ff8ef070000 - 0x00007ff8ef089000 	C:\Program Files\Java\jdk-17\bin\net.dll
0x00007ff901470000 - 0x00007ff90157a000 	C:\WINDOWS\SYSTEM32\WINHTTP.dll
0x00007ff90a2c0000 - 0x00007ff90a32a000 	C:\WINDOWS\system32\mswsock.dll
0x00007ff8e5c20000 - 0x00007ff8e5c36000 	C:\Program Files\Java\jdk-17\bin\nio.dll
0x00007ff8e5160000 - 0x00007ff8e5178000 	C:\Program Files\Java\jdk-17\bin\zip.dll
0x00007ff909ff0000 - 0x00007ff90a0ba000 	C:\WINDOWS\SYSTEM32\DNSAPI.dll
0x00007ff909fb0000 - 0x00007ff909fec000 	C:\WINDOWS\SYSTEM32\IPHLPAPI.DLL
0x00007ff90d3a0000 - 0x00007ff90d3a8000 	C:\WINDOWS\System32\NSI.dll
0x00007ff8f8410000 - 0x00007ff8f841a000 	C:\Windows\System32\rasadhlp.dll
0x00007ff8f7f10000 - 0x00007ff8f7f92000 	C:\WINDOWS\System32\fwpuclnt.dll
0x00007ff90ac90000 - 0x00007ff90acb7000 	C:\WINDOWS\System32\bcrypt.dll

dbghelp: loaded successfully - version: 4.0.5 - missing functions: none
symbol engine: initialized successfully - sym options: 0x614 - pdb path: .;C:\Program Files\Java\jdk-17\bin;C:\WINDOWS\SYSTEM32;C:\WINDOWS\WinSxS\amd64_microsoft.windows.common-controls_6595b64144ccf1df_6.0.19041.1110_none_60b5254171f9507e;C:\Program Files\Java\jdk-17\bin\server

VM Arguments:
jvm_args: -Dfile.encoding=UTF-8 --module-path=C:\Users\lemon\eclipse-workspace\postgresql-42.6.0.jar -XX:+ShowCodeDetailsInExceptionMessages 
java_command: makeMoneySite.main
java_class_path (initial): C:\Users\lemon\Desktop\makeMoneySite\target\classes;C:\Users\lemon\Downloads\poi-bin-5.2.3-20220909\poi-bin-5.2.3\poi-5.2.3.jar;C:\Users\lemon\Downloads\poi-bin-5.2.3-20220909\poi-bin-5.2.3\poi-examples-5.2.3.jar;C:\Users\lemon\Downloads\poi-bin-5.2.3-20220909\poi-bin-5.2.3\poi-excelant-5.2.3.jar;C:\Users\lemon\Downloads\poi-bin-5.2.3-20220909\poi-bin-5.2.3\poi-javadoc-5.2.3.jar;C:\Users\lemon\Downloads\poi-bin-5.2.3-20220909\poi-bin-5.2.3\poi-ooxml-5.2.3.jar;C:\Users\lemon\Downloads\poi-bin-5.2.3-20220909\poi-bin-5.2.3\poi-ooxml-full-5.2.3.jar;C:\Users\lemon\Downloads\poi-bin-5.2.3-20220909\poi-bin-5.2.3\poi-ooxml-lite-5.2.3.jar;C:\Users\lemon\Downloads\poi-bin-5.2.3-20220909\poi-bin-5.2.3\poi-scratchpad-5.2.3.jar;C:\Users\lemon\Downloads\poi-bin-5.2.3-20220909\poi-bin-5.2.3\lib\commons-io-2.11.0.jar;C:\Users\lemon\Downloads\apache-log4j-2.19.0-bin\apache-log4j-2.19.0-bin\log4j-api-2.19.0.jar;C:\Users\lemon\Downloads\apache-log4j-2.19.0-bin\apache-log4j-2.19.0-bin\log4j-core-2.19.0.jar;C:\Users\lemon\Downloads\poi-bin-5.2.3-20220909\poi-bin-5.2.3\lib\commons-collections4-4.4.jar;C:\Users\lemon\Downloads\poi-bin-5.2.3-20220909\poi-bin-5.2.3\ooxml-lib\commons-compress-1.21.jar;C:\Users\lemon\Downloads\poi-bin-5.2.3-20220909\poi-bin-5.2.3\ooxml-lib\curvesapi-1.07.jar;C:\Users\lemon\Downloads\poi-bin-5.2.3-20220909\poi-bin-5.2.3\ooxml-lib\jakarta.activation-2.0.1.jar;C:\Users\lemon\Downloads\poi-bin-5.2.3-20220909\poi-bin-5.2.3\ooxml-lib\jakarta.xml.bind-api-3.0.1.jar;C:\Users\lemon\Downloads\poi-bin-5.2.3-20220909\poi-bin-5.2.3\ooxml-lib\slf4j-api-1.7.36.jar;C:\Users\lemon\Downloads\poi-bin-5.2.3-20220909\poi-bin-5.2.3\ooxml-lib\xmlbeans-5.1.1.jar;C:\Users\lemon\Downloads\selenium-java-4.8.0\lib\async-http-client-2.12.3.jar;C:\Users\lemon\Downloads\selenium-java-4.8.0\lib\async-http-client-netty-utils-2.12.3.jar;C:\Users\lemon\Downloads\selenium-java-4.8.0\lib\auto-common-1.2.1.jar;C:\Users\lemon\Downloads\selenium-java-4.8.0\lib\auto-serv
Launcher Type: SUN_STANDARD

[Global flags]
     intx CICompilerCount                          = 3                                         {product} {ergonomic}
     uint ConcGCThreads                            = 1                                         {product} {ergonomic}
     uint G1ConcRefinementThreads                  = 4                                         {product} {ergonomic}
   size_t G1HeapRegionSize                         = 1048576                                   {product} {ergonomic}
    uintx GCDrainStackTargetSize                   = 64                                        {product} {ergonomic}
   size_t InitialHeapSize                          = 67108864                                  {product} {ergonomic}
   size_t MarkStackSize                            = 4194304                                   {product} {ergonomic}
   size_t MaxHeapSize                              = 1052770304                                {product} {ergonomic}
   size_t MaxNewSize                               = 631242752                                 {product} {ergonomic}
   size_t MinHeapDeltaBytes                        = 1048576                                   {product} {ergonomic}
   size_t MinHeapSize                              = 8388608                                   {product} {ergonomic}
    uintx NonNMethodCodeHeapSize                   = 5832780                                {pd product} {ergonomic}
    uintx NonProfiledCodeHeapSize                  = 122912730                              {pd product} {ergonomic}
    uintx ProfiledCodeHeapSize                     = 122912730                              {pd product} {ergonomic}
    uintx ReservedCodeCacheSize                    = 251658240                              {pd product} {ergonomic}
     bool SegmentedCodeCache                       = true                                      {product} {ergonomic}
     bool ShowCodeDetailsInExceptionMessages       = true                                   {manageable} {command line}
   size_t SoftMaxHeapSize                          = 1052770304                             {manageable} {ergonomic}
     bool UseCompressedClassPointers               = true                           {product lp64_product} {ergonomic}
     bool UseCompressedOops                        = true                           {product lp64_product} {ergonomic}
     bool UseG1GC                                  = true                                      {product} {ergonomic}
     bool UseLargePagesIndividualAllocation        = false                                  {pd product} {ergonomic}

Logging:
Log output configuration:
 #0: stdout all=warning uptime,level,tags
 #1: stderr all=off uptime,level,tags

Environment Variables:
JAVA_HOME=C:\Program Files\Java\jdk-17
CLASSPATH=C:\Program Files\Java\jdk-17\lib
PATH=C:/Program Files/Java/jdk-17/bin/server;C:/Program Files/Java/jdk-17/bin;C:\Program Files\Common Files\Oracle\Java\javapath;C:\WINDOWS\system32;C:\WINDOWS;C:\WINDOWS\System32\Wbem;C:\WINDOWS\System32\WindowsPowerShell\v1.0\;C:\WINDOWS\System32\OpenSSH\;C:\Program Files\Java\jdk-17\bin;;C:\Program Files (x86)\ePapyrus\Papyrus-PlugIn-web;C:\Program Files (x86)\ePapyrus\Papyrus-PlugIn-web\Addins;C:\Program Files\MySQL\MySQL Shell 8.0\bin\;C:\Users\lemon\AppData\Local\Microsoft\WindowsApps;;C:\WINDOWS\System32;
USERNAME=lemon
OS=Windows_NT
PROCESSOR_IDENTIFIER=Intel64 Family 6 Model 142 Stepping 9, GenuineIntel



---------------  S Y S T E M  ---------------

OS:
 Windows 10 , 64 bit Build 19041 (10.0.19041.3031)
OS uptime: 5 days 2:43 hours

CPU: total 4 (initial active 4) (2 cores per cpu, 2 threads per core) family 6 model 142 stepping 9 microcode 0xf0, cx8, cmov, fxsr, ht, mmx, 3dnowpref, sse, sse2, sse3, ssse3, sse4.1, sse4.2, popcnt, lzcnt, tsc, tscinvbit, avx, avx2, aes, erms, clmul, bmi1, bmi2, rtm, adx, fma, vzeroupper, clflush, clflushopt

Memory: 4k page, system-wide physical 4013M (235M free)
TotalPageFile size 16301M (AvailPageFile size 4M)
current process WorkingSet (physical memory assigned to process): 268M, peak: 268M
current process commit charge ("private bytes"): 444M, peak: 446M

vm_info: Java HotSpot(TM) 64-Bit Server VM (17.0.7+8-LTS-224) for windows-amd64 JRE (17.0.7+8-LTS-224), built on Feb 28 2023 23:03:02 by "mach5one" with MS VC++ 17.1 (VS2022)

END.
