#
# There is insufficient memory for the Java Runtime Environment to continue.
# Native memory allocation (malloc) failed to allocate 147616 bytes for Chunk::new
# Possible reasons:
#   The system is out of physical RAM or swap space
#   The process is running with CompressedOops enabled, and the Java Heap may be blocking the growth of the native heap
# Possible solutions:
#   Reduce memory load on the system
#   Increase physical memory or swap space
#   Check if swap backing store is full
#   Decrease Java heap size (-Xmx/-Xms)
#   Decrease number of Java threads
#   Decrease Java thread stack sizes (-Xss)
#   Set larger code cache with -XX:ReservedCodeCacheSize=
#   JVM is running with Unscaled Compressed Oops mode in which the Java heap is
#     placed in the first 4GB address space. The Java Heap base address is the
#     maximum limit for the native heap growth. Please use -XX:HeapBaseMinAddress
#     to set the Java Heap base and to place the Java Heap above 4GB virtual address.
# This output file may be truncated or incomplete.
#
#  Out of Memory Error (arena.cpp:189), pid=43192, tid=59780
#
# JRE version: Java(TM) SE Runtime Environment (17.0.6+9) (build 17.0.6+9-LTS-190)
# Java VM: Java HotSpot(TM) 64-Bit Server VM (17.0.6+9-LTS-190, mixed mode, sharing, tiered, compressed oops, compressed class ptrs, g1 gc, windows-amd64)
# No core dump will be written. Minidumps are not enabled by default on client versions of Windows
#

---------------  S U M M A R Y ------------

Command Line: -Dfile.encoding=UTF-8 --module-path=C:\Users\lemon\eclipse-workspace\postgresql-42.6.0.jar -XX:+ShowCodeDetailsInExceptionMessages makeMoneySite.main

Host: Intel(R) Core(TM) i5-7300U CPU @ 2.60GHz, 4 cores, 3G,  Windows 10 , 64 bit Build 19041 (10.0.19041.3031)
Time: Sun Jul  2 03:46:10 2023  Windows 10 , 64 bit Build 19041 (10.0.19041.3031) elapsed time: 2.115644 seconds (0d 0h 0m 2s)

---------------  T H R E A D  ---------------

Current thread (0x000001c3031f70f0):  JavaThread "C2 CompilerThread0" daemon [_thread_in_native, id=59780, stack(0x0000007a65800000,0x0000007a65900000)]


Current CompileTask:
C2:   2117  629       4       java.lang.StringLatin1::replace (198 bytes)

Stack: [0x0000007a65800000,0x0000007a65900000]
Native frames: (J=compiled Java code, j=interpreted, Vv=VM code, C=native code)
V  [jvm.dll+0x6734ea]
V  [jvm.dll+0x7d18f4]
V  [jvm.dll+0x7d309e]
V  [jvm.dll+0x7d3703]
V  [jvm.dll+0x2433c5]
V  [jvm.dll+0xaa46b]
V  [jvm.dll+0xaaa0c]
V  [jvm.dll+0x2a8b1f]
V  [jvm.dll+0x57bf85]
V  [jvm.dll+0x21e142]
V  [jvm.dll+0x21e51f]
V  [jvm.dll+0x217c36]
V  [jvm.dll+0x215109]
V  [jvm.dll+0x1a1730]
V  [jvm.dll+0x224b6e]
V  [jvm.dll+0x222f15]
V  [jvm.dll+0x78753c]
V  [jvm.dll+0x781a7a]
V  [jvm.dll+0x672375]
C  [ucrtbase.dll+0x21bb2]
C  [KERNEL32.DLL+0x17614]
C  [ntdll.dll+0x526f1]


---------------  P R O C E S S  ---------------

Threads class SMR info:
_java_thread_list=0x000001c303db36f0, length=12, elements={
0x000001c367ec2da0, 0x000001c367f84a00, 0x000001c367f858c0, 0x000001c3031fb980,
0x000001c3031e7820, 0x000001c3031ec100, 0x000001c3031f49d0, 0x000001c3031f70f0,
0x000001c3031fddc0, 0x000001c303210e90, 0x000001c367f6ce90, 0x000001c303e2bed0
}

Java Threads: ( => current thread )
  0x000001c367ec2da0 JavaThread "main" [_thread_in_native, id=16660, stack(0x0000007a64b00000,0x0000007a64c00000)]
  0x000001c367f84a00 JavaThread "Reference Handler" daemon [_thread_blocked, id=59544, stack(0x0000007a65200000,0x0000007a65300000)]
  0x000001c367f858c0 JavaThread "Finalizer" daemon [_thread_blocked, id=60060, stack(0x0000007a65300000,0x0000007a65400000)]
  0x000001c3031fb980 JavaThread "Signal Dispatcher" daemon [_thread_blocked, id=54400, stack(0x0000007a65400000,0x0000007a65500000)]
  0x000001c3031e7820 JavaThread "Attach Listener" daemon [_thread_blocked, id=5552, stack(0x0000007a65500000,0x0000007a65600000)]
  0x000001c3031ec100 JavaThread "Service Thread" daemon [_thread_blocked, id=46872, stack(0x0000007a65600000,0x0000007a65700000)]
  0x000001c3031f49d0 JavaThread "Monitor Deflation Thread" daemon [_thread_blocked, id=43384, stack(0x0000007a65700000,0x0000007a65800000)]
=>0x000001c3031f70f0 JavaThread "C2 CompilerThread0" daemon [_thread_in_native, id=59780, stack(0x0000007a65800000,0x0000007a65900000)]
  0x000001c3031fddc0 JavaThread "C1 CompilerThread0" daemon [_thread_blocked, id=59572, stack(0x0000007a65900000,0x0000007a65a00000)]
  0x000001c303210e90 JavaThread "Sweeper thread" daemon [_thread_blocked, id=51456, stack(0x0000007a65a00000,0x0000007a65b00000)]
  0x000001c367f6ce90 JavaThread "Common-Cleaner" daemon [_thread_blocked, id=14064, stack(0x0000007a65b00000,0x0000007a65c00000)]
  0x000001c303e2bed0 JavaThread "Notification Thread" daemon [_thread_blocked, id=54996, stack(0x0000007a65c00000,0x0000007a65d00000)]

Other Threads:
  0x000001c367f7e620 VMThread "VM Thread" [stack: 0x0000007a65100000,0x0000007a65200000] [id=54992]
  0x000001c303d93b70 WatcherThread [stack: 0x0000007a65d00000,0x0000007a65e00000] [id=50484]
  0x000001c367f015b0 GCTaskThread "GC Thread#0" [stack: 0x0000007a64c00000,0x0000007a64d00000] [id=56456]
  0x000001c367f0b930 ConcurrentGCThread "G1 Main Marker" [stack: 0x0000007a64d00000,0x0000007a64e00000] [id=60888]
  0x000001c367f0d260 ConcurrentGCThread "G1 Conc#0" [stack: 0x0000007a64e00000,0x0000007a64f00000] [id=60844]
  0x000001c367f5f3d0 ConcurrentGCThread "G1 Refine#0" [stack: 0x0000007a64f00000,0x0000007a65000000] [id=54640]
  0x000001c367f5fd00 ConcurrentGCThread "G1 Service" [stack: 0x0000007a65000000,0x0000007a65100000] [id=60092]

Threads with active compile tasks:
C2 CompilerThread0     2182  629       4       java.lang.StringLatin1::replace (198 bytes)
C1 CompilerThread0     2182  665   !   3       java.util.WeakHashMap::expungeStaleEntries (139 bytes)

VM state: not at safepoint (normal execution)

VM Mutex/Monitor currently owned by a thread: None

Heap address: 0x00000000c1400000, size: 1004 MB, Compressed Oops mode: 32-bit

CDS archive(s) mapped at: [0x0000000800000000-0x0000000800bd0000-0x0000000800bd0000), size 12386304, SharedBaseAddress: 0x0000000800000000, ArchiveRelocationMode: 0.
Compressed class space mapped at: 0x0000000800c00000-0x0000000840c00000, reserved size: 1073741824
Narrow klass base: 0x0000000800000000, Narrow klass shift: 0, Narrow klass range: 0x100000000

GC Precious Log:
 CPUs: 4 total, 4 available
 Memory: 4013M
 Large Page Support: Disabled
 NUMA Support: Disabled
 Compressed Oops: Enabled (32-bit)
 Heap Region Size: 1M
 Heap Min Capacity: 8M
 Heap Initial Capacity: 64M
 Heap Max Capacity: 1004M
 Pre-touch: Disabled
 Parallel Workers: 4
 Concurrent Workers: 1
 Concurrent Refinement Workers: 4
 Periodic GC: Disabled

Heap:
 garbage-first heap   total 65536K, used 12288K [0x00000000c1400000, 0x0000000100000000)
  region size 1024K, 11 young (11264K), 0 survivors (0K)
 Metaspace       used 994K, committed 1152K, reserved 1056768K
  class space    used 62K, committed 128K, reserved 1048576K

Heap Regions: E=young(eden), S=young(survivor), O=old, HS=humongous(starts), HC=humongous(continues), CS=collection set, F=free, OA=open archive, CA=closed archive, TAMS=top-at-mark-start (previous, next)
|   0|0x00000000c1400000, 0x00000000c1500000, 0x00000000c1500000|100%|HS|  |TAMS 0x00000000c1400000, 0x00000000c1400000| Complete 
|   1|0x00000000c1500000, 0x00000000c1600000, 0x00000000c1600000|100%|HS|  |TAMS 0x00000000c1500000, 0x00000000c1500000| Complete 
|   2|0x00000000c1600000, 0x00000000c1700000, 0x00000000c1700000|100%|HC|  |TAMS 0x00000000c1600000, 0x00000000c1600000| Complete 
|   3|0x00000000c1700000, 0x00000000c1700000, 0x00000000c1800000|  0%| F|  |TAMS 0x00000000c1700000, 0x00000000c1700000| Untracked 
|   4|0x00000000c1800000, 0x00000000c1800000, 0x00000000c1900000|  0%| F|  |TAMS 0x00000000c1800000, 0x00000000c1800000| Untracked 
|   5|0x00000000c1900000, 0x00000000c1900000, 0x00000000c1a00000|  0%| F|  |TAMS 0x00000000c1900000, 0x00000000c1900000| Untracked 
|   6|0x00000000c1a00000, 0x00000000c1a00000, 0x00000000c1b00000|  0%| F|  |TAMS 0x00000000c1a00000, 0x00000000c1a00000| Untracked 
|   7|0x00000000c1b00000, 0x00000000c1b00000, 0x00000000c1c00000|  0%| F|  |TAMS 0x00000000c1b00000, 0x00000000c1b00000| Untracked 
|   8|0x00000000c1c00000, 0x00000000c1c00000, 0x00000000c1d00000|  0%| F|  |TAMS 0x00000000c1c00000, 0x00000000c1c00000| Untracked 
|   9|0x00000000c1d00000, 0x00000000c1d00000, 0x00000000c1e00000|  0%| F|  |TAMS 0x00000000c1d00000, 0x00000000c1d00000| Untracked 
|  10|0x00000000c1e00000, 0x00000000c1e00000, 0x00000000c1f00000|  0%| F|  |TAMS 0x00000000c1e00000, 0x00000000c1e00000| Untracked 
|  11|0x00000000c1f00000, 0x00000000c1f00000, 0x00000000c2000000|  0%| F|  |TAMS 0x00000000c1f00000, 0x00000000c1f00000| Untracked 
|  12|0x00000000c2000000, 0x00000000c2000000, 0x00000000c2100000|  0%| F|  |TAMS 0x00000000c2000000, 0x00000000c2000000| Untracked 
|  13|0x00000000c2100000, 0x00000000c2100000, 0x00000000c2200000|  0%| F|  |TAMS 0x00000000c2100000, 0x00000000c2100000| Untracked 
|  14|0x00000000c2200000, 0x00000000c2200000, 0x00000000c2300000|  0%| F|  |TAMS 0x00000000c2200000, 0x00000000c2200000| Untracked 
|  15|0x00000000c2300000, 0x00000000c2300000, 0x00000000c2400000|  0%| F|  |TAMS 0x00000000c2300000, 0x00000000c2300000| Untracked 
|  16|0x00000000c2400000, 0x00000000c2400000, 0x00000000c2500000|  0%| F|  |TAMS 0x00000000c2400000, 0x00000000c2400000| Untracked 
|  17|0x00000000c2500000, 0x00000000c2500000, 0x00000000c2600000|  0%| F|  |TAMS 0x00000000c2500000, 0x00000000c2500000| Untracked 
|  18|0x00000000c2600000, 0x00000000c2600000, 0x00000000c2700000|  0%| F|  |TAMS 0x00000000c2600000, 0x00000000c2600000| Untracked 
|  19|0x00000000c2700000, 0x00000000c2700000, 0x00000000c2800000|  0%| F|  |TAMS 0x00000000c2700000, 0x00000000c2700000| Untracked 
|  20|0x00000000c2800000, 0x00000000c2800000, 0x00000000c2900000|  0%| F|  |TAMS 0x00000000c2800000, 0x00000000c2800000| Untracked 
|  21|0x00000000c2900000, 0x00000000c2900000, 0x00000000c2a00000|  0%| F|  |TAMS 0x00000000c2900000, 0x00000000c2900000| Untracked 
|  22|0x00000000c2a00000, 0x00000000c2a00000, 0x00000000c2b00000|  0%| F|  |TAMS 0x00000000c2a00000, 0x00000000c2a00000| Untracked 
|  23|0x00000000c2b00000, 0x00000000c2b00000, 0x00000000c2c00000|  0%| F|  |TAMS 0x00000000c2b00000, 0x00000000c2b00000| Untracked 
|  24|0x00000000c2c00000, 0x00000000c2c00000, 0x00000000c2d00000|  0%| F|  |TAMS 0x00000000c2c00000, 0x00000000c2c00000| Untracked 
|  25|0x00000000c2d00000, 0x00000000c2d00000, 0x00000000c2e00000|  0%| F|  |TAMS 0x00000000c2d00000, 0x00000000c2d00000| Untracked 
|  26|0x00000000c2e00000, 0x00000000c2e00000, 0x00000000c2f00000|  0%| F|  |TAMS 0x00000000c2e00000, 0x00000000c2e00000| Untracked 
|  27|0x00000000c2f00000, 0x00000000c2f00000, 0x00000000c3000000|  0%| F|  |TAMS 0x00000000c2f00000, 0x00000000c2f00000| Untracked 
|  28|0x00000000c3000000, 0x00000000c3000000, 0x00000000c3100000|  0%| F|  |TAMS 0x00000000c3000000, 0x00000000c3000000| Untracked 
|  29|0x00000000c3100000, 0x00000000c3100000, 0x00000000c3200000|  0%| F|  |TAMS 0x00000000c3100000, 0x00000000c3100000| Untracked 
|  30|0x00000000c3200000, 0x00000000c3200000, 0x00000000c3300000|  0%| F|  |TAMS 0x00000000c3200000, 0x00000000c3200000| Untracked 
|  31|0x00000000c3300000, 0x00000000c3300000, 0x00000000c3400000|  0%| F|  |TAMS 0x00000000c3300000, 0x00000000c3300000| Untracked 
|  32|0x00000000c3400000, 0x00000000c3400000, 0x00000000c3500000|  0%| F|  |TAMS 0x00000000c3400000, 0x00000000c3400000| Untracked 
|  33|0x00000000c3500000, 0x00000000c3500000, 0x00000000c3600000|  0%| F|  |TAMS 0x00000000c3500000, 0x00000000c3500000| Untracked 
|  34|0x00000000c3600000, 0x00000000c3600000, 0x00000000c3700000|  0%| F|  |TAMS 0x00000000c3600000, 0x00000000c3600000| Untracked 
|  35|0x00000000c3700000, 0x00000000c3700000, 0x00000000c3800000|  0%| F|  |TAMS 0x00000000c3700000, 0x00000000c3700000| Untracked 
|  36|0x00000000c3800000, 0x00000000c3800000, 0x00000000c3900000|  0%| F|  |TAMS 0x00000000c3800000, 0x00000000c3800000| Untracked 
|  37|0x00000000c3900000, 0x00000000c3900000, 0x00000000c3a00000|  0%| F|  |TAMS 0x00000000c3900000, 0x00000000c3900000| Untracked 
|  38|0x00000000c3a00000, 0x00000000c3a00000, 0x00000000c3b00000|  0%| F|  |TAMS 0x00000000c3a00000, 0x00000000c3a00000| Untracked 
|  39|0x00000000c3b00000, 0x00000000c3b00000, 0x00000000c3c00000|  0%| F|  |TAMS 0x00000000c3b00000, 0x00000000c3b00000| Untracked 
|  40|0x00000000c3c00000, 0x00000000c3c00000, 0x00000000c3d00000|  0%| F|  |TAMS 0x00000000c3c00000, 0x00000000c3c00000| Untracked 
|  41|0x00000000c3d00000, 0x00000000c3d00000, 0x00000000c3e00000|  0%| F|  |TAMS 0x00000000c3d00000, 0x00000000c3d00000| Untracked 
|  42|0x00000000c3e00000, 0x00000000c3e00000, 0x00000000c3f00000|  0%| F|  |TAMS 0x00000000c3e00000, 0x00000000c3e00000| Untracked 
|  43|0x00000000c3f00000, 0x00000000c3f00000, 0x00000000c4000000|  0%| F|  |TAMS 0x00000000c3f00000, 0x00000000c3f00000| Untracked 
|  44|0x00000000c4000000, 0x00000000c4000000, 0x00000000c4100000|  0%| F|  |TAMS 0x00000000c4000000, 0x00000000c4000000| Untracked 
|  45|0x00000000c4100000, 0x00000000c4100000, 0x00000000c4200000|  0%| F|  |TAMS 0x00000000c4100000, 0x00000000c4100000| Untracked 
|  46|0x00000000c4200000, 0x00000000c4200000, 0x00000000c4300000|  0%| F|  |TAMS 0x00000000c4200000, 0x00000000c4200000| Untracked 
|  47|0x00000000c4300000, 0x00000000c4300000, 0x00000000c4400000|  0%| F|  |TAMS 0x00000000c4300000, 0x00000000c4300000| Untracked 
|  48|0x00000000c4400000, 0x00000000c4400000, 0x00000000c4500000|  0%| F|  |TAMS 0x00000000c4400000, 0x00000000c4400000| Untracked 
|  49|0x00000000c4500000, 0x00000000c4500000, 0x00000000c4600000|  0%| F|  |TAMS 0x00000000c4500000, 0x00000000c4500000| Untracked 
|  50|0x00000000c4600000, 0x00000000c4600000, 0x00000000c4700000|  0%| F|  |TAMS 0x00000000c4600000, 0x00000000c4600000| Untracked 
|  51|0x00000000c4700000, 0x00000000c4700000, 0x00000000c4800000|  0%| F|  |TAMS 0x00000000c4700000, 0x00000000c4700000| Untracked 
|  52|0x00000000c4800000, 0x00000000c4800000, 0x00000000c4900000|  0%| F|  |TAMS 0x00000000c4800000, 0x00000000c4800000| Untracked 
|  53|0x00000000c4900000, 0x00000000c4a00000, 0x00000000c4a00000|100%| E|  |TAMS 0x00000000c4900000, 0x00000000c4900000| Complete 
|  54|0x00000000c4a00000, 0x00000000c4b00000, 0x00000000c4b00000|100%| E|CS|TAMS 0x00000000c4a00000, 0x00000000c4a00000| Complete 
|  55|0x00000000c4b00000, 0x00000000c4c00000, 0x00000000c4c00000|100%| E|CS|TAMS 0x00000000c4b00000, 0x00000000c4b00000| Complete 
|  56|0x00000000c4c00000, 0x00000000c4d00000, 0x00000000c4d00000|100%| E|CS|TAMS 0x00000000c4c00000, 0x00000000c4c00000| Complete 
|  57|0x00000000c4d00000, 0x00000000c4e00000, 0x00000000c4e00000|100%| E|CS|TAMS 0x00000000c4d00000, 0x00000000c4d00000| Complete 
|  58|0x00000000c4e00000, 0x00000000c4f00000, 0x00000000c4f00000|100%| E|CS|TAMS 0x00000000c4e00000, 0x00000000c4e00000| Complete 
|  59|0x00000000c4f00000, 0x00000000c5000000, 0x00000000c5000000|100%| E|CS|TAMS 0x00000000c4f00000, 0x00000000c4f00000| Complete 
|  60|0x00000000c5000000, 0x00000000c5100000, 0x00000000c5100000|100%| E|  |TAMS 0x00000000c5000000, 0x00000000c5000000| Complete 
|  61|0x00000000c5100000, 0x00000000c5200000, 0x00000000c5200000|100%| E|CS|TAMS 0x00000000c5100000, 0x00000000c5100000| Complete 
|  62|0x00000000c5200000, 0x00000000c5300000, 0x00000000c5300000|100%| E|CS|TAMS 0x00000000c5200000, 0x00000000c5200000| Complete 
|  63|0x00000000c5300000, 0x00000000c5400000, 0x00000000c5400000|100%| E|CS|TAMS 0x00000000c5300000, 0x00000000c5300000| Complete 

Card table byte_map: [0x000001c37e940000,0x000001c37eb40000] _byte_map_base: 0x000001c37e336000

Marking Bits (Prev, Next): (CMBitMap*) 0x000001c367f02ae0, (CMBitMap*) 0x000001c367f02b20
 Prev Bits: [0x000001c37ed40000, 0x000001c37fcf0000)
 Next Bits: [0x000001c300000000, 0x000001c300fb0000)

Polling page: 0x000001c365d40000

Metaspace:

Usage:
  Non-class:    933.45 KB used.
      Class:     62.87 KB used.
       Both:    996.32 KB used.

Virtual space:
  Non-class space:        8.00 MB reserved,       1.00 MB ( 12%) committed,  1 nodes.
      Class space:        1.00 GB reserved,     128.00 KB ( <1%) committed,  1 nodes.
             Both:        1.01 GB reserved,       1.12 MB ( <1%) committed. 

Chunk freelists:
   Non-Class:  3.92 MB
       Class:  3.74 MB
        Both:  7.66 MB

MaxMetaspaceSize: unlimited
CompressedClassSpaceSize: 1.00 GB
Initial GC threshold: 21.00 MB
Current GC threshold: 21.00 MB
CDS: on
MetaspaceReclaimPolicy: balanced
 - commit_granule_bytes: 65536.
 - commit_granule_words: 8192.
 - virtual_space_node_default_size: 1048576.
 - enlarge_chunks_in_place: 1.
 - new_chunks_are_fully_committed: 0.
 - uncommit_free_chunks: 1.
 - use_allocation_guard: 0.
 - handle_deallocations: 1.


Internal statistics:

num_allocs_failed_limit: 0.
num_arena_births: 16.
num_arena_deaths: 0.
num_vsnodes_births: 2.
num_vsnodes_deaths: 0.
num_space_committed: 18.
num_space_uncommitted: 0.
num_chunks_returned_to_freelist: 0.
num_chunks_taken_from_freelist: 26.
num_chunk_merges: 0.
num_chunk_splits: 16.
num_chunks_enlarged: 9.
num_purges: 0.
num_inconsistent_stats: 0.

CodeHeap 'non-profiled nmethods': size=120000Kb used=187Kb max_used=187Kb free=119812Kb
 bounds [0x000001c377210000, 0x000001c377480000, 0x000001c37e740000]
CodeHeap 'profiled nmethods': size=120000Kb used=1104Kb max_used=1104Kb free=118895Kb
 bounds [0x000001c36f740000, 0x000001c36f9b0000, 0x000001c376c70000]
CodeHeap 'non-nmethods': size=5760Kb used=1118Kb max_used=1126Kb free=4641Kb
 bounds [0x000001c376c70000, 0x000001c376ee0000, 0x000001c377210000]
 total_blobs=1065 nmethods=667 adapters=311
 compilation: enabled
              stopped_count=0, restarted_count=0
 full_count=0

Compilation events (20 events):
Event: 2.097 Thread 0x000001c3031fddc0 nmethod 625 0x000001c36f83a190 code [0x000001c36f83a320, 0x000001c36f83a418]
Event: 2.097 Thread 0x000001c3031fddc0  626   !   3       java.lang.invoke.MemberName::clone (14 bytes)
Event: 2.097 Thread 0x000001c3031fddc0 nmethod 626 0x000001c36f83a510 code [0x000001c36f83a6e0, 0x000001c36f83aa58]
Event: 2.097 Thread 0x000001c3031fddc0  627       3       sun.invoke.util.VerifyAccess::isClassAccessible (230 bytes)
Event: 2.098 Thread 0x000001c3031fddc0 nmethod 627 0x000001c36f83ac10 code [0x000001c36f83af20, 0x000001c36f83be18]
Event: 2.098 Thread 0x000001c3031fddc0  628       3       java.lang.AbstractStringBuilder::append (77 bytes)
Event: 2.099 Thread 0x000001c3031f70f0  629       4       java.lang.StringLatin1::replace (198 bytes)
Event: 2.099 Thread 0x000001c3031fddc0 nmethod 628 0x000001c36f83c210 code [0x000001c36f83c420, 0x000001c36f83caa8]
Event: 2.099 Thread 0x000001c3031fddc0  630       3       java.lang.invoke.LambdaForm::forceInterpretation (14 bytes)
Event: 2.099 Thread 0x000001c3031fddc0 nmethod 630 0x000001c36f83cd10 code [0x000001c36f83cea0, 0x000001c36f83d018]
Event: 2.100 Thread 0x000001c3031fddc0  631       3       java.lang.invoke.LambdaForm::uncustomize (57 bytes)
Event: 2.101 Thread 0x000001c3031fddc0 nmethod 631 0x000001c36f83d090 code [0x000001c36f83d240, 0x000001c36f83d568]
Event: 2.101 Thread 0x000001c3031fddc0  632       3       java.lang.StringUTF16::toChars (18 bytes)
Event: 2.101 Thread 0x000001c3031fddc0 nmethod 632 0x000001c36f83d690 code [0x000001c36f83d840, 0x000001c36f83da28]
Event: 2.105 Thread 0x000001c3031fddc0  633       3       java.lang.StringBuilder::append (8 bytes)
Event: 2.105 Thread 0x000001c3031fddc0 nmethod 633 0x000001c36f83db10 code [0x000001c36f83dca0, 0x000001c36f83dde8]
Event: 2.105 Thread 0x000001c3031fddc0  634       3       java.util.BitSet::wordIndex (5 bytes)
Event: 2.105 Thread 0x000001c3031fddc0 nmethod 634 0x000001c36f83de90 code [0x000001c36f83e020, 0x000001c36f83e118]
Event: 2.105 Thread 0x000001c3031fddc0  635       3       java.util.BitSet::checkInvariants (111 bytes)
Event: 2.105 Thread 0x000001c3031fddc0 nmethod 635 0x000001c36f83e190 code [0x000001c36f83e320, 0x000001c36f83e458]

GC Heap History (0 events):
No events

Deoptimization events (20 events):
Event: 0.713 Thread 0x000001c367ec2da0 DEOPT PACKING pc=0x000001c36f7c01a4 sp=0x0000007a64bfa630
Event: 0.713 Thread 0x000001c367ec2da0 DEOPT UNPACKING pc=0x000001c376cc2b43 sp=0x0000007a64bf9ad0 mode 0
Event: 1.864 Thread 0x000001c367ec2da0 DEOPT PACKING pc=0x000001c36f783e56 sp=0x0000007a64bfa2c0
Event: 1.864 Thread 0x000001c367ec2da0 DEOPT UNPACKING pc=0x000001c376cc2b43 sp=0x0000007a64bf9760 mode 0
Event: 2.096 Thread 0x000001c367ec2da0 Uncommon trap: trap_request=0xffffff45 fr.pc=0x000001c37722f268 relative=0x0000000000000448
Event: 2.096 Thread 0x000001c367ec2da0 Uncommon trap: reason=unstable_if action=reinterpret pc=0x000001c37722f268 method=java.lang.StringLatin1.canEncode(I)Z @ 4 c2
Event: 2.096 Thread 0x000001c367ec2da0 DEOPT PACKING pc=0x000001c37722f268 sp=0x0000007a64bff0c0
Event: 2.096 Thread 0x000001c367ec2da0 DEOPT UNPACKING pc=0x000001c376cc23a3 sp=0x0000007a64bfefe8 mode 2
Event: 2.096 Thread 0x000001c367ec2da0 Uncommon trap: trap_request=0xffffff45 fr.pc=0x000001c37722fc4c relative=0x000000000000042c
Event: 2.096 Thread 0x000001c367ec2da0 Uncommon trap: reason=unstable_if action=reinterpret pc=0x000001c37722fc4c method=java.lang.AbstractStringBuilder.isLatin1()Z @ 10 c2
Event: 2.096 Thread 0x000001c367ec2da0 DEOPT PACKING pc=0x000001c37722fc4c sp=0x0000007a64bff070
Event: 2.097 Thread 0x000001c367ec2da0 DEOPT UNPACKING pc=0x000001c376cc23a3 sp=0x0000007a64bfeff0 mode 2
Event: 2.097 Thread 0x000001c367ec2da0 Uncommon trap: trap_request=0xffffff45 fr.pc=0x000001c37723085c relative=0x000000000000005c
Event: 2.097 Thread 0x000001c367ec2da0 Uncommon trap: reason=unstable_if action=reinterpret pc=0x000001c37723085c method=java.lang.AbstractStringBuilder.isLatin1()Z @ 10 c2
Event: 2.097 Thread 0x000001c367ec2da0 DEOPT PACKING pc=0x000001c37723085c sp=0x0000007a64bff050
Event: 2.097 Thread 0x000001c367ec2da0 DEOPT UNPACKING pc=0x000001c376cc23a3 sp=0x0000007a64bfefe0 mode 2
Event: 2.101 Thread 0x000001c367ec2da0 Uncommon trap: trap_request=0xffffff45 fr.pc=0x000001c37721f0c8 relative=0x0000000000000048
Event: 2.101 Thread 0x000001c367ec2da0 Uncommon trap: reason=unstable_if action=reinterpret pc=0x000001c37721f0c8 method=java.lang.CharacterData.of(I)Ljava/lang/CharacterData; @ 4 c2
Event: 2.101 Thread 0x000001c367ec2da0 DEOPT PACKING pc=0x000001c37721f0c8 sp=0x0000007a64bfe870
Event: 2.101 Thread 0x000001c367ec2da0 DEOPT UNPACKING pc=0x000001c376cc23a3 sp=0x0000007a64bfe810 mode 2

Classes unloaded (0 events):
No events

Classes redefined (0 events):
No events

Internal exceptions (5 events):
Event: 0.468 Thread 0x000001c367ec2da0 Exception <a 'java/lang/NoSuchMethodError'{0x00000000c511b000}: 'void java.lang.invoke.DirectMethodHandle$Holder.invokeSpecial(java.lang.Object, java.lang.Object, java.lang.Object)'> (0x00000000c511b000) 
thrown [s\open\src\hotspot\share\interpreter\linkResolver.cpp, line 759]
Event: 0.479 Thread 0x000001c367ec2da0 Exception <a 'java/lang/NoSuchMethodError'{0x00000000c512ebe0}: 'void java.lang.invoke.DirectMethodHandle$Holder.invokeSpecial(java.lang.Object, java.lang.Object, java.lang.Object, java.lang.Object, java.lang.Object)'> (0x00000000c512ebe0) 
thrown [s\open\src\hotspot\share\interpreter\linkResolver.cpp, line 759]
Event: 0.494 Thread 0x000001c367ec2da0 Exception <a 'java/lang/NoSuchMethodError'{0x00000000c513fdc0}: 'java.lang.Object java.lang.invoke.DirectMethodHandle$Holder.invokeInterface(java.lang.Object, java.lang.Object)'> (0x00000000c513fdc0) 
thrown [s\open\src\hotspot\share\interpreter\linkResolver.cpp, line 759]
Event: 0.495 Thread 0x000001c367ec2da0 Exception <a 'java/lang/IncompatibleClassChangeError'{0x00000000c51860c8}: Found class java.lang.Object, but interface was expected> (0x00000000c51860c8) 
thrown [s\open\src\hotspot\share\interpreter\linkResolver.cpp, line 826]
Event: 0.496 Thread 0x000001c367ec2da0 Exception <a 'java/lang/NoSuchMethodError'{0x00000000c5188e90}: 'void java.lang.invoke.DirectMethodHandle$Holder.invokeStatic(java.lang.Object, java.lang.Object, java.lang.Object, java.lang.Object)'> (0x00000000c5188e90) 
thrown [s\open\src\hotspot\share\interpreter\linkResolver.cpp, line 759]

VM Operations (8 events):
Event: 0.424 Executing VM operation: HandshakeAllThreads
Event: 0.424 Executing VM operation: HandshakeAllThreads done
Event: 0.484 Executing VM operation: HandshakeAllThreads
Event: 0.484 Executing VM operation: HandshakeAllThreads done
Event: 1.493 Executing VM operation: Cleanup
Event: 1.493 Executing VM operation: Cleanup done
Event: 2.101 Executing VM operation: HandshakeAllThreads
Event: 2.101 Executing VM operation: HandshakeAllThreads done

Events (20 events):
Event: 2.089 loading class java/util/spi/ResourceBundleProvider done
Event: 2.089 loading class sun/util/resources/LocaleData$LocaleDataResourceBundleProvider done
Event: 2.089 loading class sun/util/resources/LocaleData$CommonResourceBundleProvider done
Event: 2.090 loading class sun/util/resources/Bundles$2
Event: 2.090 loading class sun/util/resources/Bundles$2 done
Event: 2.092 loading class java/lang/InstantiationException
Event: 2.092 loading class java/lang/InstantiationException done
Event: 2.092 loading class java/lang/IllegalAccessException
Event: 2.092 loading class java/lang/IllegalAccessException done
Event: 2.103 loading class java/net/URLEncoder
Event: 2.104 loading class java/net/URLEncoder done
Event: 2.104 loading class java/util/BitSet
Event: 2.104 loading class java/util/BitSet done
Event: 2.104 loading class java/io/CharArrayWriter
Event: 2.104 loading class java/io/CharArrayWriter done
Event: 2.105 loading class java/net/URL$2
Event: 2.106 loading class java/net/URL$2 done
Event: 2.106 loading class java/net/URL$1
Event: 2.106 loading class java/net/URL$1 done
Event: 2.106 loading class java/net/spi/URLStreamHandlerProvider


Dynamic libraries:
0x00007ff6353b0000 - 0x00007ff6353c0000 	C:\Program Files\Java\jdk-17\bin\javaw.exe
0x00007ffd73150000 - 0x00007ffd73348000 	C:\WINDOWS\SYSTEM32\ntdll.dll
0x00007ffd71d50000 - 0x00007ffd71e0f000 	C:\WINDOWS\System32\KERNEL32.DLL
0x00007ffd70e50000 - 0x00007ffd71146000 	C:\WINDOWS\System32\KERNELBASE.dll
0x00007ffd70ce0000 - 0x00007ffd70de0000 	C:\WINDOWS\System32\ucrtbase.dll
0x00007ffd5b410000 - 0x00007ffd5b42b000 	C:\Program Files\Java\jdk-17\bin\VCRUNTIME140.dll
0x00007ffd5ed30000 - 0x00007ffd5ed48000 	C:\Program Files\Java\jdk-17\bin\jli.dll
0x00007ffd711b0000 - 0x00007ffd7125f000 	C:\WINDOWS\System32\ADVAPI32.dll
0x00007ffd717a0000 - 0x00007ffd7183e000 	C:\WINDOWS\System32\msvcrt.dll
0x00007ffd71390000 - 0x00007ffd7142c000 	C:\WINDOWS\System32\sechost.dll
0x00007ffd71f50000 - 0x00007ffd72076000 	C:\WINDOWS\System32\RPCRT4.dll
0x00007ffd719d0000 - 0x00007ffd71b6d000 	C:\WINDOWS\System32\USER32.dll
0x00007ffd71180000 - 0x00007ffd711a2000 	C:\WINDOWS\System32\win32u.dll
0x00007ffd71840000 - 0x00007ffd7186c000 	C:\WINDOWS\System32\GDI32.dll
0x00007ffd70b30000 - 0x00007ffd70c45000 	C:\WINDOWS\System32\gdi32full.dll
0x00007ffd70930000 - 0x00007ffd709cd000 	C:\WINDOWS\System32\msvcp_win.dll
0x00007ffd54a30000 - 0x00007ffd54cca000 	C:\WINDOWS\WinSxS\amd64_microsoft.windows.common-controls_6595b64144ccf1df_6.0.19041.1110_none_60b5254171f9507e\COMCTL32.dll
0x00007ffd6f5a0000 - 0x00007ffd6f5aa000 	C:\WINDOWS\SYSTEM32\VERSION.dll
0x00007ffd721a0000 - 0x00007ffd721d0000 	C:\WINDOWS\System32\IMM32.DLL
0x00007ffd64950000 - 0x00007ffd6495c000 	C:\Program Files\Java\jdk-17\bin\vcruntime140_1.dll
0x00007ffd538b0000 - 0x00007ffd5393e000 	C:\Program Files\Java\jdk-17\bin\msvcp140.dll
0x00007ffd3ef10000 - 0x00007ffd3fae7000 	C:\Program Files\Java\jdk-17\bin\server\jvm.dll
0x00007ffd71f40000 - 0x00007ffd71f48000 	C:\WINDOWS\System32\PSAPI.DLL
0x00007ffd59f30000 - 0x00007ffd59f57000 	C:\WINDOWS\SYSTEM32\WINMM.dll
0x00007ffd52f20000 - 0x00007ffd52f29000 	C:\WINDOWS\SYSTEM32\WSOCK32.dll
0x00007ffd72230000 - 0x00007ffd7229b000 	C:\WINDOWS\System32\WS2_32.dll
0x00007ffd6f560000 - 0x00007ffd6f572000 	C:\WINDOWS\SYSTEM32\kernel.appcore.dll
0x00007ffd686a0000 - 0x00007ffd686aa000 	C:\Program Files\Java\jdk-17\bin\jimage.dll
0x00007ffd6e4e0000 - 0x00007ffd6e6c4000 	C:\WINDOWS\SYSTEM32\DBGHELP.DLL
0x00007ffd5bc30000 - 0x00007ffd5bc64000 	C:\WINDOWS\SYSTEM32\dbgcore.DLL
0x00007ffd70c50000 - 0x00007ffd70cd2000 	C:\WINDOWS\System32\bcryptPrimitives.dll
0x00007ffd59180000 - 0x00007ffd591a5000 	C:\Program Files\Java\jdk-17\bin\java.dll
0x00007ffd55ac0000 - 0x00007ffd55b97000 	C:\Program Files\Java\jdk-17\bin\jsvml.dll
0x00007ffd72530000 - 0x00007ffd72c74000 	C:\WINDOWS\System32\SHELL32.dll
0x00007ffd6edc0000 - 0x00007ffd6f553000 	C:\WINDOWS\SYSTEM32\windows.storage.dll
0x00007ffd71430000 - 0x00007ffd71784000 	C:\WINDOWS\System32\combase.dll
0x00007ffd701a0000 - 0x00007ffd701ce000 	C:\WINDOWS\SYSTEM32\Wldp.dll
0x00007ffd71260000 - 0x00007ffd7130d000 	C:\WINDOWS\System32\SHCORE.dll
0x00007ffd71b70000 - 0x00007ffd71bc5000 	C:\WINDOWS\System32\shlwapi.dll
0x00007ffd70770000 - 0x00007ffd7078f000 	C:\WINDOWS\SYSTEM32\profapi.dll
0x00007ffd5cc60000 - 0x00007ffd5cc79000 	C:\Program Files\Java\jdk-17\bin\net.dll
0x00007ffd67140000 - 0x00007ffd6724a000 	C:\WINDOWS\SYSTEM32\WINHTTP.dll
0x00007ffd6ff00000 - 0x00007ffd6ff6a000 	C:\WINDOWS\system32\mswsock.dll
0x00007ffd5bc70000 - 0x00007ffd5bc86000 	C:\Program Files\Java\jdk-17\bin\nio.dll
0x00007ffd64c20000 - 0x00007ffd64c38000 	C:\Program Files\Java\jdk-17\bin\zip.dll

dbghelp: loaded successfully - version: 4.0.5 - missing functions: none
symbol engine: initialized successfully - sym options: 0x614 - pdb path: .;C:\Program Files\Java\jdk-17\bin;C:\WINDOWS\SYSTEM32;C:\WINDOWS\WinSxS\amd64_microsoft.windows.common-controls_6595b64144ccf1df_6.0.19041.1110_none_60b5254171f9507e;C:\Program Files\Java\jdk-17\bin\server

VM Arguments:
jvm_args: -Dfile.encoding=UTF-8 --module-path=C:\Users\lemon\eclipse-workspace\postgresql-42.6.0.jar -XX:+ShowCodeDetailsInExceptionMessages 
java_command: makeMoneySite.main
java_class_path (initial): C:\Users\lemon\Desktop\makeMoneySite\target\classes;C:\Users\lemon\Downloads\poi-bin-5.2.3-20220909\poi-bin-5.2.3\poi-5.2.3.jar;C:\Users\lemon\Downloads\poi-bin-5.2.3-20220909\poi-bin-5.2.3\poi-examples-5.2.3.jar;C:\Users\lemon\Downloads\poi-bin-5.2.3-20220909\poi-bin-5.2.3\poi-excelant-5.2.3.jar;C:\Users\lemon\Downloads\poi-bin-5.2.3-20220909\poi-bin-5.2.3\poi-javadoc-5.2.3.jar;C:\Users\lemon\Downloads\poi-bin-5.2.3-20220909\poi-bin-5.2.3\poi-ooxml-5.2.3.jar;C:\Users\lemon\Downloads\poi-bin-5.2.3-20220909\poi-bin-5.2.3\poi-ooxml-full-5.2.3.jar;C:\Users\lemon\Downloads\poi-bin-5.2.3-20220909\poi-bin-5.2.3\poi-ooxml-lite-5.2.3.jar;C:\Users\lemon\Downloads\poi-bin-5.2.3-20220909\poi-bin-5.2.3\poi-scratchpad-5.2.3.jar;C:\Users\lemon\Downloads\poi-bin-5.2.3-20220909\poi-bin-5.2.3\lib\commons-io-2.11.0.jar;C:\Users\lemon\Downloads\apache-log4j-2.19.0-bin\apache-log4j-2.19.0-bin\log4j-api-2.19.0.jar;C:\Users\lemon\Downloads\apache-log4j-2.19.0-bin\apache-log4j-2.19.0-bin\log4j-core-2.19.0.jar;C:\Users\lemon\Downloads\poi-bin-5.2.3-20220909\poi-bin-5.2.3\lib\commons-collections4-4.4.jar;C:\Users\lemon\Downloads\poi-bin-5.2.3-20220909\poi-bin-5.2.3\ooxml-lib\commons-compress-1.21.jar;C:\Users\lemon\Downloads\poi-bin-5.2.3-20220909\poi-bin-5.2.3\ooxml-lib\curvesapi-1.07.jar;C:\Users\lemon\Downloads\poi-bin-5.2.3-20220909\poi-bin-5.2.3\ooxml-lib\jakarta.activation-2.0.1.jar;C:\Users\lemon\Downloads\poi-bin-5.2.3-20220909\poi-bin-5.2.3\ooxml-lib\jakarta.xml.bind-api-3.0.1.jar;C:\Users\lemon\Downloads\poi-bin-5.2.3-20220909\poi-bin-5.2.3\ooxml-lib\slf4j-api-1.7.36.jar;C:\Users\lemon\Downloads\poi-bin-5.2.3-20220909\poi-bin-5.2.3\ooxml-lib\xmlbeans-5.1.1.jar;C:\Users\lemon\Downloads\selenium-java-4.8.0\lib\async-http-client-2.12.3.jar;C:\Users\lemon\Downloads\selenium-java-4.8.0\lib\async-http-client-netty-utils-2.12.3.jar;C:\Users\lemon\Downloads\selenium-java-4.8.0\lib\auto-common-1.2.1.jar;C:\Users\lemon\Downloads\selenium-java-4.8.0\lib\auto-serv
Launcher Type: SUN_STANDARD

[Global flags]
     intx CICompilerCount                          = 3                                         {product} {ergonomic}
     uint ConcGCThreads                            = 1                                         {product} {ergonomic}
     uint G1ConcRefinementThreads                  = 4                                         {product} {ergonomic}
   size_t G1HeapRegionSize                         = 1048576                                   {product} {ergonomic}
    uintx GCDrainStackTargetSize                   = 64                                        {product} {ergonomic}
   size_t InitialHeapSize                          = 67108864                                  {product} {ergonomic}
   size_t MarkStackSize                            = 4194304                                   {product} {ergonomic}
   size_t MaxHeapSize                              = 1052770304                                {product} {ergonomic}
   size_t MaxNewSize                               = 631242752                                 {product} {ergonomic}
   size_t MinHeapDeltaBytes                        = 1048576                                   {product} {ergonomic}
   size_t MinHeapSize                              = 8388608                                   {product} {ergonomic}
    uintx NonNMethodCodeHeapSize                   = 5832780                                {pd product} {ergonomic}
    uintx NonProfiledCodeHeapSize                  = 122912730                              {pd product} {ergonomic}
    uintx ProfiledCodeHeapSize                     = 122912730                              {pd product} {ergonomic}
    uintx ReservedCodeCacheSize                    = 251658240                              {pd product} {ergonomic}
     bool SegmentedCodeCache                       = true                                      {product} {ergonomic}
     bool ShowCodeDetailsInExceptionMessages       = true                                   {manageable} {command line}
   size_t SoftMaxHeapSize                          = 1052770304                             {manageable} {ergonomic}
     bool UseCompressedClassPointers               = true                           {product lp64_product} {ergonomic}
     bool UseCompressedOops                        = true                           {product lp64_product} {ergonomic}
     bool UseG1GC                                  = true                                      {product} {ergonomic}
     bool UseLargePagesIndividualAllocation        = false                                  {pd product} {ergonomic}

Logging:
Log output configuration:
 #0: stdout all=warning uptime,level,tags
 #1: stderr all=off uptime,level,tags

Environment Variables:
JAVA_HOME=C:\Program Files\Java\jdk-17
CLASSPATH=C:\Program Files\Java\jdk-17\lib
PATH=C:/Program Files/Java/jdk-17/bin/server;C:/Program Files/Java/jdk-17/bin;C:\Program Files\Common Files\Oracle\Java\javapath;C:\WINDOWS\system32;C:\WINDOWS;C:\WINDOWS\System32\Wbem;C:\WINDOWS\System32\WindowsPowerShell\v1.0\;C:\WINDOWS\System32\OpenSSH\;C:\Program Files\Java\jdk-17\bin;;C:\Program Files (x86)\ePapyrus\Papyrus-PlugIn-web;C:\Program Files (x86)\ePapyrus\Papyrus-PlugIn-web\Addins;C:\Program Files\MySQL\MySQL Shell 8.0\bin\;C:\Users\lemon\AppData\Local\Microsoft\WindowsApps;;C:\WINDOWS\System32;
USERNAME=lemon
OS=Windows_NT
PROCESSOR_IDENTIFIER=Intel64 Family 6 Model 142 Stepping 9, GenuineIntel



---------------  S Y S T E M  ---------------

OS:
 Windows 10 , 64 bit Build 19041 (10.0.19041.3031)
OS uptime: 8 days 0:11 hours

CPU: total 4 (initial active 4) (2 cores per cpu, 2 threads per core) family 6 model 142 stepping 9 microcode 0xf0, cx8, cmov, fxsr, ht, mmx, 3dnowpref, sse, sse2, sse3, ssse3, sse4.1, sse4.2, popcnt, lzcnt, tsc, tscinvbit, avx, avx2, aes, erms, clmul, bmi1, bmi2, rtm, adx, fma, vzeroupper, clflush, clflushopt

Memory: 4k page, system-wide physical 4013M (190M free)
TotalPageFile size 16301M (AvailPageFile size 0M)
current process WorkingSet (physical memory assigned to process): 49M, peak: 49M
current process commit charge ("private bytes"): 141M, peak: 141M

vm_info: Java HotSpot(TM) 64-Bit Server VM (17.0.6+9-LTS-190) for windows-amd64 JRE (17.0.6+9-LTS-190), built on Dec  6 2022 15:53:54 by "mach5one" with MS VC++ 17.1 (VS2022)

END.
