#
# There is insufficient memory for the Java Runtime Environment to continue.
# Native memory allocation (mmap) failed to map 8388608 bytes for G1 virtual space
# Possible reasons:
#   The system is out of physical RAM or swap space
#   The process is running with CompressedOops enabled, and the Java Heap may be blocking the growth of the native heap
# Possible solutions:
#   Reduce memory load on the system
#   Increase physical memory or swap space
#   Check if swap backing store is full
#   Decrease Java heap size (-Xmx/-Xms)
#   Decrease number of Java threads
#   Decrease Java thread stack sizes (-Xss)
#   Set larger code cache with -XX:ReservedCodeCacheSize=
#   JVM is running with Unscaled Compressed Oops mode in which the Java heap is
#     placed in the first 4GB address space. The Java Heap base address is the
#     maximum limit for the native heap growth. Please use -XX:HeapBaseMinAddress
#     to set the Java Heap base and to place the Java Heap above 4GB virtual address.
# This output file may be truncated or incomplete.
#
#  Out of Memory Error (os_windows.cpp:3550), pid=21064, tid=11152
#
# JRE version: Java(TM) SE Runtime Environment (17.0.7+8) (build 17.0.7+8-LTS-224)
# Java VM: Java HotSpot(TM) 64-Bit Server VM (17.0.7+8-LTS-224, mixed mode, sharing, tiered, compressed oops, compressed class ptrs, g1 gc, windows-amd64)
# No core dump will be written. Minidumps are not enabled by default on client versions of Windows
#

---------------  S U M M A R Y ------------

Command Line: -Dfile.encoding=UTF-8 --module-path=C:\Users\lemon\eclipse-workspace\postgresql-42.6.0.jar -XX:+ShowCodeDetailsInExceptionMessages makeMoneySite.main

Host: Intel(R) Core(TM) i5-7300U CPU @ 2.60GHz, 4 cores, 3G,  Windows 10 , 64 bit Build 19041 (10.0.19041.3155)
Time: Mon Jul 24 08:51:30 2023  Windows 10 , 64 bit Build 19041 (10.0.19041.3155) elapsed time: 2664.903104 seconds (0d 0h 44m 24s)

---------------  T H R E A D  ---------------

Current thread (0x0000013e66f09560):  VMThread "VM Thread" [stack: 0x0000001c42100000,0x0000001c42200000] [id=11152]

Stack: [0x0000001c42100000,0x0000001c42200000]
Native frames: (J=compiled Java code, j=interpreted, Vv=VM code, C=native code)
V  [jvm.dll+0x676a4a]
V  [jvm.dll+0x7d74f4]
V  [jvm.dll+0x7d8c9e]
V  [jvm.dll+0x7d9303]
V  [jvm.dll+0x2452c5]
V  [jvm.dll+0x6738f9]
V  [jvm.dll+0x668232]
V  [jvm.dll+0x302826]
V  [jvm.dll+0x309da6]
V  [jvm.dll+0x35952e]
V  [jvm.dll+0x35975f]
V  [jvm.dll+0x2d9a38]
V  [jvm.dll+0x2dcad6]
V  [jvm.dll+0x2e72d8]
V  [jvm.dll+0x31ad30]
V  [jvm.dll+0x7ddb0b]
V  [jvm.dll+0x7de844]
V  [jvm.dll+0x7ded5d]
V  [jvm.dll+0x7df134]
V  [jvm.dll+0x7df200]
V  [jvm.dll+0x78759a]
V  [jvm.dll+0x675875]
C  [ucrtbase.dll+0x21bb2]
C  [KERNEL32.DLL+0x17614]
C  [ntdll.dll+0x526b1]

VM_Operation (0x0000001c41dff820): G1Concurrent, mode: safepoint, requested by thread 0x0000013e66e99af0


---------------  P R O C E S S  ---------------

Threads class SMR info:
_java_thread_list=0x0000013e03ae1c50, length=28, elements={
0x0000013e66e52a60, 0x0000013e66f110e0, 0x0000013e66f12b00, 0x0000013e02127a10,
0x0000013e021284d0, 0x0000013e0212cdb0, 0x0000013e02133a50, 0x0000013e0213ac10,
0x0000013e0213bd60, 0x0000013e021535f0, 0x0000013e02133580, 0x0000013e02133f20,
0x0000013e021343f0, 0x0000013e021330b0, 0x0000013e041124e0, 0x0000013e0410fe60,
0x0000013e0410eff0, 0x0000013e0410d7e0, 0x0000013e04110cd0, 0x0000013e0410f4c0,
0x0000013e0410bfd0, 0x0000013e0410eb20, 0x0000013e04111b40, 0x0000013e04110800,
0x0000013e04111670, 0x0000013e04112010, 0x0000013e0410ce40, 0x0000013e041129b0
}

Java Threads: ( => current thread )
  0x0000013e66e52a60 JavaThread "main" [_thread_blocked, id=60184, stack(0x0000001c41b00000,0x0000001c41c00000)]
  0x0000013e66f110e0 JavaThread "Reference Handler" daemon [_thread_blocked, id=15920, stack(0x0000001c42200000,0x0000001c42300000)]
  0x0000013e66f12b00 JavaThread "Finalizer" daemon [_thread_blocked, id=62608, stack(0x0000001c42300000,0x0000001c42400000)]
  0x0000013e02127a10 JavaThread "Signal Dispatcher" daemon [_thread_blocked, id=38388, stack(0x0000001c42400000,0x0000001c42500000)]
  0x0000013e021284d0 JavaThread "Attach Listener" daemon [_thread_blocked, id=31532, stack(0x0000001c42500000,0x0000001c42600000)]
  0x0000013e0212cdb0 JavaThread "Service Thread" daemon [_thread_blocked, id=40332, stack(0x0000001c42600000,0x0000001c42700000)]
  0x0000013e02133a50 JavaThread "Monitor Deflation Thread" daemon [_thread_blocked, id=29276, stack(0x0000001c42700000,0x0000001c42800000)]
  0x0000013e0213ac10 JavaThread "C2 CompilerThread0" daemon [_thread_blocked, id=11168, stack(0x0000001c42800000,0x0000001c42900000)]
  0x0000013e0213bd60 JavaThread "C1 CompilerThread0" daemon [_thread_blocked, id=8576, stack(0x0000001c42900000,0x0000001c42a00000)]
  0x0000013e021535f0 JavaThread "Sweeper thread" daemon [_thread_blocked, id=63164, stack(0x0000001c42a00000,0x0000001c42b00000)]
  0x0000013e02133580 JavaThread "Common-Cleaner" daemon [_thread_blocked, id=38876, stack(0x0000001c42b00000,0x0000001c42c00000)]
  0x0000013e02133f20 JavaThread "Notification Thread" daemon [_thread_blocked, id=63368, stack(0x0000001c42c00000,0x0000001c42d00000)]
  0x0000013e021343f0 JavaThread "mysql-cj-abandoned-connection-cleanup" daemon [_thread_blocked, id=62860, stack(0x0000001c41a00000,0x0000001c41b00000)]
  0x0000013e021330b0 JavaThread "PostgreSQL-JDBC-Cleaner" daemon [_thread_blocked, id=58360, stack(0x0000001c43500000,0x0000001c43600000)]
  0x0000013e041124e0 JavaThread "AsyncHttpClient-1-1" daemon [_thread_blocked, id=59648, stack(0x0000001c43600000,0x0000001c43700000)]
  0x0000013e0410fe60 JavaThread "AsyncHttpClient-1-2" daemon [_thread_in_native, id=41924, stack(0x0000001c43e00000,0x0000001c43f00000)]
  0x0000013e0410eff0 JavaThread "AsyncHttpClient-1-3" daemon [_thread_in_native, id=61100, stack(0x0000001c43d00000,0x0000001c43e00000)]
  0x0000013e0410d7e0 JavaThread "AsyncHttpClient-1-4" daemon [_thread_in_native, id=14156, stack(0x0000001c43f00000,0x0000001c44000000)]
  0x0000013e04110cd0 JavaThread "AsyncHttpClient-1-5" daemon [_thread_in_native, id=62892, stack(0x0000001c44000000,0x0000001c44100000)]
  0x0000013e0410f4c0 JavaThread "AsyncHttpClient-1-6" daemon [_thread_in_native, id=61296, stack(0x0000001c44100000,0x0000001c44200000)]
  0x0000013e0410bfd0 JavaThread "AsyncHttpClient-1-7" daemon [_thread_in_native, id=62904, stack(0x0000001c44300000,0x0000001c44400000)]
  0x0000013e0410eb20 JavaThread "AsyncHttpClient-1-8" daemon [_thread_in_native, id=62268, stack(0x0000001c44500000,0x0000001c44600000)]
  0x0000013e04111b40 JavaThread "AsyncHttpClient-1-9" daemon [_thread_in_native, id=62468, stack(0x0000001c44600000,0x0000001c44700000)]
  0x0000013e04110800 JavaThread "Exec Default Executor" daemon [_thread_in_native, id=63292, stack(0x0000001c43700000,0x0000001c43800000)]
  0x0000013e04111670 JavaThread "Exec Stream Pumper" daemon [_thread_in_native, id=63404, stack(0x0000001c43800000,0x0000001c43900000)]
  0x0000013e04112010 JavaThread "Exec Stream Pumper" daemon [_thread_in_native, id=64224, stack(0x0000001c43900000,0x0000001c43a00000)]
  0x0000013e0410ce40 JavaThread "Driver Service Executor" daemon [_thread_blocked, id=62152, stack(0x0000001c43a00000,0x0000001c43b00000)]
  0x0000013e041129b0 JavaThread "Driver Service Executor" daemon [_thread_blocked, id=63056, stack(0x0000001c43b00000,0x0000001c43c00000)]

Other Threads:
=>0x0000013e66f09560 VMThread "VM Thread" [stack: 0x0000001c42100000,0x0000001c42200000] [id=11152]
  0x0000013e02db3cf0 WatcherThread [stack: 0x0000001c42d00000,0x0000001c42e00000] [id=13468]
  0x0000013e66e8ef00 GCTaskThread "GC Thread#0" [stack: 0x0000001c41c00000,0x0000001c41d00000] [id=4984]
  0x0000013e033af460 GCTaskThread "GC Thread#1" [stack: 0x0000001c42e00000,0x0000001c42f00000] [id=58412]
  0x0000013e033fc090 GCTaskThread "GC Thread#2" [stack: 0x0000001c42f00000,0x0000001c43000000] [id=62708]
  0x0000013e033afb10 GCTaskThread "GC Thread#3" [stack: 0x0000001c43000000,0x0000001c43100000] [id=62448]
  0x0000013e66e99af0 ConcurrentGCThread "G1 Main Marker" [stack: 0x0000001c41d00000,0x0000001c41e00000] [id=39132]
  0x0000013e66e9a410 ConcurrentGCThread "G1 Conc#0" [stack: 0x0000001c41e00000,0x0000001c41f00000] [id=7564]
  0x0000013e66ee7930 ConcurrentGCThread "G1 Refine#0" [stack: 0x0000001c41f00000,0x0000001c42000000] [id=10916]
  0x0000013e033af710 ConcurrentGCThread "G1 Refine#1" [stack: 0x0000001c43100000,0x0000001c43200000] [id=63116]
  0x0000013e03426530 ConcurrentGCThread "G1 Refine#2" [stack: 0x0000001c43200000,0x0000001c43300000] [id=39092]
  0x0000013e03da1c00 ConcurrentGCThread "G1 Refine#3" [stack: 0x0000001c43300000,0x0000001c43400000] [id=32648]
  0x0000013e66ee8260 ConcurrentGCThread "G1 Service" [stack: 0x0000001c42000000,0x0000001c42100000] [id=37908]

Threads with active compile tasks:
C2 CompilerThread0  2664972 10061       4       org.apache.xmlbeans.impl.schema.SchemaTypeSystemImpl$StringPool::codeForString (65 bytes)

VM state: at safepoint (normal execution)

VM Mutex/Monitor currently owned by a thread:  ([mutex/lock_event])
[0x0000013e66e4f0b0] Threads_lock - owner thread: 0x0000013e66f09560
[0x0000013e66e4e600] Heap_lock - owner thread: 0x0000013e66e99af0

Heap address: 0x00000000c1400000, size: 1004 MB, Compressed Oops mode: 32-bit

CDS archive(s) mapped at: [0x0000000800000000-0x0000000800bd0000-0x0000000800bd0000), size 12386304, SharedBaseAddress: 0x0000000800000000, ArchiveRelocationMode: 0.
Compressed class space mapped at: 0x0000000800c00000-0x0000000840c00000, reserved size: 1073741824
Narrow klass base: 0x0000000800000000, Narrow klass shift: 0, Narrow klass range: 0x100000000

GC Precious Log:
 CPUs: 4 total, 4 available
 Memory: 4013M
 Large Page Support: Disabled
 NUMA Support: Disabled
 Compressed Oops: Enabled (32-bit)
 Heap Region Size: 1M
 Heap Min Capacity: 8M
 Heap Initial Capacity: 64M
 Heap Max Capacity: 1004M
 Pre-touch: Disabled
 Parallel Workers: 4
 Concurrent Workers: 1
 Concurrent Refinement Workers: 4
 Periodic GC: Disabled

Heap:
 garbage-first heap   total 155648K, used 95689K [0x00000000c1400000, 0x0000000100000000)
  region size 1024K, 30 young (30720K), 2 survivors (2048K)
 Metaspace       used 36637K, committed 36992K, reserved 1089536K
  class space    used 3975K, committed 4096K, reserved 1048576K

Heap Regions: E=young(eden), S=young(survivor), O=old, HS=humongous(starts), HC=humongous(continues), CS=collection set, F=free, OA=open archive, CA=closed archive, TAMS=top-at-mark-start (previous, next)
|   0|0x00000000c1400000, 0x00000000c1500000, 0x00000000c1500000|100%|HS|  |TAMS 0x00000000c1500000, 0x00000000c1400000| Complete 
|   1|0x00000000c1500000, 0x00000000c1600000, 0x00000000c1600000|100%|HS|  |TAMS 0x00000000c1600000, 0x00000000c1500000| Complete 
|   2|0x00000000c1600000, 0x00000000c1700000, 0x00000000c1700000|100%|HC|  |TAMS 0x00000000c1700000, 0x00000000c1600000| Complete 
|   3|0x00000000c1700000, 0x00000000c1800000, 0x00000000c1800000|100%| O|  |TAMS 0x00000000c1800000, 0x00000000c1700000| Untracked 
|   4|0x00000000c1800000, 0x00000000c1900000, 0x00000000c1900000|100%| O|  |TAMS 0x00000000c1900000, 0x00000000c1800000| Updating 
|   5|0x00000000c1900000, 0x00000000c1a00000, 0x00000000c1a00000|100%| O|  |TAMS 0x00000000c1a00000, 0x00000000c1900000| Untracked 
|   6|0x00000000c1a00000, 0x00000000c1b00000, 0x00000000c1b00000|100%| O|  |TAMS 0x00000000c1b00000, 0x00000000c1a00000| Untracked 
|   7|0x00000000c1b00000, 0x00000000c1c00000, 0x00000000c1c00000|100%| O|  |TAMS 0x00000000c1c00000, 0x00000000c1b00000| Untracked 
|   8|0x00000000c1c00000, 0x00000000c1d00000, 0x00000000c1d00000|100%| O|  |TAMS 0x00000000c1d00000, 0x00000000c1c00000| Untracked 
|   9|0x00000000c1d00000, 0x00000000c1e00000, 0x00000000c1e00000|100%| O|  |TAMS 0x00000000c1e00000, 0x00000000c1d00000| Updating 
|  10|0x00000000c1e00000, 0x00000000c1f00000, 0x00000000c1f00000|100%|HS|  |TAMS 0x00000000c1f00000, 0x00000000c1e00000| Complete 
|  11|0x00000000c1f00000, 0x00000000c2000000, 0x00000000c2000000|100%|HC|  |TAMS 0x00000000c2000000, 0x00000000c1f00000| Complete 
|  12|0x00000000c2000000, 0x00000000c2100000, 0x00000000c2100000|100%|HC|  |TAMS 0x00000000c2100000, 0x00000000c2000000| Complete 
|  13|0x00000000c2100000, 0x00000000c2200000, 0x00000000c2200000|100%|HC|  |TAMS 0x00000000c2200000, 0x00000000c2100000| Complete 
|  14|0x00000000c2200000, 0x00000000c2300000, 0x00000000c2300000|100%|HC|  |TAMS 0x00000000c2300000, 0x00000000c2200000| Complete 
|  15|0x00000000c2300000, 0x00000000c2400000, 0x00000000c2400000|100%| O|  |TAMS 0x00000000c2400000, 0x00000000c2300000| Updating 
|  16|0x00000000c2400000, 0x00000000c2400000, 0x00000000c2500000|  0%| F|  |TAMS 0x00000000c2400000, 0x00000000c2400000| Untracked 
|  17|0x00000000c2500000, 0x00000000c2600000, 0x00000000c2600000|100%| O|  |TAMS 0x00000000c2600000, 0x00000000c2500000| Untracked 
|  18|0x00000000c2600000, 0x00000000c2700000, 0x00000000c2700000|100%| O|  |TAMS 0x00000000c2700000, 0x00000000c2600000| Updating 
|  19|0x00000000c2700000, 0x00000000c2700000, 0x00000000c2800000|  0%| F|  |TAMS 0x00000000c2700000, 0x00000000c2700000| Untracked 
|  20|0x00000000c2800000, 0x00000000c2900000, 0x00000000c2900000|100%| O|  |TAMS 0x00000000c2900000, 0x00000000c2800000| Updating 
|  21|0x00000000c2900000, 0x00000000c2900000, 0x00000000c2a00000|  0%| F|  |TAMS 0x00000000c2900000, 0x00000000c2900000| Untracked 
|  22|0x00000000c2a00000, 0x00000000c2b00000, 0x00000000c2b00000|100%| O|  |TAMS 0x00000000c2b00000, 0x00000000c2a00000| Untracked 
|  23|0x00000000c2b00000, 0x00000000c2c00000, 0x00000000c2c00000|100%| O|  |TAMS 0x00000000c2c00000, 0x00000000c2b00000| Updating 
|  24|0x00000000c2c00000, 0x00000000c2d00000, 0x00000000c2d00000|100%|HS|  |TAMS 0x00000000c2d00000, 0x00000000c2c00000| Complete 
|  25|0x00000000c2d00000, 0x00000000c2e00000, 0x00000000c2e00000|100%|HC|  |TAMS 0x00000000c2e00000, 0x00000000c2d00000| Complete 
|  26|0x00000000c2e00000, 0x00000000c2f00000, 0x00000000c2f00000|100%|HC|  |TAMS 0x00000000c2f00000, 0x00000000c2e00000| Complete 
|  27|0x00000000c2f00000, 0x00000000c3000000, 0x00000000c3000000|100%|HC|  |TAMS 0x00000000c3000000, 0x00000000c2f00000| Complete 
|  28|0x00000000c3000000, 0x00000000c3100000, 0x00000000c3100000|100%|HC|  |TAMS 0x00000000c3100000, 0x00000000c3000000| Complete 
|  29|0x00000000c3100000, 0x00000000c3200000, 0x00000000c3200000|100%|HS|  |TAMS 0x00000000c3200000, 0x00000000c3100000| Complete 
|  30|0x00000000c3200000, 0x00000000c3300000, 0x00000000c3300000|100%|HC|  |TAMS 0x00000000c3300000, 0x00000000c3200000| Complete 
|  31|0x00000000c3300000, 0x00000000c3400000, 0x00000000c3400000|100%|HC|  |TAMS 0x00000000c3400000, 0x00000000c3300000| Complete 
|  32|0x00000000c3400000, 0x00000000c3500000, 0x00000000c3500000|100%|HC|  |TAMS 0x00000000c3500000, 0x00000000c3400000| Complete 
|  33|0x00000000c3500000, 0x00000000c3600000, 0x00000000c3600000|100%|HC|  |TAMS 0x00000000c3600000, 0x00000000c3500000| Complete 
|  34|0x00000000c3600000, 0x00000000c3700000, 0x00000000c3700000|100%|HS|  |TAMS 0x00000000c3700000, 0x00000000c3600000| Complete 
|  35|0x00000000c3700000, 0x00000000c3800000, 0x00000000c3800000|100%|HC|  |TAMS 0x00000000c3800000, 0x00000000c3700000| Complete 
|  36|0x00000000c3800000, 0x00000000c3900000, 0x00000000c3900000|100%|HC|  |TAMS 0x00000000c3900000, 0x00000000c3800000| Complete 
|  37|0x00000000c3900000, 0x00000000c3a00000, 0x00000000c3a00000|100%|HC|  |TAMS 0x00000000c3a00000, 0x00000000c3900000| Complete 
|  38|0x00000000c3a00000, 0x00000000c3b00000, 0x00000000c3b00000|100%|HC|  |TAMS 0x00000000c3b00000, 0x00000000c3a00000| Complete 
|  39|0x00000000c3b00000, 0x00000000c3c00000, 0x00000000c3c00000|100%|HS|  |TAMS 0x00000000c3c00000, 0x00000000c3b00000| Complete 
|  40|0x00000000c3c00000, 0x00000000c3d00000, 0x00000000c3d00000|100%|HC|  |TAMS 0x00000000c3d00000, 0x00000000c3c00000| Complete 
|  41|0x00000000c3d00000, 0x00000000c3e00000, 0x00000000c3e00000|100%|HC|  |TAMS 0x00000000c3e00000, 0x00000000c3d00000| Complete 
|  42|0x00000000c3e00000, 0x00000000c3f00000, 0x00000000c3f00000|100%|HC|  |TAMS 0x00000000c3f00000, 0x00000000c3e00000| Complete 
|  43|0x00000000c3f00000, 0x00000000c4000000, 0x00000000c4000000|100%|HC|  |TAMS 0x00000000c4000000, 0x00000000c3f00000| Complete 
|  44|0x00000000c4000000, 0x00000000c4000000, 0x00000000c4100000|  0%| F|  |TAMS 0x00000000c4000000, 0x00000000c4000000| Untracked 
|  45|0x00000000c4100000, 0x00000000c4100000, 0x00000000c4200000|  0%| F|  |TAMS 0x00000000c4100000, 0x00000000c4100000| Untracked 
|  46|0x00000000c4200000, 0x00000000c4300000, 0x00000000c4300000|100%|HS|  |TAMS 0x00000000c4300000, 0x00000000c4200000| Complete 
|  47|0x00000000c4300000, 0x00000000c4400000, 0x00000000c4400000|100%|HC|  |TAMS 0x00000000c4400000, 0x00000000c4300000| Complete 
|  48|0x00000000c4400000, 0x00000000c4500000, 0x00000000c4500000|100%|HC|  |TAMS 0x00000000c4500000, 0x00000000c4400000| Complete 
|  49|0x00000000c4500000, 0x00000000c4600000, 0x00000000c4600000|100%|HC|  |TAMS 0x00000000c4600000, 0x00000000c4500000| Complete 
|  50|0x00000000c4600000, 0x00000000c4700000, 0x00000000c4700000|100%|HC|  |TAMS 0x00000000c4700000, 0x00000000c4600000| Complete 
|  51|0x00000000c4700000, 0x00000000c4800000, 0x00000000c4800000|100%| O|  |TAMS 0x00000000c4800000, 0x00000000c4700000| Untracked 
|  52|0x00000000c4800000, 0x00000000c4900000, 0x00000000c4900000|100%| O|  |TAMS 0x00000000c4900000, 0x00000000c4800000| Untracked 
|  53|0x00000000c4900000, 0x00000000c4a00000, 0x00000000c4a00000|100%| O|  |TAMS 0x00000000c4a00000, 0x00000000c4900000| Untracked 
|  54|0x00000000c4a00000, 0x00000000c4b00000, 0x00000000c4b00000|100%| O|  |TAMS 0x00000000c4b00000, 0x00000000c4a00000| Untracked 
|  55|0x00000000c4b00000, 0x00000000c4c00000, 0x00000000c4c00000|100%| O|  |TAMS 0x00000000c4c00000, 0x00000000c4b00000| Updating 
|  56|0x00000000c4c00000, 0x00000000c4c8ee00, 0x00000000c4d00000| 55%| O|  |TAMS 0x00000000c4c8ee00, 0x00000000c4c00000| Updating 
|  57|0x00000000c4d00000, 0x00000000c4e00000, 0x00000000c4e00000|100%|HS|  |TAMS 0x00000000c4e00000, 0x00000000c4d00000| Complete 
|  58|0x00000000c4e00000, 0x00000000c4f00000, 0x00000000c4f00000|100%|HC|  |TAMS 0x00000000c4f00000, 0x00000000c4e00000| Complete 
|  59|0x00000000c4f00000, 0x00000000c5000000, 0x00000000c5000000|100%|HC|  |TAMS 0x00000000c5000000, 0x00000000c4f00000| Complete 
|  60|0x00000000c5000000, 0x00000000c5100000, 0x00000000c5100000|100%|HC|  |TAMS 0x00000000c5100000, 0x00000000c5000000| Complete 
|  61|0x00000000c5100000, 0x00000000c5200000, 0x00000000c5200000|100%|HC|  |TAMS 0x00000000c5200000, 0x00000000c5100000| Complete 
|  62|0x00000000c5200000, 0x00000000c5300000, 0x00000000c5300000|100%|HS|  |TAMS 0x00000000c5300000, 0x00000000c5200000| Complete 
|  63|0x00000000c5300000, 0x00000000c5400000, 0x00000000c5400000|100%|HC|  |TAMS 0x00000000c5400000, 0x00000000c5300000| Complete 
|  64|0x00000000c5400000, 0x00000000c5500000, 0x00000000c5500000|100%|HC|  |TAMS 0x00000000c5500000, 0x00000000c5400000| Complete 
|  65|0x00000000c5500000, 0x00000000c5600000, 0x00000000c5600000|100%|HC|  |TAMS 0x00000000c5600000, 0x00000000c5500000| Complete 
|  66|0x00000000c5600000, 0x00000000c5700000, 0x00000000c5700000|100%|HC|  |TAMS 0x00000000c5700000, 0x00000000c5600000| Complete 
|  67|0x00000000c5700000, 0x00000000c5700000, 0x00000000c5800000|  0%| F|  |TAMS 0x00000000c5700000, 0x00000000c5700000| Untracked 
|  68|0x00000000c5800000, 0x00000000c5800000, 0x00000000c5900000|  0%| F|  |TAMS 0x00000000c5800000, 0x00000000c5800000| Untracked 
|  69|0x00000000c5900000, 0x00000000c5900000, 0x00000000c5a00000|  0%| F|  |TAMS 0x00000000c5900000, 0x00000000c5900000| Untracked 
|  70|0x00000000c5a00000, 0x00000000c5a00000, 0x00000000c5b00000|  0%| F|  |TAMS 0x00000000c5a00000, 0x00000000c5a00000| Untracked 
|  71|0x00000000c5b00000, 0x00000000c5b00000, 0x00000000c5c00000|  0%| F|  |TAMS 0x00000000c5b00000, 0x00000000c5b00000| Untracked 
|  72|0x00000000c5c00000, 0x00000000c5c00000, 0x00000000c5d00000|  0%| F|  |TAMS 0x00000000c5c00000, 0x00000000c5c00000| Untracked 
|  73|0x00000000c5d00000, 0x00000000c5d00000, 0x00000000c5e00000|  0%| F|  |TAMS 0x00000000c5d00000, 0x00000000c5d00000| Untracked 
|  74|0x00000000c5e00000, 0x00000000c5e00000, 0x00000000c5f00000|  0%| F|  |TAMS 0x00000000c5e00000, 0x00000000c5e00000| Untracked 
|  75|0x00000000c5f00000, 0x00000000c5f00000, 0x00000000c6000000|  0%| F|  |TAMS 0x00000000c5f00000, 0x00000000c5f00000| Untracked 
|  76|0x00000000c6000000, 0x00000000c6030db0, 0x00000000c6100000| 19%| S|CS|TAMS 0x00000000c6000000, 0x00000000c6000000| Complete 
|  77|0x00000000c6100000, 0x00000000c6200000, 0x00000000c6200000|100%| S|CS|TAMS 0x00000000c6100000, 0x00000000c6100000| Complete 
|  78|0x00000000c6200000, 0x00000000c6200000, 0x00000000c6300000|  0%| F|  |TAMS 0x00000000c6200000, 0x00000000c6200000| Untracked 
|  79|0x00000000c6300000, 0x00000000c6300000, 0x00000000c6400000|  0%| F|  |TAMS 0x00000000c6300000, 0x00000000c6300000| Untracked 
|  80|0x00000000c6400000, 0x00000000c6400000, 0x00000000c6500000|  0%| F|  |TAMS 0x00000000c6400000, 0x00000000c6400000| Untracked 
|  81|0x00000000c6500000, 0x00000000c6500000, 0x00000000c6600000|  0%| F|  |TAMS 0x00000000c6500000, 0x00000000c6500000| Untracked 
|  82|0x00000000c6600000, 0x00000000c6600000, 0x00000000c6700000|  0%| F|  |TAMS 0x00000000c6600000, 0x00000000c6600000| Untracked 
|  83|0x00000000c6700000, 0x00000000c6700000, 0x00000000c6800000|  0%| F|  |TAMS 0x00000000c6700000, 0x00000000c6700000| Untracked 
|  84|0x00000000c6800000, 0x00000000c6800000, 0x00000000c6900000|  0%| F|  |TAMS 0x00000000c6800000, 0x00000000c6800000| Untracked 
|  85|0x00000000c6900000, 0x00000000c6900000, 0x00000000c6a00000|  0%| F|  |TAMS 0x00000000c6900000, 0x00000000c6900000| Untracked 
|  86|0x00000000c6a00000, 0x00000000c6a00000, 0x00000000c6b00000|  0%| F|  |TAMS 0x00000000c6a00000, 0x00000000c6a00000| Untracked 
|  87|0x00000000c6b00000, 0x00000000c6b00000, 0x00000000c6c00000|  0%| F|  |TAMS 0x00000000c6b00000, 0x00000000c6b00000| Untracked 
|  88|0x00000000c6c00000, 0x00000000c6c00000, 0x00000000c6d00000|  0%| F|  |TAMS 0x00000000c6c00000, 0x00000000c6c00000| Untracked 
|  89|0x00000000c6d00000, 0x00000000c6d00000, 0x00000000c6e00000|  0%| F|  |TAMS 0x00000000c6d00000, 0x00000000c6d00000| Untracked 
|  90|0x00000000c6e00000, 0x00000000c6e00000, 0x00000000c6f00000|  0%| F|  |TAMS 0x00000000c6e00000, 0x00000000c6e00000| Untracked 
|  91|0x00000000c6f00000, 0x00000000c6f00000, 0x00000000c7000000|  0%| F|  |TAMS 0x00000000c6f00000, 0x00000000c6f00000| Untracked 
|  92|0x00000000c7000000, 0x00000000c7000000, 0x00000000c7100000|  0%| F|  |TAMS 0x00000000c7000000, 0x00000000c7000000| Untracked 
|  93|0x00000000c7100000, 0x00000000c7100000, 0x00000000c7200000|  0%| F|  |TAMS 0x00000000c7100000, 0x00000000c7100000| Untracked 
|  94|0x00000000c7200000, 0x00000000c7200000, 0x00000000c7300000|  0%| F|  |TAMS 0x00000000c7200000, 0x00000000c7200000| Untracked 
|  95|0x00000000c7300000, 0x00000000c7300000, 0x00000000c7400000|  0%| F|  |TAMS 0x00000000c7300000, 0x00000000c7300000| Untracked 
|  96|0x00000000c7400000, 0x00000000c7400000, 0x00000000c7500000|  0%| F|  |TAMS 0x00000000c7400000, 0x00000000c7400000| Untracked 
|  97|0x00000000c7500000, 0x00000000c7500000, 0x00000000c7600000|  0%| F|  |TAMS 0x00000000c7500000, 0x00000000c7500000| Untracked 
|  98|0x00000000c7600000, 0x00000000c7681010, 0x00000000c7700000| 50%| E|  |TAMS 0x00000000c7600000, 0x00000000c7600000| Complete 
|  99|0x00000000c7700000, 0x00000000c7800000, 0x00000000c7800000|100%| E|CS|TAMS 0x00000000c7700000, 0x00000000c7700000| Complete 
| 100|0x00000000c7800000, 0x00000000c7900000, 0x00000000c7900000|100%| E|CS|TAMS 0x00000000c7800000, 0x00000000c7800000| Complete 
| 101|0x00000000c7900000, 0x00000000c7a00000, 0x00000000c7a00000|100%| E|CS|TAMS 0x00000000c7900000, 0x00000000c7900000| Complete 
| 102|0x00000000c7a00000, 0x00000000c7b00000, 0x00000000c7b00000|100%| E|CS|TAMS 0x00000000c7a00000, 0x00000000c7a00000| Complete 
| 103|0x00000000c7b00000, 0x00000000c7c00000, 0x00000000c7c00000|100%| E|CS|TAMS 0x00000000c7b00000, 0x00000000c7b00000| Complete 
| 104|0x00000000c7c00000, 0x00000000c7d00000, 0x00000000c7d00000|100%| E|CS|TAMS 0x00000000c7c00000, 0x00000000c7c00000| Complete 
| 105|0x00000000c7d00000, 0x00000000c7e00000, 0x00000000c7e00000|100%| E|CS|TAMS 0x00000000c7d00000, 0x00000000c7d00000| Complete 
| 106|0x00000000c7e00000, 0x00000000c7f00000, 0x00000000c7f00000|100%| E|CS|TAMS 0x00000000c7e00000, 0x00000000c7e00000| Complete 
| 107|0x00000000c7f00000, 0x00000000c8000000, 0x00000000c8000000|100%| E|CS|TAMS 0x00000000c7f00000, 0x00000000c7f00000| Complete 
| 108|0x00000000c8000000, 0x00000000c8000000, 0x00000000c8100000|  0%| F|  |TAMS 0x00000000c8000000, 0x00000000c8000000| Untracked 
| 109|0x00000000c8100000, 0x00000000c8100000, 0x00000000c8200000|  0%| F|  |TAMS 0x00000000c8100000, 0x00000000c8100000| Untracked 
| 110|0x00000000c8200000, 0x00000000c8200000, 0x00000000c8300000|  0%| F|  |TAMS 0x00000000c8200000, 0x00000000c8200000| Untracked 
| 111|0x00000000c8300000, 0x00000000c8300000, 0x00000000c8400000|  0%| F|  |TAMS 0x00000000c8300000, 0x00000000c8300000| Untracked 
| 112|0x00000000c8400000, 0x00000000c8400000, 0x00000000c8500000|  0%| F|  |TAMS 0x00000000c8400000, 0x00000000c8400000| Untracked 
| 113|0x00000000c8500000, 0x00000000c8500000, 0x00000000c8600000|  0%| F|  |TAMS 0x00000000c8500000, 0x00000000c8500000| Untracked 
| 114|0x00000000c8600000, 0x00000000c8600000, 0x00000000c8700000|  0%| F|  |TAMS 0x00000000c8600000, 0x00000000c8600000| Untracked 
| 115|0x00000000c8700000, 0x00000000c8700000, 0x00000000c8800000|  0%| F|  |TAMS 0x00000000c8700000, 0x00000000c8700000| Untracked 
| 116|0x00000000c8800000, 0x00000000c8900000, 0x00000000c8900000|100%| E|CS|TAMS 0x00000000c8800000, 0x00000000c8800000| Complete 
| 117|0x00000000c8900000, 0x00000000c8900000, 0x00000000c8a00000|  0%| F|  |TAMS 0x00000000c8900000, 0x00000000c8900000| Untracked 
| 118|0x00000000c8a00000, 0x00000000c8a00000, 0x00000000c8b00000|  0%| F|  |TAMS 0x00000000c8a00000, 0x00000000c8a00000| Untracked 
| 119|0x00000000c8b00000, 0x00000000c8b00000, 0x00000000c8c00000|  0%| F|  |TAMS 0x00000000c8b00000, 0x00000000c8b00000| Untracked 
| 120|0x00000000c8c00000, 0x00000000c8c00000, 0x00000000c8d00000|  0%| F|  |TAMS 0x00000000c8c00000, 0x00000000c8c00000| Untracked 
| 121|0x00000000c8d00000, 0x00000000c8d00000, 0x00000000c8e00000|  0%| F|  |TAMS 0x00000000c8d00000, 0x00000000c8d00000| Untracked 
| 122|0x00000000c8e00000, 0x00000000c8e00000, 0x00000000c8f00000|  0%| F|  |TAMS 0x00000000c8e00000, 0x00000000c8e00000| Untracked 
| 123|0x00000000c8f00000, 0x00000000c8f00000, 0x00000000c9000000|  0%| F|  |TAMS 0x00000000c8f00000, 0x00000000c8f00000| Untracked 
| 124|0x00000000c9000000, 0x00000000c9000000, 0x00000000c9100000|  0%| F|  |TAMS 0x00000000c9000000, 0x00000000c9000000| Untracked 
| 125|0x00000000c9100000, 0x00000000c9100000, 0x00000000c9200000|  0%| F|  |TAMS 0x00000000c9100000, 0x00000000c9100000| Untracked 
| 126|0x00000000c9200000, 0x00000000c9200000, 0x00000000c9300000|  0%| F|  |TAMS 0x00000000c9200000, 0x00000000c9200000| Untracked 
| 127|0x00000000c9300000, 0x00000000c9300000, 0x00000000c9400000|  0%| F|  |TAMS 0x00000000c9300000, 0x00000000c9300000| Untracked 
| 128|0x00000000c9400000, 0x00000000c9400000, 0x00000000c9500000|  0%| F|  |TAMS 0x00000000c9400000, 0x00000000c9400000| Untracked 
| 129|0x00000000c9500000, 0x00000000c9500000, 0x00000000c9600000|  0%| F|  |TAMS 0x00000000c9500000, 0x00000000c9500000| Untracked 
| 130|0x00000000c9600000, 0x00000000c9600000, 0x00000000c9700000|  0%| F|  |TAMS 0x00000000c9600000, 0x00000000c9600000| Untracked 
| 131|0x00000000c9700000, 0x00000000c9800000, 0x00000000c9800000|100%| E|CS|TAMS 0x00000000c9700000, 0x00000000c9700000| Complete 
| 184|0x00000000ccc00000, 0x00000000ccd00000, 0x00000000ccd00000|100%| O|  |TAMS 0x00000000ccd00000, 0x00000000ccc00000| Updating 
| 197|0x00000000cd900000, 0x00000000cda00000, 0x00000000cda00000|100%| E|CS|TAMS 0x00000000cd900000, 0x00000000cd900000| Complete 
| 199|0x00000000cdb00000, 0x00000000cdc00000, 0x00000000cdc00000|100%| E|CS|TAMS 0x00000000cdb00000, 0x00000000cdb00000| Complete 
| 201|0x00000000cdd00000, 0x00000000cde00000, 0x00000000cde00000|100%| O|  |TAMS 0x00000000cde00000, 0x00000000cdd00000| Updating 
| 202|0x00000000cde00000, 0x00000000cdf00000, 0x00000000cdf00000|100%| E|CS|TAMS 0x00000000cde00000, 0x00000000cde00000| Complete 
| 206|0x00000000ce200000, 0x00000000ce300000, 0x00000000ce300000|100%| E|CS|TAMS 0x00000000ce200000, 0x00000000ce200000| Complete 
| 208|0x00000000ce400000, 0x00000000ce500000, 0x00000000ce500000|100%| E|CS|TAMS 0x00000000ce400000, 0x00000000ce400000| Complete 
| 209|0x00000000ce500000, 0x00000000ce600000, 0x00000000ce600000|100%| E|CS|TAMS 0x00000000ce500000, 0x00000000ce500000| Complete 
| 210|0x00000000ce600000, 0x00000000ce700000, 0x00000000ce700000|100%| E|CS|TAMS 0x00000000ce600000, 0x00000000ce600000| Complete 
| 211|0x00000000ce700000, 0x00000000ce800000, 0x00000000ce800000|100%| O|  |TAMS 0x00000000ce800000, 0x00000000ce700000| Updating 
| 212|0x00000000ce800000, 0x00000000ce8b2c00, 0x00000000ce900000| 69%| O|  |TAMS 0x00000000ce8b2c00, 0x00000000ce800000| Updating 
| 312|0x00000000d4c00000, 0x00000000d4d00000, 0x00000000d4d00000|100%| E|CS|TAMS 0x00000000d4c00000, 0x00000000d4c00000| Complete 
| 313|0x00000000d4d00000, 0x00000000d4e00000, 0x00000000d4e00000|100%| E|CS|TAMS 0x00000000d4d00000, 0x00000000d4d00000| Complete 
| 314|0x00000000d4e00000, 0x00000000d4f00000, 0x00000000d4f00000|100%| E|CS|TAMS 0x00000000d4e00000, 0x00000000d4e00000| Complete 
| 315|0x00000000d4f00000, 0x00000000d5000000, 0x00000000d5000000|100%| E|CS|TAMS 0x00000000d4f00000, 0x00000000d4f00000| Complete 
| 316|0x00000000d5000000, 0x00000000d5100000, 0x00000000d5100000|100%| E|CS|TAMS 0x00000000d5000000, 0x00000000d5000000| Complete 
| 317|0x00000000d5100000, 0x00000000d5200000, 0x00000000d5200000|100%| E|CS|TAMS 0x00000000d5100000, 0x00000000d5100000| Complete 
| 318|0x00000000d5200000, 0x00000000d5300000, 0x00000000d5300000|100%| E|CS|TAMS 0x00000000d5200000, 0x00000000d5200000| Complete 
| 506|0x00000000e0e00000, 0x00000000e0f00000, 0x00000000e0f00000|100%| E|CS|TAMS 0x00000000e0e00000, 0x00000000e0e00000| Complete 
| 975|0x00000000fe300000, 0x00000000fe400000, 0x00000000fe400000|100%| E|CS|TAMS 0x00000000fe300000, 0x00000000fe300000| Complete 

Card table byte_map: [0x0000013e7d8d0000,0x0000013e7dad0000] _byte_map_base: 0x0000013e7d2c6000

Marking Bits (Prev, Next): (CMBitMap*) 0x0000013e66e91440, (CMBitMap*) 0x0000013e66e91480
 Prev Bits: [0x0000013e7dcd0000, 0x0000013e7ec80000)
 Next Bits: [0x0000013e7ec80000, 0x0000013e7fc30000)

Polling page: 0x0000013e64dc0000

Metaspace:

Usage:
  Non-class:     31.90 MB used.
      Class:      3.88 MB used.
       Both:     35.78 MB used.

Virtual space:
  Non-class space:       40.00 MB reserved,      32.12 MB ( 80%) committed,  5 nodes.
      Class space:        1.00 GB reserved,       4.00 MB ( <1%) committed,  1 nodes.
             Both:        1.04 GB reserved,      36.12 MB (  3%) committed. 

Chunk freelists:
   Non-Class:  3.47 MB
       Class:  3.90 MB
        Both:  7.37 MB

MaxMetaspaceSize: unlimited
CompressedClassSpaceSize: 1.00 GB
Initial GC threshold: 21.00 MB
Current GC threshold: 54.94 MB
CDS: on
MetaspaceReclaimPolicy: balanced
 - commit_granule_bytes: 65536.
 - commit_granule_words: 8192.
 - virtual_space_node_default_size: 1048576.
 - enlarge_chunks_in_place: 1.
 - new_chunks_are_fully_committed: 0.
 - uncommit_free_chunks: 1.
 - use_allocation_guard: 0.
 - handle_deallocations: 1.


Internal statistics:

num_allocs_failed_limit: 3.
num_arena_births: 338.
num_arena_deaths: 74.
num_vsnodes_births: 6.
num_vsnodes_deaths: 0.
num_space_committed: 578.
num_space_uncommitted: 0.
num_chunks_returned_to_freelist: 89.
num_chunks_taken_from_freelist: 1293.
num_chunk_merges: 26.
num_chunk_splits: 870.
num_chunks_enlarged: 653.
num_purges: 6.
num_inconsistent_stats: 0.

CodeHeap 'non-profiled nmethods': size=120000Kb used=6329Kb max_used=6720Kb free=113670Kb
 bounds [0x0000013e761a0000, 0x0000013e76840000, 0x0000013e7d6d0000]
CodeHeap 'profiled nmethods': size=120000Kb used=16316Kb max_used=16557Kb free=103683Kb
 bounds [0x0000013e6e6d0000, 0x0000013e6f730000, 0x0000013e75c00000]
CodeHeap 'non-nmethods': size=5760Kb used=1324Kb max_used=1388Kb free=4436Kb
 bounds [0x0000013e75c00000, 0x0000013e75e70000, 0x0000013e761a0000]
 total_blobs=8694 nmethods=8045 adapters=561
 compilation: enabled
              stopped_count=0, restarted_count=0
 full_count=0

Compilation events (20 events):
Event: 2664.644 Thread 0x0000013e0213bd60 10052       3       org.apache.xmlbeans.impl.schema.SchemaTypeSystemImpl$StringPool::stringForCode (22 bytes)
Event: 2664.644 Thread 0x0000013e0213bd60 nmethod 10052 0x0000013e6f096d10 code [0x0000013e6f096ec0, 0x0000013e6f0971e8]
Event: 2664.644 Thread 0x0000013e0213bd60 10053       1       org.apache.xmlbeans.impl.schema.SchemaTypeSystemImpl::getTypePool (5 bytes)
Event: 2664.644 Thread 0x0000013e0213bd60 nmethod 10053 0x0000013e76506710 code [0x0000013e765068a0, 0x0000013e76506978]
Event: 2664.644 Thread 0x0000013e0213bd60 10054       3       org.apache.xmlbeans.impl.schema.XsbReader::readHandle (585 bytes)
Event: 2664.646 Thread 0x0000013e0213ac10 nmethod 10047 0x0000013e76505e10 code [0x0000013e76505fc0, 0x0000013e76506308]
Event: 2664.648 Thread 0x0000013e0213bd60 nmethod 10054 0x0000013e6f71b090 code [0x0000013e6f71b8a0, 0x0000013e6f720438]
Event: 2664.648 Thread 0x0000013e0213bd60 10055   !   3       org.apache.xmlbeans.impl.schema.XsbReader::readShort (35 bytes)
Event: 2664.649 Thread 0x0000013e0213bd60 nmethod 10055 0x0000013e6ef84390 code [0x0000013e6ef84540, 0x0000013e6ef848f8]
Event: 2664.651 Thread 0x0000013e0213bd60 10056       1       javax.xml.namespace.QName::getNamespaceURI (5 bytes)
Event: 2664.652 Thread 0x0000013e0213bd60 nmethod 10056 0x0000013e76505b10 code [0x0000013e76505ca0, 0x0000013e76505d78]
Event: 2664.661 Thread 0x0000013e0213ac10 10057       4       java.io.FilterInputStream::read (8 bytes)
Event: 2664.661 Thread 0x0000013e0213ac10 nmethod 10057 0x0000013e76505710 code [0x0000013e76505880, 0x0000013e76505918]
Event: 2664.669 Thread 0x0000013e0213ac10 10058       4       org.apache.xmlbeans.impl.util.LongUTFDataInputStream::readLongUTF (411 bytes)
Event: 2664.708 Thread 0x0000013e0213ac10 nmethod 10058 0x0000013e765b2210 code [0x0000013e765b2440, 0x0000013e765b3920]
Event: 2664.708 Thread 0x0000013e0213ac10 10059       4       java.util.zip.InflaterInputStream::read (32 bytes)
Event: 2664.710 Thread 0x0000013e0213ac10 nmethod 10059 0x0000013e765b1e10 code [0x0000013e765b1fa0, 0x0000013e765b20c8]
Event: 2664.748 Thread 0x0000013e0213ac10 10060       4       java.util.HashMap::put (13 bytes)
Event: 2664.749 Thread 0x0000013e0213ac10 nmethod 10060 0x0000013e76801a10 code [0x0000013e76801ba0, 0x0000013e76801ce8]
Event: 2664.749 Thread 0x0000013e0213ac10 10061       4       org.apache.xmlbeans.impl.schema.SchemaTypeSystemImpl$StringPool::codeForString (65 bytes)

GC Heap History (20 events):
Event: 1416.441 GC heap before
{Heap before GC invocations=40 (full 0):
 garbage-first heap   total 133120K, used 70913K [0x00000000c1400000, 0x0000000100000000)
  region size 1024K, 13 young (13312K), 2 survivors (2048K)
 Metaspace       used 32083K, committed 32384K, reserved 1081344K
  class space    used 3618K, committed 3776K, reserved 1048576K
}
Event: 1416.445 GC heap after
{Heap after GC invocations=41 (full 0):
 garbage-first heap   total 133120K, used 59535K [0x00000000c1400000, 0x0000000100000000)
  region size 1024K, 1 young (1024K), 1 survivors (1024K)
 Metaspace       used 32083K, committed 32384K, reserved 1081344K
  class space    used 3618K, committed 3776K, reserved 1048576K
}
Event: 1600.159 GC heap before
{Heap before GC invocations=42 (full 0):
 garbage-first heap   total 133120K, used 120975K [0x00000000c1400000, 0x0000000100000000)
  region size 1024K, 52 young (53248K), 1 survivors (1024K)
 Metaspace       used 32814K, committed 33088K, reserved 1081344K
  class space    used 3631K, committed 3776K, reserved 1048576K
}
Event: 1600.209 GC heap after
{Heap after GC invocations=43 (full 0):
 garbage-first heap   total 133120K, used 69889K [0x00000000c1400000, 0x0000000100000000)
  region size 1024K, 1 young (1024K), 1 survivors (1024K)
 Metaspace       used 32814K, committed 33088K, reserved 1081344K
  class space    used 3631K, committed 3776K, reserved 1048576K
}
Event: 1640.030 GC heap before
{Heap before GC invocations=43 (full 0):
 garbage-first heap   total 133120K, used 73985K [0x00000000c1400000, 0x0000000100000000)
  region size 1024K, 6 young (6144K), 1 survivors (1024K)
 Metaspace       used 32894K, committed 33152K, reserved 1081344K
  class space    used 3631K, committed 3776K, reserved 1048576K
}
Event: 1640.050 GC heap after
{Heap after GC invocations=44 (full 0):
 garbage-first heap   total 133120K, used 68921K [0x00000000c1400000, 0x0000000100000000)
  region size 1024K, 1 young (1024K), 1 survivors (1024K)
 Metaspace       used 32894K, committed 33152K, reserved 1081344K
  class space    used 3631K, committed 3776K, reserved 1048576K
}
Event: 1793.731 GC heap before
{Heap before GC invocations=44 (full 0):
 garbage-first heap   total 133120K, used 113977K [0x00000000c1400000, 0x0000000100000000)
  region size 1024K, 45 young (46080K), 1 survivors (1024K)
 Metaspace       used 33243K, committed 33536K, reserved 1081344K
  class space    used 3632K, committed 3776K, reserved 1048576K
}
Event: 1793.756 GC heap after
{Heap after GC invocations=45 (full 0):
 garbage-first heap   total 133120K, used 68941K [0x00000000c1400000, 0x0000000100000000)
  region size 1024K, 1 young (1024K), 1 survivors (1024K)
 Metaspace       used 33243K, committed 33536K, reserved 1081344K
  class space    used 3632K, committed 3776K, reserved 1048576K
}
Event: 1947.963 GC heap before
{Heap before GC invocations=46 (full 0):
 garbage-first heap   total 133120K, used 112973K [0x00000000c1400000, 0x0000000100000000)
  region size 1024K, 45 young (46080K), 1 survivors (1024K)
 Metaspace       used 33400K, committed 33664K, reserved 1081344K
  class space    used 3634K, committed 3776K, reserved 1048576K
}
Event: 1947.993 GC heap after
{Heap after GC invocations=47 (full 0):
 garbage-first heap   total 133120K, used 69008K [0x00000000c1400000, 0x0000000100000000)
  region size 1024K, 1 young (1024K), 1 survivors (1024K)
 Metaspace       used 33400K, committed 33664K, reserved 1081344K
  class space    used 3634K, committed 3776K, reserved 1048576K
}
Event: 1963.234 GC heap before
{Heap before GC invocations=47 (full 0):
 garbage-first heap   total 133120K, used 74128K [0x00000000c1400000, 0x0000000100000000)
  region size 1024K, 6 young (6144K), 1 survivors (1024K)
 Metaspace       used 33409K, committed 33664K, reserved 1081344K
  class space    used 3634K, committed 3776K, reserved 1048576K
}
Event: 1963.242 GC heap after
{Heap after GC invocations=48 (full 0):
 garbage-first heap   total 133120K, used 68061K [0x00000000c1400000, 0x0000000100000000)
  region size 1024K, 1 young (1024K), 1 survivors (1024K)
 Metaspace       used 33409K, committed 33664K, reserved 1081344K
  class space    used 3634K, committed 3776K, reserved 1048576K
}
Event: 2128.348 GC heap before
{Heap before GC invocations=48 (full 0):
 garbage-first heap   total 133120K, used 114141K [0x00000000c1400000, 0x0000000100000000)
  region size 1024K, 47 young (48128K), 1 survivors (1024K)
 Metaspace       used 33468K, committed 33728K, reserved 1081344K
  class space    used 3634K, committed 3776K, reserved 1048576K
}
Event: 2128.404 GC heap after
{Heap after GC invocations=49 (full 0):
 garbage-first heap   total 133120K, used 68159K [0x00000000c1400000, 0x0000000100000000)
  region size 1024K, 1 young (1024K), 1 survivors (1024K)
 Metaspace       used 33468K, committed 33728K, reserved 1081344K
  class space    used 3634K, committed 3776K, reserved 1048576K
}
Event: 2300.816 GC heap before
{Heap before GC invocations=50 (full 0):
 garbage-first heap   total 133120K, used 115263K [0x00000000c1400000, 0x0000000100000000)
  region size 1024K, 47 young (48128K), 1 survivors (1024K)
 Metaspace       used 33554K, committed 33856K, reserved 1081344K
  class space    used 3634K, committed 3776K, reserved 1048576K
}
Event: 2300.861 GC heap after
{Heap after GC invocations=51 (full 0):
 garbage-first heap   total 133120K, used 68191K [0x00000000c1400000, 0x0000000100000000)
  region size 1024K, 1 young (1024K), 1 survivors (1024K)
 Metaspace       used 33554K, committed 33856K, reserved 1081344K
  class space    used 3634K, committed 3776K, reserved 1048576K
}
Event: 2318.385 GC heap before
{Heap before GC invocations=51 (full 0):
 garbage-first heap   total 133120K, used 73311K [0x00000000c1400000, 0x0000000100000000)
  region size 1024K, 6 young (6144K), 1 survivors (1024K)
 Metaspace       used 33558K, committed 33856K, reserved 1081344K
  class space    used 3634K, committed 3776K, reserved 1048576K
}
Event: 2318.429 GC heap after
{Heap after GC invocations=52 (full 0):
 garbage-first heap   total 133120K, used 67280K [0x00000000c1400000, 0x0000000100000000)
  region size 1024K, 1 young (1024K), 1 survivors (1024K)
 Metaspace       used 33558K, committed 33856K, reserved 1081344K
  class space    used 3634K, committed 3776K, reserved 1048576K
}
Event: 2664.688 GC heap before
{Heap before GC invocations=52 (full 0):
 garbage-first heap   total 133120K, used 114384K [0x00000000c1400000, 0x0000000100000000)
  region size 1024K, 48 young (49152K), 1 survivors (1024K)
 Metaspace       used 36682K, committed 36992K, reserved 1089536K
  class space    used 3987K, committed 4096K, reserved 1048576K
}
Event: 2664.705 GC heap after
{Heap after GC invocations=53 (full 0):
 garbage-first heap   total 133120K, used 68041K [0x00000000c1400000, 0x0000000100000000)
  region size 1024K, 2 young (2048K), 2 survivors (2048K)
 Metaspace       used 36682K, committed 36992K, reserved 1089536K
  class space    used 3987K, committed 4096K, reserved 1048576K
}

Deoptimization events (20 events):
Event: 2664.569 Thread 0x0000013e66e52a60 Uncommon trap: trap_request=0xffffffc6 fr.pc=0x0000013e76788450 relative=0x0000000000001330
Event: 2664.569 Thread 0x0000013e66e52a60 Uncommon trap: reason=bimorphic_or_optimized_type_check action=maybe_recompile pc=0x0000013e76788450 method=java.nio.charset.CharsetDecoder.decode(Ljava/nio/ByteBuffer;Ljava/nio/CharBuffer;Z)Ljava/nio/charset/CoderResult; @ 57 c2
Event: 2664.569 Thread 0x0000013e66e52a60 DEOPT PACKING pc=0x0000013e76788450 sp=0x0000001c41bfa030
Event: 2664.569 Thread 0x0000013e66e52a60 DEOPT UNPACKING pc=0x0000013e75c523a3 sp=0x0000001c41bf9e38 mode 2
Event: 2664.569 Thread 0x0000013e66e52a60 Uncommon trap: trap_request=0xffffff45 fr.pc=0x0000013e764cc6f0 relative=0x0000000000000330
Event: 2664.569 Thread 0x0000013e66e52a60 Uncommon trap: reason=unstable_if action=reinterpret pc=0x0000013e764cc6f0 method=java.nio.Buffer.position(I)Ljava/nio/Buffer; @ 37 c2
Event: 2664.569 Thread 0x0000013e66e52a60 DEOPT PACKING pc=0x0000013e764cc6f0 sp=0x0000001c41bf9e90
Event: 2664.569 Thread 0x0000013e66e52a60 DEOPT UNPACKING pc=0x0000013e75c523a3 sp=0x0000001c41bf9cf0 mode 2
Event: 2664.569 Thread 0x0000013e66e52a60 Uncommon trap: trap_request=0xffffffc6 fr.pc=0x0000013e76788450 relative=0x0000000000001330
Event: 2664.569 Thread 0x0000013e66e52a60 Uncommon trap: reason=bimorphic_or_optimized_type_check action=maybe_recompile pc=0x0000013e76788450 method=java.nio.charset.CharsetDecoder.decode(Ljava/nio/ByteBuffer;Ljava/nio/CharBuffer;Z)Ljava/nio/charset/CoderResult; @ 57 c2
Event: 2664.569 Thread 0x0000013e66e52a60 DEOPT PACKING pc=0x0000013e76788450 sp=0x0000001c41bfa030
Event: 2664.569 Thread 0x0000013e66e52a60 DEOPT UNPACKING pc=0x0000013e75c523a3 sp=0x0000001c41bf9e38 mode 2
Event: 2664.571 Thread 0x0000013e66e52a60 Uncommon trap: trap_request=0xffffff45 fr.pc=0x0000013e766b8670 relative=0x00000000000007f0
Event: 2664.572 Thread 0x0000013e66e52a60 Uncommon trap: reason=unstable_if action=reinterpret pc=0x0000013e766b8670 method=sun.net.www.ParseUtil.firstEncodeIndex(Ljava/lang/String;)I @ 51 c2
Event: 2664.572 Thread 0x0000013e66e52a60 DEOPT PACKING pc=0x0000013e766b8670 sp=0x0000001c41bfa060
Event: 2664.572 Thread 0x0000013e66e52a60 DEOPT UNPACKING pc=0x0000013e75c523a3 sp=0x0000001c41bf9ef0 mode 2
Event: 2664.573 Thread 0x0000013e66e52a60 Uncommon trap: trap_request=0xffffff45 fr.pc=0x0000013e766890f8 relative=0x00000000000000d8
Event: 2664.573 Thread 0x0000013e66e52a60 Uncommon trap: reason=unstable_if action=reinterpret pc=0x0000013e766890f8 method=sun.net.www.ParseUtil.firstEncodeIndex(Ljava/lang/String;)I @ 51 c2
Event: 2664.573 Thread 0x0000013e66e52a60 DEOPT PACKING pc=0x0000013e766890f8 sp=0x0000001c41bf9f60
Event: 2664.573 Thread 0x0000013e66e52a60 DEOPT UNPACKING pc=0x0000013e75c523a3 sp=0x0000001c41bf9ed8 mode 2

Classes unloaded (20 events):
Event: 2664.774 Thread 0x0000013e66f09560 Unloading class 0x0000000800e7c400 'java/lang/invoke/LambdaForm$MH+0x0000000800e7c400'
Event: 2664.775 Thread 0x0000013e66f09560 Unloading class 0x0000000800e1f400 'java/lang/invoke/LambdaForm$MH+0x0000000800e1f400'
Event: 2664.775 Thread 0x0000013e66f09560 Unloading class 0x0000000800e1f000 'java/lang/invoke/LambdaForm$MH+0x0000000800e1f000'
Event: 2664.775 Thread 0x0000013e66f09560 Unloading class 0x0000000800e1ec00 'java/lang/invoke/LambdaForm$MH+0x0000000800e1ec00'
Event: 2664.775 Thread 0x0000013e66f09560 Unloading class 0x0000000800e1e000 'java/lang/invoke/LambdaForm$MH+0x0000000800e1e000'
Event: 2664.775 Thread 0x0000013e66f09560 Unloading class 0x0000000800e1d800 'java/lang/invoke/LambdaForm$MH+0x0000000800e1d800'
Event: 2664.775 Thread 0x0000013e66f09560 Unloading class 0x0000000800e1c400 'java/lang/invoke/LambdaForm$MH+0x0000000800e1c400'
Event: 2664.775 Thread 0x0000013e66f09560 Unloading class 0x0000000800e1c000 'java/lang/invoke/LambdaForm$MH+0x0000000800e1c000'
Event: 2664.775 Thread 0x0000013e66f09560 Unloading class 0x0000000800da5000 'java/lang/invoke/LambdaForm$DMH+0x0000000800da5000'
Event: 2664.776 Thread 0x0000013e66f09560 Unloading class 0x0000000800d99400 'java/lang/invoke/LambdaForm$MH+0x0000000800d99400'
Event: 2664.776 Thread 0x0000013e66f09560 Unloading class 0x0000000800d99000 'java/lang/invoke/LambdaForm$MH+0x0000000800d99000'
Event: 2664.776 Thread 0x0000013e66f09560 Unloading class 0x0000000800d98c00 'java/lang/invoke/LambdaForm$MH+0x0000000800d98c00'
Event: 2664.776 Thread 0x0000013e66f09560 Unloading class 0x0000000800d98800 'java/lang/invoke/LambdaForm$MH+0x0000000800d98800'
Event: 2664.776 Thread 0x0000013e66f09560 Unloading class 0x0000000800d98400 'java/lang/invoke/LambdaForm$MH+0x0000000800d98400'
Event: 2664.776 Thread 0x0000013e66f09560 Unloading class 0x0000000800d98000 'java/lang/invoke/LambdaForm$MH+0x0000000800d98000'
Event: 2664.776 Thread 0x0000013e66f09560 Unloading class 0x0000000800d5b000 'java/lang/invoke/LambdaForm$MH+0x0000000800d5b000'
Event: 2664.776 Thread 0x0000013e66f09560 Unloading class 0x0000000800d5ac00 'java/lang/invoke/LambdaForm$MH+0x0000000800d5ac00'
Event: 2664.776 Thread 0x0000013e66f09560 Unloading class 0x0000000800d5a800 'java/lang/invoke/LambdaForm$MH+0x0000000800d5a800'
Event: 2664.776 Thread 0x0000013e66f09560 Unloading class 0x0000000800d5a400 'java/lang/invoke/LambdaForm$MH+0x0000000800d5a400'
Event: 2664.776 Thread 0x0000013e66f09560 Unloading class 0x0000000800c04800 'java/lang/invoke/LambdaForm$MH+0x0000000800c04800'

Classes redefined (0 events):
No events

Internal exceptions (20 events):
Event: 2438.132 Thread 0x0000013e0410f990 Exception <a 'java/net/ConnectException'{0x00000000c7a1d458}: Connection refused: no further information> (0x00000000c7a1d458) 
thrown [s\open\src\hotspot\share\prims\jni.cpp, line 535]
Event: 2438.132 Thread 0x0000013e0410f990 Exception <a 'java/net/SocketException'{0x00000000c7a1d790}: Socket is not connected: shutdown> (0x00000000c7a1d790) 
thrown [s\open\src\hotspot\share\prims\jni.cpp, line 535]
Event: 2438.147 Thread 0x0000013e0410f990 Exception <a 'java/net/ConnectException'{0x00000000c7a1e698}: Connection refused: no further information> (0x00000000c7a1e698) 
thrown [s\open\src\hotspot\share\prims\jni.cpp, line 535]
Event: 2438.147 Thread 0x0000013e0410f990 Exception <a 'java/net/SocketException'{0x00000000c7a1e9d0}: Socket is not connected: shutdown> (0x00000000c7a1e9d0) 
thrown [s\open\src\hotspot\share\prims\jni.cpp, line 535]
Event: 2450.433 Thread 0x0000013e0410f4c0 Exception <a 'sun/net/ConnectionResetException'{0x00000000c79843a8}: Connection reset> (0x00000000c79843a8) 
thrown [s\open\src\hotspot\share\prims\jni.cpp, line 535]
Event: 2450.517 Thread 0x0000013e0410f990 Exception <a 'java/net/ConnectException'{0x00000000c78bdd80}: Connection refused: no further information> (0x00000000c78bdd80) 
thrown [s\open\src\hotspot\share\prims\jni.cpp, line 535]
Event: 2450.517 Thread 0x0000013e0410f990 Exception <a 'java/net/SocketException'{0x00000000c78be0b8}: Socket is not connected: shutdown> (0x00000000c78be0b8) 
thrown [s\open\src\hotspot\share\prims\jni.cpp, line 535]
Event: 2450.566 Thread 0x0000013e66e52a60 Exception <a 'java/net/SocketException'{0x00000000c788c100}: Socket is not connected: shutdown> (0x00000000c788c100) 
thrown [s\open\src\hotspot\share\prims\jni.cpp, line 535]
Event: 2450.566 Thread 0x0000013e66e52a60 Exception <a 'java/net/SocketException'{0x00000000c788c6c0}: Socket is not connected: shutdown> (0x00000000c788c6c0) 
thrown [s\open\src\hotspot\share\prims\jni.cpp, line 535]
Event: 2451.407 Thread 0x0000013e0410f990 Exception <a 'java/net/ConnectException'{0x00000000c78beff0}: Connection refused: no further information> (0x00000000c78beff0) 
thrown [s\open\src\hotspot\share\prims\jni.cpp, line 535]
Event: 2451.407 Thread 0x0000013e0410f990 Exception <a 'java/net/SocketException'{0x00000000c78bf328}: Socket is not connected: shutdown> (0x00000000c78bf328) 
thrown [s\open\src\hotspot\share\prims\jni.cpp, line 535]
Event: 2451.421 Thread 0x0000013e0410f990 Exception <a 'java/net/ConnectException'{0x00000000c78c0240}: Connection refused: no further information> (0x00000000c78c0240) 
thrown [s\open\src\hotspot\share\prims\jni.cpp, line 535]
Event: 2451.421 Thread 0x0000013e0410f990 Exception <a 'java/net/SocketException'{0x00000000c78c0578}: Socket is not connected: shutdown> (0x00000000c78c0578) 
thrown [s\open\src\hotspot\share\prims\jni.cpp, line 535]
Event: 2664.286 Thread 0x0000013e66e52a60 Implicit null exception at 0x0000013e767832c0 to 0x0000013e76783429
Event: 2664.313 Thread 0x0000013e66e52a60 Exception <a 'java/lang/NoSuchMethodError'{0x00000000c6e771b0}: 'java.lang.Object java.lang.invoke.DirectMethodHandle$Holder.invokeStatic(java.lang.Object, java.lang.Object, int, int)'> (0x00000000c6e771b0) 
thrown [s\open\src\hotspot\share\interpreter\linkResolver.cpp, line 759]
Event: 2664.318 Thread 0x0000013e66e52a60 Exception <a 'java/lang/NoSuchMethodError'{0x00000000c6e7a980}: 'java.lang.Object java.lang.invoke.DirectMethodHandle$Holder.invokeStaticInit(java.lang.Object, java.lang.Object, int, int)'> (0x00000000c6e7a980) 
thrown [s\open\src\hotspot\share\interpreter\linkResolver.cpp, line 759]
Event: 2664.460 Thread 0x0000013e66e52a60 Implicit null exception at 0x0000013e761cb360 to 0x0000013e761cb3fa
Event: 2664.615 Thread 0x0000013e66e52a60 Exception <a 'java/lang/NoSuchMethodError'{0x00000000c6af19c8}: 'java.lang.Object java.lang.invoke.DirectMethodHandle$Holder.newInvokeSpecial(java.lang.Object, java.lang.Object, int, java.lang.Object)'> (0x00000000c6af19c8) 
thrown [s\open\src\hotspot\share\interpreter\linkResolver.cpp, line 759]
Event: 2664.616 Thread 0x0000013e66e52a60 Exception <a 'java/lang/NoSuchMethodError'{0x00000000c6af5780}: 'java.lang.Object java.lang.invoke.DirectMethodHandle$Holder.invokeSpecial(java.lang.Object, java.lang.Object, java.lang.Object, int, java.lang.Object)'> (0x00000000c6af5780) 
thrown [s\open\src\hotspot\share\interpreter\linkResolver.cpp, line 759]
Event: 2664.616 Thread 0x0000013e66e52a60 Exception <a 'java/lang/NoSuchMethodError'{0x00000000c6af9158}: 'java.lang.Object java.lang.invoke.Invokers$Holder.linkToTargetMethod(java.lang.Object, int, java.lang.Object, java.lang.Object)'> (0x00000000c6af9158) 
thrown [s\open\src\hotspot\share\interpreter\linkResolver.cpp, line 759]

VM Operations (20 events):
Event: 2451.346 Executing VM operation: Cleanup done
Event: 2452.352 Executing VM operation: Cleanup
Event: 2452.352 Executing VM operation: Cleanup done
Event: 2511.708 Executing VM operation: Cleanup
Event: 2511.708 Executing VM operation: Cleanup done
Event: 2639.570 Executing VM operation: Cleanup
Event: 2639.570 Executing VM operation: Cleanup done
Event: 2658.714 Executing VM operation: Cleanup
Event: 2658.714 Executing VM operation: Cleanup done
Event: 2663.750 Executing VM operation: Cleanup
Event: 2663.841 Executing VM operation: Cleanup done
Event: 2664.236 Executing VM operation: HandshakeAllThreads
Event: 2664.236 Executing VM operation: HandshakeAllThreads done
Event: 2664.611 Executing VM operation: HandshakeAllThreads
Event: 2664.611 Executing VM operation: HandshakeAllThreads done
Event: 2664.637 Executing VM operation: HandshakeAllThreads
Event: 2664.646 Executing VM operation: HandshakeAllThreads done
Event: 2664.687 Executing VM operation: G1CollectForAllocation
Event: 2664.705 Executing VM operation: G1CollectForAllocation done
Event: 2664.772 Executing VM operation: G1Concurrent

Events (20 events):
Event: 2664.768 Thread 0x0000013e021535f0 flushing nmethod 0x0000013e6f12fe90
Event: 2664.768 Thread 0x0000013e021535f0 flushing nmethod 0x0000013e6f132990
Event: 2664.768 Thread 0x0000013e021535f0 flushing nmethod 0x0000013e6f135b90
Event: 2664.768 Thread 0x0000013e021535f0 flushing nmethod 0x0000013e6f137f10
Event: 2664.768 Thread 0x0000013e021535f0 flushing nmethod 0x0000013e6f13a390
Event: 2664.768 Thread 0x0000013e021535f0 flushing nmethod 0x0000013e6f13f690
Event: 2664.768 Thread 0x0000013e021535f0 flushing nmethod 0x0000013e6f145910
Event: 2664.768 Thread 0x0000013e021535f0 flushing nmethod 0x0000013e6f14b590
Event: 2664.768 Thread 0x0000013e021535f0 flushing nmethod 0x0000013e6f15b710
Event: 2664.768 Thread 0x0000013e021535f0 flushing nmethod 0x0000013e6f161d10
Event: 2664.769 Thread 0x0000013e021535f0 flushing nmethod 0x0000013e6f165b10
Event: 2664.769 Thread 0x0000013e021535f0 flushing nmethod 0x0000013e6f16d490
Event: 2664.769 Thread 0x0000013e021535f0 flushing nmethod 0x0000013e6f180f90
Event: 2664.769 Thread 0x0000013e021535f0 flushing nmethod 0x0000013e6f181c10
Event: 2664.769 Thread 0x0000013e021535f0 flushing nmethod 0x0000013e6f1d4110
Event: 2664.769 Thread 0x0000013e021535f0 flushing nmethod 0x0000013e6f1d4890
Event: 2664.770 Thread 0x0000013e021535f0 flushing nmethod 0x0000013e6f20fc10
Event: 2664.770 Thread 0x0000013e021535f0 flushing nmethod 0x0000013e6f24f710
Event: 2664.771 Thread 0x0000013e021535f0 flushing nmethod 0x0000013e6f272f10
Event: 2664.772 Thread 0x0000013e021535f0 flushing nmethod 0x0000013e6f288d90


Dynamic libraries:
0x00007ff6da6d0000 - 0x00007ff6da6e0000 	C:\Program Files\Java\jdk-17\bin\javaw.exe
0x00007ffb5cdf0000 - 0x00007ffb5cfe8000 	C:\WINDOWS\SYSTEM32\ntdll.dll
0x00007ffb5b130000 - 0x00007ffb5b1ef000 	C:\WINDOWS\System32\KERNEL32.DLL
0x00007ffb5a760000 - 0x00007ffb5aa56000 	C:\WINDOWS\System32\KERNELBASE.dll
0x00007ffb5a610000 - 0x00007ffb5a710000 	C:\WINDOWS\System32\ucrtbase.dll
0x00007ffb44f80000 - 0x00007ffb44f99000 	C:\Program Files\Java\jdk-17\bin\jli.dll
0x00007ffb5b4d0000 - 0x00007ffb5b57f000 	C:\WINDOWS\System32\ADVAPI32.dll
0x00007ffb5b090000 - 0x00007ffb5b12e000 	C:\WINDOWS\System32\msvcrt.dll
0x00007ffb5b580000 - 0x00007ffb5b61c000 	C:\WINDOWS\System32\sechost.dll
0x00007ffb5bd50000 - 0x00007ffb5be76000 	C:\WINDOWS\System32\RPCRT4.dll
0x00007ffb5bae0000 - 0x00007ffb5bc7d000 	C:\WINDOWS\System32\USER32.dll
0x00007ffb5a4d0000 - 0x00007ffb5a4f2000 	C:\WINDOWS\System32\win32u.dll
0x00007ffb5b620000 - 0x00007ffb5b64c000 	C:\WINDOWS\System32\GDI32.dll
0x00007ffb5aaf0000 - 0x00007ffb5ac05000 	C:\WINDOWS\System32\gdi32full.dll
0x00007ffb5a500000 - 0x00007ffb5a59d000 	C:\WINDOWS\System32\msvcp_win.dll
0x00007ffb4f930000 - 0x00007ffb4f94b000 	C:\Program Files\Java\jdk-17\bin\VCRUNTIME140.dll
0x00007ffb44630000 - 0x00007ffb448ca000 	C:\WINDOWS\WinSxS\amd64_microsoft.windows.common-controls_6595b64144ccf1df_6.0.19041.1110_none_60b5254171f9507e\COMCTL32.dll
0x00007ffb59240000 - 0x00007ffb5924a000 	C:\WINDOWS\SYSTEM32\VERSION.dll
0x00007ffb5b060000 - 0x00007ffb5b090000 	C:\WINDOWS\System32\IMM32.DLL
0x00007ffb47c50000 - 0x00007ffb47c5c000 	C:\Program Files\Java\jdk-17\bin\vcruntime140_1.dll
0x00007ffb350d0000 - 0x00007ffb3515e000 	C:\Program Files\Java\jdk-17\bin\msvcp140.dll
0x00007ffb135c0000 - 0x00007ffb1419d000 	C:\Program Files\Java\jdk-17\bin\server\jvm.dll
0x00007ffb5ae50000 - 0x00007ffb5ae58000 	C:\WINDOWS\System32\PSAPI.DLL
0x00007ffb3f6a0000 - 0x00007ffb3f6a9000 	C:\WINDOWS\SYSTEM32\WSOCK32.dll
0x00007ffb5bc80000 - 0x00007ffb5bceb000 	C:\WINDOWS\System32\WS2_32.dll
0x00007ffb3b340000 - 0x00007ffb3b367000 	C:\WINDOWS\SYSTEM32\WINMM.dll
0x00007ffb59200000 - 0x00007ffb59212000 	C:\WINDOWS\SYSTEM32\kernel.appcore.dll
0x00007ffb52180000 - 0x00007ffb5218a000 	C:\Program Files\Java\jdk-17\bin\jimage.dll
0x00007ffb58180000 - 0x00007ffb58364000 	C:\WINDOWS\SYSTEM32\DBGHELP.DLL
0x00007ffb3ece0000 - 0x00007ffb3ed14000 	C:\WINDOWS\SYSTEM32\dbgcore.DLL
0x00007ffb5aa60000 - 0x00007ffb5aae2000 	C:\WINDOWS\System32\bcryptPrimitives.dll
0x00007ffb49190000 - 0x00007ffb491b5000 	C:\Program Files\Java\jdk-17\bin\java.dll
0x00007ffb158f0000 - 0x00007ffb159c7000 	C:\Program Files\Java\jdk-17\bin\jsvml.dll
0x00007ffb5c090000 - 0x00007ffb5c7d4000 	C:\WINDOWS\System32\SHELL32.dll
0x00007ffb58a60000 - 0x00007ffb591f4000 	C:\WINDOWS\SYSTEM32\windows.storage.dll
0x00007ffb5c9f0000 - 0x00007ffb5cd44000 	C:\WINDOWS\System32\combase.dll
0x00007ffb59ea0000 - 0x00007ffb59ece000 	C:\WINDOWS\SYSTEM32\Wldp.dll
0x00007ffb5c8b0000 - 0x00007ffb5c95d000 	C:\WINDOWS\System32\SHCORE.dll
0x00007ffb5b450000 - 0x00007ffb5b4a5000 	C:\WINDOWS\System32\shlwapi.dll
0x00007ffb5a400000 - 0x00007ffb5a425000 	C:\WINDOWS\SYSTEM32\profapi.dll
0x00007ffb27f00000 - 0x00007ffb27f19000 	C:\Program Files\Java\jdk-17\bin\net.dll
0x00007ffb508c0000 - 0x00007ffb509ca000 	C:\WINDOWS\SYSTEM32\WINHTTP.dll
0x00007ffb59c00000 - 0x00007ffb59c6a000 	C:\WINDOWS\system32\mswsock.dll
0x00007ffb22f80000 - 0x00007ffb22f96000 	C:\Program Files\Java\jdk-17\bin\nio.dll
0x00007ffb22260000 - 0x00007ffb22278000 	C:\Program Files\Java\jdk-17\bin\zip.dll
0x00007ffb59920000 - 0x00007ffb599ea000 	C:\WINDOWS\SYSTEM32\DNSAPI.dll
0x00007ffb59890000 - 0x00007ffb598cc000 	C:\WINDOWS\SYSTEM32\IPHLPAPI.DLL
0x00007ffb5bad0000 - 0x00007ffb5bad8000 	C:\WINDOWS\System32\NSI.dll
0x00007ffb4cf00000 - 0x00007ffb4cf0a000 	C:\Windows\System32\rasadhlp.dll
0x00007ffb45b30000 - 0x00007ffb45bb2000 	C:\WINDOWS\System32\fwpuclnt.dll
0x00007ffb5ae20000 - 0x00007ffb5ae47000 	C:\WINDOWS\System32\bcrypt.dll
0x00007ffb59df0000 - 0x00007ffb59e08000 	C:\WINDOWS\SYSTEM32\CRYPTSP.dll
0x00007ffb594c0000 - 0x00007ffb594f4000 	C:\WINDOWS\system32\rsaenh.dll
0x00007ffb5a3c0000 - 0x00007ffb5a3ee000 	C:\WINDOWS\SYSTEM32\USERENV.dll
0x00007ffb59e10000 - 0x00007ffb59e1c000 	C:\WINDOWS\SYSTEM32\CRYPTBASE.dll
0x00007ffb48590000 - 0x00007ffb485a7000 	C:\WINDOWS\SYSTEM32\dhcpcsvc6.DLL
0x00007ffb494b0000 - 0x00007ffb494cd000 	C:\WINDOWS\SYSTEM32\dhcpcsvc.DLL
0x00007ffb56a30000 - 0x00007ffb56a3d000 	C:\Program Files\Java\jdk-17\bin\sunmscapi.dll
0x00007ffb5acc0000 - 0x00007ffb5ae1e000 	C:\WINDOWS\System32\CRYPT32.dll
0x00007ffb59f10000 - 0x00007ffb59f38000 	C:\WINDOWS\SYSTEM32\ncrypt.dll
0x00007ffb59ed0000 - 0x00007ffb59f0b000 	C:\WINDOWS\SYSTEM32\NTASN1.dll
0x00007ffb52170000 - 0x00007ffb52180000 	C:\Program Files\Java\jdk-17\bin\verify.dll
0x00007ffb571a0000 - 0x00007ffb571aa000 	C:\Program Files\Java\jdk-17\bin\management.dll
0x00007ffb57190000 - 0x00007ffb5719b000 	C:\Program Files\Java\jdk-17\bin\management_ext.dll
0x00007ffb57280000 - 0x00007ffb57311000 	C:\WINDOWS\system32\apphelp.dll
0x00007ffb3bcf0000 - 0x00007ffb3bd07000 	C:\WINDOWS\system32\napinsp.dll
0x00007ffb3bcd0000 - 0x00007ffb3bceb000 	C:\WINDOWS\system32\pnrpnsp.dll
0x00007ffb510f0000 - 0x00007ffb51105000 	C:\WINDOWS\system32\wshbth.dll
0x00007ffb51ef0000 - 0x00007ffb51f0d000 	C:\WINDOWS\system32\NLAapi.dll
0x00007ffb3bcb0000 - 0x00007ffb3bcc2000 	C:\WINDOWS\System32\winrnr.dll
0x00007ffb52190000 - 0x00007ffb52197000 	C:\WINDOWS\system32\wshunix.dll

dbghelp: loaded successfully - version: 4.0.5 - missing functions: none
symbol engine: initialized successfully - sym options: 0x614 - pdb path: .;C:\Program Files\Java\jdk-17\bin;C:\WINDOWS\SYSTEM32;C:\WINDOWS\WinSxS\amd64_microsoft.windows.common-controls_6595b64144ccf1df_6.0.19041.1110_none_60b5254171f9507e;C:\Program Files\Java\jdk-17\bin\server

VM Arguments:
jvm_args: -Dfile.encoding=UTF-8 --module-path=C:\Users\lemon\eclipse-workspace\postgresql-42.6.0.jar -XX:+ShowCodeDetailsInExceptionMessages 
java_command: makeMoneySite.main
java_class_path (initial): C:\Users\lemon\Desktop\makeMoneySite\target\classes;C:\Users\lemon\Downloads\poi-bin-5.2.3-20220909\poi-bin-5.2.3\poi-5.2.3.jar;C:\Users\lemon\Downloads\poi-bin-5.2.3-20220909\poi-bin-5.2.3\poi-examples-5.2.3.jar;C:\Users\lemon\Downloads\poi-bin-5.2.3-20220909\poi-bin-5.2.3\poi-excelant-5.2.3.jar;C:\Users\lemon\Downloads\poi-bin-5.2.3-20220909\poi-bin-5.2.3\poi-javadoc-5.2.3.jar;C:\Users\lemon\Downloads\poi-bin-5.2.3-20220909\poi-bin-5.2.3\poi-ooxml-5.2.3.jar;C:\Users\lemon\Downloads\poi-bin-5.2.3-20220909\poi-bin-5.2.3\poi-ooxml-full-5.2.3.jar;C:\Users\lemon\Downloads\poi-bin-5.2.3-20220909\poi-bin-5.2.3\poi-ooxml-lite-5.2.3.jar;C:\Users\lemon\Downloads\poi-bin-5.2.3-20220909\poi-bin-5.2.3\poi-scratchpad-5.2.3.jar;C:\Users\lemon\Downloads\poi-bin-5.2.3-20220909\poi-bin-5.2.3\lib\commons-io-2.11.0.jar;C:\Users\lemon\Downloads\apache-log4j-2.19.0-bin\apache-log4j-2.19.0-bin\log4j-api-2.19.0.jar;C:\Users\lemon\Downloads\apache-log4j-2.19.0-bin\apache-log4j-2.19.0-bin\log4j-core-2.19.0.jar;C:\Users\lemon\Downloads\poi-bin-5.2.3-20220909\poi-bin-5.2.3\lib\commons-collections4-4.4.jar;C:\Users\lemon\Downloads\poi-bin-5.2.3-20220909\poi-bin-5.2.3\ooxml-lib\commons-compress-1.21.jar;C:\Users\lemon\Downloads\poi-bin-5.2.3-20220909\poi-bin-5.2.3\ooxml-lib\curvesapi-1.07.jar;C:\Users\lemon\Downloads\poi-bin-5.2.3-20220909\poi-bin-5.2.3\ooxml-lib\jakarta.activation-2.0.1.jar;C:\Users\lemon\Downloads\poi-bin-5.2.3-20220909\poi-bin-5.2.3\ooxml-lib\jakarta.xml.bind-api-3.0.1.jar;C:\Users\lemon\Downloads\poi-bin-5.2.3-20220909\poi-bin-5.2.3\ooxml-lib\slf4j-api-1.7.36.jar;C:\Users\lemon\Downloads\poi-bin-5.2.3-20220909\poi-bin-5.2.3\ooxml-lib\xmlbeans-5.1.1.jar;C:\Users\lemon\Downloads\selenium-java-4.8.0\lib\async-http-client-2.12.3.jar;C:\Users\lemon\Downloads\selenium-java-4.8.0\lib\async-http-client-netty-utils-2.12.3.jar;C:\Users\lemon\Downloads\selenium-java-4.8.0\lib\auto-common-1.2.1.jar;C:\Users\lemon\Downloads\selenium-java-4.8.0\lib\auto-serv
Launcher Type: SUN_STANDARD

[Global flags]
     intx CICompilerCount                          = 3                                         {product} {ergonomic}
     uint ConcGCThreads                            = 1                                         {product} {ergonomic}
     uint G1ConcRefinementThreads                  = 4                                         {product} {ergonomic}
   size_t G1HeapRegionSize                         = 1048576                                   {product} {ergonomic}
    uintx GCDrainStackTargetSize                   = 64                                        {product} {ergonomic}
   size_t InitialHeapSize                          = 67108864                                  {product} {ergonomic}
   size_t MarkStackSize                            = 4194304                                   {product} {ergonomic}
   size_t MaxHeapSize                              = 1052770304                                {product} {ergonomic}
   size_t MaxNewSize                               = 631242752                                 {product} {ergonomic}
   size_t MinHeapDeltaBytes                        = 1048576                                   {product} {ergonomic}
   size_t MinHeapSize                              = 8388608                                   {product} {ergonomic}
    uintx NonNMethodCodeHeapSize                   = 5832780                                {pd product} {ergonomic}
    uintx NonProfiledCodeHeapSize                  = 122912730                              {pd product} {ergonomic}
    uintx ProfiledCodeHeapSize                     = 122912730                              {pd product} {ergonomic}
    uintx ReservedCodeCacheSize                    = 251658240                              {pd product} {ergonomic}
     bool SegmentedCodeCache                       = true                                      {product} {ergonomic}
     bool ShowCodeDetailsInExceptionMessages       = true                                   {manageable} {command line}
   size_t SoftMaxHeapSize                          = 1052770304                             {manageable} {ergonomic}
     bool UseCompressedClassPointers               = true                           {product lp64_product} {ergonomic}
     bool UseCompressedOops                        = true                           {product lp64_product} {ergonomic}
     bool UseG1GC                                  = true                                      {product} {ergonomic}
     bool UseLargePagesIndividualAllocation        = false                                  {pd product} {ergonomic}

Logging:
Log output configuration:
 #0: stdout all=warning uptime,level,tags
 #1: stderr all=off uptime,level,tags

Environment Variables:
JAVA_HOME=C:\Program Files\Java\jdk-17
CLASSPATH=C:\Program Files\Java\jdk-17\lib
PATH=C:/Program Files/Java/jdk-17/bin/server;C:/Program Files/Java/jdk-17/bin;C:\Program Files\Common Files\Oracle\Java\javapath;C:\Program Files (x86)\Common Files\Oracle\Java\javapath;C:\WINDOWS\system32;C:\WINDOWS;C:\WINDOWS\System32\Wbem;C:\WINDOWS\System32\WindowsPowerShell\v1.0\;C:\WINDOWS\System32\OpenSSH\;C:\Program Files\Java\jdk-17\bin;;C:\Program Files (x86)\ePapyrus\Papyrus-PlugIn-web;C:\Program Files (x86)\ePapyrus\Papyrus-PlugIn-web\Addins;C:\Program Files (x86)\ePapyrus\SDPlugin\addins;C:\Program Files\MySQL\MySQL Shell 8.0\bin\;C:\Users\lemon\AppData\Local\Microsoft\WindowsApps;;C:\WINDOWS\System32;
USERNAME=lemon
OS=Windows_NT
PROCESSOR_IDENTIFIER=Intel64 Family 6 Model 142 Stepping 9, GenuineIntel



---------------  S Y S T E M  ---------------

OS:
 Windows 10 , 64 bit Build 19041 (10.0.19041.3155)
OS uptime: 11 days 14:07 hours

CPU: total 4 (initial active 4) (2 cores per cpu, 2 threads per core) family 6 model 142 stepping 9 microcode 0xf0, cx8, cmov, fxsr, ht, mmx, 3dnowpref, sse, sse2, sse3, ssse3, sse4.1, sse4.2, popcnt, lzcnt, tsc, tscinvbit, avx, avx2, aes, erms, clmul, bmi1, bmi2, rtm, adx, fma, vzeroupper, clflush, clflushopt

Memory: 4k page, system-wide physical 4013M (269M free)
TotalPageFile size 16301M (AvailPageFile size 5M)
current process WorkingSet (physical memory assigned to process): 169M, peak: 414M
current process commit charge ("private bytes"): 349M, peak: 692M

vm_info: Java HotSpot(TM) 64-Bit Server VM (17.0.7+8-LTS-224) for windows-amd64 JRE (17.0.7+8-LTS-224), built on Feb 28 2023 23:03:02 by "mach5one" with MS VC++ 17.1 (VS2022)

END.
