#
# There is insufficient memory for the Java Runtime Environment to continue.
# Native memory allocation (mmap) failed to map 162529280 bytes for G1 virtual space
# Possible reasons:
#   The system is out of physical RAM or swap space
#   The process is running with CompressedOops enabled, and the Java Heap may be blocking the growth of the native heap
# Possible solutions:
#   Reduce memory load on the system
#   Increase physical memory or swap space
#   Check if swap backing store is full
#   Decrease Java heap size (-Xmx/-Xms)
#   Decrease number of Java threads
#   Decrease Java thread stack sizes (-Xss)
#   Set larger code cache with -XX:ReservedCodeCacheSize=
#   JVM is running with Unscaled Compressed Oops mode in which the Java heap is
#     placed in the first 4GB address space. The Java Heap base address is the
#     maximum limit for the native heap growth. Please use -XX:HeapBaseMinAddress
#     to set the Java Heap base and to place the Java Heap above 4GB virtual address.
# This output file may be truncated or incomplete.
#
#  Out of Memory Error (os_windows.cpp:3550), pid=41288, tid=32648
#
# JRE version: Java(TM) SE Runtime Environment (17.0.7+8) (build 17.0.7+8-LTS-224)
# Java VM: Java HotSpot(TM) 64-Bit Server VM (17.0.7+8-LTS-224, mixed mode, sharing, tiered, compressed oops, compressed class ptrs, g1 gc, windows-amd64)
# No core dump will be written. Minidumps are not enabled by default on client versions of Windows
#

---------------  S U M M A R Y ------------

Command Line: -Dfile.encoding=UTF-8 --module-path=C:\Users\lemon\eclipse-workspace\postgresql-42.6.0.jar -XX:+ShowCodeDetailsInExceptionMessages makeMoneySite.main

Host: Intel(R) Core(TM) i5-7300U CPU @ 2.60GHz, 4 cores, 3G,  Windows 10 , 64 bit Build 19041 (10.0.19041.3155)
Time: Mon Jul 24 07:32:22 2023  Windows 10 , 64 bit Build 19041 (10.0.19041.3155) elapsed time: 28948.636090 seconds (0d 8h 2m 28s)

---------------  T H R E A D  ---------------

Current thread (0x0000020232ab94e0):  VMThread "VM Thread" [stack: 0x000000a40ba00000,0x000000a40bb00000] [id=32648]

Stack: [0x000000a40ba00000,0x000000a40bb00000]
Native frames: (J=compiled Java code, j=interpreted, Vv=VM code, C=native code)
V  [jvm.dll+0x676a4a]
V  [jvm.dll+0x7d74f4]
V  [jvm.dll+0x7d8c9e]
V  [jvm.dll+0x7d9303]
V  [jvm.dll+0x2452c5]
V  [jvm.dll+0x6738f9]
V  [jvm.dll+0x668232]
V  [jvm.dll+0x302826]
V  [jvm.dll+0x309da6]
V  [jvm.dll+0x35952e]
V  [jvm.dll+0x35975f]
V  [jvm.dll+0x2d9a38]
V  [jvm.dll+0x2d7e45]
V  [jvm.dll+0x2d744c]
V  [jvm.dll+0x31ab1b]
V  [jvm.dll+0x7ddb0b]
V  [jvm.dll+0x7de844]
V  [jvm.dll+0x7ded5d]
V  [jvm.dll+0x7df134]
V  [jvm.dll+0x7df200]
V  [jvm.dll+0x78759a]
V  [jvm.dll+0x675875]
C  [ucrtbase.dll+0x21bb2]
C  [KERNEL32.DLL+0x17614]
C  [ntdll.dll+0x526b1]

VM_Operation (0x000000a40b4fe8f0): G1CollectForAllocation, mode: safepoint, requested by thread 0x0000020232a029e0


---------------  P R O C E S S  ---------------

Threads class SMR info:
_java_thread_list=0x00000202516380d0, length=28, elements={
0x0000020232a029e0, 0x0000020232ac1060, 0x0000020232ac26c0, 0x000002024fb47950,
0x000002024fb48410, 0x000002024fb4ace0, 0x000002024fb4d5b0, 0x000002024fb4e250,
0x000002024fbb3a60, 0x000002024fbcaf30, 0x0000020250971d50, 0x0000020250a18170,
0x000002025207b220, 0x000002025207ad50, 0x000002025207b6f0, 0x0000020251a54a10,
0x0000020251a54540, 0x0000020251a55880, 0x0000020251a57a30, 0x0000020251a566f0,
0x0000020251a56bc0, 0x0000020251a57560, 0x0000020251a54070, 0x0000020252116550,
0x0000020252118230, 0x0000020252116a20, 0x0000020252117890, 0x0000020252117d60
}
_to_delete_list=0x0000020253c9b330, length=29, elements={
0x0000020232a029e0, 0x0000020232ac1060, 0x0000020232ac26c0, 0x000002024fb47950,
0x000002024fb48410, 0x000002024fb4ace0, 0x000002024fb4d5b0, 0x000002024fb4e250,
0x000002024fbb3a60, 0x000002024fbcaf30, 0x0000020250971d50, 0x0000020250a18170,
0x000002025207b220, 0x000002025207ad50, 0x000002025207b6f0, 0x0000020251a54a10,
0x0000020251a54540, 0x0000020251a55880, 0x0000020251a57a30, 0x0000020251a566f0,
0x0000020251a56bc0, 0x0000020251a57560, 0x0000020251a54070, 0x0000020252116550,
0x0000020252118230, 0x0000020252116a20, 0x0000020252117890, 0x0000020252117d60,
0x0000020252118bd0
}

Java Threads: ( => current thread )
  0x0000020232a029e0 JavaThread "main" [_thread_blocked, id=44028, stack(0x000000a40b400000,0x000000a40b500000)]
  0x0000020232ac1060 JavaThread "Reference Handler" daemon [_thread_blocked, id=7660, stack(0x000000a40bb00000,0x000000a40bc00000)]
  0x0000020232ac26c0 JavaThread "Finalizer" daemon [_thread_blocked, id=36272, stack(0x000000a40bc00000,0x000000a40bd00000)]
  0x000002024fb47950 JavaThread "Signal Dispatcher" daemon [_thread_blocked, id=44336, stack(0x000000a40bd00000,0x000000a40be00000)]
  0x000002024fb48410 JavaThread "Attach Listener" daemon [_thread_blocked, id=37116, stack(0x000000a40be00000,0x000000a40bf00000)]
  0x000002024fb4ace0 JavaThread "Service Thread" daemon [_thread_blocked, id=37040, stack(0x000000a40bf00000,0x000000a40c000000)]
  0x000002024fb4d5b0 JavaThread "Monitor Deflation Thread" daemon [_thread_blocked, id=46036, stack(0x000000a40c000000,0x000000a40c100000)]
  0x000002024fb4e250 JavaThread "C2 CompilerThread0" daemon [_thread_blocked, id=44812, stack(0x000000a40c100000,0x000000a40c200000)]
  0x000002024fbb3a60 JavaThread "C1 CompilerThread0" daemon [_thread_blocked, id=22768, stack(0x000000a40c200000,0x000000a40c300000)]
  0x000002024fbcaf30 JavaThread "Sweeper thread" daemon [_thread_blocked, id=37636, stack(0x000000a40c300000,0x000000a40c400000)]
  0x0000020250971d50 JavaThread "Common-Cleaner" daemon [_thread_blocked, id=14332, stack(0x000000a40c400000,0x000000a40c500000)]
  0x0000020250a18170 JavaThread "Notification Thread" daemon [_thread_blocked, id=41064, stack(0x000000a40c500000,0x000000a40c600000)]
  0x000002025207b220 JavaThread "mysql-cj-abandoned-connection-cleanup" daemon [_thread_blocked, id=43260, stack(0x000000a40b300000,0x000000a40b400000)]
  0x000002025207ad50 JavaThread "PostgreSQL-JDBC-Cleaner" daemon [_thread_blocked, id=13600, stack(0x000000a40d000000,0x000000a40d100000)]
  0x000002025207b6f0 JavaThread "AsyncHttpClient-1-1" daemon [_thread_blocked, id=40152, stack(0x000000a40d100000,0x000000a40d200000)]
  0x0000020251a54a10 JavaThread "AsyncHttpClient-1-2" daemon [_thread_in_native, id=12584, stack(0x000000a40d900000,0x000000a40da00000)]
  0x0000020251a54540 JavaThread "AsyncHttpClient-1-3" daemon [_thread_in_native, id=4548, stack(0x000000a40da00000,0x000000a40db00000)]
  0x0000020251a55880 JavaThread "AsyncHttpClient-1-4" daemon [_thread_in_native, id=44248, stack(0x000000a40db00000,0x000000a40dc00000)]
  0x0000020251a57a30 JavaThread "AsyncHttpClient-1-5" daemon [_thread_in_native, id=41860, stack(0x000000a40d800000,0x000000a40d900000)]
  0x0000020251a566f0 JavaThread "AsyncHttpClient-1-6" daemon [_thread_in_native, id=42640, stack(0x000000a40dc00000,0x000000a40dd00000)]
  0x0000020251a56bc0 JavaThread "AsyncHttpClient-1-7" daemon [_thread_in_native, id=40344, stack(0x000000a40de00000,0x000000a40df00000)]
  0x0000020251a57560 JavaThread "AsyncHttpClient-1-8" daemon [_thread_in_native, id=26128, stack(0x000000a40dd00000,0x000000a40de00000)]
  0x0000020251a54070 JavaThread "AsyncHttpClient-1-9" daemon [_thread_in_native, id=10408, stack(0x000000a40df00000,0x000000a40e000000)]
  0x0000020252116550 JavaThread "Exec Default Executor" daemon [_thread_in_native, id=60920, stack(0x000000a40b200000,0x000000a40b300000)]
  0x0000020252118230 JavaThread "Exec Stream Pumper" daemon [_thread_in_native, id=63092, stack(0x000000a40cb00000,0x000000a40cc00000)]
  0x0000020252116a20 JavaThread "Exec Stream Pumper" daemon [_thread_in_native, id=56416, stack(0x000000a40cc00000,0x000000a40cd00000)]
  0x0000020252117890 JavaThread "Driver Service Executor" daemon [_thread_blocked, id=63088, stack(0x000000a40d200000,0x000000a40d300000)]
  0x0000020252117d60 JavaThread "Driver Service Executor" daemon [_thread_blocked, id=62996, stack(0x000000a40d300000,0x000000a40d400000)]

Other Threads:
=>0x0000020232ab94e0 VMThread "VM Thread" [stack: 0x000000a40ba00000,0x000000a40bb00000] [id=32648]
  0x0000020250a19060 WatcherThread [stack: 0x000000a40c600000,0x000000a40c700000] [id=43920]
  0x0000020232a3ee90 GCTaskThread "GC Thread#0" [stack: 0x000000a40b500000,0x000000a40b600000] [id=2308]
  0x0000020250de8210 GCTaskThread "GC Thread#1" [stack: 0x000000a40c700000,0x000000a40c800000] [id=42216]
  0x0000020250fff8e0 GCTaskThread "GC Thread#2" [stack: 0x000000a40c800000,0x000000a40c900000] [id=10736]
  0x0000020250de7ad0 GCTaskThread "GC Thread#3" [stack: 0x000000a40c900000,0x000000a40ca00000] [id=36488]
  0x0000020232a49a80 ConcurrentGCThread "G1 Main Marker" [stack: 0x000000a40b600000,0x000000a40b700000] [id=44984]
  0x0000020232a4a3a0 ConcurrentGCThread "G1 Conc#0" [stack: 0x000000a40b700000,0x000000a40b800000] [id=43364]
  0x0000020232a978c0 ConcurrentGCThread "G1 Refine#0" [stack: 0x000000a40b800000,0x000000a40b900000] [id=45604]
  0x0000020250d51ef0 ConcurrentGCThread "G1 Refine#1" [stack: 0x000000a40ca00000,0x000000a40cb00000] [id=45016]
  0x0000020250e15490 ConcurrentGCThread "G1 Refine#2" [stack: 0x000000a40cd00000,0x000000a40ce00000] [id=43784]
  0x00000202514376f0 ConcurrentGCThread "G1 Refine#3" [stack: 0x000000a40ce00000,0x000000a40cf00000] [id=12804]
  0x0000020232a981f0 ConcurrentGCThread "G1 Service" [stack: 0x000000a40b900000,0x000000a40ba00000] [id=45300]

Threads with active compile tasks:
C2 CompilerThread0  28948702 14185       4       org.apache.xmlbeans.impl.store.Cur::moveNode (517 bytes)

VM state: at safepoint (normal execution)

VM Mutex/Monitor currently owned by a thread:  ([mutex/lock_event])
[0x00000202329ff890] Threads_lock - owner thread: 0x0000020232ab94e0
[0x00000202329fe7b0] Heap_lock - owner thread: 0x0000020232a029e0

Heap address: 0x00000000c1400000, size: 1004 MB, Compressed Oops mode: 32-bit

CDS archive(s) mapped at: [0x0000000800000000-0x0000000800bd0000-0x0000000800bd0000), size 12386304, SharedBaseAddress: 0x0000000800000000, ArchiveRelocationMode: 0.
Compressed class space mapped at: 0x0000000800c00000-0x0000000840c00000, reserved size: 1073741824
Narrow klass base: 0x0000000800000000, Narrow klass shift: 0, Narrow klass range: 0x100000000

GC Precious Log:
 CPUs: 4 total, 4 available
 Memory: 4013M
 Large Page Support: Disabled
 NUMA Support: Disabled
 Compressed Oops: Enabled (32-bit)
 Heap Region Size: 1M
 Heap Min Capacity: 8M
 Heap Initial Capacity: 64M
 Heap Max Capacity: 1004M
 Pre-touch: Disabled
 Parallel Workers: 4
 Concurrent Workers: 1
 Concurrent Refinement Workers: 4
 Periodic GC: Disabled

Heap:
 garbage-first heap   total 256000K, used 79537K [0x00000000c1400000, 0x0000000100000000)
  region size 1024K, 3 young (3072K), 3 survivors (3072K)
 Metaspace       used 41038K, committed 41344K, reserved 1089536K
  class space    used 4406K, committed 4544K, reserved 1048576K

Heap Regions: E=young(eden), S=young(survivor), O=old, HS=humongous(starts), HC=humongous(continues), CS=collection set, F=free, OA=open archive, CA=closed archive, TAMS=top-at-mark-start (previous, next)
|   0|0x00000000c1400000, 0x00000000c1500000, 0x00000000c1500000|100%|HS|  |TAMS 0x00000000c1500000, 0x00000000c1500000| Complete 
|   1|0x00000000c1500000, 0x00000000c1600000, 0x00000000c1600000|100%|HS|  |TAMS 0x00000000c1600000, 0x00000000c1600000| Complete 
|   2|0x00000000c1600000, 0x00000000c1700000, 0x00000000c1700000|100%|HC|  |TAMS 0x00000000c1700000, 0x00000000c1700000| Complete 
|   3|0x00000000c1700000, 0x00000000c1800000, 0x00000000c1800000|100%| O|  |TAMS 0x00000000c1800000, 0x00000000c1800000| Untracked 
|   4|0x00000000c1800000, 0x00000000c1900000, 0x00000000c1900000|100%| O|  |TAMS 0x00000000c1900000, 0x00000000c1900000| Untracked 
|   5|0x00000000c1900000, 0x00000000c1a00000, 0x00000000c1a00000|100%| O|  |TAMS 0x00000000c1a00000, 0x00000000c1a00000| Untracked 
|   6|0x00000000c1a00000, 0x00000000c1b00000, 0x00000000c1b00000|100%| O|  |TAMS 0x00000000c1b00000, 0x00000000c1b00000| Untracked 
|   7|0x00000000c1b00000, 0x00000000c1c00000, 0x00000000c1c00000|100%| O|  |TAMS 0x00000000c1c00000, 0x00000000c1c00000| Untracked 
|   8|0x00000000c1c00000, 0x00000000c1d00000, 0x00000000c1d00000|100%| O|  |TAMS 0x00000000c1d00000, 0x00000000c1d00000| Untracked 
|   9|0x00000000c1d00000, 0x00000000c1e00000, 0x00000000c1e00000|100%| O|  |TAMS 0x00000000c1e00000, 0x00000000c1e00000| Untracked 
|  10|0x00000000c1e00000, 0x00000000c1f00000, 0x00000000c1f00000|100%| O|  |TAMS 0x00000000c1f00000, 0x00000000c1f00000| Untracked 
|  11|0x00000000c1f00000, 0x00000000c2000000, 0x00000000c2000000|100%| O|  |TAMS 0x00000000c2000000, 0x00000000c2000000| Untracked 
|  12|0x00000000c2000000, 0x00000000c2100000, 0x00000000c2100000|100%| O|  |TAMS 0x00000000c2100000, 0x00000000c2100000| Untracked 
|  13|0x00000000c2100000, 0x00000000c2200000, 0x00000000c2200000|100%| O|  |TAMS 0x00000000c2200000, 0x00000000c2200000| Untracked 
|  14|0x00000000c2200000, 0x00000000c2300000, 0x00000000c2300000|100%|HS|  |TAMS 0x00000000c2300000, 0x00000000c2300000| Complete 
|  15|0x00000000c2300000, 0x00000000c2400000, 0x00000000c2400000|100%|HC|  |TAMS 0x00000000c2400000, 0x00000000c2400000| Complete 
|  16|0x00000000c2400000, 0x00000000c2500000, 0x00000000c2500000|100%|HC|  |TAMS 0x00000000c2500000, 0x00000000c2500000| Complete 
|  17|0x00000000c2500000, 0x00000000c2600000, 0x00000000c2600000|100%|HC|  |TAMS 0x00000000c2600000, 0x00000000c2600000| Complete 
|  18|0x00000000c2600000, 0x00000000c2700000, 0x00000000c2700000|100%|HC|  |TAMS 0x00000000c2700000, 0x00000000c2700000| Complete 
|  19|0x00000000c2700000, 0x00000000c2800000, 0x00000000c2800000|100%| O|  |TAMS 0x00000000c2800000, 0x00000000c2800000| Untracked 
|  20|0x00000000c2800000, 0x00000000c2900000, 0x00000000c2900000|100%| O|  |TAMS 0x00000000c2900000, 0x00000000c2900000| Untracked 
|  21|0x00000000c2900000, 0x00000000c2900000, 0x00000000c2a00000|  0%| F|  |TAMS 0x00000000c2900000, 0x00000000c2900000| Untracked 
|  22|0x00000000c2a00000, 0x00000000c2b00000, 0x00000000c2b00000|100%| O|  |TAMS 0x00000000c2b00000, 0x00000000c2b00000| Untracked 
|  23|0x00000000c2b00000, 0x00000000c2c00000, 0x00000000c2c00000|100%| O|  |TAMS 0x00000000c2c00000, 0x00000000c2c00000| Untracked 
|  24|0x00000000c2c00000, 0x00000000c2d00000, 0x00000000c2d00000|100%| O|  |TAMS 0x00000000c2d00000, 0x00000000c2d00000| Untracked 
|  25|0x00000000c2d00000, 0x00000000c2e00000, 0x00000000c2e00000|100%| O|  |TAMS 0x00000000c2e00000, 0x00000000c2e00000| Untracked 
|  26|0x00000000c2e00000, 0x00000000c2f00000, 0x00000000c2f00000|100%| O|  |TAMS 0x00000000c2f00000, 0x00000000c2f00000| Untracked 
|  27|0x00000000c2f00000, 0x00000000c3000000, 0x00000000c3000000|100%|HS|  |TAMS 0x00000000c3000000, 0x00000000c3000000| Complete 
|  28|0x00000000c3000000, 0x00000000c3100000, 0x00000000c3100000|100%|HC|  |TAMS 0x00000000c3100000, 0x00000000c3100000| Complete 
|  29|0x00000000c3100000, 0x00000000c3200000, 0x00000000c3200000|100%|HC|  |TAMS 0x00000000c3200000, 0x00000000c3200000| Complete 
|  30|0x00000000c3200000, 0x00000000c3300000, 0x00000000c3300000|100%|HC|  |TAMS 0x00000000c3300000, 0x00000000c3300000| Complete 
|  31|0x00000000c3300000, 0x00000000c3400000, 0x00000000c3400000|100%|HC|  |TAMS 0x00000000c3400000, 0x00000000c3400000| Complete 
|  32|0x00000000c3400000, 0x00000000c3500000, 0x00000000c3500000|100%| O|  |TAMS 0x00000000c3500000, 0x00000000c3500000| Untracked 
|  33|0x00000000c3500000, 0x00000000c3600000, 0x00000000c3600000|100%| O|  |TAMS 0x00000000c3600000, 0x00000000c3600000| Untracked 
|  34|0x00000000c3600000, 0x00000000c3700000, 0x00000000c3700000|100%| O|  |TAMS 0x00000000c3600000, 0x00000000c3700000| Untracked 
|  35|0x00000000c3700000, 0x00000000c3800000, 0x00000000c3800000|100%| O|  |TAMS 0x00000000c3800000, 0x00000000c3800000| Untracked 
|  36|0x00000000c3800000, 0x00000000c3900000, 0x00000000c3900000|100%| O|  |TAMS 0x00000000c3900000, 0x00000000c3900000| Untracked 
|  37|0x00000000c3900000, 0x00000000c3a00000, 0x00000000c3a00000|100%|HS|  |TAMS 0x00000000c3a00000, 0x00000000c3a00000| Complete 
|  38|0x00000000c3a00000, 0x00000000c3b00000, 0x00000000c3b00000|100%|HC|  |TAMS 0x00000000c3b00000, 0x00000000c3b00000| Complete 
|  39|0x00000000c3b00000, 0x00000000c3c00000, 0x00000000c3c00000|100%|HC|  |TAMS 0x00000000c3c00000, 0x00000000c3c00000| Complete 
|  40|0x00000000c3c00000, 0x00000000c3d00000, 0x00000000c3d00000|100%|HC|  |TAMS 0x00000000c3d00000, 0x00000000c3d00000| Complete 
|  41|0x00000000c3d00000, 0x00000000c3e00000, 0x00000000c3e00000|100%|HC|  |TAMS 0x00000000c3e00000, 0x00000000c3e00000| Complete 
|  42|0x00000000c3e00000, 0x00000000c3f00000, 0x00000000c3f00000|100%|HS|  |TAMS 0x00000000c3f00000, 0x00000000c3f00000| Complete 
|  43|0x00000000c3f00000, 0x00000000c4000000, 0x00000000c4000000|100%|HC|  |TAMS 0x00000000c4000000, 0x00000000c4000000| Complete 
|  44|0x00000000c4000000, 0x00000000c4100000, 0x00000000c4100000|100%|HC|  |TAMS 0x00000000c4100000, 0x00000000c4100000| Complete 
|  45|0x00000000c4100000, 0x00000000c4200000, 0x00000000c4200000|100%|HC|  |TAMS 0x00000000c4200000, 0x00000000c4200000| Complete 
|  46|0x00000000c4200000, 0x00000000c4300000, 0x00000000c4300000|100%|HC|  |TAMS 0x00000000c4300000, 0x00000000c4300000| Complete 
|  47|0x00000000c4300000, 0x00000000c4400000, 0x00000000c4400000|100%| O|  |TAMS 0x00000000c4400000, 0x00000000c4400000| Untracked 
|  48|0x00000000c4400000, 0x00000000c4500000, 0x00000000c4500000|100%| O|  |TAMS 0x00000000c4500000, 0x00000000c4500000| Untracked 
|  49|0x00000000c4500000, 0x00000000c4600000, 0x00000000c4600000|100%|HS|  |TAMS 0x00000000c4600000, 0x00000000c4600000| Complete 
|  50|0x00000000c4600000, 0x00000000c4700000, 0x00000000c4700000|100%|HC|  |TAMS 0x00000000c4700000, 0x00000000c4700000| Complete 
|  51|0x00000000c4700000, 0x00000000c4800000, 0x00000000c4800000|100%|HC|  |TAMS 0x00000000c4800000, 0x00000000c4800000| Complete 
|  52|0x00000000c4800000, 0x00000000c4900000, 0x00000000c4900000|100%|HC|  |TAMS 0x00000000c4900000, 0x00000000c4900000| Complete 
|  53|0x00000000c4900000, 0x00000000c4a00000, 0x00000000c4a00000|100%|HC|  |TAMS 0x00000000c4a00000, 0x00000000c4a00000| Complete 
|  54|0x00000000c4a00000, 0x00000000c4b00000, 0x00000000c4b00000|100%|HS|  |TAMS 0x00000000c4b00000, 0x00000000c4b00000| Complete 
|  55|0x00000000c4b00000, 0x00000000c4c00000, 0x00000000c4c00000|100%|HC|  |TAMS 0x00000000c4c00000, 0x00000000c4c00000| Complete 
|  56|0x00000000c4c00000, 0x00000000c4d00000, 0x00000000c4d00000|100%|HC|  |TAMS 0x00000000c4d00000, 0x00000000c4d00000| Complete 
|  57|0x00000000c4d00000, 0x00000000c4e00000, 0x00000000c4e00000|100%|HC|  |TAMS 0x00000000c4e00000, 0x00000000c4e00000| Complete 
|  58|0x00000000c4e00000, 0x00000000c4f00000, 0x00000000c4f00000|100%|HC|  |TAMS 0x00000000c4f00000, 0x00000000c4f00000| Complete 
|  59|0x00000000c4f00000, 0x00000000c5000000, 0x00000000c5000000|100%| O|  |TAMS 0x00000000c5000000, 0x00000000c5000000| Untracked 
|  60|0x00000000c5000000, 0x00000000c5100000, 0x00000000c5100000|100%| O|  |TAMS 0x00000000c5100000, 0x00000000c5100000| Untracked 
|  61|0x00000000c5100000, 0x00000000c5200000, 0x00000000c5200000|100%|HS|  |TAMS 0x00000000c5200000, 0x00000000c5200000| Complete 
|  62|0x00000000c5200000, 0x00000000c5300000, 0x00000000c5300000|100%|HC|  |TAMS 0x00000000c5300000, 0x00000000c5300000| Complete 
|  63|0x00000000c5300000, 0x00000000c5400000, 0x00000000c5400000|100%|HC|  |TAMS 0x00000000c5400000, 0x00000000c5400000| Complete 
|  64|0x00000000c5400000, 0x00000000c5500000, 0x00000000c5500000|100%|HC|  |TAMS 0x00000000c5500000, 0x00000000c5500000| Complete 
|  65|0x00000000c5500000, 0x00000000c5600000, 0x00000000c5600000|100%|HC|  |TAMS 0x00000000c5600000, 0x00000000c5600000| Complete 
|  66|0x00000000c5600000, 0x00000000c5700000, 0x00000000c5700000|100%|HS|  |TAMS 0x00000000c5700000, 0x00000000c5700000| Complete 
|  67|0x00000000c5700000, 0x00000000c5800000, 0x00000000c5800000|100%|HC|  |TAMS 0x00000000c5800000, 0x00000000c5800000| Complete 
|  68|0x00000000c5800000, 0x00000000c5900000, 0x00000000c5900000|100%|HC|  |TAMS 0x00000000c5900000, 0x00000000c5900000| Complete 
|  69|0x00000000c5900000, 0x00000000c5a00000, 0x00000000c5a00000|100%|HC|  |TAMS 0x00000000c5a00000, 0x00000000c5a00000| Complete 
|  70|0x00000000c5a00000, 0x00000000c5b00000, 0x00000000c5b00000|100%|HC|  |TAMS 0x00000000c5b00000, 0x00000000c5b00000| Complete 
|  71|0x00000000c5b00000, 0x00000000c5c00000, 0x00000000c5c00000|100%| O|  |TAMS 0x00000000c5c00000, 0x00000000c5c00000| Untracked 
|  72|0x00000000c5c00000, 0x00000000c5d00000, 0x00000000c5d00000|100%| O|  |TAMS 0x00000000c5ca9000, 0x00000000c5d00000| Untracked 
|  73|0x00000000c5d00000, 0x00000000c5e00000, 0x00000000c5e00000|100%| O|  |TAMS 0x00000000c5d00000, 0x00000000c5e00000| Untracked 
|  74|0x00000000c5e00000, 0x00000000c5f00000, 0x00000000c5f00000|100%| O|  |TAMS 0x00000000c5e00000, 0x00000000c5f00000| Untracked 
|  75|0x00000000c5f00000, 0x00000000c6000000, 0x00000000c6000000|100%| O|  |TAMS 0x00000000c5f00000, 0x00000000c6000000| Untracked 
|  76|0x00000000c6000000, 0x00000000c603be00, 0x00000000c6100000| 23%| O|  |TAMS 0x00000000c6000000, 0x00000000c603be00| Untracked 
|  77|0x00000000c6100000, 0x00000000c6100000, 0x00000000c6200000|  0%| F|  |TAMS 0x00000000c6100000, 0x00000000c6100000| Untracked 
|  78|0x00000000c6200000, 0x00000000c6200000, 0x00000000c6300000|  0%| F|  |TAMS 0x00000000c6200000, 0x00000000c6200000| Untracked 
|  79|0x00000000c6300000, 0x00000000c6300000, 0x00000000c6400000|  0%| F|  |TAMS 0x00000000c6300000, 0x00000000c6300000| Untracked 
|  80|0x00000000c6400000, 0x00000000c6400000, 0x00000000c6500000|  0%| F|  |TAMS 0x00000000c6400000, 0x00000000c6400000| Untracked 
|  81|0x00000000c6500000, 0x00000000c6500000, 0x00000000c6600000|  0%| F|  |TAMS 0x00000000c6500000, 0x00000000c6500000| Untracked 
|  82|0x00000000c6600000, 0x00000000c6600000, 0x00000000c6700000|  0%| F|  |TAMS 0x00000000c6600000, 0x00000000c6600000| Untracked 
|  83|0x00000000c6700000, 0x00000000c6700000, 0x00000000c6800000|  0%| F|  |TAMS 0x00000000c6700000, 0x00000000c6700000| Untracked 
|  84|0x00000000c6800000, 0x00000000c6800000, 0x00000000c6900000|  0%| F|  |TAMS 0x00000000c6800000, 0x00000000c6800000| Untracked 
|  85|0x00000000c6900000, 0x00000000c6900000, 0x00000000c6a00000|  0%| F|  |TAMS 0x00000000c6900000, 0x00000000c6900000| Untracked 
|  86|0x00000000c6a00000, 0x00000000c6a00000, 0x00000000c6b00000|  0%| F|  |TAMS 0x00000000c6a00000, 0x00000000c6a00000| Untracked 
|  87|0x00000000c6b00000, 0x00000000c6b00000, 0x00000000c6c00000|  0%| F|  |TAMS 0x00000000c6b00000, 0x00000000c6b00000| Untracked 
|  88|0x00000000c6c00000, 0x00000000c6c00000, 0x00000000c6d00000|  0%| F|  |TAMS 0x00000000c6c00000, 0x00000000c6c00000| Untracked 
|  89|0x00000000c6d00000, 0x00000000c6d00000, 0x00000000c6e00000|  0%| F|  |TAMS 0x00000000c6d00000, 0x00000000c6d00000| Untracked 
|  90|0x00000000c6e00000, 0x00000000c6e00000, 0x00000000c6f00000|  0%| F|  |TAMS 0x00000000c6e00000, 0x00000000c6e00000| Untracked 
|  91|0x00000000c6f00000, 0x00000000c6f00000, 0x00000000c7000000|  0%| F|  |TAMS 0x00000000c6f00000, 0x00000000c6f00000| Untracked 
|  92|0x00000000c7000000, 0x00000000c7000000, 0x00000000c7100000|  0%| F|  |TAMS 0x00000000c7000000, 0x00000000c7000000| Untracked 
|  93|0x00000000c7100000, 0x00000000c71707e0, 0x00000000c7200000| 43%| S|CS|TAMS 0x00000000c7100000, 0x00000000c7100000| Complete 
|  94|0x00000000c7200000, 0x00000000c7300000, 0x00000000c7300000|100%| S|CS|TAMS 0x00000000c7200000, 0x00000000c7200000| Complete 
|  95|0x00000000c7300000, 0x00000000c7400000, 0x00000000c7400000|100%| S|CS|TAMS 0x00000000c7300000, 0x00000000c7300000| Complete 
|  96|0x00000000c7400000, 0x00000000c7400000, 0x00000000c7500000|  0%| F|  |TAMS 0x00000000c7400000, 0x00000000c7400000| Untracked 
|  97|0x00000000c7500000, 0x00000000c7500000, 0x00000000c7600000|  0%| F|  |TAMS 0x00000000c7500000, 0x00000000c7500000| Untracked 
|  98|0x00000000c7600000, 0x00000000c7600000, 0x00000000c7700000|  0%| F|  |TAMS 0x00000000c7600000, 0x00000000c7600000| Untracked 
|  99|0x00000000c7700000, 0x00000000c7700000, 0x00000000c7800000|  0%| F|  |TAMS 0x00000000c7700000, 0x00000000c7700000| Untracked 
| 100|0x00000000c7800000, 0x00000000c7800000, 0x00000000c7900000|  0%| F|  |TAMS 0x00000000c7800000, 0x00000000c7800000| Untracked 
| 101|0x00000000c7900000, 0x00000000c7900000, 0x00000000c7a00000|  0%| F|  |TAMS 0x00000000c7900000, 0x00000000c7900000| Untracked 
| 102|0x00000000c7a00000, 0x00000000c7a00000, 0x00000000c7b00000|  0%| F|  |TAMS 0x00000000c7a00000, 0x00000000c7a00000| Untracked 
| 103|0x00000000c7b00000, 0x00000000c7b00000, 0x00000000c7c00000|  0%| F|  |TAMS 0x00000000c7b00000, 0x00000000c7b00000| Untracked 
| 104|0x00000000c7c00000, 0x00000000c7c00000, 0x00000000c7d00000|  0%| F|  |TAMS 0x00000000c7c00000, 0x00000000c7c00000| Untracked 
| 105|0x00000000c7d00000, 0x00000000c7d00000, 0x00000000c7e00000|  0%| F|  |TAMS 0x00000000c7d00000, 0x00000000c7d00000| Untracked 
| 106|0x00000000c7e00000, 0x00000000c7e00000, 0x00000000c7f00000|  0%| F|  |TAMS 0x00000000c7e00000, 0x00000000c7e00000| Untracked 
| 107|0x00000000c7f00000, 0x00000000c7f00000, 0x00000000c8000000|  0%| F|  |TAMS 0x00000000c7f00000, 0x00000000c7f00000| Untracked 
| 108|0x00000000c8000000, 0x00000000c8000000, 0x00000000c8100000|  0%| F|  |TAMS 0x00000000c8000000, 0x00000000c8000000| Untracked 
| 109|0x00000000c8100000, 0x00000000c8100000, 0x00000000c8200000|  0%| F|  |TAMS 0x00000000c8100000, 0x00000000c8100000| Untracked 
| 110|0x00000000c8200000, 0x00000000c8200000, 0x00000000c8300000|  0%| F|  |TAMS 0x00000000c8200000, 0x00000000c8200000| Untracked 
| 111|0x00000000c8300000, 0x00000000c8300000, 0x00000000c8400000|  0%| F|  |TAMS 0x00000000c8300000, 0x00000000c8300000| Untracked 
| 112|0x00000000c8400000, 0x00000000c8400000, 0x00000000c8500000|  0%| F|  |TAMS 0x00000000c8400000, 0x00000000c8400000| Untracked 
| 113|0x00000000c8500000, 0x00000000c8500000, 0x00000000c8600000|  0%| F|  |TAMS 0x00000000c8500000, 0x00000000c8500000| Untracked 
| 114|0x00000000c8600000, 0x00000000c8600000, 0x00000000c8700000|  0%| F|  |TAMS 0x00000000c8600000, 0x00000000c8600000| Untracked 
| 115|0x00000000c8700000, 0x00000000c8700000, 0x00000000c8800000|  0%| F|  |TAMS 0x00000000c8700000, 0x00000000c8700000| Untracked 
| 116|0x00000000c8800000, 0x00000000c8800000, 0x00000000c8900000|  0%| F|  |TAMS 0x00000000c8800000, 0x00000000c8800000| Untracked 
| 117|0x00000000c8900000, 0x00000000c8900000, 0x00000000c8a00000|  0%| F|  |TAMS 0x00000000c8900000, 0x00000000c8900000| Untracked 
| 118|0x00000000c8a00000, 0x00000000c8a00000, 0x00000000c8b00000|  0%| F|  |TAMS 0x00000000c8a00000, 0x00000000c8a00000| Untracked 
| 119|0x00000000c8b00000, 0x00000000c8b00000, 0x00000000c8c00000|  0%| F|  |TAMS 0x00000000c8b00000, 0x00000000c8b00000| Untracked 
| 120|0x00000000c8c00000, 0x00000000c8c00000, 0x00000000c8d00000|  0%| F|  |TAMS 0x00000000c8c00000, 0x00000000c8c00000| Untracked 
| 121|0x00000000c8d00000, 0x00000000c8d00000, 0x00000000c8e00000|  0%| F|  |TAMS 0x00000000c8d00000, 0x00000000c8d00000| Untracked 
| 122|0x00000000c8e00000, 0x00000000c8e00000, 0x00000000c8f00000|  0%| F|  |TAMS 0x00000000c8e00000, 0x00000000c8e00000| Untracked 
| 123|0x00000000c8f00000, 0x00000000c8f00000, 0x00000000c9000000|  0%| F|  |TAMS 0x00000000c8f00000, 0x00000000c8f00000| Untracked 
| 124|0x00000000c9000000, 0x00000000c9000000, 0x00000000c9100000|  0%| F|  |TAMS 0x00000000c9000000, 0x00000000c9000000| Untracked 
| 125|0x00000000c9100000, 0x00000000c9100000, 0x00000000c9200000|  0%| F|  |TAMS 0x00000000c9100000, 0x00000000c9100000| Untracked 
| 126|0x00000000c9200000, 0x00000000c9200000, 0x00000000c9300000|  0%| F|  |TAMS 0x00000000c9200000, 0x00000000c9200000| Untracked 
| 127|0x00000000c9300000, 0x00000000c9300000, 0x00000000c9400000|  0%| F|  |TAMS 0x00000000c9300000, 0x00000000c9300000| Untracked 
| 128|0x00000000c9400000, 0x00000000c9400000, 0x00000000c9500000|  0%| F|  |TAMS 0x00000000c9400000, 0x00000000c9400000| Untracked 
| 129|0x00000000c9500000, 0x00000000c9500000, 0x00000000c9600000|  0%| F|  |TAMS 0x00000000c9500000, 0x00000000c9500000| Untracked 
| 130|0x00000000c9600000, 0x00000000c9600000, 0x00000000c9700000|  0%| F|  |TAMS 0x00000000c9600000, 0x00000000c9600000| Untracked 
| 131|0x00000000c9700000, 0x00000000c9700000, 0x00000000c9800000|  0%| F|  |TAMS 0x00000000c9700000, 0x00000000c9700000| Untracked 
| 132|0x00000000c9800000, 0x00000000c9800000, 0x00000000c9900000|  0%| F|  |TAMS 0x00000000c9800000, 0x00000000c9800000| Untracked 
| 133|0x00000000c9900000, 0x00000000c9900000, 0x00000000c9a00000|  0%| F|  |TAMS 0x00000000c9900000, 0x00000000c9900000| Untracked 
| 134|0x00000000c9a00000, 0x00000000c9a00000, 0x00000000c9b00000|  0%| F|  |TAMS 0x00000000c9a00000, 0x00000000c9a00000| Untracked 
| 135|0x00000000c9b00000, 0x00000000c9b00000, 0x00000000c9c00000|  0%| F|  |TAMS 0x00000000c9b00000, 0x00000000c9b00000| Untracked 
| 136|0x00000000c9c00000, 0x00000000c9c00000, 0x00000000c9d00000|  0%| F|  |TAMS 0x00000000c9c00000, 0x00000000c9c00000| Untracked 
| 137|0x00000000c9d00000, 0x00000000c9d00000, 0x00000000c9e00000|  0%| F|  |TAMS 0x00000000c9d00000, 0x00000000c9d00000| Untracked 
| 138|0x00000000c9e00000, 0x00000000c9e00000, 0x00000000c9f00000|  0%| F|  |TAMS 0x00000000c9e00000, 0x00000000c9e00000| Untracked 
| 139|0x00000000c9f00000, 0x00000000c9f00000, 0x00000000ca000000|  0%| F|  |TAMS 0x00000000c9f00000, 0x00000000c9f00000| Untracked 
| 140|0x00000000ca000000, 0x00000000ca000000, 0x00000000ca100000|  0%| F|  |TAMS 0x00000000ca000000, 0x00000000ca000000| Untracked 
| 141|0x00000000ca100000, 0x00000000ca100000, 0x00000000ca200000|  0%| F|  |TAMS 0x00000000ca100000, 0x00000000ca100000| Untracked 
| 142|0x00000000ca200000, 0x00000000ca200000, 0x00000000ca300000|  0%| F|  |TAMS 0x00000000ca200000, 0x00000000ca200000| Untracked 
| 143|0x00000000ca300000, 0x00000000ca300000, 0x00000000ca400000|  0%| F|  |TAMS 0x00000000ca300000, 0x00000000ca300000| Untracked 
| 144|0x00000000ca400000, 0x00000000ca400000, 0x00000000ca500000|  0%| F|  |TAMS 0x00000000ca400000, 0x00000000ca400000| Untracked 
| 145|0x00000000ca500000, 0x00000000ca500000, 0x00000000ca600000|  0%| F|  |TAMS 0x00000000ca500000, 0x00000000ca500000| Untracked 
| 146|0x00000000ca600000, 0x00000000ca600000, 0x00000000ca700000|  0%| F|  |TAMS 0x00000000ca600000, 0x00000000ca600000| Untracked 
| 147|0x00000000ca700000, 0x00000000ca700000, 0x00000000ca800000|  0%| F|  |TAMS 0x00000000ca700000, 0x00000000ca700000| Untracked 
| 148|0x00000000ca800000, 0x00000000ca800000, 0x00000000ca900000|  0%| F|  |TAMS 0x00000000ca800000, 0x00000000ca800000| Untracked 
| 149|0x00000000ca900000, 0x00000000ca900000, 0x00000000caa00000|  0%| F|  |TAMS 0x00000000ca900000, 0x00000000ca900000| Untracked 
| 150|0x00000000caa00000, 0x00000000caa00000, 0x00000000cab00000|  0%| F|  |TAMS 0x00000000caa00000, 0x00000000caa00000| Untracked 
| 151|0x00000000cab00000, 0x00000000cab00000, 0x00000000cac00000|  0%| F|  |TAMS 0x00000000cab00000, 0x00000000cab00000| Untracked 
| 152|0x00000000cac00000, 0x00000000cac00000, 0x00000000cad00000|  0%| F|  |TAMS 0x00000000cac00000, 0x00000000cac00000| Untracked 
| 153|0x00000000cad00000, 0x00000000cad00000, 0x00000000cae00000|  0%| F|  |TAMS 0x00000000cad00000, 0x00000000cad00000| Untracked 
| 154|0x00000000cae00000, 0x00000000cae00000, 0x00000000caf00000|  0%| F|  |TAMS 0x00000000cae00000, 0x00000000cae00000| Untracked 
| 155|0x00000000caf00000, 0x00000000caf00000, 0x00000000cb000000|  0%| F|  |TAMS 0x00000000caf00000, 0x00000000caf00000| Untracked 
| 156|0x00000000cb000000, 0x00000000cb000000, 0x00000000cb100000|  0%| F|  |TAMS 0x00000000cb000000, 0x00000000cb000000| Untracked 
| 157|0x00000000cb100000, 0x00000000cb100000, 0x00000000cb200000|  0%| F|  |TAMS 0x00000000cb100000, 0x00000000cb100000| Untracked 
| 158|0x00000000cb200000, 0x00000000cb200000, 0x00000000cb300000|  0%| F|  |TAMS 0x00000000cb200000, 0x00000000cb200000| Untracked 
| 159|0x00000000cb300000, 0x00000000cb300000, 0x00000000cb400000|  0%| F|  |TAMS 0x00000000cb300000, 0x00000000cb300000| Untracked 
| 160|0x00000000cb400000, 0x00000000cb400000, 0x00000000cb500000|  0%| F|  |TAMS 0x00000000cb400000, 0x00000000cb400000| Untracked 
| 161|0x00000000cb500000, 0x00000000cb500000, 0x00000000cb600000|  0%| F|  |TAMS 0x00000000cb500000, 0x00000000cb500000| Untracked 
| 162|0x00000000cb600000, 0x00000000cb600000, 0x00000000cb700000|  0%| F|  |TAMS 0x00000000cb600000, 0x00000000cb600000| Untracked 
| 163|0x00000000cb700000, 0x00000000cb700000, 0x00000000cb800000|  0%| F|  |TAMS 0x00000000cb700000, 0x00000000cb700000| Untracked 
| 164|0x00000000cb800000, 0x00000000cb800000, 0x00000000cb900000|  0%| F|  |TAMS 0x00000000cb800000, 0x00000000cb800000| Untracked 
| 165|0x00000000cb900000, 0x00000000cb900000, 0x00000000cba00000|  0%| F|  |TAMS 0x00000000cb900000, 0x00000000cb900000| Untracked 
| 166|0x00000000cba00000, 0x00000000cba00000, 0x00000000cbb00000|  0%| F|  |TAMS 0x00000000cba00000, 0x00000000cba00000| Untracked 
| 167|0x00000000cbb00000, 0x00000000cbb00000, 0x00000000cbc00000|  0%| F|  |TAMS 0x00000000cbb00000, 0x00000000cbb00000| Untracked 
| 168|0x00000000cbc00000, 0x00000000cbc00000, 0x00000000cbd00000|  0%| F|  |TAMS 0x00000000cbc00000, 0x00000000cbc00000| Untracked 
| 169|0x00000000cbd00000, 0x00000000cbd00000, 0x00000000cbe00000|  0%| F|  |TAMS 0x00000000cbd00000, 0x00000000cbd00000| Untracked 
| 170|0x00000000cbe00000, 0x00000000cbe00000, 0x00000000cbf00000|  0%| F|  |TAMS 0x00000000cbe00000, 0x00000000cbe00000| Untracked 
| 171|0x00000000cbf00000, 0x00000000cbf00000, 0x00000000cc000000|  0%| F|  |TAMS 0x00000000cbf00000, 0x00000000cbf00000| Untracked 
| 172|0x00000000cc000000, 0x00000000cc000000, 0x00000000cc100000|  0%| F|  |TAMS 0x00000000cc000000, 0x00000000cc000000| Untracked 
| 173|0x00000000cc100000, 0x00000000cc100000, 0x00000000cc200000|  0%| F|  |TAMS 0x00000000cc100000, 0x00000000cc100000| Untracked 
| 174|0x00000000cc200000, 0x00000000cc200000, 0x00000000cc300000|  0%| F|  |TAMS 0x00000000cc200000, 0x00000000cc200000| Untracked 
| 175|0x00000000cc300000, 0x00000000cc300000, 0x00000000cc400000|  0%| F|  |TAMS 0x00000000cc300000, 0x00000000cc300000| Untracked 
| 176|0x00000000cc400000, 0x00000000cc400000, 0x00000000cc500000|  0%| F|  |TAMS 0x00000000cc400000, 0x00000000cc400000| Untracked 
| 177|0x00000000cc500000, 0x00000000cc500000, 0x00000000cc600000|  0%| F|  |TAMS 0x00000000cc500000, 0x00000000cc500000| Untracked 
| 178|0x00000000cc600000, 0x00000000cc600000, 0x00000000cc700000|  0%| F|  |TAMS 0x00000000cc600000, 0x00000000cc600000| Untracked 
| 179|0x00000000cc700000, 0x00000000cc700000, 0x00000000cc800000|  0%| F|  |TAMS 0x00000000cc700000, 0x00000000cc700000| Untracked 
| 180|0x00000000cc800000, 0x00000000cc800000, 0x00000000cc900000|  0%| F|  |TAMS 0x00000000cc800000, 0x00000000cc800000| Untracked 
| 181|0x00000000cc900000, 0x00000000cc900000, 0x00000000cca00000|  0%| F|  |TAMS 0x00000000cc900000, 0x00000000cc900000| Untracked 
| 182|0x00000000cca00000, 0x00000000cca00000, 0x00000000ccb00000|  0%| F|  |TAMS 0x00000000cca00000, 0x00000000cca00000| Untracked 
| 183|0x00000000ccb00000, 0x00000000ccb00000, 0x00000000ccc00000|  0%| F|  |TAMS 0x00000000ccb00000, 0x00000000ccb00000| Untracked 
| 184|0x00000000ccc00000, 0x00000000ccc00000, 0x00000000ccd00000|  0%| F|  |TAMS 0x00000000ccc00000, 0x00000000ccc00000| Untracked 
| 185|0x00000000ccd00000, 0x00000000ccd00000, 0x00000000cce00000|  0%| F|  |TAMS 0x00000000ccd00000, 0x00000000ccd00000| Untracked 
| 186|0x00000000cce00000, 0x00000000cce00000, 0x00000000ccf00000|  0%| F|  |TAMS 0x00000000cce00000, 0x00000000cce00000| Untracked 
| 187|0x00000000ccf00000, 0x00000000ccf00000, 0x00000000cd000000|  0%| F|  |TAMS 0x00000000ccf00000, 0x00000000ccf00000| Untracked 
| 188|0x00000000cd000000, 0x00000000cd000000, 0x00000000cd100000|  0%| F|  |TAMS 0x00000000cd000000, 0x00000000cd000000| Untracked 
| 189|0x00000000cd100000, 0x00000000cd100000, 0x00000000cd200000|  0%| F|  |TAMS 0x00000000cd100000, 0x00000000cd100000| Untracked 
| 190|0x00000000cd200000, 0x00000000cd200000, 0x00000000cd300000|  0%| F|  |TAMS 0x00000000cd200000, 0x00000000cd200000| Untracked 
| 191|0x00000000cd300000, 0x00000000cd300000, 0x00000000cd400000|  0%| F|  |TAMS 0x00000000cd300000, 0x00000000cd300000| Untracked 
| 192|0x00000000cd400000, 0x00000000cd400000, 0x00000000cd500000|  0%| F|  |TAMS 0x00000000cd400000, 0x00000000cd400000| Untracked 
| 193|0x00000000cd500000, 0x00000000cd500000, 0x00000000cd600000|  0%| F|  |TAMS 0x00000000cd500000, 0x00000000cd500000| Untracked 
| 194|0x00000000cd600000, 0x00000000cd600000, 0x00000000cd700000|  0%| F|  |TAMS 0x00000000cd600000, 0x00000000cd600000| Untracked 
| 195|0x00000000cd700000, 0x00000000cd700000, 0x00000000cd800000|  0%| F|  |TAMS 0x00000000cd700000, 0x00000000cd700000| Untracked 
| 196|0x00000000cd800000, 0x00000000cd800000, 0x00000000cd900000|  0%| F|  |TAMS 0x00000000cd800000, 0x00000000cd800000| Untracked 
| 197|0x00000000cd900000, 0x00000000cd900000, 0x00000000cda00000|  0%| F|  |TAMS 0x00000000cd900000, 0x00000000cd900000| Untracked 
| 198|0x00000000cda00000, 0x00000000cda00000, 0x00000000cdb00000|  0%| F|  |TAMS 0x00000000cda00000, 0x00000000cda00000| Untracked 
| 199|0x00000000cdb00000, 0x00000000cdb00000, 0x00000000cdc00000|  0%| F|  |TAMS 0x00000000cdb00000, 0x00000000cdb00000| Untracked 
| 200|0x00000000cdc00000, 0x00000000cdc00000, 0x00000000cdd00000|  0%| F|  |TAMS 0x00000000cdc00000, 0x00000000cdc00000| Untracked 
| 201|0x00000000cdd00000, 0x00000000cdd00000, 0x00000000cde00000|  0%| F|  |TAMS 0x00000000cdd00000, 0x00000000cdd00000| Untracked 
| 202|0x00000000cde00000, 0x00000000cde00000, 0x00000000cdf00000|  0%| F|  |TAMS 0x00000000cde00000, 0x00000000cde00000| Untracked 
| 203|0x00000000cdf00000, 0x00000000cdf00000, 0x00000000ce000000|  0%| F|  |TAMS 0x00000000cdf00000, 0x00000000cdf00000| Untracked 
| 204|0x00000000ce000000, 0x00000000ce000000, 0x00000000ce100000|  0%| F|  |TAMS 0x00000000ce000000, 0x00000000ce000000| Untracked 
| 205|0x00000000ce100000, 0x00000000ce100000, 0x00000000ce200000|  0%| F|  |TAMS 0x00000000ce100000, 0x00000000ce100000| Untracked 
| 206|0x00000000ce200000, 0x00000000ce200000, 0x00000000ce300000|  0%| F|  |TAMS 0x00000000ce200000, 0x00000000ce200000| Untracked 
| 207|0x00000000ce300000, 0x00000000ce300000, 0x00000000ce400000|  0%| F|  |TAMS 0x00000000ce300000, 0x00000000ce300000| Untracked 
| 208|0x00000000ce400000, 0x00000000ce400000, 0x00000000ce500000|  0%| F|  |TAMS 0x00000000ce400000, 0x00000000ce400000| Untracked 
| 209|0x00000000ce500000, 0x00000000ce500000, 0x00000000ce600000|  0%| F|  |TAMS 0x00000000ce500000, 0x00000000ce500000| Untracked 
| 210|0x00000000ce600000, 0x00000000ce600000, 0x00000000ce700000|  0%| F|  |TAMS 0x00000000ce600000, 0x00000000ce600000| Untracked 
| 211|0x00000000ce700000, 0x00000000ce700000, 0x00000000ce800000|  0%| F|  |TAMS 0x00000000ce700000, 0x00000000ce700000| Untracked 
| 212|0x00000000ce800000, 0x00000000ce800000, 0x00000000ce900000|  0%| F|  |TAMS 0x00000000ce800000, 0x00000000ce800000| Untracked 
| 213|0x00000000ce900000, 0x00000000ce900000, 0x00000000cea00000|  0%| F|  |TAMS 0x00000000ce900000, 0x00000000ce900000| Untracked 
| 214|0x00000000cea00000, 0x00000000cea00000, 0x00000000ceb00000|  0%| F|  |TAMS 0x00000000cea00000, 0x00000000cea00000| Untracked 
| 215|0x00000000ceb00000, 0x00000000ceb00000, 0x00000000cec00000|  0%| F|  |TAMS 0x00000000ceb00000, 0x00000000ceb00000| Untracked 
| 216|0x00000000cec00000, 0x00000000cec00000, 0x00000000ced00000|  0%| F|  |TAMS 0x00000000cec00000, 0x00000000cec00000| Untracked 
| 217|0x00000000ced00000, 0x00000000ced00000, 0x00000000cee00000|  0%| F|  |TAMS 0x00000000ced00000, 0x00000000ced00000| Untracked 
| 218|0x00000000cee00000, 0x00000000cee00000, 0x00000000cef00000|  0%| F|  |TAMS 0x00000000cee00000, 0x00000000cee00000| Untracked 
| 219|0x00000000cef00000, 0x00000000cef00000, 0x00000000cf000000|  0%| F|  |TAMS 0x00000000cef00000, 0x00000000cef00000| Untracked 
| 220|0x00000000cf000000, 0x00000000cf000000, 0x00000000cf100000|  0%| F|  |TAMS 0x00000000cf000000, 0x00000000cf000000| Untracked 
| 221|0x00000000cf100000, 0x00000000cf100000, 0x00000000cf200000|  0%| F|  |TAMS 0x00000000cf100000, 0x00000000cf100000| Untracked 
| 222|0x00000000cf200000, 0x00000000cf200000, 0x00000000cf300000|  0%| F|  |TAMS 0x00000000cf200000, 0x00000000cf200000| Untracked 
| 223|0x00000000cf300000, 0x00000000cf300000, 0x00000000cf400000|  0%| F|  |TAMS 0x00000000cf300000, 0x00000000cf300000| Untracked 
| 224|0x00000000cf400000, 0x00000000cf400000, 0x00000000cf500000|  0%| F|  |TAMS 0x00000000cf400000, 0x00000000cf400000| Untracked 
| 225|0x00000000cf500000, 0x00000000cf500000, 0x00000000cf600000|  0%| F|  |TAMS 0x00000000cf500000, 0x00000000cf500000| Untracked 
| 226|0x00000000cf600000, 0x00000000cf600000, 0x00000000cf700000|  0%| F|  |TAMS 0x00000000cf600000, 0x00000000cf600000| Untracked 
| 227|0x00000000cf700000, 0x00000000cf700000, 0x00000000cf800000|  0%| F|  |TAMS 0x00000000cf700000, 0x00000000cf700000| Untracked 
| 228|0x00000000cf800000, 0x00000000cf800000, 0x00000000cf900000|  0%| F|  |TAMS 0x00000000cf800000, 0x00000000cf800000| Untracked 
| 229|0x00000000cf900000, 0x00000000cf900000, 0x00000000cfa00000|  0%| F|  |TAMS 0x00000000cf900000, 0x00000000cf900000| Untracked 
| 230|0x00000000cfa00000, 0x00000000cfa00000, 0x00000000cfb00000|  0%| F|  |TAMS 0x00000000cfa00000, 0x00000000cfa00000| Untracked 
| 231|0x00000000cfb00000, 0x00000000cfb00000, 0x00000000cfc00000|  0%| F|  |TAMS 0x00000000cfb00000, 0x00000000cfb00000| Untracked 
| 232|0x00000000cfc00000, 0x00000000cfc00000, 0x00000000cfd00000|  0%| F|  |TAMS 0x00000000cfc00000, 0x00000000cfc00000| Untracked 
| 233|0x00000000cfd00000, 0x00000000cfd00000, 0x00000000cfe00000|  0%| F|  |TAMS 0x00000000cfd00000, 0x00000000cfd00000| Untracked 
| 234|0x00000000cfe00000, 0x00000000cfe00000, 0x00000000cff00000|  0%| F|  |TAMS 0x00000000cfe00000, 0x00000000cfe00000| Untracked 
| 235|0x00000000cff00000, 0x00000000cff00000, 0x00000000d0000000|  0%| F|  |TAMS 0x00000000cff00000, 0x00000000cff00000| Untracked 
| 236|0x00000000d0000000, 0x00000000d0000000, 0x00000000d0100000|  0%| F|  |TAMS 0x00000000d0000000, 0x00000000d0000000| Untracked 
| 237|0x00000000d0100000, 0x00000000d0100000, 0x00000000d0200000|  0%| F|  |TAMS 0x00000000d0100000, 0x00000000d0100000| Untracked 
| 238|0x00000000d0200000, 0x00000000d0200000, 0x00000000d0300000|  0%| F|  |TAMS 0x00000000d0200000, 0x00000000d0200000| Untracked 
| 239|0x00000000d0300000, 0x00000000d0300000, 0x00000000d0400000|  0%| F|  |TAMS 0x00000000d0300000, 0x00000000d0300000| Untracked 
| 240|0x00000000d0400000, 0x00000000d0400000, 0x00000000d0500000|  0%| F|  |TAMS 0x00000000d0400000, 0x00000000d0400000| Untracked 
| 241|0x00000000d0500000, 0x00000000d0500000, 0x00000000d0600000|  0%| F|  |TAMS 0x00000000d0500000, 0x00000000d0500000| Untracked 
| 242|0x00000000d0600000, 0x00000000d0600000, 0x00000000d0700000|  0%| F|  |TAMS 0x00000000d0600000, 0x00000000d0600000| Untracked 
| 243|0x00000000d0700000, 0x00000000d0700000, 0x00000000d0800000|  0%| F|  |TAMS 0x00000000d0700000, 0x00000000d0700000| Untracked 
| 244|0x00000000d0800000, 0x00000000d0800000, 0x00000000d0900000|  0%| F|  |TAMS 0x00000000d0800000, 0x00000000d0800000| Untracked 
| 245|0x00000000d0900000, 0x00000000d0900000, 0x00000000d0a00000|  0%| F|  |TAMS 0x00000000d0900000, 0x00000000d0900000| Untracked 
| 246|0x00000000d0a00000, 0x00000000d0a00000, 0x00000000d0b00000|  0%| F|  |TAMS 0x00000000d0a00000, 0x00000000d0a00000| Untracked 
| 247|0x00000000d0b00000, 0x00000000d0b00000, 0x00000000d0c00000|  0%| F|  |TAMS 0x00000000d0b00000, 0x00000000d0b00000| Untracked 
| 973|0x00000000fe100000, 0x00000000fe100000, 0x00000000fe200000|  0%| F|  |TAMS 0x00000000fe100000, 0x00000000fe100000| Untracked 
|1003|0x00000000fff00000, 0x00000000fff00000, 0x0000000100000000|  0%| F|  |TAMS 0x00000000fff00000, 0x00000000fff00000| Untracked 

Card table byte_map: [0x000002024b280000,0x000002024b480000] _byte_map_base: 0x000002024ac76000

Marking Bits (Prev, Next): (CMBitMap*) 0x0000020232a413d0, (CMBitMap*) 0x0000020232a41410
 Prev Bits: [0x000002024b680000, 0x000002024c630000)
 Next Bits: [0x000002024c630000, 0x000002024d5e0000)

Polling page: 0x0000020232890000

Metaspace:

Usage:
  Non-class:     35.77 MB used.
      Class:      4.30 MB used.
       Both:     40.08 MB used.

Virtual space:
  Non-class space:       40.00 MB reserved,      35.94 MB ( 90%) committed,  5 nodes.
      Class space:        1.00 GB reserved,       4.44 MB ( <1%) committed,  1 nodes.
             Both:        1.04 GB reserved,      40.38 MB (  4%) committed. 

Chunk freelists:
   Non-Class:  3.98 MB
       Class:  3.48 MB
        Both:  7.46 MB

MaxMetaspaceSize: unlimited
CompressedClassSpaceSize: 1.00 GB
Initial GC threshold: 21.00 MB
Current GC threshold: 67.19 MB
CDS: on
MetaspaceReclaimPolicy: balanced
 - commit_granule_bytes: 65536.
 - commit_granule_words: 8192.
 - virtual_space_node_default_size: 1048576.
 - enlarge_chunks_in_place: 1.
 - new_chunks_are_fully_committed: 0.
 - uncommit_free_chunks: 1.
 - use_allocation_guard: 0.
 - handle_deallocations: 1.


Internal statistics:

num_allocs_failed_limit: 3.
num_arena_births: 356.
num_arena_deaths: 74.
num_vsnodes_births: 6.
num_vsnodes_deaths: 0.
num_space_committed: 646.
num_space_uncommitted: 0.
num_chunks_returned_to_freelist: 89.
num_chunks_taken_from_freelist: 1522.
num_chunk_merges: 26.
num_chunk_splits: 1026.
num_chunks_enlarged: 771.
num_purges: 8.
num_inconsistent_stats: 0.

CodeHeap 'non-profiled nmethods': size=120000Kb used=11757Kb max_used=11928Kb free=108242Kb
 bounds [0x0000020243530000, 0x00000202440e0000, 0x000002024aa60000]
CodeHeap 'profiled nmethods': size=120000Kb used=19226Kb max_used=19521Kb free=100773Kb
 bounds [0x000002023ba60000, 0x000002023cdd0000, 0x0000020242f90000]
CodeHeap 'non-nmethods': size=5760Kb used=1330Kb max_used=1415Kb free=4429Kb
 bounds [0x0000020242f90000, 0x0000020243200000, 0x0000020243530000]
 total_blobs=10862 nmethods=10206 adapters=568
 compilation: enabled
              stopped_count=0, restarted_count=0
 full_count=0

Compilation events (20 events):
Event: 28948.566 Thread 0x000002024fbb3a60 14193       2       org.apache.xmlbeans.impl.store.Saver$DocSaveCur::toEnd (8 bytes)
Event: 28948.566 Thread 0x000002024fbb3a60 nmethod 14193 0x000002023be69d90 code [0x000002023be69f20, 0x000002023be6a068]
Event: 28948.571 Thread 0x000002024fb4e250 nmethod 14131 0x00000202440d4390 code [0x00000202440d4580, 0x00000202440d55b8]
Event: 28948.571 Thread 0x000002024fb4e250 14132   !   4       java.io.BufferedWriter::flushBuffer (53 bytes)
Event: 28948.574 Thread 0x000002024fb4e250 nmethod 14132 0x0000020243b2d690 code [0x0000020243b2d820, 0x0000020243b2dc08]
Event: 28948.574 Thread 0x000002024fb4e250 14172       4       org.apache.xmlbeans.impl.store.Locale::embedCurs (69 bytes)
Event: 28948.583 Thread 0x000002024fb4e250 nmethod 14172 0x0000020243d5e410 code [0x0000020243d5e5a0, 0x0000020243d5ef58]
Event: 28948.583 Thread 0x000002024fb4e250 14185       4       org.apache.xmlbeans.impl.store.Cur::moveNode (517 bytes)
Event: 28948.591 Thread 0x000002024fbb3a60 14195       2       org.apache.poi.xssf.usermodel.XSSFRow::<init> (137 bytes)
Event: 28948.592 Thread 0x000002024fbb3a60 nmethod 14195 0x000002023c9af890 code [0x000002023c9afb40, 0x000002023c9b0808]
Event: 28948.592 Thread 0x000002024fbb3a60 14196       2       org.openxmlformats.schemas.spreadsheetml.x2006.main.impl.CTRowImpl::getCArray (17 bytes)
Event: 28948.592 Thread 0x000002024fbb3a60 nmethod 14196 0x000002023c822010 code [0x000002023c822220, 0x000002023c8228c8]
Event: 28948.592 Thread 0x000002024fbb3a60 14197   !   2       org.openxmlformats.schemas.spreadsheetml.x2006.main.impl.CTRowImpl::isSetR (41 bytes)
Event: 28948.593 Thread 0x000002024fbb3a60 nmethod 14197 0x000002023ca90190 code [0x000002023ca90380, 0x000002023ca90838]
Event: 28948.593 Thread 0x000002024fbb3a60 14198       2       org.apache.poi.xssf.usermodel.XSSFSheet::getLastRowNum (32 bytes)
Event: 28948.593 Thread 0x000002024fbb3a60 nmethod 14198 0x000002023ca9a290 code [0x000002023ca9a440, 0x000002023ca9a5f8]
Event: 28948.593 Thread 0x000002024fbb3a60 14199       2       org.apache.poi.xssf.usermodel.XSSFRow::setRowNum (71 bytes)
Event: 28948.593 Thread 0x000002024fbb3a60 nmethod 14199 0x000002023bf5a390 code [0x000002023bf5a5c0, 0x000002023bf5a9f8]
Event: 28948.593 Thread 0x000002024fbb3a60 14200       2       org.apache.poi.ss.SpreadsheetVersion::getLastRowIndex (7 bytes)
Event: 28948.593 Thread 0x000002024fbb3a60 nmethod 14200 0x000002023bf12910 code [0x000002023bf12aa0, 0x000002023bf12bb8]

GC Heap History (20 events):
Event: 28504.617 GC heap after
{Heap after GC invocations=339 (full 0):
 garbage-first heap   total 122880K, used 70101K [0x00000000c1400000, 0x0000000100000000)
  region size 1024K, 1 young (1024K), 1 survivors (1024K)
 Metaspace       used 34731K, committed 35008K, reserved 1081344K
  class space    used 3634K, committed 3776K, reserved 1048576K
}
Event: 28640.008 GC heap before
{Heap before GC invocations=340 (full 0):
 garbage-first heap   total 122880K, used 107989K [0x00000000c1400000, 0x0000000100000000)
  region size 1024K, 39 young (39936K), 1 survivors (1024K)
 Metaspace       used 34731K, committed 35008K, reserved 1081344K
  class space    used 3634K, committed 3776K, reserved 1048576K
}
Event: 28640.100 GC heap after
{Heap after GC invocations=341 (full 0):
 garbage-first heap   total 122880K, used 70033K [0x00000000c1400000, 0x0000000100000000)
  region size 1024K, 1 young (1024K), 1 survivors (1024K)
 Metaspace       used 34731K, committed 35008K, reserved 1081344K
  class space    used 3634K, committed 3776K, reserved 1048576K
}
Event: 28798.807 GC heap before
{Heap before GC invocations=341 (full 0):
 garbage-first heap   total 122880K, used 106897K [0x00000000c1400000, 0x0000000100000000)
  region size 1024K, 38 young (38912K), 1 survivors (1024K)
 Metaspace       used 34731K, committed 35008K, reserved 1081344K
  class space    used 3634K, committed 3776K, reserved 1048576K
}
Event: 28798.938 GC heap after
{Heap after GC invocations=342 (full 0):
 garbage-first heap   total 122880K, used 70024K [0x00000000c1400000, 0x0000000100000000)
  region size 1024K, 1 young (1024K), 1 survivors (1024K)
 Metaspace       used 34731K, committed 35008K, reserved 1081344K
  class space    used 3634K, committed 3776K, reserved 1048576K
}
Event: 28946.864 GC heap before
{Heap before GC invocations=343 (full 0):
 garbage-first heap   total 122880K, used 107912K [0x00000000c1400000, 0x0000000100000000)
  region size 1024K, 38 young (38912K), 1 survivors (1024K)
 Metaspace       used 37811K, committed 38080K, reserved 1089536K
  class space    used 3988K, committed 4096K, reserved 1048576K
}
Event: 28946.875 GC heap after
{Heap after GC invocations=344 (full 0):
 garbage-first heap   total 122880K, used 70864K [0x00000000c1400000, 0x0000000100000000)
  region size 1024K, 2 young (2048K), 2 survivors (2048K)
 Metaspace       used 37811K, committed 38080K, reserved 1089536K
  class space    used 3988K, committed 4096K, reserved 1048576K
}
Event: 28947.177 GC heap before
{Heap before GC invocations=344 (full 0):
 garbage-first heap   total 122880K, used 106704K [0x00000000c1400000, 0x0000000100000000)
  region size 1024K, 37 young (37888K), 2 survivors (2048K)
 Metaspace       used 39682K, committed 39936K, reserved 1089536K
  class space    used 4306K, committed 4416K, reserved 1048576K
}
Event: 28947.183 GC heap after
{Heap after GC invocations=345 (full 0):
 garbage-first heap   total 122880K, used 72152K [0x00000000c1400000, 0x0000000100000000)
  region size 1024K, 3 young (3072K), 3 survivors (3072K)
 Metaspace       used 39682K, committed 39936K, reserved 1089536K
  class space    used 4306K, committed 4416K, reserved 1048576K
}
Event: 28947.762 GC heap before
{Heap before GC invocations=346 (full 0):
 garbage-first heap   total 126976K, used 104920K [0x00000000c1400000, 0x0000000100000000)
  region size 1024K, 35 young (35840K), 3 survivors (3072K)
 Metaspace       used 40992K, committed 41280K, reserved 1089536K
  class space    used 4406K, committed 4544K, reserved 1048576K
}
Event: 28947.772 GC heap after
{Heap after GC invocations=347 (full 0):
 garbage-first heap   total 126976K, used 74390K [0x00000000c1400000, 0x0000000100000000)
  region size 1024K, 5 young (5120K), 5 survivors (5120K)
 Metaspace       used 40992K, committed 41280K, reserved 1089536K
  class space    used 4406K, committed 4544K, reserved 1048576K
}
Event: 28947.781 GC heap before
{Heap before GC invocations=347 (full 0):
 garbage-first heap   total 126976K, used 75414K [0x00000000c1400000, 0x0000000100000000)
  region size 1024K, 6 young (6144K), 5 survivors (5120K)
 Metaspace       used 40992K, committed 41280K, reserved 1089536K
  class space    used 4406K, committed 4544K, reserved 1048576K
}
Event: 28947.843 GC heap after
{Heap after GC invocations=348 (full 0):
 garbage-first heap   total 126976K, used 74128K [0x00000000c1400000, 0x0000000100000000)
  region size 1024K, 1 young (1024K), 1 survivors (1024K)
 Metaspace       used 40992K, committed 41280K, reserved 1089536K
  class space    used 4406K, committed 4544K, reserved 1048576K
}
Event: 28948.071 GC heap before
{Heap before GC invocations=348 (full 0):
 garbage-first heap   total 126976K, used 108944K [0x00000000c1400000, 0x0000000100000000)
  region size 1024K, 35 young (35840K), 1 survivors (1024K)
 Metaspace       used 40995K, committed 41280K, reserved 1089536K
  class space    used 4406K, committed 4544K, reserved 1048576K
}
Event: 28948.075 GC heap after
{Heap after GC invocations=349 (full 0):
 garbage-first heap   total 126976K, used 75724K [0x00000000c1400000, 0x0000000100000000)
  region size 1024K, 3 young (3072K), 3 survivors (3072K)
 Metaspace       used 40995K, committed 41280K, reserved 1089536K
  class space    used 4406K, committed 4544K, reserved 1048576K
}
Event: 28948.300 GC heap before
{Heap before GC invocations=350 (full 0):
 garbage-first heap   total 138240K, used 107468K [0x00000000c1400000, 0x0000000100000000)
  region size 1024K, 34 young (34816K), 3 survivors (3072K)
 Metaspace       used 41003K, committed 41280K, reserved 1089536K
  class space    used 4406K, committed 4544K, reserved 1048576K
}
Event: 28948.305 GC heap after
{Heap after GC invocations=351 (full 0):
 garbage-first heap   total 138240K, used 77476K [0x00000000c1400000, 0x0000000100000000)
  region size 1024K, 4 young (4096K), 4 survivors (4096K)
 Metaspace       used 41003K, committed 41280K, reserved 1089536K
  class space    used 4406K, committed 4544K, reserved 1048576K
}
Event: 28948.322 GC heap before
{Heap before GC invocations=351 (full 0):
 garbage-first heap   total 138240K, used 79524K [0x00000000c1400000, 0x0000000100000000)
  region size 1024K, 6 young (6144K), 4 survivors (4096K)
 Metaspace       used 41003K, committed 41280K, reserved 1089536K
  class space    used 4406K, committed 4544K, reserved 1048576K
}
Event: 28948.361 GC heap after
{Heap after GC invocations=352 (full 0):
 garbage-first heap   total 138240K, used 77738K [0x00000000c1400000, 0x0000000100000000)
  region size 1024K, 1 young (1024K), 1 survivors (1024K)
 Metaspace       used 41003K, committed 41280K, reserved 1089536K
  class space    used 4406K, committed 4544K, reserved 1048576K
}
Event: 28948.614 GC heap before
{Heap before GC invocations=352 (full 0):
 garbage-first heap   total 138240K, used 116650K [0x00000000c1400000, 0x0000000100000000)
  region size 1024K, 39 young (39936K), 1 survivors (1024K)
 Metaspace       used 41038K, committed 41344K, reserved 1089536K
  class space    used 4406K, committed 4544K, reserved 1048576K
}

Deoptimization events (20 events):
Event: 28947.308 Thread 0x0000020232a029e0 Uncommon trap: trap_request=0xffffffde fr.pc=0x00000202438203d8 relative=0x0000000000000a58
Event: 28947.308 Thread 0x0000020232a029e0 Uncommon trap: reason=class_check action=maybe_recompile pc=0x00000202438203d8 method=java.nio.charset.CharsetEncoder.encode(Ljava/nio/CharBuffer;Ljava/nio/ByteBuffer;Z)Ljava/nio/charset/CoderResult; @ 57 c2
Event: 28947.308 Thread 0x0000020232a029e0 DEOPT PACKING pc=0x00000202438203d8 sp=0x000000a40b4ff630
Event: 28947.308 Thread 0x0000020232a029e0 DEOPT UNPACKING pc=0x0000020242fe23a3 sp=0x000000a40b4ff390 mode 2
Event: 28947.309 Thread 0x0000020232a029e0 Uncommon trap: trap_request=0xffffffde fr.pc=0x00000202438203d8 relative=0x0000000000000a58
Event: 28947.309 Thread 0x0000020232a029e0 Uncommon trap: reason=class_check action=maybe_recompile pc=0x00000202438203d8 method=java.nio.charset.CharsetEncoder.encode(Ljava/nio/CharBuffer;Ljava/nio/ByteBuffer;Z)Ljava/nio/charset/CoderResult; @ 57 c2
Event: 28947.309 Thread 0x0000020232a029e0 DEOPT PACKING pc=0x00000202438203d8 sp=0x000000a40b4ff630
Event: 28947.309 Thread 0x0000020232a029e0 DEOPT UNPACKING pc=0x0000020242fe23a3 sp=0x000000a40b4ff390 mode 2
Event: 28947.310 Thread 0x0000020232a029e0 Uncommon trap: trap_request=0xffffffde fr.pc=0x00000202438203d8 relative=0x0000000000000a58
Event: 28947.310 Thread 0x0000020232a029e0 Uncommon trap: reason=class_check action=maybe_recompile pc=0x00000202438203d8 method=java.nio.charset.CharsetEncoder.encode(Ljava/nio/CharBuffer;Ljava/nio/ByteBuffer;Z)Ljava/nio/charset/CoderResult; @ 57 c2
Event: 28947.310 Thread 0x0000020232a029e0 DEOPT PACKING pc=0x00000202438203d8 sp=0x000000a40b4ff630
Event: 28947.310 Thread 0x0000020232a029e0 DEOPT UNPACKING pc=0x0000020242fe23a3 sp=0x000000a40b4ff390 mode 2
Event: 28947.310 Thread 0x0000020232a029e0 Uncommon trap: trap_request=0xffffffde fr.pc=0x0000020243a88950 relative=0x00000000000007f0
Event: 28947.310 Thread 0x0000020232a029e0 Uncommon trap: reason=class_check action=maybe_recompile pc=0x0000020243a88950 method=java.nio.charset.CharsetEncoder.encode(Ljava/nio/CharBuffer;Ljava/nio/ByteBuffer;Z)Ljava/nio/charset/CoderResult; @ 57 c2
Event: 28947.310 Thread 0x0000020232a029e0 DEOPT PACKING pc=0x0000020243a88950 sp=0x000000a40b4ff580
Event: 28947.310 Thread 0x0000020232a029e0 DEOPT UNPACKING pc=0x0000020242fe23a3 sp=0x000000a40b4ff3c0 mode 2
Event: 28947.311 Thread 0x0000020232a029e0 Uncommon trap: trap_request=0xffffffde fr.pc=0x000002024381da40 relative=0x0000000000000380
Event: 28947.311 Thread 0x0000020232a029e0 Uncommon trap: reason=class_check action=maybe_recompile pc=0x000002024381da40 method=java.nio.charset.CharsetEncoder.encode(Ljava/nio/CharBuffer;Ljava/nio/ByteBuffer;Z)Ljava/nio/charset/CoderResult; @ 57 c2
Event: 28947.311 Thread 0x0000020232a029e0 DEOPT PACKING pc=0x000002024381da40 sp=0x000000a40b4ff420
Event: 28947.311 Thread 0x0000020232a029e0 DEOPT UNPACKING pc=0x0000020242fe23a3 sp=0x000000a40b4ff3c8 mode 2

Classes unloaded (20 events):
Event: 2478.838 Thread 0x0000020232ab94e0 Unloading class 0x0000000800e7dc00 'jdk/internal/reflect/GeneratedConstructorAccessor20'
Event: 2478.838 Thread 0x0000020232ab94e0 Unloading class 0x0000000800e7d000 'java/lang/invoke/LambdaForm$MH+0x0000000800e7d000'
Event: 2478.838 Thread 0x0000020232ab94e0 Unloading class 0x0000000800e7cc00 'java/lang/invoke/LambdaForm$MH+0x0000000800e7cc00'
Event: 2478.838 Thread 0x0000020232ab94e0 Unloading class 0x0000000800e7c400 'java/lang/invoke/LambdaForm$MH+0x0000000800e7c400'
Event: 2478.839 Thread 0x0000020232ab94e0 Unloading class 0x0000000800e1f400 'java/lang/invoke/LambdaForm$MH+0x0000000800e1f400'
Event: 2478.839 Thread 0x0000020232ab94e0 Unloading class 0x0000000800e1f000 'java/lang/invoke/LambdaForm$MH+0x0000000800e1f000'
Event: 2478.839 Thread 0x0000020232ab94e0 Unloading class 0x0000000800e1ec00 'java/lang/invoke/LambdaForm$MH+0x0000000800e1ec00'
Event: 2478.839 Thread 0x0000020232ab94e0 Unloading class 0x0000000800e1d800 'java/lang/invoke/LambdaForm$MH+0x0000000800e1d800'
Event: 2478.839 Thread 0x0000020232ab94e0 Unloading class 0x0000000800e1c400 'java/lang/invoke/LambdaForm$MH+0x0000000800e1c400'
Event: 2478.839 Thread 0x0000020232ab94e0 Unloading class 0x0000000800e1c000 'java/lang/invoke/LambdaForm$MH+0x0000000800e1c000'
Event: 2478.839 Thread 0x0000020232ab94e0 Unloading class 0x0000000800d99400 'java/lang/invoke/LambdaForm$MH+0x0000000800d99400'
Event: 2478.839 Thread 0x0000020232ab94e0 Unloading class 0x0000000800d99000 'java/lang/invoke/LambdaForm$MH+0x0000000800d99000'
Event: 2478.839 Thread 0x0000020232ab94e0 Unloading class 0x0000000800d98c00 'java/lang/invoke/LambdaForm$MH+0x0000000800d98c00'
Event: 2478.839 Thread 0x0000020232ab94e0 Unloading class 0x0000000800d98800 'java/lang/invoke/LambdaForm$MH+0x0000000800d98800'
Event: 2478.839 Thread 0x0000020232ab94e0 Unloading class 0x0000000800d98400 'java/lang/invoke/LambdaForm$MH+0x0000000800d98400'
Event: 2478.839 Thread 0x0000020232ab94e0 Unloading class 0x0000000800d98000 'java/lang/invoke/LambdaForm$MH+0x0000000800d98000'
Event: 2478.839 Thread 0x0000020232ab94e0 Unloading class 0x0000000800d5b000 'java/lang/invoke/LambdaForm$MH+0x0000000800d5b000'
Event: 2478.839 Thread 0x0000020232ab94e0 Unloading class 0x0000000800d5ac00 'java/lang/invoke/LambdaForm$MH+0x0000000800d5ac00'
Event: 2478.839 Thread 0x0000020232ab94e0 Unloading class 0x0000000800d5a800 'java/lang/invoke/LambdaForm$MH+0x0000000800d5a800'
Event: 2478.839 Thread 0x0000020232ab94e0 Unloading class 0x0000000800d5a400 'java/lang/invoke/LambdaForm$MH+0x0000000800d5a400'

Classes redefined (0 events):
No events

Internal exceptions (20 events):
Event: 28732.274 Thread 0x000002025207c090 Exception <a 'java/net/ConnectException'{0x00000000c6f13180}: Connection refused: no further information> (0x00000000c6f13180) 
thrown [s\open\src\hotspot\share\prims\jni.cpp, line 535]
Event: 28732.274 Thread 0x000002025207c090 Exception <a 'java/net/SocketException'{0x00000000c6f134b8}: Socket is not connected: shutdown> (0x00000000c6f134b8) 
thrown [s\open\src\hotspot\share\prims\jni.cpp, line 535]
Event: 28732.286 Thread 0x000002025207c090 Exception <a 'java/net/ConnectException'{0x00000000c6f14328}: Connection refused: no further information> (0x00000000c6f14328) 
thrown [s\open\src\hotspot\share\prims\jni.cpp, line 535]
Event: 28732.286 Thread 0x000002025207c090 Exception <a 'java/net/SocketException'{0x00000000c6f14660}: Socket is not connected: shutdown> (0x00000000c6f14660) 
thrown [s\open\src\hotspot\share\prims\jni.cpp, line 535]
Event: 28732.319 Thread 0x000002025207c090 Exception <a 'java/net/ConnectException'{0x00000000c6f154d0}: Connection refused: no further information> (0x00000000c6f154d0) 
thrown [s\open\src\hotspot\share\prims\jni.cpp, line 535]
Event: 28732.319 Thread 0x000002025207c090 Exception <a 'java/net/SocketException'{0x00000000c6f15808}: Socket is not connected: shutdown> (0x00000000c6f15808) 
thrown [s\open\src\hotspot\share\prims\jni.cpp, line 535]
Event: 28792.388 Thread 0x000002025207c090 Implicit null exception at 0x0000020243fc4cc0 to 0x0000020243fc653c
Event: 28920.320 Thread 0x0000020252118bd0 Implicit null exception at 0x0000020243b2cfc0 to 0x0000020243b2d9d8
Event: 28920.349 Thread 0x0000020252118bd0 Implicit null exception at 0x0000020243d33ee4 to 0x0000020243d34a58
Event: 28946.326 Thread 0x0000020232a029e0 Implicit null exception at 0x00000202439e3e60 to 0x00000202439e3f28
Event: 28946.349 Thread 0x0000020232a029e0 Implicit null exception at 0x0000020243b49b40 to 0x0000020243b49ca9
Event: 28946.350 Thread 0x0000020232a029e0 Implicit null exception at 0x0000020243d859a0 to 0x0000020243d85afc
Event: 28946.382 Thread 0x0000020232a029e0 Exception <a 'java/lang/NoSuchMethodError'{0x00000000c7711238}: 'java.lang.Object java.lang.invoke.DirectMethodHandle$Holder.invokeStatic(java.lang.Object, java.lang.Object, int, int)'> (0x00000000c7711238) 
thrown [s\open\src\hotspot\share\interpreter\linkResolver.cpp, line 759]
Event: 28946.390 Thread 0x0000020232a029e0 Exception <a 'java/lang/NoSuchMethodError'{0x00000000c7714a08}: 'java.lang.Object java.lang.invoke.DirectMethodHandle$Holder.invokeStaticInit(java.lang.Object, java.lang.Object, int, int)'> (0x00000000c7714a08) 
thrown [s\open\src\hotspot\share\interpreter\linkResolver.cpp, line 759]
Event: 28946.520 Thread 0x0000020232a029e0 Implicit null exception at 0x00000202435572e0 to 0x000002024355737a
Event: 28946.694 Thread 0x0000020232a029e0 Implicit null exception at 0x0000020243f0fe84 to 0x0000020243f120c4
Event: 28946.798 Thread 0x0000020232a029e0 Exception <a 'java/lang/NoSuchMethodError'{0x00000000c737ae48}: 'java.lang.Object java.lang.invoke.DirectMethodHandle$Holder.newInvokeSpecial(java.lang.Object, java.lang.Object, int, java.lang.Object)'> (0x00000000c737ae48) 
thrown [s\open\src\hotspot\share\interpreter\linkResolver.cpp, line 759]
Event: 28946.798 Thread 0x0000020232a029e0 Exception <a 'java/lang/NoSuchMethodError'{0x00000000c737ec00}: 'java.lang.Object java.lang.invoke.DirectMethodHandle$Holder.invokeSpecial(java.lang.Object, java.lang.Object, java.lang.Object, int, java.lang.Object)'> (0x00000000c737ec00) 
thrown [s\open\src\hotspot\share\interpreter\linkResolver.cpp, line 759]
Event: 28946.798 Thread 0x0000020232a029e0 Exception <a 'java/lang/NoSuchMethodError'{0x00000000c73825d8}: 'java.lang.Object java.lang.invoke.Invokers$Holder.linkToTargetMethod(java.lang.Object, int, java.lang.Object, java.lang.Object)'> (0x00000000c73825d8) 
thrown [s\open\src\hotspot\share\interpreter\linkResolver.cpp, line 759]
Event: 28947.241 Thread 0x0000020232a029e0 Exception <a 'java/lang/NoSuchMethodError'{0x00000000d0b118c8}: 'int java.lang.invoke.DirectMethodHandle$Holder.invokeStaticInit(java.lang.Object, java.lang.Object, java.lang.Object)'> (0x00000000d0b118c8) 
thrown [s\open\src\hotspot\share\interpreter\linkResolver.cpp, line 759]

VM Operations (20 events):
Event: 28947.231 Executing VM operation: G1Concurrent done
Event: 28947.249 Executing VM operation: G1Concurrent
Event: 28947.249 Executing VM operation: G1Concurrent done
Event: 28947.761 Executing VM operation: G1CollectForAllocation
Event: 28947.772 Executing VM operation: G1CollectForAllocation done
Event: 28947.781 Executing VM operation: G1CollectForAllocation
Event: 28947.844 Executing VM operation: G1CollectForAllocation done
Event: 28948.071 Executing VM operation: G1CollectForAllocation
Event: 28948.075 Executing VM operation: G1CollectForAllocation done
Event: 28948.119 Executing VM operation: G1Concurrent
Event: 28948.130 Executing VM operation: G1Concurrent done
Event: 28948.154 Executing VM operation: G1Concurrent
Event: 28948.155 Executing VM operation: G1Concurrent done
Event: 28948.300 Executing VM operation: G1CollectForAllocation
Event: 28948.305 Executing VM operation: G1CollectForAllocation done
Event: 28948.322 Executing VM operation: G1CollectForAllocation
Event: 28948.361 Executing VM operation: G1CollectForAllocation done
Event: 28948.571 Executing VM operation: HandshakeAllThreads
Event: 28948.571 Executing VM operation: HandshakeAllThreads done
Event: 28948.614 Executing VM operation: G1CollectForAllocation

Events (20 events):
Event: 28948.579 Thread 0x000002024fbcaf30 flushing nmethod 0x000002023bf5a390
Event: 28948.579 Thread 0x000002024fbcaf30 flushing nmethod 0x000002023c00ac10
Event: 28948.580 Thread 0x000002024fbcaf30 flushing nmethod 0x000002023c184990
Event: 28948.580 Thread 0x000002024fbcaf30 flushing nmethod 0x000002023c186610
Event: 28948.582 Thread 0x000002024fbcaf30 flushing nmethod 0x000002023c42ac10
Event: 28948.583 Thread 0x000002024fbcaf30 flushing nmethod 0x000002023c4da090
Event: 28948.585 Thread 0x000002024fbcaf30 flushing nmethod 0x000002023c7a8190
Event: 28948.585 Thread 0x000002024fbcaf30 flushing nmethod 0x000002023c822010
Event: 28948.586 Thread 0x000002024fbcaf30 flushing nmethod 0x000002023c9af510
Event: 28948.587 Thread 0x000002024fbcaf30 flushing nmethod 0x000002023ca69810
Event: 28948.587 Thread 0x000002024fbcaf30 flushing nmethod 0x000002023ca85d10
Event: 28948.587 Thread 0x000002024fbcaf30 flushing nmethod 0x000002023ca87890
Event: 28948.587 Thread 0x000002024fbcaf30 flushing nmethod 0x000002023ca89790
Event: 28948.587 Thread 0x000002024fbcaf30 flushing nmethod 0x000002023ca90190
Event: 28948.587 Thread 0x000002024fbcaf30 flushing nmethod 0x000002023ca9a290
Event: 28948.587 Thread 0x000002024fbcaf30 flushing nmethod 0x000002023caa9610
Event: 28948.587 Thread 0x000002024fbcaf30 flushing nmethod 0x000002023cab4010
Event: 28948.587 Thread 0x000002024fbcaf30 flushing nmethod 0x000002023cad5390
Event: 28948.588 Thread 0x000002024fbcaf30 flushing nmethod 0x000002023cad8090
Event: 28948.589 Thread 0x000002024fbcaf30 flushing nmethod 0x000002023cb8c890


Dynamic libraries:
0x00007ff6854e0000 - 0x00007ff6854f0000 	C:\Program Files\Java\jdk-17\bin\javaw.exe
0x00007ffb5cdf0000 - 0x00007ffb5cfe8000 	C:\WINDOWS\SYSTEM32\ntdll.dll
0x00007ffb5b130000 - 0x00007ffb5b1ef000 	C:\WINDOWS\System32\KERNEL32.DLL
0x00007ffb5a760000 - 0x00007ffb5aa56000 	C:\WINDOWS\System32\KERNELBASE.dll
0x00007ffb5a610000 - 0x00007ffb5a710000 	C:\WINDOWS\System32\ucrtbase.dll
0x00007ffb44130000 - 0x00007ffb44149000 	C:\Program Files\Java\jdk-17\bin\jli.dll
0x00007ffb5b4d0000 - 0x00007ffb5b57f000 	C:\WINDOWS\System32\ADVAPI32.dll
0x00007ffb5b090000 - 0x00007ffb5b12e000 	C:\WINDOWS\System32\msvcrt.dll
0x00007ffb5b580000 - 0x00007ffb5b61c000 	C:\WINDOWS\System32\sechost.dll
0x00007ffb5bd50000 - 0x00007ffb5be76000 	C:\WINDOWS\System32\RPCRT4.dll
0x00007ffb5bae0000 - 0x00007ffb5bc7d000 	C:\WINDOWS\System32\USER32.dll
0x00007ffb5a4d0000 - 0x00007ffb5a4f2000 	C:\WINDOWS\System32\win32u.dll
0x00007ffb5b620000 - 0x00007ffb5b64c000 	C:\WINDOWS\System32\GDI32.dll
0x00007ffb5aaf0000 - 0x00007ffb5ac05000 	C:\WINDOWS\System32\gdi32full.dll
0x00007ffb5a500000 - 0x00007ffb5a59d000 	C:\WINDOWS\System32\msvcp_win.dll
0x00007ffb47540000 - 0x00007ffb4755b000 	C:\Program Files\Java\jdk-17\bin\VCRUNTIME140.dll
0x00007ffb44630000 - 0x00007ffb448ca000 	C:\WINDOWS\WinSxS\amd64_microsoft.windows.common-controls_6595b64144ccf1df_6.0.19041.1110_none_60b5254171f9507e\COMCTL32.dll
0x00007ffb59240000 - 0x00007ffb5924a000 	C:\WINDOWS\SYSTEM32\VERSION.dll
0x00007ffb5b060000 - 0x00007ffb5b090000 	C:\WINDOWS\System32\IMM32.DLL
0x00007ffb52190000 - 0x00007ffb5219c000 	C:\Program Files\Java\jdk-17\bin\vcruntime140_1.dll
0x00007ffb2dfc0000 - 0x00007ffb2e04e000 	C:\Program Files\Java\jdk-17\bin\msvcp140.dll
0x00007ffb135c0000 - 0x00007ffb1419d000 	C:\Program Files\Java\jdk-17\bin\server\jvm.dll
0x00007ffb5ae50000 - 0x00007ffb5ae58000 	C:\WINDOWS\System32\PSAPI.DLL
0x00007ffb3f6a0000 - 0x00007ffb3f6a9000 	C:\WINDOWS\SYSTEM32\WSOCK32.dll
0x00007ffb5bc80000 - 0x00007ffb5bceb000 	C:\WINDOWS\System32\WS2_32.dll
0x00007ffb3b340000 - 0x00007ffb3b367000 	C:\WINDOWS\SYSTEM32\WINMM.dll
0x00007ffb59200000 - 0x00007ffb59212000 	C:\WINDOWS\SYSTEM32\kernel.appcore.dll
0x00007ffb52180000 - 0x00007ffb5218a000 	C:\Program Files\Java\jdk-17\bin\jimage.dll
0x00007ffb58180000 - 0x00007ffb58364000 	C:\WINDOWS\SYSTEM32\DBGHELP.DLL
0x00007ffb3ece0000 - 0x00007ffb3ed14000 	C:\WINDOWS\SYSTEM32\dbgcore.DLL
0x00007ffb5aa60000 - 0x00007ffb5aae2000 	C:\WINDOWS\System32\bcryptPrimitives.dll
0x00007ffb49190000 - 0x00007ffb491b5000 	C:\Program Files\Java\jdk-17\bin\java.dll
0x00007ffb158f0000 - 0x00007ffb159c7000 	C:\Program Files\Java\jdk-17\bin\jsvml.dll
0x00007ffb5c090000 - 0x00007ffb5c7d4000 	C:\WINDOWS\System32\SHELL32.dll
0x00007ffb58a60000 - 0x00007ffb591f4000 	C:\WINDOWS\SYSTEM32\windows.storage.dll
0x00007ffb5c9f0000 - 0x00007ffb5cd44000 	C:\WINDOWS\System32\combase.dll
0x00007ffb59ea0000 - 0x00007ffb59ece000 	C:\WINDOWS\SYSTEM32\Wldp.dll
0x00007ffb5c8b0000 - 0x00007ffb5c95d000 	C:\WINDOWS\System32\SHCORE.dll
0x00007ffb5b450000 - 0x00007ffb5b4a5000 	C:\WINDOWS\System32\shlwapi.dll
0x00007ffb5a400000 - 0x00007ffb5a425000 	C:\WINDOWS\SYSTEM32\profapi.dll
0x00007ffb27f00000 - 0x00007ffb27f19000 	C:\Program Files\Java\jdk-17\bin\net.dll
0x00007ffb508c0000 - 0x00007ffb509ca000 	C:\WINDOWS\SYSTEM32\WINHTTP.dll
0x00007ffb59c00000 - 0x00007ffb59c6a000 	C:\WINDOWS\system32\mswsock.dll
0x00007ffb22f80000 - 0x00007ffb22f96000 	C:\Program Files\Java\jdk-17\bin\nio.dll
0x00007ffb22260000 - 0x00007ffb22278000 	C:\Program Files\Java\jdk-17\bin\zip.dll
0x00007ffb59920000 - 0x00007ffb599ea000 	C:\WINDOWS\SYSTEM32\DNSAPI.dll
0x00007ffb59890000 - 0x00007ffb598cc000 	C:\WINDOWS\SYSTEM32\IPHLPAPI.DLL
0x00007ffb5bad0000 - 0x00007ffb5bad8000 	C:\WINDOWS\System32\NSI.dll
0x00007ffb4cf00000 - 0x00007ffb4cf0a000 	C:\Windows\System32\rasadhlp.dll
0x00007ffb45b30000 - 0x00007ffb45bb2000 	C:\WINDOWS\System32\fwpuclnt.dll
0x00007ffb5ae20000 - 0x00007ffb5ae47000 	C:\WINDOWS\System32\bcrypt.dll
0x00007ffb56a30000 - 0x00007ffb56a3d000 	C:\Program Files\Java\jdk-17\bin\sunmscapi.dll
0x00007ffb5acc0000 - 0x00007ffb5ae1e000 	C:\WINDOWS\System32\CRYPT32.dll
0x00007ffb59f10000 - 0x00007ffb59f38000 	C:\WINDOWS\SYSTEM32\ncrypt.dll
0x00007ffb59ed0000 - 0x00007ffb59f0b000 	C:\WINDOWS\SYSTEM32\NTASN1.dll
0x00007ffb59df0000 - 0x00007ffb59e08000 	C:\WINDOWS\SYSTEM32\CRYPTSP.dll
0x00007ffb594c0000 - 0x00007ffb594f4000 	C:\WINDOWS\system32\rsaenh.dll
0x00007ffb5a3c0000 - 0x00007ffb5a3ee000 	C:\WINDOWS\SYSTEM32\USERENV.dll
0x00007ffb59e10000 - 0x00007ffb59e1c000 	C:\WINDOWS\SYSTEM32\CRYPTBASE.dll
0x00007ffb48590000 - 0x00007ffb485a7000 	C:\WINDOWS\SYSTEM32\dhcpcsvc6.DLL
0x00007ffb494b0000 - 0x00007ffb494cd000 	C:\WINDOWS\SYSTEM32\dhcpcsvc.DLL
0x00007ffb52170000 - 0x00007ffb52180000 	C:\Program Files\Java\jdk-17\bin\verify.dll
0x00007ffb47c50000 - 0x00007ffb47c5a000 	C:\Program Files\Java\jdk-17\bin\management.dll
0x00007ffb46ae0000 - 0x00007ffb46aeb000 	C:\Program Files\Java\jdk-17\bin\management_ext.dll
0x00007ffb57280000 - 0x00007ffb57311000 	C:\WINDOWS\system32\apphelp.dll
0x00007ffb3bcf0000 - 0x00007ffb3bd07000 	C:\WINDOWS\system32\napinsp.dll
0x00007ffb3bcd0000 - 0x00007ffb3bceb000 	C:\WINDOWS\system32\pnrpnsp.dll
0x00007ffb510f0000 - 0x00007ffb51105000 	C:\WINDOWS\system32\wshbth.dll
0x00007ffb51ef0000 - 0x00007ffb51f0d000 	C:\WINDOWS\system32\NLAapi.dll
0x00007ffb3bcb0000 - 0x00007ffb3bcc2000 	C:\WINDOWS\System32\winrnr.dll
0x00007ffb57180000 - 0x00007ffb57187000 	C:\WINDOWS\system32\wshunix.dll

dbghelp: loaded successfully - version: 4.0.5 - missing functions: none
symbol engine: initialized successfully - sym options: 0x614 - pdb path: .;C:\Program Files\Java\jdk-17\bin;C:\WINDOWS\SYSTEM32;C:\WINDOWS\WinSxS\amd64_microsoft.windows.common-controls_6595b64144ccf1df_6.0.19041.1110_none_60b5254171f9507e;C:\Program Files\Java\jdk-17\bin\server

VM Arguments:
jvm_args: -Dfile.encoding=UTF-8 --module-path=C:\Users\lemon\eclipse-workspace\postgresql-42.6.0.jar -XX:+ShowCodeDetailsInExceptionMessages 
java_command: makeMoneySite.main
java_class_path (initial): C:\Users\lemon\Desktop\makeMoneySite\target\classes;C:\Users\lemon\Downloads\poi-bin-5.2.3-20220909\poi-bin-5.2.3\poi-5.2.3.jar;C:\Users\lemon\Downloads\poi-bin-5.2.3-20220909\poi-bin-5.2.3\poi-examples-5.2.3.jar;C:\Users\lemon\Downloads\poi-bin-5.2.3-20220909\poi-bin-5.2.3\poi-excelant-5.2.3.jar;C:\Users\lemon\Downloads\poi-bin-5.2.3-20220909\poi-bin-5.2.3\poi-javadoc-5.2.3.jar;C:\Users\lemon\Downloads\poi-bin-5.2.3-20220909\poi-bin-5.2.3\poi-ooxml-5.2.3.jar;C:\Users\lemon\Downloads\poi-bin-5.2.3-20220909\poi-bin-5.2.3\poi-ooxml-full-5.2.3.jar;C:\Users\lemon\Downloads\poi-bin-5.2.3-20220909\poi-bin-5.2.3\poi-ooxml-lite-5.2.3.jar;C:\Users\lemon\Downloads\poi-bin-5.2.3-20220909\poi-bin-5.2.3\poi-scratchpad-5.2.3.jar;C:\Users\lemon\Downloads\poi-bin-5.2.3-20220909\poi-bin-5.2.3\lib\commons-io-2.11.0.jar;C:\Users\lemon\Downloads\apache-log4j-2.19.0-bin\apache-log4j-2.19.0-bin\log4j-api-2.19.0.jar;C:\Users\lemon\Downloads\apache-log4j-2.19.0-bin\apache-log4j-2.19.0-bin\log4j-core-2.19.0.jar;C:\Users\lemon\Downloads\poi-bin-5.2.3-20220909\poi-bin-5.2.3\lib\commons-collections4-4.4.jar;C:\Users\lemon\Downloads\poi-bin-5.2.3-20220909\poi-bin-5.2.3\ooxml-lib\commons-compress-1.21.jar;C:\Users\lemon\Downloads\poi-bin-5.2.3-20220909\poi-bin-5.2.3\ooxml-lib\curvesapi-1.07.jar;C:\Users\lemon\Downloads\poi-bin-5.2.3-20220909\poi-bin-5.2.3\ooxml-lib\jakarta.activation-2.0.1.jar;C:\Users\lemon\Downloads\poi-bin-5.2.3-20220909\poi-bin-5.2.3\ooxml-lib\jakarta.xml.bind-api-3.0.1.jar;C:\Users\lemon\Downloads\poi-bin-5.2.3-20220909\poi-bin-5.2.3\ooxml-lib\slf4j-api-1.7.36.jar;C:\Users\lemon\Downloads\poi-bin-5.2.3-20220909\poi-bin-5.2.3\ooxml-lib\xmlbeans-5.1.1.jar;C:\Users\lemon\Downloads\selenium-java-4.8.0\lib\async-http-client-2.12.3.jar;C:\Users\lemon\Downloads\selenium-java-4.8.0\lib\async-http-client-netty-utils-2.12.3.jar;C:\Users\lemon\Downloads\selenium-java-4.8.0\lib\auto-common-1.2.1.jar;C:\Users\lemon\Downloads\selenium-java-4.8.0\lib\auto-serv
Launcher Type: SUN_STANDARD

[Global flags]
     intx CICompilerCount                          = 3                                         {product} {ergonomic}
     uint ConcGCThreads                            = 1                                         {product} {ergonomic}
     uint G1ConcRefinementThreads                  = 4                                         {product} {ergonomic}
   size_t G1HeapRegionSize                         = 1048576                                   {product} {ergonomic}
    uintx GCDrainStackTargetSize                   = 64                                        {product} {ergonomic}
   size_t InitialHeapSize                          = 67108864                                  {product} {ergonomic}
   size_t MarkStackSize                            = 4194304                                   {product} {ergonomic}
   size_t MaxHeapSize                              = 1052770304                                {product} {ergonomic}
   size_t MaxNewSize                               = 631242752                                 {product} {ergonomic}
   size_t MinHeapDeltaBytes                        = 1048576                                   {product} {ergonomic}
   size_t MinHeapSize                              = 8388608                                   {product} {ergonomic}
    uintx NonNMethodCodeHeapSize                   = 5832780                                {pd product} {ergonomic}
    uintx NonProfiledCodeHeapSize                  = 122912730                              {pd product} {ergonomic}
    uintx ProfiledCodeHeapSize                     = 122912730                              {pd product} {ergonomic}
    uintx ReservedCodeCacheSize                    = 251658240                              {pd product} {ergonomic}
     bool SegmentedCodeCache                       = true                                      {product} {ergonomic}
     bool ShowCodeDetailsInExceptionMessages       = true                                   {manageable} {command line}
   size_t SoftMaxHeapSize                          = 1052770304                             {manageable} {ergonomic}
     bool UseCompressedClassPointers               = true                           {product lp64_product} {ergonomic}
     bool UseCompressedOops                        = true                           {product lp64_product} {ergonomic}
     bool UseG1GC                                  = true                                      {product} {ergonomic}
     bool UseLargePagesIndividualAllocation        = false                                  {pd product} {ergonomic}

Logging:
Log output configuration:
 #0: stdout all=warning uptime,level,tags
 #1: stderr all=off uptime,level,tags

Environment Variables:
JAVA_HOME=C:\Program Files\Java\jdk-17
CLASSPATH=C:\Program Files\Java\jdk-17\lib
PATH=C:/Program Files/Java/jdk-17/bin/server;C:/Program Files/Java/jdk-17/bin;C:\Program Files\Common Files\Oracle\Java\javapath;C:\Program Files (x86)\Common Files\Oracle\Java\javapath;C:\WINDOWS\system32;C:\WINDOWS;C:\WINDOWS\System32\Wbem;C:\WINDOWS\System32\WindowsPowerShell\v1.0\;C:\WINDOWS\System32\OpenSSH\;C:\Program Files\Java\jdk-17\bin;;C:\Program Files (x86)\ePapyrus\Papyrus-PlugIn-web;C:\Program Files (x86)\ePapyrus\Papyrus-PlugIn-web\Addins;C:\Program Files (x86)\ePapyrus\SDPlugin\addins;C:\Program Files\MySQL\MySQL Shell 8.0\bin\;C:\Users\lemon\AppData\Local\Microsoft\WindowsApps;;C:\WINDOWS\System32;
USERNAME=lemon
OS=Windows_NT
PROCESSOR_IDENTIFIER=Intel64 Family 6 Model 142 Stepping 9, GenuineIntel



---------------  S Y S T E M  ---------------

OS:
 Windows 10 , 64 bit Build 19041 (10.0.19041.3155)
OS uptime: 11 days 12:48 hours

CPU: total 4 (initial active 4) (2 cores per cpu, 2 threads per core) family 6 model 142 stepping 9 microcode 0xf0, cx8, cmov, fxsr, ht, mmx, 3dnowpref, sse, sse2, sse3, ssse3, sse4.1, sse4.2, popcnt, lzcnt, tsc, tscinvbit, avx, avx2, aes, erms, clmul, bmi1, bmi2, rtm, adx, fma, vzeroupper, clflush, clflushopt

Memory: 4k page, system-wide physical 4013M (316M free)
TotalPageFile size 16301M (AvailPageFile size 40M)
current process WorkingSet (physical memory assigned to process): 209M, peak: 571M
current process commit charge ("private bytes"): 484M, peak: 688M

vm_info: Java HotSpot(TM) 64-Bit Server VM (17.0.7+8-LTS-224) for windows-amd64 JRE (17.0.7+8-LTS-224), built on Feb 28 2023 23:03:02 by "mach5one" with MS VC++ 17.1 (VS2022)

END.
